<?xml version="1.0" encoding="UTF-8"?>
<testsuite xmlns:xsi="http://www.w3.org/2001/XMLSchema-instance" xsi:noNamespaceSchemaLocation="https://maven.apache.org/surefire/maven-surefire-plugin/xsd/surefire-test-report-3.0.xsd" version="3.0" name="com.nexusarchive.core.compliance.FourNatureCheckServiceTests" time="0.025" tests="6" errors="0" skipped="0" failures="0">
  <properties>
[...]
</properties>
  <testcase name="shouldFailSafetyWhenVirusDetected" classname="com.nexusarchive.core.compliance.FourNatureCheckServiceTests" time="0.011"/>
  <testcase name="shouldFailIntegrityWhenXmlMissing" classname="com.nexusarchive.core.compliance.FourNatureCheckServiceTests" time="0.002"/>
  <testcase name="shouldFailUsabilityWhenExtensionMismatch" classname="com.nexusarchive.core.compliance.FourNatureCheckServiceTests" time="0.002"/>
  <testcase name="shouldFailAuthenticityWhenSignatureInvalid" classname="com.nexusarchive.core.compliance.FourNatureCheckServiceTests" time="0.004"/>
  <testcase name="shouldPassWhenHashAndMagicMatch" classname="com.nexusarchive.core.compliance.FourNatureCheckServiceTests" time="0.003"/>
  <testcase name="shouldFailAuthenticityWhenHashMismatch" classname="com.nexusarchive.core.compliance.FourNatureCheckServiceTests" time="0.002"/>
</testsuite>