{"numTotalTestSuites":327,"numPassedTestSuites":327,"numFailedTestSuites":0,"numPendingTestSuites":0,"numTotalTests":646,"numPassedTests":646,"numFailedTests":0,"numPendingTests":0,"numTodoTests":0,"snapshot":{"added":0,"failure":false,"filesAdded":0,"filesRemoved":0,"filesRemovedList":[],"filesUnmatched":0,"filesUpdated":0,"matched":0,"total":0,"unchecked":0,"uncheckedKeysByFile":[],"unmatched":0,"updated":0,"didUpdate":false},"startTime":1772697489287,"success":true,"testResults":[{"assertionResults":[{"ancestorTitles":["PoolColumnsConfig","SimplifiedPreArchiveStatus"],"fullName":"PoolColumnsConfig SimplifiedPreArchiveStatus should have 6 core states","status":"passed","title":"should have 6 core states","duration":2.1412500000000136,"failureMessages":[],"meta":{}},{"ancestorTitles":["PoolColumnsConfig","SimplifiedPreArchiveStatus"],"fullName":"PoolColumnsConfig SimplifiedPreArchiveStatus should have PENDING_CHECK state","status":"passed","title":"should have PENDING_CHECK state","duration":0.25891699999999673,"failureMessages":[],"meta":{}},{"ancestorTitles":["PoolColumnsConfig","SimplifiedPreArchiveStatus"],"fullName":"PoolColumnsConfig SimplifiedPreArchiveStatus should have NEEDS_ACTION state","status":"passed","title":"should have NEEDS_ACTION state","duration":0.11333300000001145,"failureMessages":[],"meta":{}},{"ancestorTitles":["PoolColumnsConfig","SimplifiedPreArchiveStatus"],"fullName":"PoolColumnsConfig SimplifiedPreArchiveStatus should have READY_TO_MATCH state","status":"passed","title":"should have READY_TO_MATCH state","duration":0.49583399999994526,"failureMessages":[],"meta":{}},{"ancestorTitles":["PoolColumnsConfig","SimplifiedPreArchiveStatus"],"fullName":"PoolColumnsConfig SimplifiedPreArchiveStatus should have READY_TO_ARCHIVE state","status":"passed","title":"should have READY_TO_ARCHIVE state","duration":0.14250000000004093,"failureMessages":[],"meta":{}},{"ancestorTitles":["PoolColumnsConfig","SimplifiedPreArchiveStatus"],"fullName":"PoolColumnsConfig SimplifiedPreArchiveStatus should have SUBMITTED state","status":"passed","title":"should have SUBMITTED state","duration":0.09545800000000781,"failureMessages":[],"meta":{}},{"ancestorTitles":["PoolColumnsConfig","SimplifiedPreArchiveStatus"],"fullName":"PoolColumnsConfig SimplifiedPreArchiveStatus should have COMPLETED state","status":"passed","title":"should have COMPLETED state","duration":0.172916999999984,"failureMessages":[],"meta":{}},{"ancestorTitles":["PoolColumnsConfig","STATUS_CONFIG"],"fullName":"PoolColumnsConfig STATUS_CONFIG should have config for all 6 states","status":"passed","title":"should have config for all 6 states","duration":0.2310420000000022,"failureMessages":[],"meta":{}},{"ancestorTitles":["PoolColumnsConfig","STATUS_CONFIG"],"fullName":"PoolColumnsConfig STATUS_CONFIG should have color, icon, label, and description for each state","status":"passed","title":"should have color, icon, label, and description for each state","duration":1.7188340000000153,"failureMessages":[],"meta":{}},{"ancestorTitles":["PoolColumnsConfig","STATUS_CONFIG"],"fullName":"PoolColumnsConfig STATUS_CONFIG should have correct config for READY_TO_ARCHIVE","status":"passed","title":"should have correct config for READY_TO_ARCHIVE","duration":0.27070900000001075,"failureMessages":[],"meta":{}},{"ancestorTitles":["PoolColumnsConfig","DEFAULT_DASHBOARD_FILTER"],"fullName":"PoolColumnsConfig DEFAULT_DASHBOARD_FILTER should be set to READY_TO_ARCHIVE","status":"passed","title":"should be set to READY_TO_ARCHIVE","duration":0.11654199999998127,"failureMessages":[],"meta":{}},{"ancestorTitles":["PoolColumnsConfig","POOL_COLUMN_GROUPS"],"fullName":"PoolColumnsConfig POOL_COLUMN_GROUPS should have 5 column groups","status":"passed","title":"should have 5 column groups","duration":0.28674999999998363,"failureMessages":[],"meta":{}},{"ancestorTitles":["PoolColumnsConfig","POOL_COLUMN_GROUPS"],"fullName":"PoolColumnsConfig POOL_COLUMN_GROUPS should have correct group structure","status":"passed","title":"should have correct group structure","duration":0.19700000000000273,"failureMessages":[],"meta":{}},{"ancestorTitles":["PoolColumnsConfig","POOL_COLUMN_GROUPS"],"fullName":"PoolColumnsConfig POOL_COLUMN_GROUPS should have correct subStates for pending group","status":"passed","title":"should have correct subStates for pending group","duration":0.6208329999999478,"failureMessages":[],"meta":{}},{"ancestorTitles":["PoolColumnsConfig","POOL_COLUMN_GROUPS"],"fullName":"PoolColumnsConfig POOL_COLUMN_GROUPS should have correct subStates for needs-action group","status":"passed","title":"should have correct subStates for needs-action group","duration":0.14358400000003257,"failureMessages":[],"meta":{}},{"ancestorTitles":["PoolColumnsConfig","POOL_COLUMN_GROUPS"],"fullName":"PoolColumnsConfig POOL_COLUMN_GROUPS should have correct subStates for ready-to-match group","status":"passed","title":"should have correct subStates for ready-to-match group","duration":0.2838330000000724,"failureMessages":[],"meta":{}},{"ancestorTitles":["PoolColumnsConfig","POOL_COLUMN_GROUPS"],"fullName":"PoolColumnsConfig POOL_COLUMN_GROUPS should have correct subStates for ready-to-archive group","status":"passed","title":"should have correct subStates for ready-to-archive group","duration":0.16437499999994998,"failureMessages":[],"meta":{}},{"ancestorTitles":["PoolColumnsConfig","POOL_COLUMN_GROUPS"],"fullName":"PoolColumnsConfig POOL_COLUMN_GROUPS should have correct subStates for completed group","status":"passed","title":"should have correct subStates for completed group","duration":0.15162499999996726,"failureMessages":[],"meta":{}},{"ancestorTitles":["PoolColumnsConfig","POOL_COLUMN_GROUPS"],"fullName":"PoolColumnsConfig POOL_COLUMN_GROUPS should have all 5 subStates distributed across 5 groups","status":"passed","title":"should have all 5 subStates distributed across 5 groups","duration":0.6875840000000153,"failureMessages":[],"meta":{}},{"ancestorTitles":["PoolColumnsConfig","getColumnByState"],"fullName":"PoolColumnsConfig getColumnByState should return correct column for PENDING_CHECK state","status":"passed","title":"should return correct column for PENDING_CHECK state","duration":0.0730829999999969,"failureMessages":[],"meta":{}},{"ancestorTitles":["PoolColumnsConfig","getColumnByState"],"fullName":"PoolColumnsConfig getColumnByState should return correct column for NEEDS_ACTION state","status":"passed","title":"should return correct column for NEEDS_ACTION state","duration":0.03633300000001327,"failureMessages":[],"meta":{}},{"ancestorTitles":["PoolColumnsConfig","getColumnByState"],"fullName":"PoolColumnsConfig getColumnByState should return correct column for READY_TO_MATCH state","status":"passed","title":"should return correct column for READY_TO_MATCH state","duration":0.030874999999923602,"failureMessages":[],"meta":{}},{"ancestorTitles":["PoolColumnsConfig","getColumnByState"],"fullName":"PoolColumnsConfig getColumnByState should return correct column for READY_TO_ARCHIVE state","status":"passed","title":"should return correct column for READY_TO_ARCHIVE state","duration":0.03904099999999744,"failureMessages":[],"meta":{}},{"ancestorTitles":["PoolColumnsConfig","getColumnByState"],"fullName":"PoolColumnsConfig getColumnByState should return correct column for COMPLETED state","status":"passed","title":"should return correct column for COMPLETED state","duration":0.02837499999998272,"failureMessages":[],"meta":{}},{"ancestorTitles":["PoolColumnsConfig","getColumnByState"],"fullName":"PoolColumnsConfig getColumnByState should return null for unknown state","status":"passed","title":"should return null for unknown state","duration":0.03666699999996581,"failureMessages":[],"meta":{}},{"ancestorTitles":["PoolColumnsConfig","getSubStateLabel"],"fullName":"PoolColumnsConfig getSubStateLabel should return correct label for PENDING_CHECK","status":"passed","title":"should return correct label for PENDING_CHECK","duration":0.03895799999997962,"failureMessages":[],"meta":{}},{"ancestorTitles":["PoolColumnsConfig","getSubStateLabel"],"fullName":"PoolColumnsConfig getSubStateLabel should return correct label for NEEDS_ACTION","status":"passed","title":"should return correct label for NEEDS_ACTION","duration":0.02687500000001819,"failureMessages":[],"meta":{}},{"ancestorTitles":["PoolColumnsConfig","getSubStateLabel"],"fullName":"PoolColumnsConfig getSubStateLabel should return correct label for READY_TO_MATCH","status":"passed","title":"should return correct label for READY_TO_MATCH","duration":0.31862499999999727,"failureMessages":[],"meta":{}},{"ancestorTitles":["PoolColumnsConfig","getSubStateLabel"],"fullName":"PoolColumnsConfig getSubStateLabel should return correct label for READY_TO_ARCHIVE","status":"passed","title":"should return correct label for READY_TO_ARCHIVE","duration":0.08295800000007603,"failureMessages":[],"meta":{}},{"ancestorTitles":["PoolColumnsConfig","getSubStateLabel"],"fullName":"PoolColumnsConfig getSubStateLabel should return correct label for COMPLETED","status":"passed","title":"should return correct label for COMPLETED","duration":0.0722089999999298,"failureMessages":[],"meta":{}},{"ancestorTitles":["PoolColumnsConfig","getSubStateLabel"],"fullName":"PoolColumnsConfig getSubStateLabel should return state name for unknown state","status":"passed","title":"should return state name for unknown state","duration":0.23454099999992195,"failureMessages":[],"meta":{}},{"ancestorTitles":["PoolColumnsConfig","getColumnStates"],"fullName":"PoolColumnsConfig getColumnStates should return correct states for pending column","status":"passed","title":"should return correct states for pending column","duration":0.16520799999989322,"failureMessages":[],"meta":{}},{"ancestorTitles":["PoolColumnsConfig","getColumnStates"],"fullName":"PoolColumnsConfig getColumnStates should return correct states for needs-action column","status":"passed","title":"should return correct states for needs-action column","duration":0.10445900000001984,"failureMessages":[],"meta":{}},{"ancestorTitles":["PoolColumnsConfig","getColumnStates"],"fullName":"PoolColumnsConfig getColumnStates should return correct states for ready-to-match column","status":"passed","title":"should return correct states for ready-to-match column","duration":0.08095800000000963,"failureMessages":[],"meta":{}},{"ancestorTitles":["PoolColumnsConfig","getColumnStates"],"fullName":"PoolColumnsConfig getColumnStates should return correct states for ready-to-archive column","status":"passed","title":"should return correct states for ready-to-archive column","duration":0.08000000000004093,"failureMessages":[],"meta":{}},{"ancestorTitles":["PoolColumnsConfig","getColumnStates"],"fullName":"PoolColumnsConfig getColumnStates should return correct states for completed column","status":"passed","title":"should return correct states for completed column","duration":0.08924999999999272,"failureMessages":[],"meta":{}},{"ancestorTitles":["PoolColumnsConfig","getColumnStates"],"fullName":"PoolColumnsConfig getColumnStates should return empty array for unknown column","status":"passed","title":"should return empty array for unknown column","duration":0.08312499999999545,"failureMessages":[],"meta":{}},{"ancestorTitles":["PoolColumnsConfig","Legacy Status Support","LEGACY_STATUS_MAP"],"fullName":"PoolColumnsConfig Legacy Status Support LEGACY_STATUS_MAP should map PENDING_CHECK correctly","status":"passed","title":"should map PENDING_CHECK correctly","duration":0.08254099999999198,"failureMessages":[],"meta":{}},{"ancestorTitles":["PoolColumnsConfig","Legacy Status Support","LEGACY_STATUS_MAP"],"fullName":"PoolColumnsConfig Legacy Status Support LEGACY_STATUS_MAP should map CHECK_FAILED to NEEDS_ACTION","status":"passed","title":"should map CHECK_FAILED to NEEDS_ACTION","duration":0.06745899999998528,"failureMessages":[],"meta":{}},{"ancestorTitles":["PoolColumnsConfig","Legacy Status Support","LEGACY_STATUS_MAP"],"fullName":"PoolColumnsConfig Legacy Status Support LEGACY_STATUS_MAP should map PENDING_ARCHIVE to READY_TO_ARCHIVE","status":"passed","title":"should map PENDING_ARCHIVE to READY_TO_ARCHIVE","duration":0.06441700000004857,"failureMessages":[],"meta":{}},{"ancestorTitles":["PoolColumnsConfig","Legacy Status Support","LEGACY_STATUS_MAP"],"fullName":"PoolColumnsConfig Legacy Status Support LEGACY_STATUS_MAP should map ARCHIVED to COMPLETED","status":"passed","title":"should map ARCHIVED to COMPLETED","duration":0.06341699999995853,"failureMessages":[],"meta":{}},{"ancestorTitles":["PoolColumnsConfig","Legacy Status Support","resolveStatus"],"fullName":"PoolColumnsConfig Legacy Status Support resolveStatus should preserve standard statuses","status":"passed","title":"should preserve standard statuses","duration":0.09083299999997507,"failureMessages":[],"meta":{}},{"ancestorTitles":["PoolColumnsConfig","Legacy Status Support","resolveStatus"],"fullName":"PoolColumnsConfig Legacy Status Support resolveStatus should resolve legacy status string correct","status":"passed","title":"should resolve legacy status string correct","duration":0.06512499999996635,"failureMessages":[],"meta":{}},{"ancestorTitles":["PoolColumnsConfig","Legacy Status Support","resolveStatus"],"fullName":"PoolColumnsConfig Legacy Status Support resolveStatus should resolve unknown status to NEEDS_ACTION (safe fallback)","status":"passed","title":"should resolve unknown status to NEEDS_ACTION (safe fallback)","duration":0.06458299999997053,"failureMessages":[],"meta":{}}],"startTime":1772697498514,"endTime":1772697498526.0908,"status":"passed","message":"","name":"/Users/user/nexusarchive/src/config/pool-columns.config.test.ts"},{"assertionResults":[{"ancestorTitles":["API Client Interceptors"],"fullName":"API Client Interceptors should normalize error message from backend Result format","status":"passed","title":"should normalize error message from backend Result format","duration":3.3032089999999243,"failureMessages":[],"meta":{}},{"ancestorTitles":["API Client Interceptors"],"fullName":"API Client Interceptors should redirect to login on 401","status":"passed","title":"should redirect to login on 401","duration":0.7058749999999918,"failureMessages":[],"meta":{}}],"startTime":1772697498367,"endTime":1772697498370.7058,"status":"passed","message":"","name":"/Users/user/nexusarchive/src/__tests__/api/client.test.ts"},{"assertionResults":[{"ancestorTitles":["previewApi"],"fullName":"previewApi should parse watermark headers in stream preview","status":"passed","title":"should parse watermark headers in stream preview","duration":3.206250000000068,"failureMessages":[],"meta":{}},{"ancestorTitles":["previewApi"],"fullName":"previewApi should return presigned metadata","status":"passed","title":"should return presigned metadata","duration":1.0129170000000158,"failureMessages":[],"meta":{}}],"startTime":1772697498177,"endTime":1772697498181.013,"status":"passed","message":"","name":"/Users/user/nexusarchive/src/__tests__/api/preview.test.ts"},{"assertionResults":[{"ancestorTitles":["antd 用法告警回归"],"fullName":"antd 用法告警回归 不再使用 Tabs.TabPane","status":"passed","title":"不再使用 Tabs.TabPane","duration":0.6706249999999727,"failureMessages":[],"meta":{}},{"ancestorTitles":["antd 用法告警回归"],"fullName":"antd 用法告警回归 Spin tip 不使用自闭合写法","status":"passed","title":"Spin tip 不使用自闭合写法","duration":1.669416999999953,"failureMessages":[],"meta":{}}],"startTime":1772697498988,"endTime":1772697498990.6694,"status":"passed","message":"","name":"/Users/user/nexusarchive/src/__tests__/components/AntdWarnings.test.ts"},{"assertionResults":[{"ancestorTitles":["ArchiveListView","渲染"],"fullName":"ArchiveListView 渲染 应显示标题","status":"passed","title":"应显示标题","duration":49.669332999999824,"failureMessages":[],"meta":{}},{"ancestorTitles":["ArchiveListView","渲染"],"fullName":"ArchiveListView 渲染 应显示副标题","status":"passed","title":"应显示副标题","duration":6.092750000000024,"failureMessages":[],"meta":{}},{"ancestorTitles":["ArchiveListView","数据加载"],"fullName":"ArchiveListView 数据加载 应调用 getArchives API","status":"passed","title":"应调用 getArchives API","duration":19.39020800000003,"failureMessages":[],"meta":{}},{"ancestorTitles":["ArchiveListView","数据加载"],"fullName":"ArchiveListView 数据加载 API 返回数据时应正确处理","status":"passed","title":"API 返回数据时应正确处理","duration":21.976499999999987,"failureMessages":[],"meta":{}},{"ancestorTitles":["ArchiveListView","空数据状态"],"fullName":"ArchiveListView 空数据状态 空数据时应正常渲染","status":"passed","title":"空数据时应正常渲染","duration":7.374208999999837,"failureMessages":[],"meta":{}},{"ancestorTitles":["ArchiveListView","路由配置模式"],"fullName":"ArchiveListView 路由配置模式 使用 routeConfig 时应正确解析配置","status":"passed","title":"使用 routeConfig 时应正确解析配置","duration":4.957000000000107,"failureMessages":[],"meta":{}},{"ancestorTitles":["ArchiveListView","路由配置模式"],"fullName":"ArchiveListView 路由配置模式 使用 pool 配置时应调用 poolApi","status":"passed","title":"使用 pool 配置时应调用 poolApi","duration":24.58854199999996,"failureMessages":[],"meta":{}},{"ancestorTitles":["ArchiveListView","加载状态"],"fullName":"ArchiveListView 加载状态 加载时应调用 API","status":"passed","title":"加载时应调用 API","duration":4.952833999999939,"failureMessages":[],"meta":{}},{"ancestorTitles":["ArchiveListView","错误处理"],"fullName":"ArchiveListView 错误处理 API 错误时应正确处理","status":"passed","title":"API 错误时应正确处理","duration":18.567041000000017,"failureMessages":[],"meta":{}}],"startTime":1772697494776,"endTime":1772697494934.5671,"status":"passed","message":"","name":"/Users/user/nexusarchive/src/__tests__/components/ArchiveListView.test.tsx"},{"assertionResults":[{"ancestorTitles":["LoginView","渲染"],"fullName":"LoginView 渲染 应显示登录表单标题","status":"passed","title":"应显示登录表单标题","duration":150.1965419999999,"failureMessages":[],"meta":{}},{"ancestorTitles":["LoginView","渲染"],"fullName":"LoginView 渲染 应包含用户名和密码输入框","status":"passed","title":"应包含用户名和密码输入框","duration":40.10370899999998,"failureMessages":[],"meta":{}},{"ancestorTitles":["LoginView","渲染"],"fullName":"LoginView 渲染 应显示登录按钮","status":"passed","title":"应显示登录按钮","duration":17.602374999999938,"failureMessages":[],"meta":{}},{"ancestorTitles":["LoginView","渲染"],"fullName":"LoginView 渲染 应显示访问产品官网按钮","status":"passed","title":"应显示访问产品官网按钮","duration":17.08416699999998,"failureMessages":[],"meta":{}},{"ancestorTitles":["LoginView","表单输入"],"fullName":"LoginView 表单输入 应能输入用户名和密码","status":"passed","title":"应能输入用户名和密码","duration":131.14612499999998,"failureMessages":[],"meta":{}},{"ancestorTitles":["LoginView","登录成功"],"fullName":"LoginView 登录成功 登录成功应调用 AuthStore.login 并导航","status":"passed","title":"登录成功应调用 AuthStore.login 并导航","duration":152.81454200000007,"failureMessages":[],"meta":{}},{"ancestorTitles":["LoginView","登录失败"],"fullName":"LoginView 登录失败 登录失败应显示错误信息","status":"passed","title":"登录失败应显示错误信息","duration":129.25074999999993,"failureMessages":[],"meta":{}},{"ancestorTitles":["LoginView","登录失败"],"fullName":"LoginView 登录失败 网络错误应显示网络错误提示","status":"passed","title":"网络错误应显示网络错误提示","duration":104.26491699999997,"failureMessages":[],"meta":{}},{"ancestorTitles":["LoginView","加载状态"],"fullName":"LoginView 加载状态 登录中应显示加载状态","status":"passed","title":"登录中应显示加载状态","duration":116.3258330000001,"failureMessages":[],"meta":{}},{"ancestorTitles":["LoginView","访问产品官网"],"fullName":"LoginView 访问产品官网 点击访问产品官网应导航到首页","status":"passed","title":"点击访问产品官网应导航到首页","duration":20.054124999999885,"failureMessages":[],"meta":{}},{"ancestorTitles":["LoginView","访问产品官网"],"fullName":"LoginView 访问产品官网 提供 onVisitLanding 回调时应调用回调","status":"passed","title":"提供 onVisitLanding 回调时应调用回调","duration":20.739708999999948,"failureMessages":[],"meta":{}}],"startTime":1772697490475,"endTime":1772697491374.7397,"status":"passed","message":"","name":"/Users/user/nexusarchive/src/__tests__/components/LoginView.test.tsx"},{"assertionResults":[{"ancestorTitles":["系统设置菜单路径"],"fullName":"系统设置菜单路径 用户权限应指向用户管理页面路径","status":"passed","title":"用户权限应指向用户管理页面路径","duration":0.5525830000000269,"failureMessages":[],"meta":{}}],"startTime":1772697501993,"endTime":1772697501993.5525,"status":"passed","message":"","name":"/Users/user/nexusarchive/src/__tests__/components/SettingsNavigation.test.ts"},{"assertionResults":[{"ancestorTitles":["BatchTable Import Debug"],"fullName":"BatchTable Import Debug should import BatchTable","status":"passed","title":"should import BatchTable","duration":169.57875,"failureMessages":[],"meta":{}},{"ancestorTitles":["BatchTable Import Debug"],"fullName":"BatchTable Import Debug should import operations components","status":"passed","title":"should import operations components","duration":0.7982499999999391,"failureMessages":[],"meta":{}}],"startTime":1772697493040,"endTime":1772697493210.7983,"status":"passed","message":"","name":"/Users/user/nexusarchive/src/__tests__/debug/BatchTableImportDebug.test.tsx"},{"assertionResults":[{"ancestorTitles":["BatchTable Render Debug"],"fullName":"BatchTable Render Debug should import BatchTable successfully","status":"passed","title":"should import BatchTable successfully","duration":42.59308300000009,"failureMessages":[],"meta":{}},{"ancestorTitles":["BatchTable Render Debug"],"fullName":"BatchTable Render Debug should render BatchTable with minimal props","status":"passed","title":"should render BatchTable with minimal props","duration":33.36099999999999,"failureMessages":[],"meta":{}}],"startTime":1772697495206,"endTime":1772697495282.361,"status":"passed","message":"","name":"/Users/user/nexusarchive/src/__tests__/debug/BatchTableRenderDebug.test.tsx"},{"assertionResults":[{"ancestorTitles":["BatchTable Performance Tests","Small Dataset (10 records)"],"fullName":"BatchTable Performance Tests Small Dataset (10 records) should render 10 rows efficiently","status":"passed","title":"should render 10 rows efficiently","duration":57.33416599999998,"failureMessages":[],"meta":{}},{"ancestorTitles":["BatchTable Performance Tests","Small Dataset (10 records)"],"fullName":"BatchTable Performance Tests Small Dataset (10 records) should have proportional DOM nodes for small dataset","status":"passed","title":"should have proportional DOM nodes for small dataset","duration":9.782792000000086,"failureMessages":[],"meta":{}},{"ancestorTitles":["BatchTable Performance Tests","Medium Dataset (100 records)"],"fullName":"BatchTable Performance Tests Medium Dataset (100 records) should render 100 rows efficiently","status":"passed","title":"should render 100 rows efficiently","duration":11.211000000000013,"failureMessages":[],"meta":{}},{"ancestorTitles":["BatchTable Performance Tests","Medium Dataset (100 records)"],"fullName":"BatchTable Performance Tests Medium Dataset (100 records) should handle status filter change efficiently","status":"passed","title":"should handle status filter change efficiently","duration":22.620125000000144,"failureMessages":[],"meta":{}},{"ancestorTitles":["BatchTable Performance Tests","Medium Dataset (100 records)"],"fullName":"BatchTable Performance Tests Medium Dataset (100 records) should handle page change efficiently","status":"passed","title":"should handle page change efficiently","duration":3.4299999999998363,"failureMessages":[],"meta":{}},{"ancestorTitles":["BatchTable Performance Tests","Large Dataset (1000 records)"],"fullName":"BatchTable Performance Tests Large Dataset (1000 records) should render 1000 rows efficiently (with pagination)","status":"passed","title":"should render 1000 rows efficiently (with pagination)","duration":20.737666999999874,"failureMessages":[],"meta":{}},{"ancestorTitles":["BatchTable Performance Tests","Large Dataset (1000 records)"],"fullName":"BatchTable Performance Tests Large Dataset (1000 records) should maintain reasonable DOM nodes with pagination","status":"passed","title":"should maintain reasonable DOM nodes with pagination","duration":17.534291000000167,"failureMessages":[],"meta":{}},{"ancestorTitles":["BatchTable Performance Tests","Large Dataset (1000 records)"],"fullName":"BatchTable Performance Tests Large Dataset (1000 records) should handle row selection efficiently","status":"passed","title":"should handle row selection efficiently","duration":9.144125000000031,"failureMessages":[],"meta":{}},{"ancestorTitles":["BatchTable Performance Tests","Extra Large Dataset (10000 records)"],"fullName":"BatchTable Performance Tests Extra Large Dataset (10000 records) should render 10000 rows efficiently (with pagination)","status":"passed","title":"should render 10000 rows efficiently (with pagination)","duration":111.49900000000002,"failureMessages":[],"meta":{}},{"ancestorTitles":["BatchTable Performance Tests","Extra Large Dataset (10000 records)"],"fullName":"BatchTable Performance Tests Extra Large Dataset (10000 records) should maintain constant DOM nodes regardless of dataset size","status":"passed","title":"should maintain constant DOM nodes regardless of dataset size","duration":168.1138329999999,"failureMessages":[],"meta":{}},{"ancestorTitles":["BatchTable Performance Tests","Extra Large Dataset (10000 records)"],"fullName":"BatchTable Performance Tests Extra Large Dataset (10000 records) should handle batch selection operations efficiently","status":"passed","title":"should handle batch selection operations efficiently","duration":158.98516700000005,"failureMessages":[],"meta":{}},{"ancestorTitles":["BatchTable Performance Tests","Stress Tests"],"fullName":"BatchTable Performance Tests Stress Tests should handle rapid re-renders without memory leaks","status":"passed","title":"should handle rapid re-renders without memory leaks","duration":14.627499999999827,"failureMessages":[],"meta":{}},{"ancestorTitles":["BatchTable Performance Tests","Stress Tests"],"fullName":"BatchTable Performance Tests Stress Tests should handle concurrent state changes efficiently","status":"passed","title":"should handle concurrent state changes efficiently","duration":16.937291000000187,"failureMessages":[],"meta":{}},{"ancestorTitles":["BatchTable Virtualization Validation"],"fullName":"BatchTable Virtualization Validation should only render visible rows when using pagination","status":"passed","title":"should only render visible rows when using pagination","duration":19.977499999999964,"failureMessages":[],"meta":{}},{"ancestorTitles":["BatchTable Virtualization Validation"],"fullName":"BatchTable Virtualization Validation should update visible rows on page change","status":"passed","title":"should update visible rows on page change","duration":14.894416000000092,"failureMessages":[],"meta":{}}],"startTime":1772697490299,"endTime":1772697490956.8945,"status":"passed","message":"","name":"/Users/user/nexusarchive/src/__tests__/performance/BatchTable.performance.test.tsx"},{"assertionResults":[{"ancestorTitles":["菜单可见性权限测试","管理员菜单可见性"],"fullName":"菜单可见性权限测试 管理员菜单可见性 管理员应该有 nav:all 权限","status":"passed","title":"管理员应该有 nav:all 权限","duration":0.9313329999999951,"failureMessages":[],"meta":{}},{"ancestorTitles":["菜单可见性权限测试","管理员菜单可见性"],"fullName":"菜单可见性权限测试 管理员菜单可见性 管理员应该能看到设置菜单","status":"passed","title":"管理员应该能看到设置菜单","duration":0.2511250000000018,"failureMessages":[],"meta":{}},{"ancestorTitles":["菜单可见性权限测试","管理员菜单可见性"],"fullName":"菜单可见性权限测试 管理员菜单可见性 管理员应该能看到用户管理","status":"passed","title":"管理员应该能看到用户管理","duration":0.10716700000000401,"failureMessages":[],"meta":{}},{"ancestorTitles":["菜单可见性权限测试","管理员菜单可见性"],"fullName":"菜单可见性权限测试 管理员菜单可见性 管理员应该能看到角色管理","status":"passed","title":"管理员应该能看到角色管理","duration":0.3371670000000222,"failureMessages":[],"meta":{}},{"ancestorTitles":["菜单可见性权限测试","受限用户菜单可见性"],"fullName":"菜单可见性权限测试 受限用户菜单可见性 受限用户应该能看到审计日志相关功能","status":"passed","title":"受限用户应该能看到审计日志相关功能","duration":1.351458999999977,"failureMessages":[],"meta":{}},{"ancestorTitles":["菜单可见性权限测试","受限用户菜单可见性"],"fullName":"菜单可见性权限测试 受限用户菜单可见性 受限用户不应该有 nav:all 权限","status":"passed","title":"受限用户不应该有 nav:all 权限","duration":0.3350829999999405,"failureMessages":[],"meta":{}},{"ancestorTitles":["菜单可见性权限测试","受限用户菜单可见性"],"fullName":"菜单可见性权限测试 受限用户菜单可见性 受限用户不应该能看到设置菜单","status":"passed","title":"受限用户不应该能看到设置菜单","duration":0.15979200000003857,"failureMessages":[],"meta":{}},{"ancestorTitles":["菜单可见性权限测试","受限用户菜单可见性"],"fullName":"菜单可见性权限测试 受限用户菜单可见性 受限用户不应该能看到用户管理","status":"passed","title":"受限用户不应该能看到用户管理","duration":0.23891600000001745,"failureMessages":[],"meta":{}},{"ancestorTitles":["菜单可见性权限测试","受限用户菜单可见性"],"fullName":"菜单可见性权限测试 受限用户菜单可见性 受限用户不应该能看到角色管理","status":"passed","title":"受限用户不应该能看到角色管理","duration":8.784250000000043,"failureMessages":[],"meta":{}},{"ancestorTitles":["菜单可见性权限测试","受限用户菜单可见性"],"fullName":"菜单可见性权限测试 受限用户菜单可见性 受限用户不应该能看到档案管理","status":"passed","title":"受限用户不应该能看到档案管理","duration":16.133166999999958,"failureMessages":[],"meta":{}},{"ancestorTitles":["菜单可见性权限测试","档案管理员菜单可见性"],"fullName":"菜单可见性权限测试 档案管理员菜单可见性 档案管理员应该能看到档案管理菜单","status":"passed","title":"档案管理员应该能看到档案管理菜单","duration":0.377207999999996,"failureMessages":[],"meta":{}},{"ancestorTitles":["菜单可见性权限测试","档案管理员菜单可见性"],"fullName":"菜单可见性权限测试 档案管理员菜单可见性 档案管理员应该能看到收集菜单","status":"passed","title":"档案管理员应该能看到收集菜单","duration":0.3030830000000151,"failureMessages":[],"meta":{}},{"ancestorTitles":["菜单可见性权限测试","档案管理员菜单可见性"],"fullName":"菜单可见性权限测试 档案管理员菜单可见性 档案管理员不应该能看到设置菜单","status":"passed","title":"档案管理员不应该能看到设置菜单","duration":0.13345800000001873,"failureMessages":[],"meta":{}},{"ancestorTitles":["菜单可见性权限测试","档案管理员菜单可见性"],"fullName":"菜单可见性权限测试 档案管理员菜单可见性 档案管理员不应该能看到用户管理","status":"passed","title":"档案管理员不应该能看到用户管理","duration":0.12012500000003001,"failureMessages":[],"meta":{}},{"ancestorTitles":["菜单可见性权限测试","未登录用户"],"fullName":"菜单可见性权限测试 未登录用户 未登录用户不应该有任何权限","status":"passed","title":"未登录用户不应该有任何权限","duration":0.49158299999999144,"failureMessages":[],"meta":{}},{"ancestorTitles":["路由守卫权限测试","受限用户路由访问"],"fullName":"路由守卫权限测试 受限用户路由访问 受限用户访问审计日志应该被允许","status":"passed","title":"受限用户访问审计日志应该被允许","duration":0.20954199999994216,"failureMessages":[],"meta":{}},{"ancestorTitles":["路由守卫权限测试","受限用户路由访问"],"fullName":"路由守卫权限测试 受限用户路由访问 受限用户访问用户管理应该被拒绝","status":"passed","title":"受限用户访问用户管理应该被拒绝","duration":0.20095900000001166,"failureMessages":[],"meta":{}},{"ancestorTitles":["路由守卫权限测试","受限用户路由访问"],"fullName":"路由守卫权限测试 受限用户路由访问 受限用户访问角色管理应该被拒绝","status":"passed","title":"受限用户访问角色管理应该被拒绝","duration":0.13037499999995816,"failureMessages":[],"meta":{}},{"ancestorTitles":["路由守卫权限测试","受限用户路由访问"],"fullName":"路由守卫权限测试 受限用户路由访问 受限用户访问系统设置应该被拒绝","status":"passed","title":"受限用户访问系统设置应该被拒绝","duration":0.1920830000000251,"failureMessages":[],"meta":{}},{"ancestorTitles":["路由守卫权限测试","未认证用户路由访问"],"fullName":"路由守卫权限测试 未认证用户路由访问 未认证用户访问任何受保护路由都应该被拒绝","status":"passed","title":"未认证用户访问任何受保护路由都应该被拒绝","duration":0.2323750000000473,"failureMessages":[],"meta":{}}],"startTime":1772697499184,"endTime":1772697499221.2324,"status":"passed","message":"","name":"/Users/user/nexusarchive/src/__tests__/permissions/MenuPermission.test.ts"},{"assertionResults":[{"ancestorTitles":["useAuthStore","登录管理"],"fullName":"useAuthStore 登录管理 登录后应正确设置用户状态","status":"passed","title":"登录后应正确设置用户状态","duration":0.908040999999912,"failureMessages":[],"meta":{}},{"ancestorTitles":["useAuthStore","登录管理"],"fullName":"useAuthStore 登录管理 登出后应清除所有状态","status":"passed","title":"登出后应清除所有状态","duration":0.19862499999999272,"failureMessages":[],"meta":{}},{"ancestorTitles":["useAuthStore","登录管理"],"fullName":"useAuthStore 登录管理 初始状态应为未认证","status":"passed","title":"初始状态应为未认证","duration":0.14745800000002873,"failureMessages":[],"meta":{}},{"ancestorTitles":["useAuthStore","权限检查"],"fullName":"useAuthStore 权限检查 完全匹配权限应返回 true","status":"passed","title":"完全匹配权限应返回 true","duration":0.32320800000002237,"failureMessages":[],"meta":{}},{"ancestorTitles":["useAuthStore","权限检查"],"fullName":"useAuthStore 权限检查 通配符权限匹配应返回 true","status":"passed","title":"通配符权限匹配应返回 true","duration":0.111458999999968,"failureMessages":[],"meta":{}},{"ancestorTitles":["useAuthStore","权限检查"],"fullName":"useAuthStore 权限检查 没有的权限应返回 false","status":"passed","title":"没有的权限应返回 false","duration":0.0675420000000031,"failureMessages":[],"meta":{}},{"ancestorTitles":["useAuthStore","权限检查"],"fullName":"useAuthStore 权限检查 hasAnyPermission 应正确工作","status":"passed","title":"hasAnyPermission 应正确工作","duration":0.12866700000006404,"failureMessages":[],"meta":{}},{"ancestorTitles":["useAuthStore","权限检查"],"fullName":"useAuthStore 权限检查 未登录时权限检查应返回 false","status":"passed","title":"未登录时权限检查应返回 false","duration":0.06654100000002927,"failureMessages":[],"meta":{}},{"ancestorTitles":["useAuthStore","角色检查"],"fullName":"useAuthStore 角色检查 hasRole 应正确匹配角色","status":"passed","title":"hasRole 应正确匹配角色","duration":0.2614170000000513,"failureMessages":[],"meta":{}},{"ancestorTitles":["useAuthStore","角色检查"],"fullName":"useAuthStore 角色检查 isSuperAdmin 应正确识别超级管理员","status":"passed","title":"isSuperAdmin 应正确识别超级管理员","duration":0.07466699999997672,"failureMessages":[],"meta":{}},{"ancestorTitles":["useAuthStore","角色检查"],"fullName":"useAuthStore 角色检查 非超级管理员 isSuperAdmin 应返回 false","status":"passed","title":"非超级管理员 isSuperAdmin 应返回 false","duration":0.10170800000003055,"failureMessages":[],"meta":{}},{"ancestorTitles":["useAuthStore","用户信息更新"],"fullName":"useAuthStore 用户信息更新 updateUser 应部分更新用户信息","status":"passed","title":"updateUser 应部分更新用户信息","duration":0.08691700000008495,"failureMessages":[],"meta":{}},{"ancestorTitles":["useAuthStore","用户信息更新"],"fullName":"useAuthStore 用户信息更新 updatePermissions 应更新权限列表","status":"passed","title":"updatePermissions 应更新权限列表","duration":0.3045839999999771,"failureMessages":[],"meta":{}},{"ancestorTitles":["useAuthStore","用户信息更新"],"fullName":"useAuthStore 用户信息更新 updatePermissions 不传 roles 时应保留原有角色","status":"passed","title":"updatePermissions 不传 roles 时应保留原有角色","duration":0.058791000000042004,"failureMessages":[],"meta":{}},{"ancestorTitles":["useAuthStore","用户信息更新"],"fullName":"useAuthStore 用户信息更新 未登录时 updateUser 应不执行任何操作","status":"passed","title":"未登录时 updateUser 应不执行任何操作","duration":0.050292000000013104,"failureMessages":[],"meta":{}},{"ancestorTitles":["useAuthStore","setCheckingAuth"],"fullName":"useAuthStore setCheckingAuth 应正确设置检查状态","status":"passed","title":"应正确设置检查状态","duration":0.06945900000005167,"failureMessages":[],"meta":{}}],"startTime":1772697499157,"endTime":1772697499160.3047,"status":"passed","message":"","name":"/Users/user/nexusarchive/src/__tests__/store/useAuthStore.test.ts"},{"assertionResults":[{"ancestorTitles":["KanbanCard","basic rendering"],"fullName":"KanbanCard basic rendering should render card information","status":"passed","title":"should render card information","duration":370.167958,"failureMessages":[],"meta":{}},{"ancestorTitles":["KanbanCard","basic rendering"],"fullName":"KanbanCard basic rendering should show selected state","status":"passed","title":"should show selected state","duration":75.02174999999988,"failureMessages":[],"meta":{}},{"ancestorTitles":["KanbanCard","basic rendering"],"fullName":"KanbanCard basic rendering should hide amount when not available","status":"passed","title":"should hide amount when not available","duration":30.346000000000004,"failureMessages":[],"meta":{}},{"ancestorTitles":["KanbanCard","basic rendering"],"fullName":"KanbanCard basic rendering should render without summary","status":"passed","title":"should render without summary","duration":27.475124999999935,"failureMessages":[],"meta":{}},{"ancestorTitles":["KanbanCard","selection"],"fullName":"KanbanCard selection should call onSelect when selection area is clicked","status":"passed","title":"should call onSelect when selection area is clicked","duration":41.43399999999974,"failureMessages":[],"meta":{}},{"ancestorTitles":["KanbanCard","selection"],"fullName":"KanbanCard selection should show cancel button when selected","status":"passed","title":"should show cancel button when selected","duration":23.740959000000203,"failureMessages":[],"meta":{}},{"ancestorTitles":["KanbanCard","selection"],"fullName":"KanbanCard selection should call onSelect when cancel button is clicked","status":"passed","title":"should call onSelect when cancel button is clicked","duration":28.412708000000293,"failureMessages":[],"meta":{}},{"ancestorTitles":["KanbanCard","basic actions"],"fullName":"KanbanCard basic actions should render basic action buttons (view, edit, delete)","status":"passed","title":"should render basic action buttons (view, edit, delete)","duration":143.93887499999983,"failureMessages":[],"meta":{}},{"ancestorTitles":["KanbanCard","basic actions"],"fullName":"KanbanCard basic actions should call onAction with view when view button is clicked","status":"passed","title":"should call onAction with view when view button is clicked","duration":54.22270800000024,"failureMessages":[],"meta":{}},{"ancestorTitles":["KanbanCard","basic actions"],"fullName":"KanbanCard basic actions should call onAction with edit when edit button is clicked","status":"passed","title":"should call onAction with edit when edit button is clicked","duration":35.97683400000005,"failureMessages":[],"meta":{}},{"ancestorTitles":["KanbanCard","basic actions"],"fullName":"KanbanCard basic actions should call onAction with delete when delete button is clicked","status":"passed","title":"should call onAction with delete when delete button is clicked","duration":37.61604199999965,"failureMessages":[],"meta":{}},{"ancestorTitles":["KanbanCard","column-level actions"],"fullName":"KanbanCard column-level actions should render column actions when columnActions prop is provided","status":"passed","title":"should render column actions when columnActions prop is provided","duration":83.96587500000032,"failureMessages":[],"meta":{}},{"ancestorTitles":["KanbanCard","column-level actions"],"fullName":"KanbanCard column-level actions should call onAction with column action key when column action button is clicked","status":"passed","title":"should call onAction with column action key when column action button is clicked","duration":40.14708400000018,"failureMessages":[],"meta":{}},{"ancestorTitles":["KanbanCard","column-level actions"],"fullName":"KanbanCard column-level actions should render danger column actions with danger prop","status":"passed","title":"should render danger column actions with danger prop","duration":58.30354100000022,"failureMessages":[],"meta":{}},{"ancestorTitles":["KanbanCard","column-level actions"],"fullName":"KanbanCard column-level actions should exclude delete action from columnActions (delete handled separately)","status":"passed","title":"should exclude delete action from columnActions (delete handled separately)","duration":62.17433300000039,"failureMessages":[],"meta":{}},{"ancestorTitles":["KanbanCard","column-level actions"],"fullName":"KanbanCard column-level actions should work without columnActions prop (backward compatibility)","status":"passed","title":"should work without columnActions prop (backward compatibility)","duration":78.71404200000006,"failureMessages":[],"meta":{}},{"ancestorTitles":["KanbanCard","conditional rendering"],"fullName":"KanbanCard conditional rendering should not render docDate when not provided","status":"passed","title":"should not render docDate when not provided","duration":18.489000000000033,"failureMessages":[],"meta":{}},{"ancestorTitles":["KanbanCard","conditional rendering"],"fullName":"KanbanCard conditional rendering should not render source when not provided","status":"passed","title":"should not render source when not provided","duration":21.040833999999904,"failureMessages":[],"meta":{}}],"startTime":1772697491590,"endTime":1772697492822.0408,"status":"passed","message":"","name":"/Users/user/nexusarchive/src/components/pool-kanban/KanbanCard.test.tsx"},{"assertionResults":[{"ancestorTitles":["KanbanColumn"],"fullName":"KanbanColumn should render column header with title","status":"passed","title":"should render column header with title","duration":396.42808300000024,"failureMessages":[],"meta":{}},{"ancestorTitles":["KanbanColumn"],"fullName":"KanbanColumn should render sub-state tabs using Segmented","status":"passed","title":"should render sub-state tabs using Segmented","duration":48.92208400000027,"failureMessages":[],"meta":{}},{"ancestorTitles":["KanbanColumn"],"fullName":"KanbanColumn should show card count in tabs","status":"passed","title":"should show card count in tabs","duration":21.730999999999767,"failureMessages":[],"meta":{}},{"ancestorTitles":["KanbanColumn"],"fullName":"KanbanColumn should filter cards by selected sub-state","status":"passed","title":"should filter cards by selected sub-state","duration":8.917042000000038,"failureMessages":[],"meta":{}},{"ancestorTitles":["KanbanColumn"],"fullName":"KanbanColumn should switch sub-state when tab is clicked","status":"passed","title":"should switch sub-state when tab is clicked","duration":41.490208000000166,"failureMessages":[],"meta":{}},{"ancestorTitles":["KanbanColumn"],"fullName":"KanbanColumn should pass column actions to cards","status":"passed","title":"should pass column actions to cards","duration":9.387959000000137,"failureMessages":[],"meta":{}},{"ancestorTitles":["KanbanColumn"],"fullName":"KanbanColumn should display total badge count","status":"passed","title":"should display total badge count","duration":10.853749999999764,"failureMessages":[],"meta":{}},{"ancestorTitles":["KanbanColumn"],"fullName":"KanbanColumn should render empty state when no cards","status":"passed","title":"should render empty state when no cards","duration":7.043041999999787,"failureMessages":[],"meta":{}},{"ancestorTitles":["KanbanColumn"],"fullName":"KanbanColumn should handle card selection","status":"passed","title":"should handle card selection","duration":25.29629100000011,"failureMessages":[],"meta":{}},{"ancestorTitles":["KanbanColumn"],"fullName":"KanbanColumn should handle card action","status":"passed","title":"should handle card action","duration":31.172207999999955,"failureMessages":[],"meta":{}}],"startTime":1772697491674,"endTime":1772697492275.172,"status":"passed","message":"","name":"/Users/user/nexusarchive/src/components/pool-kanban/KanbanColumn.test.tsx"},{"assertionResults":[{"ancestorTitles":["useKanbanLayout","initial state"],"fullName":"useKanbanLayout initial state should start with minimum column width","status":"passed","title":"should start with minimum column width","duration":6.575375000000008,"failureMessages":[],"meta":{}},{"ancestorTitles":["useKanbanLayout","initial state"],"fullName":"useKanbanLayout initial state should start with no collapsed columns","status":"passed","title":"should start with no collapsed columns","duration":0.9475830000000087,"failureMessages":[],"meta":{}},{"ancestorTitles":["useKanbanLayout","initial state"],"fullName":"useKanbanLayout initial state should start with zero container width before resize","status":"passed","title":"should start with zero container width before resize","duration":1.048291000000063,"failureMessages":[],"meta":{}},{"ancestorTitles":["useKanbanLayout","initial state"],"fullName":"useKanbanLayout initial state should not be overflowing initially","status":"passed","title":"should not be overflowing initially","duration":0.7568340000000262,"failureMessages":[],"meta":{}},{"ancestorTitles":["useKanbanLayout","column width calculation"],"fullName":"useKanbanLayout column width calculation should calculate column width based on container width","status":"passed","title":"should calculate column width based on container width","duration":10.096250000000055,"failureMessages":[],"meta":{}},{"ancestorTitles":["useKanbanLayout","column width calculation"],"fullName":"useKanbanLayout column width calculation should respect minimum column width","status":"passed","title":"should respect minimum column width","duration":1.9502919999999904,"failureMessages":[],"meta":{}},{"ancestorTitles":["useKanbanLayout","column width calculation"],"fullName":"useKanbanLayout column width calculation should respect maximum column width","status":"passed","title":"should respect maximum column width","duration":1.0101250000000164,"failureMessages":[],"meta":{}},{"ancestorTitles":["useKanbanLayout","column width calculation"],"fullName":"useKanbanLayout column width calculation should allow manual column width setting within bounds","status":"passed","title":"should allow manual column width setting within bounds","duration":0.5498329999999214,"failureMessages":[],"meta":{}},{"ancestorTitles":["useKanbanLayout","column width calculation"],"fullName":"useKanbanLayout column width calculation should clamp column width to minimum when set too low","status":"passed","title":"should clamp column width to minimum when set too low","duration":1.2679580000000215,"failureMessages":[],"meta":{}},{"ancestorTitles":["useKanbanLayout","column width calculation"],"fullName":"useKanbanLayout column width calculation should clamp column width to maximum when set too high","status":"passed","title":"should clamp column width to maximum when set too high","duration":0.5393750000000637,"failureMessages":[],"meta":{}},{"ancestorTitles":["useKanbanLayout","column width calculation"],"fullName":"useKanbanLayout column width calculation should recalculate width when requested","status":"passed","title":"should recalculate width when requested","duration":3.0761250000000473,"failureMessages":[],"meta":{}},{"ancestorTitles":["useKanbanLayout","empty column detection"],"fullName":"useKanbanLayout empty column detection should identify empty columns","status":"passed","title":"should identify empty columns","duration":5.149499999999989,"failureMessages":[],"meta":{}},{"ancestorTitles":["useKanbanLayout","empty column detection"],"fullName":"useKanbanLayout empty column detection should return empty array when all columns have cards","status":"passed","title":"should return empty array when all columns have cards","duration":0.49995799999999235,"failureMessages":[],"meta":{}},{"ancestorTitles":["useKanbanLayout","empty column detection"],"fullName":"useKanbanLayout empty column detection should correctly check if column has cards","status":"passed","title":"should correctly check if column has cards","duration":0.466666000000032,"failureMessages":[],"meta":{}},{"ancestorTitles":["useKanbanLayout","empty column detection"],"fullName":"useKanbanLayout empty column detection should handle missing column keys gracefully","status":"passed","title":"should handle missing column keys gracefully","duration":0.5262079999999969,"failureMessages":[],"meta":{}},{"ancestorTitles":["useKanbanLayout","collapse state management"],"fullName":"useKanbanLayout collapse state management should toggle column collapse state","status":"passed","title":"should toggle column collapse state","duration":0.7002909999999929,"failureMessages":[],"meta":{}},{"ancestorTitles":["useKanbanLayout","collapse state management"],"fullName":"useKanbanLayout collapse state management should maintain multiple collapsed columns","status":"passed","title":"should maintain multiple collapsed columns","duration":0.4195829999999887,"failureMessages":[],"meta":{}},{"ancestorTitles":["useKanbanLayout","collapse state management"],"fullName":"useKanbanLayout collapse state management should expand all columns","status":"passed","title":"should expand all columns","duration":0.43099999999992633,"failureMessages":[],"meta":{}},{"ancestorTitles":["useKanbanLayout","collapse state management"],"fullName":"useKanbanLayout collapse state management should collapse all empty columns","status":"passed","title":"should collapse all empty columns","duration":0.4114159999999174,"failureMessages":[],"meta":{}},{"ancestorTitles":["useKanbanLayout","overflow detection"],"fullName":"useKanbanLayout overflow detection should detect when content overflows container","status":"passed","title":"should detect when content overflows container","duration":7.870625000000018,"failureMessages":[],"meta":{}},{"ancestorTitles":["useKanbanLayout","overflow detection"],"fullName":"useKanbanLayout overflow detection should not overflow when container is wide enough","status":"passed","title":"should not overflow when container is wide enough","duration":20.470083000000045,"failureMessages":[],"meta":{}},{"ancestorTitles":["useKanbanLayout","overflow detection"],"fullName":"useKanbanLayout overflow detection should reduce overflow when columns are collapsed","status":"passed","title":"should reduce overflow when columns are collapsed","duration":1.259375000000091,"failureMessages":[],"meta":{}},{"ancestorTitles":["useKanbanLayout","helper functions"],"fullName":"useKanbanLayout helper functions should return correct visible column count","status":"passed","title":"should return correct visible column count","duration":0.6725000000000136,"failureMessages":[],"meta":{}},{"ancestorTitles":["useKanbanLayout","helper functions"],"fullName":"useKanbanLayout helper functions should calculate total content width correctly","status":"passed","title":"should calculate total content width correctly","duration":0.4368329999999787,"failureMessages":[],"meta":{}},{"ancestorTitles":["useKanbanLayout","helper functions"],"fullName":"useKanbanLayout helper functions should adjust total content width when columns are collapsed","status":"passed","title":"should adjust total content width when columns are collapsed","duration":0.4423339999999598,"failureMessages":[],"meta":{}},{"ancestorTitles":["useKanbanLayout","utility functions","calculateColumnCardCounts"],"fullName":"useKanbanLayout utility functions calculateColumnCardCounts should calculate card counts for each column","status":"passed","title":"should calculate card counts for each column","duration":1.7823329999999942,"failureMessages":[],"meta":{}},{"ancestorTitles":["useKanbanLayout","utility functions","calculateColumnCardCounts"],"fullName":"useKanbanLayout utility functions calculateColumnCardCounts should handle empty data","status":"passed","title":"should handle empty data","duration":0.1755000000000564,"failureMessages":[],"meta":{}},{"ancestorTitles":["useKanbanLayout","utility functions","areAllColumnsEmpty"],"fullName":"useKanbanLayout utility functions areAllColumnsEmpty should return true when all columns are empty","status":"passed","title":"should return true when all columns are empty","duration":0.09283399999992525,"failureMessages":[],"meta":{}},{"ancestorTitles":["useKanbanLayout","utility functions","areAllColumnsEmpty"],"fullName":"useKanbanLayout utility functions areAllColumnsEmpty should return false when at least one column has cards","status":"passed","title":"should return false when at least one column has cards","duration":0.10754199999996672,"failureMessages":[],"meta":{}},{"ancestorTitles":["useKanbanLayout","utility functions","areAllColumnsEmpty"],"fullName":"useKanbanLayout utility functions areAllColumnsEmpty should handle incomplete data","status":"passed","title":"should handle incomplete data","duration":0.07074999999997544,"failureMessages":[],"meta":{}},{"ancestorTitles":["useKanbanLayout","utility functions","getFirstNonEmptyColumnId"],"fullName":"useKanbanLayout utility functions getFirstNonEmptyColumnId should return first non-empty column ID","status":"passed","title":"should return first non-empty column ID","duration":0.08666600000003655,"failureMessages":[],"meta":{}},{"ancestorTitles":["useKanbanLayout","utility functions","getFirstNonEmptyColumnId"],"fullName":"useKanbanLayout utility functions getFirstNonEmptyColumnId should return first column ID when first column has cards","status":"passed","title":"should return first column ID when first column has cards","duration":0.10095799999999144,"failureMessages":[],"meta":{}},{"ancestorTitles":["useKanbanLayout","utility functions","getFirstNonEmptyColumnId"],"fullName":"useKanbanLayout utility functions getFirstNonEmptyColumnId should return null when all columns are empty","status":"passed","title":"should return null when all columns are empty","duration":0.08095800000000963,"failureMessages":[],"meta":{}},{"ancestorTitles":["useKanbanLayout","utility functions","getFirstNonEmptyColumnId"],"fullName":"useKanbanLayout utility functions getFirstNonEmptyColumnId should return null for empty data","status":"passed","title":"should return null for empty data","duration":0.16449999999997544,"failureMessages":[],"meta":{}},{"ancestorTitles":["useKanbanLayout","when disabled"],"fullName":"useKanbanLayout when disabled should not observe container when disabled","status":"passed","title":"should not observe container when disabled","duration":0.6070419999999785,"failureMessages":[],"meta":{}},{"ancestorTitles":["useKanbanLayout","when disabled"],"fullName":"useKanbanLayout when disabled should maintain minimum width when disabled","status":"passed","title":"should maintain minimum width when disabled","duration":0.4706670000000486,"failureMessages":[],"meta":{}},{"ancestorTitles":["useKanbanLayout","constants"],"fullName":"useKanbanLayout constants should export minimum column width constant","status":"passed","title":"should export minimum column width constant","duration":0.10266699999999673,"failureMessages":[],"meta":{}},{"ancestorTitles":["useKanbanLayout","constants"],"fullName":"useKanbanLayout constants should export maximum column width constant","status":"passed","title":"should export maximum column width constant","duration":0.09208300000000236,"failureMessages":[],"meta":{}},{"ancestorTitles":["useKanbanLayout","constants"],"fullName":"useKanbanLayout constants should export collapsed column width constant","status":"passed","title":"should export collapsed column width constant","duration":0.09070900000006077,"failureMessages":[],"meta":{}}],"startTime":1772697496301,"endTime":1772697496373.1028,"status":"passed","message":"","name":"/Users/user/nexusarchive/src/hooks/__tests__/useKanbanLayout.test.ts"},{"assertionResults":[{"ancestorTitles":["useMonitoring"],"fullName":"useMonitoring should have correct initial state","status":"passed","title":"should have correct initial state","duration":31.946250000000077,"failureMessages":[],"meta":{}},{"ancestorTitles":["useMonitoring"],"fullName":"useMonitoring should load monitoring data successfully","status":"passed","title":"should load monitoring data successfully","duration":5.14020800000003,"failureMessages":[],"meta":{}},{"ancestorTitles":["useMonitoring"],"fullName":"useMonitoring should set loading to true during load","status":"passed","title":"should set loading to true during load","duration":162.54395799999998,"failureMessages":[],"meta":{}},{"ancestorTitles":["useMonitoring"],"fullName":"useMonitoring should handle load errors gracefully","status":"passed","title":"should handle load errors gracefully","duration":6.712084000000004,"failureMessages":[],"meta":{}},{"ancestorTitles":["useMonitoring"],"fullName":"useMonitoring should handle API failure response","status":"passed","title":"should handle API failure response","duration":2.282332999999994,"failureMessages":[],"meta":{}}],"startTime":1772697494239,"endTime":1772697494456.2822,"status":"passed","message":"","name":"/Users/user/nexusarchive/src/hooks/__tests__/useMonitoring.test.ts"},{"assertionResults":[{"ancestorTitles":["usePermissionsQuery"],"fullName":"usePermissionsQuery should accept unwrapped permissions payloads and update store","status":"passed","title":"should accept unwrapped permissions payloads and update store","duration":65.61487499999998,"failureMessages":[],"meta":{}}],"startTime":1772697496330,"endTime":1772697496395.615,"status":"passed","message":"","name":"/Users/user/nexusarchive/src/hooks/__tests__/usePermissions.test.tsx"},{"assertionResults":[{"ancestorTitles":["usePoolBatchAction","initial state"],"fullName":"usePoolBatchAction initial state should start with empty selection","status":"passed","title":"should start with empty selection","duration":16.36191699999995,"failureMessages":[],"meta":{}},{"ancestorTitles":["usePoolBatchAction","initial state"],"fullName":"usePoolBatchAction initial state should start with not executing state","status":"passed","title":"should start with not executing state","duration":0.9959999999999809,"failureMessages":[],"meta":{}},{"ancestorTitles":["usePoolBatchAction","initial state"],"fullName":"usePoolBatchAction initial state should start with no result","status":"passed","title":"should start with no result","duration":1.0222499999999854,"failureMessages":[],"meta":{}},{"ancestorTitles":["usePoolBatchAction","selection management"],"fullName":"usePoolBatchAction selection management should add card to selection when toggled","status":"passed","title":"should add card to selection when toggled","duration":1.775082999999995,"failureMessages":[],"meta":{}},{"ancestorTitles":["usePoolBatchAction","selection management"],"fullName":"usePoolBatchAction selection management should remove card from selection when toggled twice","status":"passed","title":"should remove card from selection when toggled twice","duration":2.262042000000065,"failureMessages":[],"meta":{}},{"ancestorTitles":["usePoolBatchAction","selection management"],"fullName":"usePoolBatchAction selection management should select all cards when selectAll is called","status":"passed","title":"should select all cards when selectAll is called","duration":2.796000000000049,"failureMessages":[],"meta":{}},{"ancestorTitles":["usePoolBatchAction","selection management"],"fullName":"usePoolBatchAction selection management should clear selection when clearSelection is called","status":"passed","title":"should clear selection when clearSelection is called","duration":0.7279160000000502,"failureMessages":[],"meta":{}},{"ancestorTitles":["usePoolBatchAction","selection management"],"fullName":"usePoolBatchAction selection management should get selected IDs as array","status":"passed","title":"should get selected IDs as array","duration":0.7605839999999944,"failureMessages":[],"meta":{}},{"ancestorTitles":["usePoolBatchAction","batch delete"],"fullName":"usePoolBatchAction batch delete should execute batch delete successfully","status":"passed","title":"should execute batch delete successfully","duration":1.8392089999999826,"failureMessages":[],"meta":{}},{"ancestorTitles":["usePoolBatchAction","batch delete"],"fullName":"usePoolBatchAction batch delete should handle partial failures in batch delete","status":"passed","title":"should handle partial failures in batch delete","duration":1.0813750000000937,"failureMessages":[],"meta":{}},{"ancestorTitles":["usePoolBatchAction","batch delete"],"fullName":"usePoolBatchAction batch delete should return empty selection error when no items selected","status":"passed","title":"should return empty selection error when no items selected","duration":2.2431249999999636,"failureMessages":[],"meta":{}},{"ancestorTitles":["usePoolBatchAction","batch archive"],"fullName":"usePoolBatchAction batch archive should execute batch archive successfully","status":"passed","title":"should execute batch archive successfully","duration":6.856792000000041,"failureMessages":[],"meta":{}},{"ancestorTitles":["usePoolBatchAction","batch archive"],"fullName":"usePoolBatchAction batch archive should handle archive API failure","status":"passed","title":"should handle archive API failure","duration":4.380999999999972,"failureMessages":[],"meta":{}},{"ancestorTitles":["usePoolBatchAction","non-API actions"],"fullName":"usePoolBatchAction non-API actions should handle recheck action","status":"passed","title":"should handle recheck action","duration":2.0264589999999316,"failureMessages":[],"meta":{}},{"ancestorTitles":["usePoolBatchAction","non-API actions"],"fullName":"usePoolBatchAction non-API actions should handle edit action","status":"passed","title":"should handle edit action","duration":1.396916000000033,"failureMessages":[],"meta":{}},{"ancestorTitles":["usePoolBatchAction","non-API actions"],"fullName":"usePoolBatchAction non-API actions should handle match action","status":"passed","title":"should handle match action","duration":2.9970840000000862,"failureMessages":[],"meta":{}},{"ancestorTitles":["usePoolBatchAction","execution state"],"fullName":"usePoolBatchAction execution state should set isExecuting during operation","status":"passed","title":"should set isExecuting during operation","duration":136.354292,"failureMessages":[],"meta":{}},{"ancestorTitles":["usePoolBatchAction","result management"],"fullName":"usePoolBatchAction result management should store result after action","status":"passed","title":"should store result after action","duration":1.371791999999914,"failureMessages":[],"meta":{}},{"ancestorTitles":["usePoolBatchAction","result management"],"fullName":"usePoolBatchAction result management should clear result when clearResult is called","status":"passed","title":"should clear result when clearResult is called","duration":12.872749999999996,"failureMessages":[],"meta":{}},{"ancestorTitles":["usePoolBatchAction","custom selected IDs"],"fullName":"usePoolBatchAction custom selected IDs should use provided IDs instead of current selection","status":"passed","title":"should use provided IDs instead of current selection","duration":1.089334000000008,"failureMessages":[],"meta":{}},{"ancestorTitles":["usePoolBatchAction","selection persistence"],"fullName":"usePoolBatchAction selection persistence should maintain selection state after action","status":"passed","title":"should maintain selection state after action","duration":1.8797919999999522,"failureMessages":[],"meta":{}},{"ancestorTitles":["usePoolBatchAction","rapid toggle"],"fullName":"usePoolBatchAction rapid toggle should handle rapid toggle operations correctly","status":"passed","title":"should handle rapid toggle operations correctly","duration":3.8312080000000606,"failureMessages":[],"meta":{}}],"startTime":1772697493325,"endTime":1772697493532.8313,"status":"passed","message":"","name":"/Users/user/nexusarchive/src/hooks/__tests__/usePoolBatchAction.test.ts"},{"assertionResults":[{"ancestorTitles":["usePoolKanban"],"fullName":"usePoolKanban should initialize with loading state and columns","status":"passed","title":"should initialize with loading state and columns","duration":73.42466599999989,"failureMessages":[],"meta":{}},{"ancestorTitles":["usePoolKanban"],"fullName":"usePoolKanban should group cards by column and sub-state","status":"passed","title":"should group cards by column and sub-state","duration":60.20637499999998,"failureMessages":[],"meta":{}},{"ancestorTitles":["usePoolKanban"],"fullName":"usePoolKanban should return count for each sub-state","status":"passed","title":"should return count for each sub-state","duration":57.38258300000007,"failureMessages":[],"meta":{}},{"ancestorTitles":["usePoolKanban"],"fullName":"usePoolKanban should return total count for a column","status":"passed","title":"should return total count for a column","duration":71.73420800000008,"failureMessages":[],"meta":{}},{"ancestorTitles":["usePoolKanban"],"fullName":"usePoolKanban should refresh data when refetch is called","status":"passed","title":"should refresh data when refetch is called","duration":64.65887499999985,"failureMessages":[],"meta":{}},{"ancestorTitles":["usePoolKanban"],"fullName":"usePoolKanban should handle empty data gracefully","status":"passed","title":"should handle empty data gracefully","duration":61.84162500000002,"failureMessages":[],"meta":{}},{"ancestorTitles":["usePoolKanban"],"fullName":"usePoolKanban should handle API error","status":"passed","title":"should handle API error","duration":54.48283300000003,"failureMessages":[],"meta":{}},{"ancestorTitles":["usePoolKanban"],"fullName":"usePoolKanban should assign _columnId to each card based on status","status":"passed","title":"should assign _columnId to each card based on status","duration":54.27324999999996,"failureMessages":[],"meta":{}}],"startTime":1772697492046,"endTime":1772697492544.2732,"status":"passed","message":"","name":"/Users/user/nexusarchive/src/hooks/__tests__/usePoolKanban.test.tsx"},{"assertionResults":[{"ancestorTitles":["useReconciliation"],"fullName":"useReconciliation should have correct initial state","status":"passed","title":"should have correct initial state","duration":6.500999999999976,"failureMessages":[],"meta":{}},{"ancestorTitles":["useReconciliation"],"fullName":"useReconciliation should show reconciliation dialog with record","status":"passed","title":"should show reconciliation dialog with record","duration":1.7279999999999518,"failureMessages":[],"meta":{}},{"ancestorTitles":["useReconciliation"],"fullName":"useReconciliation should close reconciliation dialog","status":"passed","title":"should close reconciliation dialog","duration":1.600041000000033,"failureMessages":[],"meta":{}},{"ancestorTitles":["useReconciliation"],"fullName":"useReconciliation should handle multiple show/close cycles","status":"passed","title":"should handle multiple show/close cycles","duration":1.3447079999999687,"failureMessages":[],"meta":{}},{"ancestorTitles":["useReconciliation"],"fullName":"useReconciliation should maintain state consistency across operations","status":"passed","title":"should maintain state consistency across operations","duration":1.101415999999972,"failureMessages":[],"meta":{}}],"startTime":1772697497645,"endTime":1772697497657.1013,"status":"passed","message":"","name":"/Users/user/nexusarchive/src/hooks/__tests__/useReconciliation.test.ts"},{"assertionResults":[{"ancestorTitles":["menu routing integrity"],"fullName":"menu routing integrity 所有二级/三级叶子菜单应命中有效路由而非首页兜底","status":"passed","title":"所有二级/三级叶子菜单应命中有效路由而非首页兜底","duration":35.14683299999979,"failureMessages":[],"meta":{}}],"startTime":1772697498226,"endTime":1772697498261.1467,"status":"passed","message":"","name":"/Users/user/nexusarchive/src/routes/__tests__/menu-routing-integrity.test.ts"},{"assertionResults":[{"ancestorTitles":["routes paths mapping"],"fullName":"routes paths mapping 银行回单子菜单应映射到 BANK_RECEIPT 类型","status":"passed","title":"银行回单子菜单应映射到 BANK_RECEIPT 类型","duration":2.0977499999999054,"failureMessages":[],"meta":{}},{"ancestorTitles":["routes paths mapping"],"fullName":"routes paths mapping 批量上传子菜单应映射到 collection/upload","status":"passed","title":"批量上传子菜单应映射到 collection/upload","duration":0.19783400000005713,"failureMessages":[],"meta":{}},{"ancestorTitles":["routes paths mapping"],"fullName":"routes paths mapping 原始凭证三级菜单应映射到对应类型筛选","status":"passed","title":"原始凭证三级菜单应映射到对应类型筛选","duration":0.10391600000002654,"failureMessages":[],"meta":{}},{"ancestorTitles":["routes paths mapping"],"fullName":"routes paths mapping 单据池财政票类型码应为 INV_GOV","status":"passed","title":"单据池财政票类型码应为 INV_GOV","duration":0.23070799999993596,"failureMessages":[],"meta":{}}],"startTime":1772697500783,"endTime":1772697500785.2307,"status":"passed","message":"","name":"/Users/user/nexusarchive/src/routes/__tests__/paths.test.ts"},{"assertionResults":[{"ancestorTitles":["useDrawerStore"],"fullName":"useDrawerStore should initialize with default state","status":"passed","title":"should initialize with default state","duration":14.802249999999958,"failureMessages":[],"meta":{}},{"ancestorTitles":["useDrawerStore"],"fullName":"useDrawerStore should open drawer with archive ID","status":"passed","title":"should open drawer with archive ID","duration":1.6209159999999656,"failureMessages":[],"meta":{}},{"ancestorTitles":["useDrawerStore"],"fullName":"useDrawerStore should close drawer and reset state","status":"passed","title":"should close drawer and reset state","duration":1.7159580000000005,"failureMessages":[],"meta":{}},{"ancestorTitles":["useDrawerStore"],"fullName":"useDrawerStore should set active tab","status":"passed","title":"should set active tab","duration":0.8714580000000751,"failureMessages":[],"meta":{}},{"ancestorTitles":["useDrawerStore"],"fullName":"useDrawerStore should toggle expanded mode","status":"passed","title":"should toggle expanded mode","duration":2.558667000000014,"failureMessages":[],"meta":{}}],"startTime":1772697497510,"endTime":1772697497531.5586,"status":"passed","message":"","name":"/Users/user/nexusarchive/src/store/__tests__/useDrawerStore.test.ts"},{"assertionResults":[{"ancestorTitles":["relationDrilldown"],"fullName":"relationDrilldown 应按付款主线识别可用链路并标记缺口","status":"passed","title":"应按付款主线识别可用链路并标记缺口","duration":1.3067500000000791,"failureMessages":[],"meta":{}},{"ancestorTitles":["relationDrilldown"],"fullName":"relationDrilldown 应合并主线与手动展开节点用于打印范围","status":"passed","title":"应合并主线与手动展开节点用于打印范围","duration":0.18908399999997982,"failureMessages":[],"meta":{}},{"ancestorTitles":["relationDrilldown"],"fullName":"relationDrilldown 应按id或URL去重附件","status":"passed","title":"应按id或URL去重附件","duration":0.15183300000001054,"failureMessages":[],"meta":{}}],"startTime":1772697500492,"endTime":1772697500494.1519,"status":"passed","message":"","name":"/Users/user/nexusarchive/src/__tests__/pages/utilization/relationDrilldown.test.ts"},{"assertionResults":[{"ancestorTitles":["LegacyImportPage - API Integration Tests","API 可用性验证"],"fullName":"LegacyImportPage - API Integration Tests API 可用性验证 should have all required API methods","status":"passed","title":"should have all required API methods","duration":1.816000000000031,"failureMessages":[],"meta":{}},{"ancestorTitles":["LegacyImportPage - API Integration Tests","API 可用性验证"],"fullName":"LegacyImportPage - API Integration Tests API 可用性验证 should have preview API method that is a function","status":"passed","title":"should have preview API method that is a function","duration":0.28337499999997817,"failureMessages":[],"meta":{}},{"ancestorTitles":["LegacyImportPage - API Integration Tests","API 可用性验证"],"fullName":"LegacyImportPage - API Integration Tests API 可用性验证 should have import API method that is a function","status":"passed","title":"should have import API method that is a function","duration":0.12612500000000182,"failureMessages":[],"meta":{}},{"ancestorTitles":["LegacyImportPage - API Integration Tests","API 可用性验证"],"fullName":"LegacyImportPage - API Integration Tests API 可用性验证 should have getTasks API method that is a function","status":"passed","title":"should have getTasks API method that is a function","duration":0.7470409999999674,"failureMessages":[],"meta":{}},{"ancestorTitles":["LegacyImportPage - API Integration Tests","API 可用性验证"],"fullName":"LegacyImportPage - API Integration Tests API 可用性验证 should have downloadErrorReport API method that is a function","status":"passed","title":"should have downloadErrorReport API method that is a function","duration":0.19491599999992104,"failureMessages":[],"meta":{}},{"ancestorTitles":["LegacyImportPage - API Integration Tests","API 可用性验证"],"fullName":"LegacyImportPage - API Integration Tests API 可用性验证 should have downloadCsvTemplate API method that is a function","status":"passed","title":"should have downloadCsvTemplate API method that is a function","duration":0.23462500000005093,"failureMessages":[],"meta":{}},{"ancestorTitles":["LegacyImportPage - API Integration Tests","API 可用性验证"],"fullName":"LegacyImportPage - API Integration Tests API 可用性验证 should have downloadExcelTemplate API method that is a function","status":"passed","title":"should have downloadExcelTemplate API method that is a function","duration":0.1001250000000482,"failureMessages":[],"meta":{}},{"ancestorTitles":["LegacyImportPage - API Integration Tests","Notification Service Tests"],"fullName":"LegacyImportPage - API Integration Tests Notification Service Tests should have toast notification methods","status":"passed","title":"should have toast notification methods","duration":0.37875000000008185,"failureMessages":[],"meta":{}},{"ancestorTitles":["LegacyImportPage - API Integration Tests","API 模板下载功能测试"],"fullName":"LegacyImportPage - API Integration Tests API 模板下载功能测试 should handle CSV template download success","status":"passed","title":"should handle CSV template download success","duration":1.1036659999999756,"failureMessages":[],"meta":{}},{"ancestorTitles":["LegacyImportPage - API Integration Tests","API 模板下载功能测试"],"fullName":"LegacyImportPage - API Integration Tests API 模板下载功能测试 should handle Excel template download success","status":"passed","title":"should handle Excel template download success","duration":0.3290839999999662,"failureMessages":[],"meta":{}},{"ancestorTitles":["LegacyImportPage - API Integration Tests","API 模板下载功能测试"],"fullName":"LegacyImportPage - API Integration Tests API 模板下载功能测试 should handle CSV template download error","status":"passed","title":"should handle CSV template download error","duration":1.5200829999999996,"failureMessages":[],"meta":{}},{"ancestorTitles":["LegacyImportPage - API Integration Tests","API 导入历史功能测试"],"fullName":"LegacyImportPage - API Integration Tests API 导入历史功能测试 should fetch import tasks successfully","status":"passed","title":"should fetch import tasks successfully","duration":0.7346249999999372,"failureMessages":[],"meta":{}},{"ancestorTitles":["LegacyImportPage - API Integration Tests","API 导入历史功能测试"],"fullName":"LegacyImportPage - API Integration Tests API 导入历史功能测试 should handle fetch import tasks error","status":"passed","title":"should handle fetch import tasks error","duration":0.14779199999998127,"failureMessages":[],"meta":{}},{"ancestorTitles":["LegacyImportPage - API Integration Tests","API 导入预览功能测试"],"fullName":"LegacyImportPage - API Integration Tests API 导入预览功能测试 should preview import data successfully","status":"passed","title":"should preview import data successfully","duration":1.315708000000086,"failureMessages":[],"meta":{}},{"ancestorTitles":["LegacyImportPage - API Integration Tests","API 导入预览功能测试"],"fullName":"LegacyImportPage - API Integration Tests API 导入预览功能测试 should handle preview error","status":"passed","title":"should handle preview error","duration":1.586582999999905,"failureMessages":[],"meta":{}},{"ancestorTitles":["LegacyImportPage - API Integration Tests","API 导入执行功能测试"],"fullName":"LegacyImportPage - API Integration Tests API 导入执行功能测试 should execute import successfully","status":"passed","title":"should execute import successfully","duration":0.3136250000000018,"failureMessages":[],"meta":{}},{"ancestorTitles":["LegacyImportPage - API Integration Tests","API 导入执行功能测试"],"fullName":"LegacyImportPage - API Integration Tests API 导入执行功能测试 should handle import error","status":"passed","title":"should handle import error","duration":0.2502079999999296,"failureMessages":[],"meta":{}},{"ancestorTitles":["LegacyImportPage - API Integration Tests","API 错误报告下载功能测试"],"fullName":"LegacyImportPage - API Integration Tests API 错误报告下载功能测试 should download error report successfully","status":"passed","title":"should download error report successfully","duration":0.14712499999995998,"failureMessages":[],"meta":{}},{"ancestorTitles":["LegacyImportPage - API Integration Tests","API 错误报告下载功能测试"],"fullName":"LegacyImportPage - API Integration Tests API 错误报告下载功能测试 should handle error report download error","status":"passed","title":"should handle error report download error","duration":0.08979099999999107,"failureMessages":[],"meta":{}}],"startTime":1772697497916,"endTime":1772697497928.2502,"status":"passed","message":"","name":"/Users/user/nexusarchive/src/__tests__/pages/admin/LegacyImportPage.test.tsx"},{"assertionResults":[{"ancestorTitles":["self-verify: component.archive"],"fullName":"self-verify: component.archive manifest contract should be stable","status":"passed","title":"manifest contract should be stable","duration":1.5143749999999727,"failureMessages":[],"meta":{}}],"startTime":1772697500135,"endTime":1772697500136.5144,"status":"passed","message":"","name":"/Users/user/nexusarchive/src/__tests__/self-verify/modules/component_archive.test.ts"},{"assertionResults":[{"ancestorTitles":["self-verify: component.auth"],"fullName":"self-verify: component.auth manifest contract should be stable","status":"passed","title":"manifest contract should be stable","duration":1.0644169999999349,"failureMessages":[],"meta":{}}],"startTime":1772697501819,"endTime":1772697501820.0645,"status":"passed","message":"","name":"/Users/user/nexusarchive/src/__tests__/self-verify/modules/component_auth.test.ts"},{"assertionResults":[{"ancestorTitles":["self-verify: component.common"],"fullName":"self-verify: component.common manifest contract should be stable","status":"passed","title":"manifest contract should be stable","duration":1.6108750000000782,"failureMessages":[],"meta":{}}],"startTime":1772697498609,"endTime":1772697498610.6108,"status":"passed","message":"","name":"/Users/user/nexusarchive/src/__tests__/self-verify/modules/component_common.test.ts"},{"assertionResults":[{"ancestorTitles":["self-verify: component.matching"],"fullName":"self-verify: component.matching manifest contract should be stable","status":"passed","title":"manifest contract should be stable","duration":0.7176249999999982,"failureMessages":[],"meta":{}}],"startTime":1772697499798,"endTime":1772697499798.7175,"status":"passed","message":"","name":"/Users/user/nexusarchive/src/__tests__/self-verify/modules/component_matching.test.ts"},{"assertionResults":[{"ancestorTitles":["self-verify: component.org"],"fullName":"self-verify: component.org manifest contract should be stable","status":"passed","title":"manifest contract should be stable","duration":1.565917000000013,"failureMessages":[],"meta":{}}],"startTime":1772697499832,"endTime":1772697499833.566,"status":"passed","message":"","name":"/Users/user/nexusarchive/src/__tests__/self-verify/modules/component_org.test.ts"},{"assertionResults":[{"ancestorTitles":["self-verify: component.pages"],"fullName":"self-verify: component.pages manifest contract should be stable","status":"passed","title":"manifest contract should be stable","duration":0.746208999999908,"failureMessages":[],"meta":{}}],"startTime":1772697501130,"endTime":1772697501130.746,"status":"passed","message":"","name":"/Users/user/nexusarchive/src/__tests__/self-verify/modules/component_pages.test.ts"},{"assertionResults":[{"ancestorTitles":["self-verify: component.panorama"],"fullName":"self-verify: component.panorama manifest contract should be stable","status":"passed","title":"manifest contract should be stable","duration":1.7883330000000797,"failureMessages":[],"meta":{}}],"startTime":1772697501212,"endTime":1772697501213.7883,"status":"passed","message":"","name":"/Users/user/nexusarchive/src/__tests__/self-verify/modules/component_panorama.test.ts"},{"assertionResults":[{"ancestorTitles":["self-verify: component.preview"],"fullName":"self-verify: component.preview manifest contract should be stable","status":"passed","title":"manifest contract should be stable","duration":0.7573330000000169,"failureMessages":[],"meta":{}}],"startTime":1772697499098,"endTime":1772697499098.7573,"status":"passed","message":"","name":"/Users/user/nexusarchive/src/__tests__/self-verify/modules/component_preview.test.ts"},{"assertionResults":[{"ancestorTitles":["self-verify: component.scan"],"fullName":"self-verify: component.scan manifest contract should be stable","status":"passed","title":"manifest contract should be stable","duration":1.8110419999999294,"failureMessages":[],"meta":{}}],"startTime":1772697499487,"endTime":1772697499488.811,"status":"passed","message":"","name":"/Users/user/nexusarchive/src/__tests__/self-verify/modules/component_scan.test.ts"},{"assertionResults":[{"ancestorTitles":["self-verify: component.settings"],"fullName":"self-verify: component.settings manifest contract should be stable","status":"passed","title":"manifest contract should be stable","duration":2.1802079999999933,"failureMessages":[],"meta":{}}],"startTime":1772697498763,"endTime":1772697498765.1802,"status":"passed","message":"","name":"/Users/user/nexusarchive/src/__tests__/self-verify/modules/component_settings.test.ts"},{"assertionResults":[{"ancestorTitles":["self-verify: component.voucher"],"fullName":"self-verify: component.voucher manifest contract should be stable",
[...]
hould prevent duplicate fonds mapping","duration":0.7035000000000764,"failureMessages":[],"meta":{}}],"startTime":1772697497246,"endTime":1772697497281.7036,"status":"passed","message":"","name":"/Users/user/nexusarchive/src/components/settings/integration/hooks/__tests__/useConnectorModal.test.ts"},{"assertionResults":[{"ancestorTitles":["useErpConfigManager","initial state"],"fullName":"useErpConfigManager initial state should have empty initial state","status":"passed","title":"should have empty initial state","duration":12.545875000000024,"failureMessages":[],"meta":{}},{"ancestorTitles":["useErpConfigManager","loadConfigs"],"fullName":"useErpConfigManager loadConfigs should load configs successfully","status":"passed","title":"should load configs successfully","duration":9.491457999999966,"failureMessages":[],"meta":{}},{"ancestorTitles":["useErpConfigManager","loadConfigs"],"fullName":"useErpConfigManager loadConfigs should handle loading state","status":"passed","title":"should handle loading state","duration":192.14891699999998,"failureMessages":[],"meta":{}},{"ancestorTitles":["useErpConfigManager","loadConfigs"],"fullName":"useErpConfigManager loadConfigs should handle API error","status":"passed","title":"should handle API error","duration":15.526500000000055,"failureMessages":[],"meta":{}},{"ancestorTitles":["useErpConfigManager","setActiveConfig"],"fullName":"useErpConfigManager setActiveConfig should set active config","status":"passed","title":"should set active config","duration":2.3274169999999685,"failureMessages":[],"meta":{}},{"ancestorTitles":["useErpConfigManager","setActiveConfig"],"fullName":"useErpConfigManager setActiveConfig should clear active config","status":"passed","title":"should clear active config","duration":0.6028330000000324,"failureMessages":[],"meta":{}},{"ancestorTitles":["useErpConfigManager","toggleTypeExpansion"],"fullName":"useErpConfigManager toggleTypeExpansion should expand collapsed type","status":"passed","title":"should expand collapsed type","duration":0.5902499999999691,"failureMessages":[],"meta":{}},{"ancestorTitles":["useErpConfigManager","toggleTypeExpansion"],"fullName":"useErpConfigManager toggleTypeExpansion should collapse expanded type","status":"passed","title":"should collapse expanded type","duration":0.476709000000028,"failureMessages":[],"meta":{}},{"ancestorTitles":["useErpConfigManager","createConfig"],"fullName":"useErpConfigManager createConfig should create new config","status":"passed","title":"should create new config","duration":3.1178750000000264,"failureMessages":[],"meta":{}},{"ancestorTitles":["useErpConfigManager","deleteConfig"],"fullName":"useErpConfigManager deleteConfig should delete config and refresh list","status":"passed","title":"should delete config and refresh list","duration":4.926750000000084,"failureMessages":[],"meta":{}},{"ancestorTitles":["useErpConfigManager","deleteConfig"],"fullName":"useErpConfigManager deleteConfig should handle delete error","status":"passed","title":"should handle delete error","duration":2.5640830000002097,"failureMessages":[],"meta":{}},{"ancestorTitles":["useErpConfigManager","deleteConfig"],"fullName":"useErpConfigManager deleteConfig should handle delete API error response","status":"passed","title":"should handle delete API error response","duration":3.191250000000082,"failureMessages":[],"meta":{}}],"startTime":1772697493299,"endTime":1772697493547.1912,"status":"passed","message":"","name":"/Users/user/nexusarchive/src/components/settings/integration/hooks/__tests__/useErpConfigManager.test.ts"},{"assertionResults":[{"ancestorTitles":["useIntegrationDiagnosis","initial state"],"fullName":"useIntegrationDiagnosis initial state should have correct initial state","status":"passed","title":"should have correct initial state","duration":6.5840409999999565,"failureMessages":[],"meta":{}},{"ancestorTitles":["useIntegrationDiagnosis","startDiagnosis"],"fullName":"useIntegrationDiagnosis startDiagnosis should start diagnosis and show success result","status":"passed","title":"should start diagnosis and show success result","duration":5.517416000000026,"failureMessages":[],"meta":{}},{"ancestorTitles":["useIntegrationDiagnosis","startDiagnosis"],"fullName":"useIntegrationDiagnosis startDiagnosis should handle loading state during diagnosis","status":"passed","title":"should handle loading state during diagnosis","duration":110.876125,"failureMessages":[],"meta":{}},{"ancestorTitles":["useIntegrationDiagnosis","startDiagnosis"],"fullName":"useIntegrationDiagnosis startDiagnosis should handle API error","status":"passed","title":"should handle API error","duration":3.4026660000000675,"failureMessages":[],"meta":{}},{"ancestorTitles":["useIntegrationDiagnosis","startDiagnosis"],"fullName":"useIntegrationDiagnosis startDiagnosis should handle non-200 response code","status":"passed","title":"should handle non-200 response code","duration":4.474334000000113,"failureMessages":[],"meta":{}},{"ancestorTitles":["useIntegrationDiagnosis","closeDiagnosis"],"fullName":"useIntegrationDiagnosis closeDiagnosis should close diagnosis modal and reset result","status":"passed","title":"should close diagnosis modal and reset result","duration":4.358249999999998,"failureMessages":[],"meta":{}},{"ancestorTitles":["useIntegrationDiagnosis","closeDiagnosis"],"fullName":"useIntegrationDiagnosis closeDiagnosis should be safe to call when no diagnosis is shown","status":"passed","title":"should be safe to call when no diagnosis is shown","duration":1.5237919999999576,"failureMessages":[],"meta":{}}],"startTime":1772697494278,"endTime":1772697494415.5237,"status":"passed","message":"","name":"/Users/user/nexusarchive/src/components/settings/integration/hooks/__tests__/useIntegrationDiagnosis.test.ts"},{"assertionResults":[{"ancestorTitles":["useParamsEditor"],"fullName":"useParamsEditor should have correct initial state","status":"passed","title":"should have correct initial state","duration":11.36241700000005,"failureMessages":[],"meta":{}},{"ancestorTitles":["useParamsEditor"],"fullName":"useParamsEditor should open editor and set showFor","status":"passed","title":"should open editor and set showFor","duration":7.491792000000032,"failureMessages":[],"meta":{}},{"ancestorTitles":["useParamsEditor"],"fullName":"useParamsEditor should close editor and clear state","status":"passed","title":"should close editor and clear state","duration":8.022542000000044,"failureMessages":[],"meta":{}},{"ancestorTitles":["useParamsEditor"],"fullName":"useParamsEditor should update form field","status":"passed","title":"should update form field","duration":1.4694579999999178,"failureMessages":[],"meta":{}},{"ancestorTitles":["useParamsEditor"],"fullName":"useParamsEditor should update multiple form fields","status":"passed","title":"should update multiple form fields","duration":1.0411250000000791,"failureMessages":[],"meta":{}},{"ancestorTitles":["useParamsEditor"],"fullName":"useParamsEditor should submit sync and call API","status":"passed","title":"should submit sync and call API","duration":1.5733750000000555,"failureMessages":[],"meta":{}},{"ancestorTitles":["useParamsEditor"],"fullName":"useParamsEditor should handle sync API error","status":"passed","title":"should handle sync API error","duration":7.098540999999955,"failureMessages":[],"meta":{}},{"ancestorTitles":["useParamsEditor"],"fullName":"useParamsEditor should reset form when opening editor for different scenario","status":"passed","title":"should reset form when opening editor for different scenario","duration":0.9066249999999627,"failureMessages":[],"meta":{}}],"startTime":1772697497078,"endTime":1772697497117.9067,"status":"passed","message":"","name":"/Users/user/nexusarchive/src/components/settings/integration/hooks/__tests__/useParamsEditor.test.ts"},{"assertionResults":[{"ancestorTitles":["useScenarioSyncManager"],"fullName":"useScenarioSyncManager should load scenarios for config","status":"passed","title":"should load scenarios for config","duration":14.91037499999993,"failureMessages":[],"meta":{}},{"ancestorTitles":["useScenarioSyncManager"],"fullName":"useScenarioSyncManager should load sub-interfaces","status":"passed","title":"should load sub-interfaces","duration":6.157916999999998,"failureMessages":[],"meta":{}},{"ancestorTitles":["useScenarioSyncManager"],"fullName":"useScenarioSyncManager should sync scenario","status":"passed","title":"should sync scenario","duration":7.818083999999999,"failureMessages":[],"meta":{}}],"startTime":1772697497829,"endTime":1772697497857.818,"status":"passed","message":"","name":"/Users/user/nexusarchive/src/components/settings/integration/hooks/__tests__/useScenarioSyncManager.test.ts"},{"assertionResults":[{"ancestorTitles":["ConnectionHealthBadge"],"fullName":"ConnectionHealthBadge should display healthy status","status":"passed","title":"should display healthy status","duration":27.660041999999976,"failureMessages":[],"meta":{}},{"ancestorTitles":["ConnectionHealthBadge"],"fullName":"ConnectionHealthBadge should display warning status","status":"passed","title":"should display warning status","duration":7.768249999999966,"failureMessages":[],"meta":{}},{"ancestorTitles":["ConnectionHealthBadge"],"fullName":"ConnectionHealthBadge should display error status","status":"passed","title":"should display error status","duration":1.6952499999999873,"failureMessages":[],"meta":{}},{"ancestorTitles":["ConnectionHealthBadge"],"fullName":"ConnectionHealthBadge should display last check time","status":"passed","title":"should display last check time","duration":1.2359579999999823,"failureMessages":[],"meta":{}}],"startTime":1772697495172,"endTime":1772697495210.2358,"status":"passed","message":"","name":"/Users/user/nexusarchive/src/components/settings/integration/components/__tests__/ConnectionHealthBadge.test.tsx"},{"assertionResults":[{"ancestorTitles":["ErpConfigCard"],"fullName":"ErpConfigCard should render connector name and status","status":"passed","title":"should render connector name and status","duration":95.0133330000001,"failureMessages":[],"meta":{}},{"ancestorTitles":["ErpConfigCard"],"fullName":"ErpConfigCard should render action bar with all buttons","status":"passed","title":"should render action bar with all buttons","duration":13.9050000000002,"failureMessages":[],"meta":{}},{"ancestorTitles":["ErpConfigCard"],"fullName":"ErpConfigCard should call onTest when clicking test button","status":"passed","title":"should call onTest when clicking test button","duration":35.15545799999995,"failureMessages":[],"meta":{}},{"ancestorTitles":["ErpConfigCard"],"fullName":"ErpConfigCard should call onDiagnose when clicking health check button","status":"passed","title":"should call onDiagnose when clicking health check button","duration":8.098375000000033,"failureMessages":[],"meta":{}},{"ancestorTitles":["ErpConfigCard"],"fullName":"ErpConfigCard should call onReconcile when clicking reconcile button","status":"passed","title":"should call onReconcile when clicking reconcile button","duration":14.319291999999905,"failureMessages":[],"meta":{}},{"ancestorTitles":["ErpConfigCard"],"fullName":"ErpConfigCard should call onConfig when clicking config center button","status":"passed","title":"should call onConfig when clicking config center button","duration":224.4392089999999,"failureMessages":[],"meta":{}},{"ancestorTitles":["ErpConfigCard","ErpConfigCard - Summary View"],"fullName":"ErpConfigCard ErpConfigCard - Summary View should show scenario summary instead of expand button","status":"passed","title":"should show scenario summary instead of expand button","duration":12.01150000000007,"failureMessages":[],"meta":{}},{"ancestorTitles":["ErpConfigCard","ErpConfigCard - Summary View"],"fullName":"ErpConfigCard ErpConfigCard - Summary View should call onViewDetails when details button clicked","status":"passed","title":"should call onViewDetails when details button clicked","duration":4.270375000000058,"failureMessages":[],"meta":{}},{"ancestorTitles":["ErpConfigCard","ErpConfigCard - Summary View"],"fullName":"ErpConfigCard ErpConfigCard - Summary View should display health badge when provided","status":"passed","title":"should display health badge when provided","duration":29.69749999999999,"failureMessages":[],"meta":{}}],"startTime":1772697490342,"endTime":1772697490779.6975,"status":"passed","message":"","name":"/Users/user/nexusarchive/src/components/settings/integration/components/__tests__/ErpConfigCard.test.tsx"},{"assertionResults":[{"ancestorTitles":["ErpConfigList"],"fullName":"ErpConfigList should render configs in grid layout","status":"passed","title":"should render configs in grid layout","duration":71.750583,"failureMessages":[],"meta":{}},{"ancestorTitles":["ErpConfigList"],"fullName":"ErpConfigList should use responsive grid classes","status":"passed","title":"should use responsive grid classes","duration":16.76204199999995,"failureMessages":[],"meta":{}},{"ancestorTitles":["ErpConfigList"],"fullName":"ErpConfigList should show empty state when no configs","status":"passed","title":"should show empty state when no configs","duration":1.5008329999999432,"failureMessages":[],"meta":{}},{"ancestorTitles":["ErpConfigList with running counts"],"fullName":"ErpConfigList with running counts should pass running counts to cards","status":"passed","title":"should pass running counts to cards","duration":3.1558330000000296,"failureMessages":[],"meta":{}}],"startTime":1772697495124,"endTime":1772697495217.1558,"status":"passed","message":"","name":"/Users/user/nexusarchive/src/components/settings/integration/components/__tests__/ErpConfigList.test.tsx"},{"assertionResults":[{"ancestorTitles":["IntegrationSettingsPage"],"fullName":"IntegrationSettingsPage should render page header and add button","status":"passed","title":"should render page header and add button","duration":30.80616699999996,"failureMessages":[],"meta":{}},{"ancestorTitles":["IntegrationSettingsPage"],"fullName":"IntegrationSettingsPage should render connector grid when configs exist","status":"passed","title":"should render connector grid when configs exist","duration":15.569750000000113,"failureMessages":[],"meta":{}},{"ancestorTitles":["IntegrationSettingsPage"],"fullName":"IntegrationSettingsPage should open ConnectorForm modal when clicking config center button","status":"passed","title":"should open ConnectorForm modal when clicking config center button","duration":60.81704100000002,"failureMessages":[],"meta":{}}],"startTime":1772697493936,"endTime":1772697494042.8171,"status":"passed","message":"","name":"/Users/user/nexusarchive/src/components/settings/integration/components/__tests__/IntegrationSettingsPage.test.tsx"},{"assertionResults":[{"ancestorTitles":["SapInterfaceConfigForm","ODATA interface type"],"fullName":"SapInterfaceConfigForm ODATA interface type should render OData configuration fields","status":"passed","title":"should render OData configuration fields","duration":38.360000000000014,"failureMessages":[],"meta":{}},{"ancestorTitles":["SapInterfaceConfigForm","ODATA interface type"],"fullName":"SapInterfaceConfigForm ODATA interface type should show \"即将推出\" alert for RFC interface type","status":"passed","title":"should show \"即将推出\" alert for RFC interface type","duration":9.63229100000001,"failureMessages":[],"meta":{}},{"ancestorTitles":["SapInterfaceConfigForm","ODATA interface type"],"fullName":"SapInterfaceConfigForm ODATA interface type should show \"即将推出\" alert for IDOC interface type","status":"passed","title":"should show \"即将推出\" alert for IDOC interface type","duration":1.4696249999999509,"failureMessages":[],"meta":{}},{"ancestorTitles":["SapInterfaceConfigForm","ODATA interface type"],"fullName":"SapInterfaceConfigForm ODATA interface type should show \"即将推出\" alert for GATEWAY interface type","status":"passed","title":"should show \"即将推出\" alert for GATEWAY interface type","duration":1.1196670000000495,"failureMessages":[],"meta":{}},{"ancestorTitles":["SapInterfaceConfigForm","ODATA interface type"],"fullName":"SapInterfaceConfigForm ODATA interface type should disable all fields when disabled prop is true","status":"passed","title":"should disable all fields when disabled prop is true","duration":123.65883300000007,"failureMessages":[],"meta":{}},{"ancestorTitles":["SapInterfaceConfigForm","ODATA interface type"],"fullName":"SapInterfaceConfigForm ODATA interface type should display help text for client number field","status":"passed","title":"should display help text for client number field","duration":4.041291000000001,"failureMessages":[],"meta":{}}],"startTime":1772697493311,"endTime":1772697493489.0413,"status":"passed","message":"","name":"/Users/user/nexusarchive/src/components/settings/integration/components/__tests__/SapInterfaceConfigForm.test.tsx"},{"assertionResults":[{"ancestorTitles":["ScenarioDrawer"],"fullName":"ScenarioDrawer should not render when visible is false","status":"passed","title":"should not render when visible is false","duration":37.22362499999997,"failureMessages":[],"meta":{}},{"ancestorTitles":["ScenarioDrawer"],"fullName":"ScenarioDrawer should render config name when visible","status":"passed","title":"should render config name when visible","duration":3.138249999999971,"failureMessages":[],"meta":{}},{"ancestorTitles":["ScenarioDrawer"],"fullName":"ScenarioDrawer should call onClose when close button clicked","status":"passed","title":"should call onClose when close button clicked","duration":13.071750000000065,"failureMessages":[],"meta":{}},{"ancestorTitles":["ScenarioDrawer"],"fullName":"ScenarioDrawer should render all scenarios","status":"passed","title":"should render all scenarios","duration":3.141666999999984,"failureMessages":[],"meta":{}},{"ancestorTitles":["ScenarioDrawer"],"fullName":"ScenarioDrawer should call onSync with scenarioId when sync button clicked","status":"passed","title":"should call onSync with scenarioId when sync button clicked","duration":4.928084000000013,"failureMessages":[],"meta":{}},{"ancestorTitles":["ScenarioDrawer"],"fullName":"ScenarioDrawer should render status badges for different states","status":"passed","title":"should render status badges for different states","duration":2.7485840000000508,"failureMessages":[],"meta":{}},{"ancestorTitles":["ScenarioDrawer"],"fullName":"ScenarioDrawer should disable sync button when status is running","status":"passed","title":"should disable sync button when status is running","duration":1.8013329999999996,"failureMessages":[],"meta":{}}],"startTime":1772697494766,"endTime":1772697494832.8013,"status":"passed","message":"","name":"/Users/user/nexusarchive/src/components/settings/integration/components/__tests__/ScenarioDrawer.test.tsx"},{"assertionResults":[{"ancestorTitles":["ScenarioSummaryCard"],"fullName":"ScenarioSummaryCard should display scenario count","status":"passed","title":"should display scenario count","duration":31.67708300000004,"failureMessages":[],"meta":{}},{"ancestorTitles":["ScenarioSummaryCard"],"fullName":"ScenarioSummaryCard should display running count when > 0","status":"passed","title":"should display running count when > 0","duration":5.702374999999961,"failureMessages":[],"meta":{}},{"ancestorTitles":["ScenarioSummaryCard"],"fullName":"ScenarioSummaryCard should display error count when > 0","status":"passed","title":"should display error count when > 0","duration":4.245333000000073,"failureMessages":[],"meta":{}},{"ancestorTitles":["ScenarioSummaryCard"],"fullName":"ScenarioSummaryCard should display idle when no running or errors","status":"passed","title":"should display idle when no running or errors","duration":7.658292000000074,"failureMessages":[],"meta":{}}],"startTime":1772697496752,"endTime":1772697496801.6582,"status":"passed","message":"","name":"/Users/user/nexusarchive/src/components/settings/integration/components/__tests__/ScenarioSummaryCard.test.tsx"}]}