<?xml version="1.0" encoding="UTF-8"?>
<testsuite xmlns:xsi="http://www.w3.org/2001/XMLSchema-instance" xsi:noNamespaceSchemaLocation="https://maven.apache.org/surefire/maven-surefire-plugin/xsd/surefire-test-report-3.0.xsd" version="3.0" name="com.nexusarchive.controller.ArchiveControllerTest" time="8.365" tests="1" errors="0" skipped="0" failures="0">
  <properties>
[...]
</properties>
  <testcase name="testArchiveCrud" classname="com.nexusarchive.controller.ArchiveControllerTest" time="2.835">
    <system-out><![CDATA[20:57:36.888 [main] INFO org.springframework.test.context.support.AnnotationConfigContextLoaderUtils -- Could not detect default configuration classes for test class [com.nexusarchive.controller.ArchiveControllerTest]: ArchiveControllerTest does not declare any static, non-private, non-final, nested classes annotated with @Configuration.
20:57:37.082 [main] INFO org.springframework.boot.test.context.SpringBootTestContextBootstrapper -- Found @SpringBootConfiguration com.nexusarchive.NexusArchiveApplication for test class com.nexusarchive.controller.ArchiveControllerTest

  .   ____          _            __ _ _
 /\\ / ___'_ __ _ _(_)_ __  __ _ \ \ \ \
( ( )\___ | '_ | '_| | '_ \/ _` | \ \ \ \
 \\/  ___)| |_)| | | | | || (_| |  ) ) ) )
  '  |____| .__|_| |_|_| |_\__, | / / / /
 =========|_|==============|___/=/_/_/_/
&amp#27;[32m :: Spring Boot :: &amp#27;[39m              &amp#27;[2m (v3.1.6)&amp#27;[0;39m

2025-11-21 20:57:37 [main] INFO  com.nexusarchive.controller.ArchiveControllerTest - Starting ArchiveControllerTest using Java 23.0.2 with PID 72212 (started by user in /Users/user/nexusarchive/nexusarchive-java)
2025-11-21 20:57:37 [main] DEBUG com.nexusarchive.controller.ArchiveControllerTest - Running with Spring Boot v3.1.6, Spring v6.0.14
2025-11-21 20:57:37 [main] INFO  com.nexusarchive.controller.ArchiveControllerTest - The following 1 profile is active: "dev"
Logging initialized using 'class org.apache.ibatis.logging.stdout.StdOutImpl' adapter.
2025-11-21 20:57:39 [main] DEBUG c.b.m.e.spring.MybatisSqlSessionFactoryBean - Registered plugin: 'MybatisPlusInterceptor{interceptors=[PaginationInnerInterceptor(logger=org.apache.ibatis.logging.slf4j.Slf4jImpl@566f1852, overflow=false, maxLimit=1000, dbType=POSTGRE_SQL, dialect=null, optimizeJoin=true)]}'
2025-11-21 20:57:39 [main] DEBUG c.b.m.e.spring.MybatisSqlSessionFactoryBean - Property 'mapperLocations' was not specified.
Get /192.168.2.241 network interface 
Get network interface info: name:en0 (en0)
Initialization Sequence datacenterId:1 workerId:7
 _ _   |_  _ _|_. ___ _ |    _ 
| | |\/|_)(_| | |_\  |_)||_|_\ 
     /               |         
                        3.5.7 
2025-11-21 20:57:40 [main] WARN  o.s.b.a.s.s.UserDetailsServiceAutoConfiguration - 

Using generated security password: 8c1bb835-f6ad-4652-ac18-ccc29f85e799

This generated password is for development use only. Your security configuration must be updated before running your application in production.

2025-11-21 20:57:41 [main] INFO  o.s.security.web.DefaultSecurityFilterChain - Will secure any request with [org.springframework.security.web.session.DisableEncodeUrlFilter@70b48eb3, org.springframework.security.web.context.request.async.WebAsyncManagerIntegrationFilter@7b8ea1db, org.springframework.security.web.context.SecurityContextHolderFilter@78d73b1b, org.springframework.security.web.header.HeaderWriterFilter@756808cc, org.springframework.security.web.authentication.logout.LogoutFilter@3f5dfe69, com.nexusarchive.config.JwtAuthenticationFilter@a91119b, org.springframework.security.web.savedrequest.RequestCacheAwareFilter@34edd065, org.springframework.security.web.servletapi.SecurityContextHolderAwareRequestFilter@44dfdd58, org.springframework.security.web.authentication.AnonymousAuthenticationFilter@77083e41, org.springframework.security.web.session.SessionManagementFilter@71d55b7e, org.springframework.security.web.access.ExceptionTranslationFilter@34a6d9db, org.springframework.security.web.access.intercept.AuthorizationFilter@3cb6e0ee]
2025-11-21 20:57:42 [main] INFO  o.s.b.test.mock.web.SpringBootMockServletContext - Initializing Spring TestDispatcherServlet ''
2025-11-21 20:57:42 [main] INFO  o.s.test.web.servlet.TestDispatcherServlet - Initializing Servlet ''
2025-11-21 20:57:42 [main] INFO  o.s.test.web.servlet.TestDispatcherServlet - Completed initialization in 1 ms
2025-11-21 20:57:42 [main] INFO  com.nexusarchive.controller.ArchiveControllerTest - Started ArchiveControllerTest in 4.812 seconds (process running for 6.304)
2025-11-21 20:57:42 [main] INFO  com.zaxxer.hikari.HikariDataSource - HikariPool-1 - Starting...
2025-11-21 20:57:42 [main] INFO  com.zaxxer.hikari.pool.HikariPool - HikariPool-1 - Added connection org.postgresql.jdbc.PgConnection@a2df0d5
2025-11-21 20:57:42 [main] INFO  com.zaxxer.hikari.HikariDataSource - HikariPool-1 - Start completed.
Creating a new SqlSession
Registering transaction synchronization for SqlSession [org.apache.ibatis.session.defaults.DefaultSqlSession@118e2487]
JDBC Connection [HikariProxyConnection@332149215 wrapping org.postgresql.jdbc.PgConnection@a2df0d5] will be managed by Spring
==>  Preparing: SELECT COUNT( * ) AS total FROM acc_archive WHERE deleted=0 AND (archive_code = ?)
==> Parameters: ARC_1763729863641(String)
<==    Columns: total
<==        Row: 0
<==      Total: 1
Releasing transactional SqlSession [org.apache.ibatis.session.defaults.DefaultSqlSession@118e2487]
Fetched SqlSession [org.apache.ibatis.session.defaults.DefaultSqlSession@118e2487] from current transaction
==>  Preparing: INSERT INTO acc_archive ( id, fonds_no, archive_code, category_code, title, fiscal_year, retention_period, org_name, status, created_by, created_at, updated_at ) VALUES ( ?, ?, ?, ?, ?, ?, ?, ?, ?, ?, ?, ? )
==> Parameters: 1ca64820046d4aceb05c812f12930881(String), F001(String), ARC_1763729863641(String), C001(String), Test Archive(String), 2023(String), 10Y(String), Test Org(String), draft(String), user_admin(String), 2025-11-21T20:57:43.999088(LocalDateTime), 2025-11-21T20:57:43.999109(LocalDateTime)
<==    Updates: 1
Releasing transactional SqlSession [org.apache.ibatis.session.defaults.DefaultSqlSession@118e2487]
Fetched SqlSession [org.apache.ibatis.session.defaults.DefaultSqlSession@118e2487] from current transaction
==>  Preparing: INSERT INTO sys_audit_log ( id, user_id, action, resource_type, resource_id, operation_result, risk_level, details, ip_address, created_at ) VALUES ( ?, ?, ?, ?, ?, ?, ?, ?, ?, ? )
==> Parameters: cc1eba09713940cb86fb59481b9677cf(String), user_admin(String), create(String), archive(String), 1ca64820046d4aceb05c812f12930881(String), success(String), low(String), 创建档案: Test Archive(String), 127.0.0.1(String), 2025-11-21T20:57:44.011562(LocalDateTime)
<==    Updates: 1
Releasing transactional SqlSession [org.apache.ibatis.session.defaults.DefaultSqlSession@118e2487]
Fetched SqlSession [org.apache.ibatis.session.defaults.DefaultSqlSession@118e2487] from current transaction
==>  Preparing: SELECT COUNT(*) AS total FROM acc_archive WHERE deleted = 0 AND ((title LIKE ? OR archive_code LIKE ? OR fonds_no LIKE ?))
==> Parameters: %ARC_1763729863641%(String), %ARC_1763729863641%(String), %ARC_1763729863641%(String)
<==    Columns: total
<==        Row: 1
<==      Total: 1
==>  Preparing: SELECT id,fonds_no,archive_code,category_code,title,fiscal_year,fiscal_period,retention_period,org_name,creator,status,standard_metadata,custom_metadata,security_level,location,department_id,created_by,created_at,updated_at,deleted FROM acc_archive WHERE deleted=0 AND ((title LIKE ? OR archive_code LIKE ? OR fonds_no LIKE ?)) ORDER BY created_at DESC LIMIT ?
==> Parameters: %ARC_1763729863641%(String), %ARC_1763729863641%(String), %ARC_1763729863641%(String), 10(Long)
<==    Columns: id, fonds_no, archive_code, category_code, title, fiscal_year, fiscal_period, retention_period, org_name, creator, status, standard_metadata, custom_metadata, security_level, location, department_id, created_by, created_at, updated_at, deleted
<==        Row: 1ca64820046d4aceb05c812f12930881, F001, ARC_1763729863641, C001, Test Archive, 2023, null, 10Y, Test Org, null, draft, null, null, internal, null, null, user_admin, 2025-11-21 20:57:43.999088, 2025-11-21 20:57:43.999109, 0
<==      Total: 1
Releasing transactional SqlSession [org.apache.ibatis.session.defaults.DefaultSqlSession@118e2487]
Fetched SqlSession [org.apache.ibatis.session.defaults.DefaultSqlSession@118e2487] from current transaction
==>  Preparing: SELECT id,fonds_no,archive_code,category_code,title,fiscal_year,fiscal_period,retention_period,org_name,creator,status,standard_metadata,custom_metadata,security_level,location,department_id,created_by,created_at,updated_at,deleted FROM acc_archive WHERE id=? AND deleted=0
==> Parameters: 1ca64820046d4aceb05c812f12930881(String)
<==    Columns: id, fonds_no, archive_code, category_code, title, fiscal_year, fiscal_period, retention_period, org_name, creator, status, standard_metadata, custom_metadata, security_level, location, department_id, created_by, created_at, updated_at, deleted
<==        Row: 1ca64820046d4aceb05c812f12930881, F001, ARC_1763729863641, C001, Test Archive, 2023, null, 10Y, Test Org, null, draft, null, null, internal, null, null, user_admin, 2025-11-21 20:57:43.999088, 2025-11-21 20:57:43.999109, 0
<==      Total: 1
Releasing transactional SqlSession [org.apache.ibatis.session.defaults.DefaultSqlSession@118e2487]
Fetched SqlSession [org.apache.ibatis.session.defaults.DefaultSqlSession@118e2487] from current transaction
==>  Preparing: UPDATE acc_archive SET fonds_no=?, archive_code=?, category_code=?, title=?, fiscal_year=?, retention_period=?, org_name=?, updated_at=? WHERE id=? AND deleted=0
==> Parameters: F001(String), ARC_1763729863641(String), C001(String), Updated Archive Title(String), 2023(String), 10Y(String), Test Org(String), 2025-11-21T20:57:44.849008(LocalDateTime), 1ca64820046d4aceb05c812f12930881(String)
<==    Updates: 1
Releasing transactional SqlSession [org.apache.ibatis.session.defaults.DefaultSqlSession@118e2487]
Fetched SqlSession [org.apache.ibatis.session.defaults.DefaultSqlSession@118e2487] from current transaction
==>  Preparing: INSERT INTO sys_audit_log ( id, user_id, action, resource_type, resource_id, operation_result, risk_level, details, ip_address, created_at ) VALUES ( ?, ?, ?, ?, ?, ?, ?, ?, ?, ? )
==> Parameters: d07888955d834982966cf20a5680727a(String), user_admin(String), update(String), archive(String), 1ca64820046d4aceb05c812f12930881(String), success(String), low(String), 更新档案: Updated Archive Title(String), 127.0.0.1(String), 2025-11-21T20:57:44.866704(LocalDateTime)
<==    Updates: 1
Releasing transactional SqlSession [org.apache.ibatis.session.defaults.DefaultSqlSession@118e2487]
Fetched SqlSession [org.apache.ibatis.session.defaults.DefaultSqlSession@118e2487] from current transaction
==>  Preparing: SELECT id,fonds_no,archive_code,category_code,title,fiscal_year,fiscal_period,retention_period,org_name,creator,status,standard_metadata,custom_metadata,security_level,location,department_id,created_by,created_at,updated_at,deleted FROM acc_archive WHERE id=? AND deleted=0
==> Parameters: 1ca64820046d4aceb05c812f12930881(String)
<==    Columns: id, fonds_no, archive_code, category_code, title, fiscal_year, fiscal_period, retention_period, org_name, creator, status, standard_metadata, custom_metadata, security_level, location, department_id, created_by, created_at, updated_at, deleted
<==        Row: 1ca64820046d4aceb05c812f12930881, F001, ARC_1763729863641, C001, Updated Archive Title, 2023, null, 10Y, Test Org, null, draft, null, null, internal, null, null, user_admin, 2025-11-21 20:57:43.999088, 2025-11-21 20:57:44.849008, 0
<==      Total: 1
Releasing transactional SqlSession [org.apache.ibatis.session.defaults.DefaultSqlSession@118e2487]
Fetched SqlSession [org.apache.ibatis.session.defaults.DefaultSqlSession@118e2487] from current transaction
Releasing transactional SqlSession [org.apache.ibatis.session.defaults.DefaultSqlSession@118e2487]
Fetched SqlSession [org.apache.ibatis.session.defaults.DefaultSqlSession@118e2487] from current transaction
==>  Preparing: UPDATE acc_archive SET updated_at=?, deleted=1 WHERE id=? AND deleted=0
==> Parameters: null, 1ca64820046d4aceb05c812f12930881(String)
<==    Updates: 1
Releasing transactional SqlSession [org.apache.ibatis.session.defaults.DefaultSqlSession@118e2487]
Fetched SqlSession [org.apache.ibatis.session.defaults.DefaultSqlSession@118e2487] from current transaction
==>  Preparing: INSERT INTO sys_audit_log ( id, user_id, action, resource_type, resource_id, operation_result, risk_level, details, ip_address, created_at ) VALUES ( ?, ?, ?, ?, ?, ?, ?, ?, ?, ? )
==> Parameters: 22a854bdb7bc4794a10cdb97585083d3(String), user_admin(String), delete(String), archive(String), 1ca64820046d4aceb05c812f12930881(String), success(String), low(String), 删除档案(String), 127.0.0.1(String), 2025-11-21T20:57:44.930309(LocalDateTime)
<==    Updates: 1
Releasing transactional SqlSession [org.apache.ibatis.session.defaults.DefaultSqlSession@118e2487]
Transaction synchronization deregistering SqlSession [org.apache.ibatis.session.defaults.DefaultSqlSession@118e2487]
Transaction synchronization closing SqlSession [org.apache.ibatis.session.defaults.DefaultSqlSession@118e2487]
]]></system-out>
    <system-err><![CDATA[WARNING: A Java agent has been loaded dynamically (/Users/user/.m2/repository/net/bytebuddy/byte-buddy-agent/1.14.10/byte-buddy-agent-1.14.10.jar)
WARNING: If a serviceability tool is in use, please run with -XX:+EnableDynamicAgentLoading to hide this warning
WARNING: If a serviceability tool is not in use, please run with -Djdk.instrument.traceUsage for more information
WARNING: Dynamic loading of agents will be disallowed by default in a future release
]]></system-err>
  </testcase>
</testsuite>