<?xml version="1.0" encoding="UTF-8"?>
<testsuite xmlns:xsi="http://www.w3.org/2001/XMLSchema-instance" xsi:noNamespaceSchemaLocation="https://maven.apache.org/surefire/maven-surefire-plugin/xsd/surefire-test-report-3.0.xsd" version="3.0" name="com.nexusarchive.controller.AdminRoleControllerTest" time="0.205" tests="1" errors="0" skipped="0" failures="0">
  <properties>
[...]
</properties>
  <testcase name="testRoleCrud" classname="com.nexusarchive.controller.AdminRoleControllerTest" time="0.193">
    <system-out><![CDATA[2025-11-21 20:57:45 [main] INFO  o.s.t.c.support.AnnotationConfigContextLoaderUtils - Could not detect default configuration classes for test class [com.nexusarchive.controller.AdminRoleControllerTest]: AdminRoleControllerTest does not declare any static, non-private, non-final, nested classes annotated with @Configuration.
2025-11-21 20:57:45 [main] INFO  o.s.b.t.context.SpringBootTestContextBootstrapper - Found @SpringBootConfiguration com.nexusarchive.NexusArchiveApplication for test class com.nexusarchive.controller.AdminRoleControllerTest
Creating a new SqlSession
SqlSession [org.apache.ibatis.session.defaults.DefaultSqlSession@2e38d44e] was not registered for synchronization because synchronization is not active
JDBC Connection [HikariProxyConnection@1814368830 wrapping org.postgresql.jdbc.PgConnection@a2df0d5] will not be managed by Spring
==>  Preparing: SELECT * FROM sys_user WHERE username = ? AND deleted = 0
==> Parameters: admin(String)
<==    Columns: id, username, password_hash, full_name, org_code, email, phone, avatar, department_id, status, last_login_at, employee_id, job_title, join_date, created_at, updated_at, deleted
<==        Row: user_admin, admin, $argon2id$v=19$m=65536,t=3,p=4$Dch5BurGd+L4xFZVcnPMJ74cTVhjaQhusm0dK8qh4Y8$bgFCbvH/nn3h0mFed7Wa4/5/ldP2NDtzmhjVp+XR9GYprNZFb24okLUlk5rzO2EO4WTgsersBvnbQzi24d3O3g, 系统管理员, null, null, null, null, null, active, 2025-11-21 20:57:45.607736, null, null, null, 2025-11-21 18:24:42.385218, 2025-11-21 18:24:42.385218, 0
<==      Total: 1
Closing non transactional SqlSession [org.apache.ibatis.session.defaults.DefaultSqlSession@2e38d44e]
Creating a new SqlSession
SqlSession [org.apache.ibatis.session.defaults.DefaultSqlSession@5f5c0eda] was not registered for synchronization because synchronization is not active
JDBC Connection [HikariProxyConnection@1583772475 wrapping org.postgresql.jdbc.PgConnection@a2df0d5] will not be managed by Spring
==>  Preparing: UPDATE sys_user SET username=?, password_hash=?, full_name=?, status=?, last_login_at=?, created_at=?, updated_at=? WHERE id=? AND deleted=0
==> Parameters: admin(String), $argon2id$v=19$m=65536,t=3,p=4$Dch5BurGd+L4xFZVcnPMJ74cTVhjaQhusm0dK8qh4Y8$bgFCbvH/nn3h0mFed7Wa4/5/ldP2NDtzmhjVp+XR9GYprNZFb24okLUlk5rzO2EO4WTgsersBvnbQzi24d3O3g(String), 系统管理员(String), active(String), 2025-11-21T20:57:45.921791(LocalDateTime), 2025-11-21T18:24:42.385218(LocalDateTime), 2025-11-21T18:24:42.385218(LocalDateTime), user_admin(String)
<==    Updates: 1
Closing non transactional SqlSession [org.apache.ibatis.session.defaults.DefaultSqlSession@5f5c0eda]
Creating a new SqlSession
SqlSession [org.apache.ibatis.session.defaults.DefaultSqlSession@72641613] was not registered for synchronization because synchronization is not active
JDBC Connection [HikariProxyConnection@1299311707 wrapping org.postgresql.jdbc.PgConnection@a2df0d5] will not be managed by Spring
==>  Preparing: SELECT * FROM sys_role WHERE code = ? AND deleted = 0
==> Parameters: role_test_1763729865928(String)
<==      Total: 0
Closing non transactional SqlSession [org.apache.ibatis.session.defaults.DefaultSqlSession@72641613]
Creating a new SqlSession
SqlSession [org.apache.ibatis.session.defaults.DefaultSqlSession@34d3bfca] was not registered for synchronization because synchronization is not active
JDBC Connection [HikariProxyConnection@695846639 wrapping org.postgresql.jdbc.PgConnection@a2df0d5] will not be managed by Spring
==>  Preparing: INSERT INTO sys_role ( id, name, code, role_category, is_exclusive, description, data_scope, type, created_at, updated_at ) VALUES ( ?, ?, ?, ?, ?, ?, ?, ?, ?, ? )
==> Parameters: 1991853542096400386(String), Test Role(String), role_test_1763729865928(String), BUSINESS_USER(String), false(Boolean), Test Description(String), self(String), custom(String), null, null
<==    Updates: 1
Closing non transactional SqlSession [org.apache.ibatis.session.defaults.DefaultSqlSession@34d3bfca]
Creating a new SqlSession
SqlSession [org.apache.ibatis.session.defaults.DefaultSqlSession@1b5623b4] was not registered for synchronization because synchronization is not active
JDBC Connection [HikariProxyConnection@147015217 wrapping org.postgresql.jdbc.PgConnection@a2df0d5] will not be managed by Spring
==>  Preparing: SELECT id,name,code,role_category,is_exclusive,description,permissions,data_scope,type,created_at,updated_at,deleted FROM sys_role WHERE id=? AND deleted=0
==> Parameters: 1991853542096400386(String)
<==    Columns: id, name, code, role_category, is_exclusive, description, permissions, data_scope, type, created_at, updated_at, deleted
<==        Row: 1991853542096400386, Test Role, role_test_1763729865928, BUSINESS_USER, f, Test Description, null, self, custom, null, null, 0
<==      Total: 1
Closing non transactional SqlSession [org.apache.ibatis.session.defaults.DefaultSqlSession@1b5623b4]
Creating a new SqlSession
SqlSession [org.apache.ibatis.session.defaults.DefaultSqlSession@ba27ce6] was not registered for synchronization because synchronization is not active
JDBC Connection [HikariProxyConnection@159168732 wrapping org.postgresql.jdbc.PgConnection@a2df0d5] will not be managed by Spring
==>  Preparing: SELECT id,name,code,role_category,is_exclusive,description,permissions,data_scope,type,created_at,updated_at,deleted FROM sys_role WHERE id=? AND deleted=0
==> Parameters: 1991853542096400386(String)
<==    Columns: id, name, code, role_category, is_exclusive, description, permissions, data_scope, type, created_at, updated_at, deleted
<==        Row: 1991853542096400386, Test Role, role_test_1763729865928, BUSINESS_USER, f, Test Description, null, self, custom, null, null, 0
<==      Total: 1
Closing non transactional SqlSession [org.apache.ibatis.session.defaults.DefaultSqlSession@ba27ce6]
Creating a new SqlSession
SqlSession [org.apache.ibatis.session.defaults.DefaultSqlSession@261b6c8c] was not registered for synchronization because synchronization is not active
JDBC Connection [HikariProxyConnection@768342053 wrapping org.postgresql.jdbc.PgConnection@a2df0d5] will not be managed by Spring
==>  Preparing: UPDATE sys_role SET name=?, code=?, role_category=?, is_exclusive=?, description=?, updated_at=? WHERE id=? AND deleted=0
==> Parameters: Updated Role Name(String), role_test_1763729865928(String), BUSINESS_USER(String), false(Boolean), Test Description(String), null, 1991853542096400386(String)
<==    Updates: 1
Closing non transactional SqlSession [org.apache.ibatis.session.defaults.DefaultSqlSession@261b6c8c]
Creating a new SqlSession
SqlSession [org.apache.ibatis.session.defaults.DefaultSqlSession@3aa63b53] was not registered for synchronization because synchronization is not active
JDBC Connection [HikariProxyConnection@393413334 wrapping org.postgresql.jdbc.PgConnection@a2df0d5] will not be managed by Spring
==>  Preparing: SELECT COUNT(*) AS total FROM sys_role WHERE deleted = 0
==> Parameters: 
<==    Columns: total
<==        Row: 5
<==      Total: 1
==>  Preparing: SELECT id,name,code,role_category,is_exclusive,description,permissions,data_scope,type,created_at,updated_at,deleted FROM sys_role WHERE deleted=0 ORDER BY created_at DESC LIMIT ?
==> Parameters: 10(Long)
<==    Columns: id, name, code, role_category, is_exclusive, description, permissions, data_scope, type, created_at, updated_at, deleted
<==        Row: 1991853542096400386, Updated Role Name, role_test_1763729865928, BUSINESS_USER, f, Test Description, null, self, custom, null, null, 0
<==        Row: role_system_admin, 系统管理员, SYSTEM_ADMIN, system_admin, t, 负责系统运维和配置管理, ["manage_org","manage_users","manage_roles","manage_settings"], all, system, 2025-11-21 18:24:42.384587, 2025-11-21 18:24:42.384587, 0
<==        Row: role_security_admin, 安全保密员, SECURITY_ADMIN, security_admin, t, 负责权限管理和密钥管理, ["manage_roles","manage_users"], all, system, 2025-11-21 18:24:42.384587, 2025-11-21 18:24:42.384587, 0
<==        Row: role_audit_admin, 安全审计员, AUDIT_ADMIN, audit_admin, t, 负责查看和审计系统日志, ["audit_logs","view_dashboard"], all, system, 2025-11-21 18:24:42.384587, 2025-11-21 18:24:42.384587, 0
<==        Row: role_archivist, 档案员, ARCHIVIST, business_user, f, 负责档案管理和归档, ["view_archives","manage_archives","borrow_archives"], dept, system, 2025-11-21 18:24:42.384587, 2025-11-21 18:24:42.384587, 0
<==      Total: 5
Closing non transactional SqlSession [org.apache.ibatis.session.defaults.DefaultSqlSession@3aa63b53]
Creating a new SqlSession
SqlSession [org.apache.ibatis.session.defaults.DefaultSqlSession@2af3b054] was not registered for synchronization because synchronization is not active
JDBC Connection [HikariProxyConnection@553937658 wrapping org.postgresql.jdbc.PgConnection@a2df0d5] will not be managed by Spring
==>  Preparing: SELECT id,name,code,role_category,is_exclusive,description,permissions,data_scope,type,created_at,updated_at,deleted FROM sys_role WHERE id=? AND deleted=0
==> Parameters: 1991853542096400386(String)
<==    Columns: id, name, code, role_category, is_exclusive, description, permissions, data_scope, type, created_at, updated_at, deleted
<==        Row: 1991853542096400386, Updated Role Name, role_test_1763729865928, BUSINESS_USER, f, Test Description, null, self, custom, null, null, 0
<==      Total: 1
Closing non transactional SqlSession [org.apache.ibatis.session.defaults.DefaultSqlSession@2af3b054]
Creating a new SqlSession
SqlSession [org.apache.ibatis.session.defaults.DefaultSqlSession@552fffc8] was not registered for synchronization because synchronization is not active
JDBC Connection [HikariProxyConnection@1522872841 wrapping org.postgresql.jdbc.PgConnection@a2df0d5] will not be managed by Spring
==>  Preparing: UPDATE sys_role SET updated_at=?, deleted=1 WHERE id=? AND deleted=0
==> Parameters: null, 1991853542096400386(String)
<==    Updates: 1
Closing non transactional SqlSession [org.apache.ibatis.session.defaults.DefaultSqlSession@552fffc8]
]]></system-out>
  </testcase>
</testsuite>