<?xml version="1.0" encoding="UTF-8"?>
<testsuite xmlns:xsi="http://www.w3.org/2001/XMLSchema-instance" xsi:noNamespaceSchemaLocation="https://maven.apache.org/surefire/maven-surefire-plugin/xsd/surefire-test-report-3.0.xsd" version="3.0" name="com.nexusarchive.controller.AdminUserControllerTest" time="0.301" tests="1" errors="0" skipped="0" failures="0">
  <properties>
[...]
</properties>
  <testcase name="testUserCrud" classname="com.nexusarchive.controller.AdminUserControllerTest" time="0.292">
    <system-out><![CDATA[2025-11-21 20:57:45 [main] INFO  o.s.t.c.support.AnnotationConfigContextLoaderUtils - Could not detect default configuration classes for test class [com.nexusarchive.controller.AdminUserControllerTest]: AdminUserControllerTest does not declare any static, non-private, non-final, nested classes annotated with @Configuration.
2025-11-21 20:57:45 [main] INFO  o.s.b.t.context.SpringBootTestContextBootstrapper - Found @SpringBootConfiguration com.nexusarchive.NexusArchiveApplication for test class com.nexusarchive.controller.AdminUserControllerTest
Creating a new SqlSession
SqlSession [org.apache.ibatis.session.defaults.DefaultSqlSession@6a013bdd] was not registered for synchronization because synchronization is not active
JDBC Connection [HikariProxyConnection@1577826863 wrapping org.postgresql.jdbc.PgConnection@a2df0d5] will not be managed by Spring
==>  Preparing: SELECT * FROM sys_user WHERE username = ? AND deleted = 0
==> Parameters: admin(String)
<==    Columns: id, username, password_hash, full_name, org_code, email, phone, avatar, department_id, status, last_login_at, employee_id, job_title, join_date, created_at, updated_at, deleted
<==        Row: user_admin, admin, $argon2id$v=19$m=65536,t=3,p=4$Dch5BurGd+L4xFZVcnPMJ74cTVhjaQhusm0dK8qh4Y8$bgFCbvH/nn3h0mFed7Wa4/5/ldP2NDtzmhjVp+XR9GYprNZFb24okLUlk5rzO2EO4WTgsersBvnbQzi24d3O3g, 系统管理员, null, null, null, null, null, active, 2025-11-21 20:57:45.437775, null, null, null, 2025-11-21 18:24:42.385218, 2025-11-21 18:24:42.385218, 0
<==      Total: 1
Closing non transactional SqlSession [org.apache.ibatis.session.defaults.DefaultSqlSession@6a013bdd]
Creating a new SqlSession
SqlSession [org.apache.ibatis.session.defaults.DefaultSqlSession@41d53813] was not registered for synchronization because synchronization is not active
JDBC Connection [HikariProxyConnection@1391532202 wrapping org.postgresql.jdbc.PgConnection@a2df0d5] will not be managed by Spring
==>  Preparing: UPDATE sys_user SET username=?, password_hash=?, full_name=?, status=?, last_login_at=?, created_at=?, updated_at=? WHERE id=? AND deleted=0
==> Parameters: admin(String), $argon2id$v=19$m=65536,t=3,p=4$Dch5BurGd+L4xFZVcnPMJ74cTVhjaQhusm0dK8qh4Y8$bgFCbvH/nn3h0mFed7Wa4/5/ldP2NDtzmhjVp+XR9GYprNZFb24okLUlk5rzO2EO4WTgsersBvnbQzi24d3O3g(String), 系统管理员(String), active(String), 2025-11-21T20:57:45.607736(LocalDateTime), 2025-11-21T18:24:42.385218(LocalDateTime), 2025-11-21T18:24:42.385218(LocalDateTime), user_admin(String)
<==    Updates: 1
Closing non transactional SqlSession [org.apache.ibatis.session.defaults.DefaultSqlSession@41d53813]
Creating a new SqlSession
Registering transaction synchronization for SqlSession [org.apache.ibatis.session.defaults.DefaultSqlSession@8dedec8]
JDBC Connection [HikariProxyConnection@666851147 wrapping org.postgresql.jdbc.PgConnection@a2df0d5] will be managed by Spring
==>  Preparing: SELECT * FROM sys_user WHERE username = ? AND deleted = 0
==> Parameters: testuser_1763729865613(String)
<==      Total: 0
Releasing transactional SqlSession [org.apache.ibatis.session.defaults.DefaultSqlSession@8dedec8]
Fetched SqlSession [org.apache.ibatis.session.defaults.DefaultSqlSession@8dedec8] from current transaction
==>  Preparing: SELECT role_category FROM sys_role WHERE id IN ( ? )
==> Parameters: role_system_admin(String)
<==    Columns: role_category
<==        Row: system_admin
<==      Total: 1
Releasing transactional SqlSession [org.apache.ibatis.session.defaults.DefaultSqlSession@8dedec8]
Fetched SqlSession [org.apache.ibatis.session.defaults.DefaultSqlSession@8dedec8] from current transaction
==>  Preparing: SELECT is_exclusive FROM sys_role WHERE role_category = ? LIMIT 1
==> Parameters: system_admin(String)
<==    Columns: is_exclusive
<==        Row: t
<==      Total: 1
Releasing transactional SqlSession [org.apache.ibatis.session.defaults.DefaultSqlSession@8dedec8]
Fetched SqlSession [org.apache.ibatis.session.defaults.DefaultSqlSession@8dedec8] from current transaction
==>  Preparing: INSERT INTO sys_user ( id, username, password_hash, full_name, status, created_at, updated_at ) VALUES ( ?, ?, ?, ?, ?, ?, ? )
==> Parameters: 8bd94eee5a4e46efbb2c522f3dd0a728(String), testuser_1763729865613(String), $argon2id$v=19$m=65536,t=3,p=4$BM6c3itaBBZTTiRQjYFpyoVIPSEYi4jNjhiXl7nb6zU$kaVWTW2cQ4NTIJMRX83mm20ZgtyicWs+NNFowlUcDix9DY711HPU6zobXx3X8pITzNqktlWwLT1oin1a+B+lYQ(String), Test User(String), active(String), 2025-11-21T20:57:45.739013(LocalDateTime), 2025-11-21T20:57:45.739038(LocalDateTime)
<==    Updates: 1
Releasing transactional SqlSession [org.apache.ibatis.session.defaults.DefaultSqlSession@8dedec8]
Fetched SqlSession [org.apache.ibatis.session.defaults.DefaultSqlSession@8dedec8] from current transaction
==>  Preparing: INSERT INTO sys_user_role (user_id, role_id) VALUES (?, ?)
==> Parameters: 8bd94eee5a4e46efbb2c522f3dd0a728(String), role_system_admin(String)
<==    Updates: 1
Releasing transactional SqlSession [org.apache.ibatis.session.defaults.DefaultSqlSession@8dedec8]
Fetched SqlSession [org.apache.ibatis.session.defaults.DefaultSqlSession@8dedec8] from current transaction
==>  Preparing: SELECT role_id FROM sys_user_role WHERE user_id = ?
==> Parameters: 8bd94eee5a4e46efbb2c522f3dd0a728(String)
<==    Columns: role_id
<==        Row: role_system_admin
<==      Total: 1
Releasing transactional SqlSession [org.apache.ibatis.session.defaults.DefaultSqlSession@8dedec8]
Transaction synchronization committing SqlSession [org.apache.ibatis.session.defaults.DefaultSqlSession@8dedec8]
Transaction synchronization deregistering SqlSession [org.apache.ibatis.session.defaults.DefaultSqlSession@8dedec8]
Transaction synchronization closing SqlSession [org.apache.ibatis.session.defaults.DefaultSqlSession@8dedec8]
Creating a new SqlSession
SqlSession [org.apache.ibatis.session.defaults.DefaultSqlSession@619854a3] was not registered for synchronization because synchronization is not active
JDBC Connection [HikariProxyConnection@1191123629 wrapping org.postgresql.jdbc.PgConnection@a2df0d5] will not be managed by Spring
==>  Preparing: SELECT * FROM sys_user WHERE deleted = 0
==> Parameters: 
<==    Columns: id, username, password_hash, full_name, org_code, email, phone, avatar, department_id, status, last_login_at, employee_id, job_title, join_date, created_at, updated_at, deleted
<==        Row: user_admin, admin, $argon2id$v=19$m=65536,t=3,p=4$Dch5BurGd+L4xFZVcnPMJ74cTVhjaQhusm0dK8qh4Y8$bgFCbvH/nn3h0mFed7Wa4/5/ldP2NDtzmhjVp+XR9GYprNZFb24okLUlk5rzO2EO4WTgsersBvnbQzi24d3O3g, 系统管理员, null, null, null, null, null, active, 2025-11-21 20:57:45.607736, null, null, null, 2025-11-21 18:24:42.385218, 2025-11-21 18:24:42.385218, 0
<==        Row: 8bd94eee5a4e46efbb2c522f3dd0a728, testuser_1763729865613, $argon2id$v=19$m=65536,t=3,p=4$BM6c3itaBBZTTiRQjYFpyoVIPSEYi4jNjhiXl7nb6zU$kaVWTW2cQ4NTIJMRX83mm20ZgtyicWs+NNFowlUcDix9DY711HPU6zobXx3X8pITzNqktlWwLT1oin1a+B+lYQ, Test User, null, null, null, null, null, active, null, null, null, null, 2025-11-21 20:57:45.739013, 2025-11-21 20:57:45.739038, 0
<==        Row: 8260b3dfd4644240af1287b3e42e2a6e, testuser_1763728761364, $argon2id$v=19$m=65536,t=3,p=4$CYi0GovUQd7CD6wVriVxLf5Eqi41anMQqLjqEwRDlfA$dInmGamaKyzDqCeWSLpP8XVBceJZdv0rK4sbHL3EIV2HFoU9lspyEyMErkw43SCVNn/PNn+A5GomYTbyaCPNzA, Test User, null, null, null, null, null, active, null, null, null, null, 2025-11-21 20:39:21.457255, 2025-11-21 20:39:21.508678, 0
<==        Row: 17dc369153e94352b5997c43b199d584, testuser_1763729618458, $argon2id$v=19$m=65536,t=3,p=4$ptqazG3lyowbUxHw1yRSBNtovo0yU3l15OGB3ZKckCs$malxYZH/NF+Fhklg/Y08q+C/QCKST+Q/s6bavUpn/joYitzfsd9MGpGt+vIf1VebyNZ2vI4a8hIYg61nH30UbA, Test User, null, null, null, null, null, active, null, null, null, null, 2025-11-21 20:53:38.568349, 2025-11-21 20:53:38.624806, 0
<==        Row: 7b8c3f4627814223a87adc36e05cf855, testuser_1763729664410, $argon2id$v=19$m=65536,t=3,p=4$NRz5CKcU9H5Ebz7XEgA+fEqnoYn633FjbpSiFnLwWwg$LCbgmMqABacU9+jHLjprcOCG/6IfcjykidiBW9jDblfNznr9zwF6n1/M+8gRnnan6ysD5p2cyKQk0AomoHsY3A, Test User, null, null, null, null, null, active, null, null, null, null, 2025-11-21 20:54:24.664197, 2025-11-21 20:54:24.746863, 0
<==      Total: 5
Closing non transactional SqlSession [org.apache.ibatis.session.defaults.DefaultSqlSession@619854a3]
Creating a new SqlSession
SqlSession [org.apache.ibatis.session.defaults.DefaultSqlSession@4d4600fb] was not registered for synchronization because synchronization is not active
JDBC Connection [HikariProxyConnection@1934770572 wrapping org.postgresql.jdbc.PgConnection@a2df0d5] will not be managed by Spring
==>  Preparing: SELECT role_id FROM sys_user_role WHERE user_id = ?
==> Parameters: user_admin(String)
<==    Columns: role_id
<==        Row: role_system_admin
<==      Total: 1
Closing non transactional SqlSession [org.apache.ibatis.session.defaults.DefaultSqlSession@4d4600fb]
Creating a new SqlSession
SqlSession [org.apache.ibatis.session.defaults.DefaultSqlSession@60ba6631] was not registered for synchronization because synchronization is not active
JDBC Connection [HikariProxyConnection@1294553325 wrapping org.postgresql.jdbc.PgConnection@a2df0d5] will not be managed by Spring
==>  Preparing: SELECT role_id FROM sys_user_role WHERE user_id = ?
==> Parameters: 8bd94eee5a4e46efbb2c522f3dd0a728(String)
<==    Columns: role_id
<==        Row: role_system_admin
<==      Total: 1
Closing non transactional SqlSession [org.apache.ibatis.session.defaults.DefaultSqlSession@60ba6631]
Creating a new SqlSession
SqlSession [org.apache.ibatis.session.defaults.DefaultSqlSession@3095d06b] was not registered for synchronization because synchronization is not active
JDBC Connection [HikariProxyConnection@1370139092 wrapping org.postgresql.jdbc.PgConnection@a2df0d5] will not be managed by Spring
==>  Preparing: SELECT role_id FROM sys_user_role WHERE user_id = ?
==> Parameters: 8260b3dfd4644240af1287b3e42e2a6e(String)
<==    Columns: role_id
<==        Row: role_system_admin
<==      Total: 1
Closing non transactional SqlSession [org.apache.ibatis.session.defaults.DefaultSqlSession@3095d06b]
Creating a new SqlSession
SqlSession [org.apache.ibatis.session.defaults.DefaultSqlSession@6292c63e] was not registered for synchronization because synchronization is not active
JDBC Connection [HikariProxyConnection@1706773689 wrapping org.postgresql.jdbc.PgConnection@a2df0d5] will not be managed by Spring
==>  Preparing: SELECT role_id FROM sys_user_role WHERE user_id = ?
==> Parameters: 17dc369153e94352b5997c43b199d584(String)
<==    Columns: role_id
<==        Row: role_system_admin
<==      Total: 1
Closing non transactional SqlSession [org.apache.ibatis.session.defaults.DefaultSqlSession@6292c63e]
Creating a new SqlSession
SqlSession [org.apache.ibatis.session.defaults.DefaultSqlSession@7fd32c56] was not registered for synchronization because synchronization is not active
JDBC Connection [HikariProxyConnection@184854180 wrapping org.postgresql.jdbc.PgConnection@a2df0d5] will not be managed by Spring
==>  Preparing: SELECT role_id FROM sys_user_role WHERE user_id = ?
==> Parameters: 7b8c3f4627814223a87adc36e05cf855(String)
<==    Columns: role_id
<==        Row: role_system_admin
<==      Total: 1
Closing non transactional SqlSession [org.apache.ibatis.session.defaults.DefaultSqlSession@7fd32c56]
Creating a new SqlSession
Registering transaction synchronization for SqlSession [org.apache.ibatis.session.defaults.DefaultSqlSession@29d33f1]
JDBC Connection [HikariProxyConnection@1571447323 wrapping org.postgresql.jdbc.PgConnection@a2df0d5] will be managed by Spring
==>  Preparing: SELECT id,username,password_hash,full_name,org_code,email,phone,avatar,department_id,status,last_login_at,employee_id,job_title,join_date,created_at,updated_at,deleted FROM sys_user WHERE id=? AND deleted=0
==> Parameters: 8bd94eee5a4e46efbb2c522f3dd0a728(String)
<==    Columns: id, username, password_hash, full_name, org_code, email, phone, avatar, department_id, status, last_login_at, employee_id, job_title, join_date, created_at, updated_at, deleted
<==        Row: 8bd94eee5a4e46efbb2c522f3dd0a728, testuser_1763729865613, $argon2id$v=19$m=65536,t=3,p=4$BM6c3itaBBZTTiRQjYFpyoVIPSEYi4jNjhiXl7nb6zU$kaVWTW2cQ4NTIJMRX83mm20ZgtyicWs+NNFowlUcDix9DY711HPU6zobXx3X8pITzNqktlWwLT1oin1a+B+lYQ, Test User, null, null, null, null, null, active, null, null, null, null, 2025-11-21 20:57:45.739013, 2025-11-21 20:57:45.739038, 0
<==      Total: 1
Releasing transactional SqlSession [org.apache.ibatis.session.defaults.DefaultSqlSession@29d33f1]
Fetched SqlSession [org.apache.ibatis.session.defaults.DefaultSqlSession@29d33f1] from current transaction
==>  Preparing: SELECT role_category FROM sys_role WHERE id IN ( ? )
==> Parameters: role_system_admin(String)
<==    Columns: role_category
<==        Row: system_admin
<==      Total: 1
Releasing transactional SqlSession [org.apache.ibatis.session.defaults.DefaultSqlSession@29d33f1]
Fetched SqlSession [org.apache.ibatis.session.defaults.DefaultSqlSession@29d33f1] from current transaction
==>  Preparing: SELECT is_exclusive FROM sys_role WHERE role_category = ? LIMIT 1
==> Parameters: system_admin(String)
<==    Columns: is_exclusive
<==        Row: t
<==      Total: 1
Releasing transactional SqlSession [org.apache.ibatis.session.defaults.DefaultSqlSession@29d33f1]
Fetched SqlSession [org.apache.ibatis.session.defaults.DefaultSqlSession@29d33f1] from current transaction
==>  Preparing: SELECT r.role_category FROM sys_role r INNER JOIN sys_user_role ur ON r.id = ur.role_id WHERE ur.user_id = ?
==> Parameters: 8bd94eee5a4e46efbb2c522f3dd0a728(String)
<==    Columns: role_category
<==        Row: system_admin
<==      Total: 1
Releasing transactional SqlSession [org.apache.ibatis.session.defaults.DefaultSqlSession@29d33f1]
Transaction synchronization deregistering SqlSession [org.apache.ibatis.session.defaults.DefaultSqlSession@29d33f1]
Transaction synchronization closing SqlSession [org.apache.ibatis.session.defaults.DefaultSqlSession@29d33f1]
Creating a new SqlSession
Registering transaction synchronization for SqlSession [org.apache.ibatis.session.defaults.DefaultSqlSession@8ce4320]
JDBC Connection [HikariProxyConnection@1012108898 wrapping org.postgresql.jdbc.PgConnection@a2df0d5] will be managed by Spring
==>  Preparing: SELECT id,username,password_hash,full_name,org_code,email,phone,avatar,department_id,status,last_login_at,employee_id,job_title,join_date,created_at,updated_at,deleted FROM sys_user WHERE id=? AND deleted=0
==> Parameters: 8bd94eee5a4e46efbb2c522f3dd0a728(String)
<==    Columns: id, username, password_hash, full_name, org_code, email, phone, avatar, department_id, status, last_login_at, employee_id, job_title, join_date, created_at, updated_at, deleted
<==        Row: 8bd94eee5a4e46efbb2c522f3dd0a728, testuser_1763729865613, $argon2id$v=19$m=65536,t=3,p=4$BM6c3itaBBZTTiRQjYFpyoVIPSEYi4jNjhiXl7nb6zU$kaVWTW2cQ4NTIJMRX83mm20ZgtyicWs+NNFowlUcDix9DY711HPU6zobXx3X8pITzNqktlWwLT1oin1a+B+lYQ, Test User, null, null, null, null, null, active, null, null, null, null, 2025-11-21 20:57:45.739013, 2025-11-21 20:57:45.739038, 0
<==      Total: 1
Releasing transactional SqlSession [org.apache.ibatis.session.defaults.DefaultSqlSession@8ce4320]
Fetched SqlSession [org.apache.ibatis.session.defaults.DefaultSqlSession@8ce4320] from current transaction
==>  Preparing: UPDATE sys_user SET username=?, password_hash=?, full_name=?, status=?, created_at=?, updated_at=? WHERE id=? AND deleted=0
==> Parameters: testuser_1763729865613(String), $argon2id$v=19$m=65536,t=3,p=4$BM6c3itaBBZTTiRQjYFpyoVIPSEYi4jNjhiXl7nb6zU$kaVWTW2cQ4NTIJMRX83mm20ZgtyicWs+NNFowlUcDix9DY711HPU6zobXx3X8pITzNqktlWwLT1oin1a+B+lYQ(String), Test User(String), active(String), 2025-11-21T20:57:45.739013(LocalDateTime), 2025-11-21T20:57:45.808151(LocalDateTime), 8bd94eee5a4e46efbb2c522f3dd0a728(String)
<==    Updates: 1
Releasing transactional SqlSession [org.apache.ibatis.session.defaults.DefaultSqlSession@8ce4320]
Transaction synchronization committing SqlSession [org.apache.ibatis.session.defaults.DefaultSqlSession@8ce4320]
Transaction synchronization deregistering SqlSession [org.apache.ibatis.session.defaults.DefaultSqlSession@8ce4320]
Transaction synchronization closing SqlSession [org.apache.ibatis.session.defaults.DefaultSqlSession@8ce4320]
]]></system-out>
  </testcase>
</testsuite>