{"numTotalTestSuites":327,"numPassedTestSuites":327,"numFailedTestSuites":0,"numPendingTestSuites":0,"numTotalTests":646,"numPassedTests":646,"numFailedTests":0,"numPendingTests":0,"numTodoTests":0,"snapshot":{"added":0,"failure":false,"filesAdded":0,"filesRemoved":0,"filesRemovedList":[],"filesUnmatched":0,"filesUpdated":0,"matched":0,"total":0,"unchecked":0,"uncheckedKeysByFile":[],"unmatched":0,"updated":0,"didUpdate":false},"startTime":1772695974368,"success":true,"testResults":[{"assertionResults":[{"ancestorTitles":["PoolColumnsConfig","SimplifiedPreArchiveStatus"],"fullName":"PoolColumnsConfig SimplifiedPreArchiveStatus should have 6 core states","status":"passed","title":"should have 6 core states","duration":7.695707999999968,"failureMessages":[],"meta":{}},{"ancestorTitles":["PoolColumnsConfig","SimplifiedPreArchiveStatus"],"fullName":"PoolColumnsConfig SimplifiedPreArchiveStatus should have PENDING_CHECK state","status":"passed","title":"should have PENDING_CHECK state","duration":0.7958750000000236,"failureMessages":[],"meta":{}},{"ancestorTitles":["PoolColumnsConfig","SimplifiedPreArchiveStatus"],"fullName":"PoolColumnsConfig SimplifiedPreArchiveStatus should have NEEDS_ACTION state","status":"passed","title":"should have NEEDS_ACTION state","duration":0.2921250000000555,"failureMessages":[],"meta":{}},{"ancestorTitles":["PoolColumnsConfig","SimplifiedPreArchiveStatus"],"fullName":"PoolColumnsConfig SimplifiedPreArchiveStatus should have READY_TO_MATCH state","status":"passed","title":"should have READY_TO_MATCH state","duration":0.49387500000000273,"failureMessages":[],"meta":{}},{"ancestorTitles":["PoolColumnsConfig","SimplifiedPreArchiveStatus"],"fullName":"PoolColumnsConfig SimplifiedPreArchiveStatus should have READY_TO_ARCHIVE state","status":"passed","title":"should have READY_TO_ARCHIVE state","duration":0.13399999999990087,"failureMessages":[],"meta":{}},{"ancestorTitles":["PoolColumnsConfig","SimplifiedPreArchiveStatus"],"fullName":"PoolColumnsConfig SimplifiedPreArchiveStatus should have SUBMITTED state","status":"passed","title":"should have SUBMITTED state","duration":0.09237499999994725,"failureMessages":[],"meta":{}},{"ancestorTitles":["PoolColumnsConfig","SimplifiedPreArchiveStatus"],"fullName":"PoolColumnsConfig SimplifiedPreArchiveStatus should have COMPLETED state","status":"passed","title":"should have COMPLETED state","duration":1.9829169999999294,"failureMessages":[],"meta":{}},{"ancestorTitles":["PoolColumnsConfig","STATUS_CONFIG"],"fullName":"PoolColumnsConfig STATUS_CONFIG should have config for all 6 states","status":"passed","title":"should have config for all 6 states","duration":0.13304199999993216,"failureMessages":[],"meta":{}},{"ancestorTitles":["PoolColumnsConfig","STATUS_CONFIG"],"fullName":"PoolColumnsConfig STATUS_CONFIG should have color, icon, label, and description for each state","status":"passed","title":"should have color, icon, label, and description for each state","duration":0.7423749999999245,"failureMessages":[],"meta":{}},{"ancestorTitles":["PoolColumnsConfig","STATUS_CONFIG"],"fullName":"PoolColumnsConfig STATUS_CONFIG should have correct config for READY_TO_ARCHIVE","status":"passed","title":"should have correct config for READY_TO_ARCHIVE","duration":0.10595899999998437,"failureMessages":[],"meta":{}},{"ancestorTitles":["PoolColumnsConfig","DEFAULT_DASHBOARD_FILTER"],"fullName":"PoolColumnsConfig DEFAULT_DASHBOARD_FILTER should be set to READY_TO_ARCHIVE","status":"passed","title":"should be set to READY_TO_ARCHIVE","duration":0.03895799999997962,"failureMessages":[],"meta":{}},{"ancestorTitles":["PoolColumnsConfig","POOL_COLUMN_GROUPS"],"fullName":"PoolColumnsConfig POOL_COLUMN_GROUPS should have 5 column groups","status":"passed","title":"should have 5 column groups","duration":0.11600000000009913,"failureMessages":[],"meta":{}},{"ancestorTitles":["PoolColumnsConfig","POOL_COLUMN_GROUPS"],"fullName":"PoolColumnsConfig POOL_COLUMN_GROUPS should have correct group structure","status":"passed","title":"should have correct group structure","duration":0.07587499999999636,"failureMessages":[],"meta":{}},{"ancestorTitles":["PoolColumnsConfig","POOL_COLUMN_GROUPS"],"fullName":"PoolColumnsConfig POOL_COLUMN_GROUPS should have correct subStates for pending group","status":"passed","title":"should have correct subStates for pending group","duration":0.289792000000034,"failureMessages":[],"meta":{}},{"ancestorTitles":["PoolColumnsConfig","POOL_COLUMN_GROUPS"],"fullName":"PoolColumnsConfig POOL_COLUMN_GROUPS should have correct subStates for needs-action group","status":"passed","title":"should have correct subStates for needs-action group","duration":0.05895799999996143,"failureMessages":[],"meta":{}},{"ancestorTitles":["PoolColumnsConfig","POOL_COLUMN_GROUPS"],"fullName":"PoolColumnsConfig POOL_COLUMN_GROUPS should have correct subStates for ready-to-match group","status":"passed","title":"should have correct subStates for ready-to-match group","duration":0.22233400000004622,"failureMessages":[],"meta":{}},{"ancestorTitles":["PoolColumnsConfig","POOL_COLUMN_GROUPS"],"fullName":"PoolColumnsConfig POOL_COLUMN_GROUPS should have correct subStates for ready-to-archive group","status":"passed","title":"should have correct subStates for ready-to-archive group","duration":0.06445799999994506,"failureMessages":[],"meta":{}},{"ancestorTitles":["PoolColumnsConfig","POOL_COLUMN_GROUPS"],"fullName":"PoolColumnsConfig POOL_COLUMN_GROUPS should have correct subStates for completed group","status":"passed","title":"should have correct subStates for completed group","duration":0.04470800000001418,"failureMessages":[],"meta":{}},{"ancestorTitles":["PoolColumnsConfig","POOL_COLUMN_GROUPS"],"fullName":"PoolColumnsConfig POOL_COLUMN_GROUPS should have all 5 subStates distributed across 5 groups","status":"passed","title":"should have all 5 subStates distributed across 5 groups","duration":0.33729200000004766,"failureMessages":[],"meta":{}},{"ancestorTitles":["PoolColumnsConfig","getColumnByState"],"fullName":"PoolColumnsConfig getColumnByState should return correct column for PENDING_CHECK state","status":"passed","title":"should return correct column for PENDING_CHECK state","duration":0.0449589999999489,"failureMessages":[],"meta":{}},{"ancestorTitles":["PoolColumnsConfig","getColumnByState"],"fullName":"PoolColumnsConfig getColumnByState should return correct column for NEEDS_ACTION state","status":"passed","title":"should return correct column for NEEDS_ACTION state","duration":0.028208999999947082,"failureMessages":[],"meta":{}},{"ancestorTitles":["PoolColumnsConfig","getColumnByState"],"fullName":"PoolColumnsConfig getColumnByState should return correct column for READY_TO_MATCH state","status":"passed","title":"should return correct column for READY_TO_MATCH state","duration":0.026833000000010543,"failureMessages":[],"meta":{}},{"ancestorTitles":["PoolColumnsConfig","getColumnByState"],"fullName":"PoolColumnsConfig getColumnByState should return correct column for READY_TO_ARCHIVE state","status":"passed","title":"should return correct column for READY_TO_ARCHIVE state","duration":0.037415999999893756,"failureMessages":[],"meta":{}},{"ancestorTitles":["PoolColumnsConfig","getColumnByState"],"fullName":"PoolColumnsConfig getColumnByState should return correct column for COMPLETED state","status":"passed","title":"should return correct column for COMPLETED state","duration":0.0272499999999809,"failureMessages":[],"meta":{}},{"ancestorTitles":["PoolColumnsConfig","getColumnByState"],"fullName":"PoolColumnsConfig getColumnByState should return null for unknown state","status":"passed","title":"should return null for unknown state","duration":0.03375000000005457,"failureMessages":[],"meta":{}},{"ancestorTitles":["PoolColumnsConfig","getSubStateLabel"],"fullName":"PoolColumnsConfig getSubStateLabel should return correct label for PENDING_CHECK","status":"passed","title":"should return correct label for PENDING_CHECK","duration":0.03462500000000546,"failureMessages":[],"meta":{}},{"ancestorTitles":["PoolColumnsConfig","getSubStateLabel"],"fullName":"PoolColumnsConfig getSubStateLabel should return correct label for NEEDS_ACTION","status":"passed","title":"should return correct label for NEEDS_ACTION","duration":0.02549999999996544,"failureMessages":[],"meta":{}},{"ancestorTitles":["PoolColumnsConfig","getSubStateLabel"],"fullName":"PoolColumnsConfig getSubStateLabel should return correct label for READY_TO_MATCH","status":"passed","title":"should return correct label for READY_TO_MATCH","duration":0.024750000000040018,"failureMessages":[],"meta":{}},{"ancestorTitles":["PoolColumnsConfig","getSubStateLabel"],"fullName":"PoolColumnsConfig getSubStateLabel should return correct label for READY_TO_ARCHIVE","status":"passed","title":"should return correct label for READY_TO_ARCHIVE","duration":0.024707999999918684,"failureMessages":[],"meta":{}},{"ancestorTitles":["PoolColumnsConfig","getSubStateLabel"],"fullName":"PoolColumnsConfig getSubStateLabel should return correct label for COMPLETED","status":"passed","title":"should return correct label for COMPLETED","duration":0.02549999999996544,"failureMessages":[],"meta":{}},{"ancestorTitles":["PoolColumnsConfig","getSubStateLabel"],"fullName":"PoolColumnsConfig getSubStateLabel should return state name for unknown state","status":"passed","title":"should return state name for unknown state","duration":0.07366700000000037,"failureMessages":[],"meta":{}},{"ancestorTitles":["PoolColumnsConfig","getColumnStates"],"fullName":"PoolColumnsConfig getColumnStates should return correct states for pending column","status":"passed","title":"should return correct states for pending column","duration":0.053084000000012566,"failureMessages":[],"meta":{}},{"ancestorTitles":["PoolColumnsConfig","getColumnStates"],"fullName":"PoolColumnsConfig getColumnStates should return correct states for needs-action column","status":"passed","title":"should return correct states for needs-action column","duration":0.031708000000094216,"failureMessages":[],"meta":{}},{"ancestorTitles":["PoolColumnsConfig","getColumnStates"],"fullName":"PoolColumnsConfig getColumnStates should return correct states for ready-to-match column","status":"passed","title":"should return correct states for ready-to-match column","duration":0.029374999999959073,"failureMessages":[],"meta":{}},{"ancestorTitles":["PoolColumnsConfig","getColumnStates"],"fullName":"PoolColumnsConfig getColumnStates should return correct states for ready-to-archive column","status":"passed","title":"should return correct states for ready-to-archive column","duration":0.03045800000006693,"failureMessages":[],"meta":{}},{"ancestorTitles":["PoolColumnsConfig","getColumnStates"],"fullName":"PoolColumnsConfig getColumnStates should return correct states for completed column","status":"passed","title":"should return correct states for completed column","duration":0.03329099999996288,"failureMessages":[],"meta":{}},{"ancestorTitles":["PoolColumnsConfig","getColumnStates"],"fullName":"PoolColumnsConfig getColumnStates should return empty array for unknown column","status":"passed","title":"should return empty array for unknown column","duration":0.03254200000003493,"failureMessages":[],"meta":{}},{"ancestorTitles":["PoolColumnsConfig","Legacy Status Support","LEGACY_STATUS_MAP"],"fullName":"PoolColumnsConfig Legacy Status Support LEGACY_STATUS_MAP should map PENDING_CHECK correctly","status":"passed","title":"should map PENDING_CHECK correctly","duration":0.03200000000003911,"failureMessages":[],"meta":{}},{"ancestorTitles":["PoolColumnsConfig","Legacy Status Support","LEGACY_STATUS_MAP"],"fullName":"PoolColumnsConfig Legacy Status Support LEGACY_STATUS_MAP should map CHECK_FAILED to NEEDS_ACTION","status":"passed","title":"should map CHECK_FAILED to NEEDS_ACTION","duration":0.026000000000067303,"failureMessages":[],"meta":{}},{"ancestorTitles":["PoolColumnsConfig","Legacy Status Support","LEGACY_STATUS_MAP"],"fullName":"PoolColumnsConfig Legacy Status Support LEGACY_STATUS_MAP should map PENDING_ARCHIVE to READY_TO_ARCHIVE","status":"passed","title":"should map PENDING_ARCHIVE to READY_TO_ARCHIVE","duration":0.025583999999980733,"failureMessages":[],"meta":{}},{"ancestorTitles":["PoolColumnsConfig","Legacy Status Support","LEGACY_STATUS_MAP"],"fullName":"PoolColumnsConfig Legacy Status Support LEGACY_STATUS_MAP should map ARCHIVED to COMPLETED","status":"passed","title":"should map ARCHIVED to COMPLETED","duration":0.025250000000028194,"failureMessages":[],"meta":{}},{"ancestorTitles":["PoolColumnsConfig","Legacy Status Support","resolveStatus"],"fullName":"PoolColumnsConfig Legacy Status Support resolveStatus should preserve standard statuses","status":"passed","title":"should preserve standard statuses","duration":0.037624999999934516,"failureMessages":[],"meta":{}},{"ancestorTitles":["PoolColumnsConfig","Legacy Status Support","resolveStatus"],"fullName":"PoolColumnsConfig Legacy Status Support resolveStatus should resolve legacy status string correct","status":"passed","title":"should resolve legacy status string correct","duration":0.0262079999999969,"failureMessages":[],"meta":{}},{"ancestorTitles":["PoolColumnsConfig","Legacy Status Support","resolveStatus"],"fullName":"PoolColumnsConfig Legacy Status Support resolveStatus should resolve unknown status to NEEDS_ACTION (safe fallback)","status":"passed","title":"should resolve unknown status to NEEDS_ACTION (safe fallback)","duration":0.025999999999953616,"failureMessages":[],"meta":{}}],"startTime":1772695984090,"endTime":1772695984105.0737,"status":"passed","message":"","name":"/Users/user/nexusarchive/src/config/pool-columns.config.test.ts"},{"assertionResults":[{"ancestorTitles":["API Client Interceptors"],"fullName":"API Client Interceptors should normalize error message from backend Result format","status":"passed","title":"should normalize error message from backend Result format","duration":6.431958000000009,"failureMessages":[],"meta":{}},{"ancestorTitles":["API Client Interceptors"],"fullName":"API Client Interceptors should redirect to login on 401","status":"passed","title":"should redirect to login on 401","duration":0.7555409999999938,"failureMessages":[],"meta":{}}],"startTime":1772695983850,"endTime":1772695983856.7556,"status":"passed","message":"","name":"/Users/user/nexusarchive/src/__tests__/api/client.test.ts"},{"assertionResults":[{"ancestorTitles":["previewApi"],"fullName":"previewApi should parse watermark headers in stream preview","status":"passed","title":"should parse watermark headers in stream preview","duration":5.286624999999958,"failureMessages":[],"meta":{}},{"ancestorTitles":["previewApi"],"fullName":"previewApi should return presigned metadata","status":"passed","title":"should return presigned metadata","duration":1.9668750000000728,"failureMessages":[],"meta":{}}],"startTime":1772695984528,"endTime":1772695984534.9668,"status":"passed","message":"","name":"/Users/user/nexusarchive/src/__tests__/api/preview.test.ts"},{"assertionResults":[{"ancestorTitles":["BatchTable Import Debug"],"fullName":"BatchTable Import Debug should import BatchTable","status":"passed","title":"should import BatchTable","duration":195.21637500000008,"failureMessages":[],"meta":{}},{"ancestorTitles":["BatchTable Import Debug"],"fullName":"BatchTable Import Debug should import operations components","status":"passed","title":"should import operations components","duration":0.3003750000000309,"failureMessages":[],"meta":{}}],"startTime":1772695978309,"endTime":1772695978504.3003,"status":"passed","message":"","name":"/Users/user/nexusarchive/src/__tests__/debug/BatchTableImportDebug.test.tsx"},{"assertionResults":[{"ancestorTitles":["BatchTable Render Debug"],"fullName":"BatchTable Render Debug should import BatchTable successfully","status":"passed","title":"should import BatchTable successfully","duration":22.243083999999953,"failureMessages":[],"meta":{}},{"ancestorTitles":["BatchTable Render Debug"],"fullName":"BatchTable Render Debug should render BatchTable with minimal props","status":"passed","title":"should render BatchTable with minimal props","duration":39.31737499999997,"failureMessages":[],"meta":{}}],"startTime":1772695980994,"endTime":1772695981056.3174,"status":"passed","message":"","name":"/Users/user/nexusarchive/src/__tests__/debug/BatchTableRenderDebug.test.tsx"},{"assertionResults":[{"ancestorTitles":["antd 用法告警回归"],"fullName":"antd 用法告警回归 不再使用 Tabs.TabPane","status":"passed","title":"不再使用 Tabs.TabPane","duration":0.7411250000000109,"failureMessages":[],"meta":{}},{"ancestorTitles":["antd 用法告警回归"],"fullName":"antd 用法告警回归 Spin tip 不使用自闭合写法","status":"passed","title":"Spin tip 不使用自闭合写法","duration":1.604541999999924,"failureMessages":[],"meta":{}}],"startTime":1772695983776,"endTime":1772695983778.6045,"status":"passed","message":"","name":"/Users/user/nexusarchive/src/__tests__/components/AntdWarnings.test.ts"},{"assertionResults":[{"ancestorTitles":["ArchiveListView","渲染"],"fullName":"ArchiveListView 渲染 应显示标题","status":"passed","title":"应显示标题","duration":33.14666599999987,"failureMessages":[],"meta":{}},{"ancestorTitles":["ArchiveListView","渲染"],"fullName":"ArchiveListView 渲染 应显示副标题","status":"passed","title":"应显示副标题","duration":12.99104199999988,"failureMessages":[],"meta":{}},{"ancestorTitles":["ArchiveListView","数据加载"],"fullName":"ArchiveListView 数据加载 应调用 getArchives API","status":"passed","title":"应调用 getArchives API","duration":7.48983300000009,"failureMessages":[],"meta":{}},{"ancestorTitles":["ArchiveListView","数据加载"],"fullName":"ArchiveListView 数据加载 API 返回数据时应正确处理","status":"passed","title":"API 返回数据时应正确处理","duration":6.157959000000119,"failureMessages":[],"meta":{}},{"ancestorTitles":["ArchiveListView","空数据状态"],"fullName":"ArchiveListView 空数据状态 空数据时应正常渲染","status":"passed","title":"空数据时应正常渲染","duration":9.408374999999978,"failureMessages":[],"meta":{}},{"ancestorTitles":["ArchiveListView","路由配置模式"],"fullName":"ArchiveListView 路由配置模式 使用 routeConfig 时应正确解析配置","status":"passed","title":"使用 routeConfig 时应正确解析配置","duration":10.61087499999985,"failureMessages":[],"meta":{}},{"ancestorTitles":["ArchiveListView","路由配置模式"],"fullName":"ArchiveListView 路由配置模式 使用 pool 配置时应调用 poolApi","status":"passed","title":"使用 pool 配置时应调用 poolApi","duration":27.83379200000013,"failureMessages":[],"meta":{}},{"ancestorTitles":["ArchiveListView","加载状态"],"fullName":"ArchiveListView 加载状态 加载时应调用 API","status":"passed","title":"加载时应调用 API","duration":9.730625000000146,"failureMessages":[],"meta":{}},{"ancestorTitles":["ArchiveListView","错误处理"],"fullName":"ArchiveListView 错误处理 API 错误时应正确处理","status":"passed","title":"API 错误时应正确处理","duration":9.382375000000138,"failureMessages":[],"meta":{}}],"startTime":1772695980079,"endTime":1772695980206.3823,"status":"passed","message":"","name":"/Users/user/nexusarchive/src/__tests__/components/ArchiveListView.test.tsx"},{"assertionResults":[{"ancestorTitles":["LoginView","渲染"],"fullName":"LoginView 渲染 应显示登录表单标题","status":"passed","title":"应显示登录表单标题","duration":144.27974999999992,"failureMessages":[],"meta":{}},{"ancestorTitles":["LoginView","渲染"],"fullName":"LoginView 渲染 应包含用户名和密码输入框","status":"passed","title":"应包含用户名和密码输入框","duration":22.114708999999948,"failureMessages":[],"meta":{}},{"ancestorTitles":["LoginView","渲染"],"fullName":"LoginView 渲染 应显示登录按钮","status":"passed","title":"应显示登录按钮","duration":35.092332999999826,"failureMessages":[],"meta":{}},{"ancestorTitles":["LoginView","渲染"],"fullName":"LoginView 渲染 应显示访问产品官网按钮","status":"passed","title":"应显示访问产品官网按钮","duration":28.734750000000076,"failureMessages":[],"meta":{}},{"ancestorTitles":["LoginView","表单输入"],"fullName":"LoginView 表单输入 应能输入用户名和密码","status":"passed","title":"应能输入用户名和密码","duration":119.88008300000001,"failureMessages":[],"meta":{}},{"ancestorTitles":["LoginView","登录成功"],"fullName":"LoginView 登录成功 登录成功应调用 AuthStore.login 并导航","status":"passed","title":"登录成功应调用 AuthStore.login 并导航","duration":93.04541700000004,"failureMessages":[],"meta":{}},{"ancestorTitles":["LoginView","登录失败"],"fullName":"LoginView 登录失败 登录失败应显示错误信息","status":"passed","title":"登录失败应显示错误信息","duration":155.7277499999998,"failureMessages":[],"meta":{}},{"ancestorTitles":["LoginView","登录失败"],"fullName":"LoginView 登录失败 网络错误应显示网络错误提示","status":"passed","title":"网络错误应显示网络错误提示","duration":117.41220900000008,"failureMessages":[],"meta":{}},{"ancestorTitles":["LoginView","加载状态"],"fullName":"LoginView 加载状态 登录中应显示加载状态","status":"passed","title":"登录中应显示加载状态","duration":97.23587500000008,"failureMessages":[],"meta":{}},{"ancestorTitles":["LoginView","访问产品官网"],"fullName":"LoginView 访问产品官网 点击访问产品官网应导航到首页","status":"passed","title":"点击访问产品官网应导航到首页","duration":28.717999999999847,"failureMessages":[],"meta":{}},{"ancestorTitles":["LoginView","访问产品官网"],"fullName":"LoginView 访问产品官网 提供 onVisitLanding 回调时应调用回调","status":"passed","title":"提供 onVisitLanding 回调时应调用回调","duration":29.222291999999925,"failureMessages":[],"meta":{}}],"startTime":1772695975523,"endTime":1772695976395.2224,"status":"passed","message":"","name":"/Users/user/nexusarchive/src/__tests__/components/LoginView.test.tsx"},{"assertionResults":[{"ancestorTitles":["系统设置菜单路径"],"fullName":"系统设置菜单路径 用户权限应指向用户管理页面路径","status":"passed","title":"用户权限应指向用户管理页面路径","duration":2.029541999999992,"failureMessages":[],"meta":{}}],"startTime":1772695987653,"endTime":1772695987655.0295,"status":"passed","message":"","name":"/Users/user/nexusarchive/src/__tests__/components/SettingsNavigation.test.ts"},{"assertionResults":[{"ancestorTitles":["菜单可见性权限测试","管理员菜单可见性"],"fullName":"菜单可见性权限测试 管理员菜单可见性 管理员应该有 nav:all 权限","status":"passed","title":"管理员应该有 nav:all 权限","duration":11.797209000000066,"failureMessages":[],"meta":{}},{"ancestorTitles":["菜单可见性权限测试","管理员菜单可见性"],"fullName":"菜单可见性权限测试 管理员菜单可见性 管理员应该能看到设置菜单","status":"passed","title":"管理员应该能看到设置菜单","duration":0.7787909999999556,"failureMessages":[],"meta":{}},{"ancestorTitles":["菜单可见性权限测试","管理员菜单可见性"],"fullName":"菜单可见性权限测试 管理员菜单可见性 管理员应该能看到用户管理","status":"passed","title":"管理员应该能看到用户管理","duration":0.39679099999989376,"failureMessages":[],"meta":{}},{"ancestorTitles":["菜单可见性权限测试","管理员菜单可见性"],"fullName":"菜单可见性权限测试 管理员菜单可见性 管理员应该能看到角色管理","status":"passed","title":"管理员应该能看到角色管理","duration":0.5327500000000782,"failureMessages":[],"meta":{}},{"ancestorTitles":["菜单可见性权限测试","受限用户菜单可见性"],"fullName":"菜单可见性权限测试 受限用户菜单可见性 受限用户应该能看到审计日志相关功能","status":"passed","title":"受限用户应该能看到审计日志相关功能","duration":0.14237499999990177,"failureMessages":[],"meta":{}},{"ancestorTitles":["菜单可见性权限测试","受限用户菜单可见性"],"fullName":"菜单可见性权限测试 受限用户菜单可见性 受限用户不应该有 nav:all 权限","status":"passed","title":"受限用户不应该有 nav:all 权限","duration":0.30770800000004783,"failureMessages":[],"meta":{}},{"ancestorTitles":["菜单可见性权限测试","受限用户菜单可见性"],"fullName":"菜单可见性权限测试 受限用户菜单可见性 受限用户不应该能看到设置菜单","status":"passed","title":"受限用户不应该能看到设置菜单","duration":0.3613749999999527,"failureMessages":[],"meta":{}},{"ancestorTitles":["菜单可见性权限测试","受限用户菜单可见性"],"fullName":"菜单可见性权限测试 受限用户菜单可见性 受限用户不应该能看到用户管理","status":"passed","title":"受限用户不应该能看到用户管理","duration":0.18633299999999053,"failureMessages":[],"meta":{}},{"ancestorTitles":["菜单可见性权限测试","受限用户菜单可见性"],"fullName":"菜单可见性权限测试 受限用户菜单可见性 受限用户不应该能看到角色管理","status":"passed","title":"受限用户不应该能看到角色管理","duration":0.700292000000104,"failureMessages":[],"meta":{}},{"ancestorTitles":["菜单可见性权限测试","受限用户菜单可见性"],"fullName":"菜单可见性权限测试 受限用户菜单可见性 受限用户不应该能看到档案管理","status":"passed","title":"受限用户不应该能看到档案管理","duration":4.418542000000002,"failureMessages":[],"meta":{}},{"ancestorTitles":["菜单可见性权限测试","档案管理员菜单可见性"],"fullName":"菜单可见性权限测试 档案管理员菜单可见性 档案管理员应该能看到档案管理菜单","status":"passed","title":"档案管理员应该能看到档案管理菜单","duration":1.7364999999999782,"failureMessages":[],"meta":{}},{"ancestorTitles":["菜单可见性权限测试","档案管理员菜单可见性"],"fullName":"菜单可见性权限测试 档案管理员菜单可见性 档案管理员应该能看到收集菜单","status":"passed","title":"档案管理员应该能看到收集菜单","duration":0.32741599999997106,"failureMessages":[],"meta":{}},{"ancestorTitles":["菜单可见性权限测试","档案管理员菜单可见性"],"fullName":"菜单可见性权限测试 档案管理员菜单可见性 档案管理员不应该能看到设置菜单","status":"passed","title":"档案管理员不应该能看到设置菜单","duration":0.3504159999999956,"failureMessages":[],"meta":{}},{"ancestorTitles":["菜单可见性权限测试","档案管理员菜单可见性"],"fullName":"菜单可见性权限测试 档案管理员菜单可见性 档案管理员不应该能看到用户管理","status":"passed","title":"档案管理员不应该能看到用户管理","duration":0.261833999999908,"failureMessages":[],"meta":{}},{"ancestorTitles":["菜单可见性权限测试","未登录用户"],"fullName":"菜单可见性权限测试 未登录用户 未登录用户不应该有任何权限","status":"passed","title":"未登录用户不应该有任何权限","duration":0.23812499999996817,"failureMessages":[],"meta":{}},{"ancestorTitles":["路由守卫权限测试","受限用户路由访问"],"fullName":"路由守卫权限测试 受限用户路由访问 受限用户访问审计日志应该被允许","status":"passed","title":"受限用户访问审计日志应该被允许","duration":0.25699999999994816,"failureMessages":[],"meta":{}},{"ancestorTitles":["路由守卫权限测试","受限用户路由访问"],"fullName":"路由守卫权限测试 受限用户路由访问 受限用户访问用户管理应该被拒绝","status":"passed","title":"受限用户访问用户管理应该被拒绝","duration":0.1375829999999496,"failureMessages":[],"meta":{}},{"ancestorTitles":["路由守卫权限测试","受限用户路由访问"],"fullName":"路由守卫权限测试 受限用户路由访问 受限用户访问角色管理应该被拒绝","status":"passed","title":"受限用户访问角色管理应该被拒绝","duration":0.18620799999996507,"failureMessages":[],"meta":{}},{"ancestorTitles":["路由守卫权限测试","受限用户路由访问"],"fullName":"路由守卫权限测试 受限用户路由访问 受限用户访问系统设置应该被拒绝","status":"passed","title":"受限用户访问系统设置应该被拒绝","duration":0.14445899999998346,"failureMessages":[],"meta":{}},{"ancestorTitles":["路由守卫权限测试","未认证用户路由访问"],"fullName":"路由守卫权限测试 未认证用户路由访问 未认证用户访问任何受保护路由都应该被拒绝","status":"passed","title":"未认证用户访问任何受保护路由都应该被拒绝","duration":0.8112919999999804,"failureMessages":[],"meta":{}}],"startTime":1772695983314,"endTime":1772695983339.8113,"status":"passed","message":"","name":"/Users/user/nexusarchive/src/__tests__/permissions/MenuPermission.test.ts"},{"assertionResults":[{"ancestorTitles":["BatchTable Performance Tests","Small Dataset (10 records)"],"fullName":"BatchTable Performance Tests Small Dataset (10 records) should render 10 rows efficiently","status":"passed","title":"should render 10 rows efficiently","duration":61.31812500000001,"failureMessages":[],"meta":{}},{"ancestorTitles":["BatchTable Performance Tests","Small Dataset (10 records)"],"fullName":"BatchTable Performance Tests Small Dataset (10 records) should have proportional DOM nodes for small dataset","status":"passed","title":"should have proportional DOM nodes for small dataset","duration":13.290124999999989,"failureMessages":[],"meta":{}},{"ancestorTitles":["BatchTable Performance Tests","Medium Dataset (100 records)"],"fullName":"BatchTable Performance Tests Medium Dataset (100 records) should render 100 rows efficiently","status":"passed","title":"should render 100 rows efficiently","duration":9.498041000000057,"failureMessages":[],"meta":{}},{"ancestorTitles":["BatchTable Performance Tests","Medium Dataset (100 records)"],"fullName":"BatchTable Performance Tests Medium Dataset (100 records) should handle status filter change efficiently","status":"passed","title":"should handle status filter change efficiently","duration":19.802874999999858,"failureMessages":[],"meta":{}},{"ancestorTitles":["BatchTable Performance Tests","Medium Dataset (100 records)"],"fullName":"BatchTable Performance Tests Medium Dataset (100 records) should handle page change efficiently","status":"passed","title":"should handle page change efficiently","duration":11.165916000000152,"failureMessages":[],"meta":{}},{"ancestorTitles":["BatchTable Performance Tests","Large Dataset (1000 records)"],"fullName":"BatchTable Performance Tests Large Dataset (1000 records) should render 1000 rows efficiently (with pagination)","status":"passed","title":"should render 1000 rows efficiently (with pagination)","duration":18.895375000000058,"failureMessages":[],"meta":{}},{"ancestorTitles":["BatchTable Performance Tests","Large Dataset (1000 records)"],"fullName":"BatchTable Performance Tests Large Dataset (1000 records) should maintain reasonable DOM nodes with pagination","status":"passed","title":"should maintain reasonable DOM nodes with pagination","duration":18.96112499999981,"failureMessages":[],"meta":{}},{"ancestorTitles":["BatchTable Performance Tests","Large Dataset (1000 records)"],"fullName":"BatchTable Performance Tests Large Dataset (1000 records) should handle row selection efficiently","status":"passed","title":"should handle row selection efficiently","duration":20.226875000000064,"failureMessages":[],"meta":{}},{"ancestorTitles":["BatchTable Performance Tests","Extra Large Dataset (10000 records)"],"fullName":"BatchTable Performance Tests Extra Large Dataset (10000 records) should render 10000 rows efficiently (with pagination)","status":"passed","title":"should render 10000 rows efficiently (with pagination)","duration":144.12850000000003,"failureMessages":[],"meta":{}},{"ancestorTitles":["BatchTable Performance Tests","Extra Large Dataset (10000 records)"],"fullName":"BatchTable Performance Tests Extra Large Dataset (10000 records) should maintain constant DOM nodes regardless of dataset size","status":"passed","title":"should maintain constant DOM nodes regardless of dataset size","duration":154.81437499999993,"failureMessages":[],"meta":{}},{"ancestorTitles":["BatchTable Performance Tests","Extra Large Dataset (10000 records)"],"fullName":"BatchTable Performance Tests Extra Large Dataset (10000 records) should handle batch selection operations efficiently","status":"passed","title":"should handle batch selection operations efficiently","duration":154.55104200000005,"failureMessages":[],"meta":{}},{"ancestorTitles":["BatchTable Performance Tests","Stress Tests"],"fullName":"BatchTable Performance Tests Stress Tests should handle rapid re-renders without memory leaks","status":"passed","title":"should handle rapid re-renders without memory leaks","duration":33.10312500000009,"failureMessages":[],"meta":{}},{"ancestorTitles":["BatchTable Performance Tests","Stress Tests"],"fullName":"BatchTable Performance Tests Stress Tests should handle concurrent state changes efficiently","status":"passed","title":"should handle concurrent state changes efficiently","duration":29.424375000000055,"failureMessages":[],"meta":{}},{"ancestorTitles":["BatchTable Virtualization Validation"],"fullName":"BatchTable Virtualization Validation should only render visible rows when using pagination","status":"passed","title":"should only render visible rows when using pagination","duration":17.032333000000108,"failureMessages":[],"meta":{}},{"ancestorTitles":["BatchTable Virtualization Validation"],"fullName":"BatchTable Virtualization Validation should update visible rows on page change","status":"passed","title":"should update visible rows on page change","duration":20.416749999999865,"failureMessages":[],"meta":{}}],"startTime":1772695975411,"endTime":1772695976141.4167,"status":"passed","message":"","name":"/Users/user/nexusarchive/src/__tests__/performance/BatchTable.performance.test.tsx"},{"assertionResults":[{"ancestorTitles":["useAuthStore","登录管理"],"fullName":"useAuthStore 登录管理 登录后应正确设置用户状态","status":"passed","title":"登录后应正确设置用户状态","duration":0.9172499999999673,"failureMessages":[],"meta":{}},{"ancestorTitles":["useAuthStore","登录管理"],"fullName":"useAuthStore 登录管理 登出后应清除所有状态","status":"passed","title":"登出后应清除所有状态","duration":0.5172910000000002,"failureMessages":[],"meta":{}},{"ancestorTitles":["useAuthStore","登录管理"],"fullName":"useAuthStore 登录管理 初始状态应为未认证","status":"passed","title":"初始状态应为未认证","duration":0.4209170000000313,"failureMessages":[],"meta":{}},{"ancestorTitles":["useAuthStore","权限检查"],"fullName":"useAuthStore 权限检查 完全匹配权限应返回 true","status":"passed","title":"完全匹配权限应返回 true","duration":0.8979170000000067,"failureMessages":[],"meta":{}},{"ancestorTitles":["useAuthStore","权限检查"],"fullName":"useAuthStore 权限检查 通配符权限匹配应返回 true","status":"passed","title":"通配符权限匹配应返回 true","duration":0.36399999999991905,"failureMessages":[],"meta":{}},{"ancestorTitles":["useAuthStore","权限检查"],"fullName":"useAuthStore 权限检查 没有的权限应返回 false","status":"passed","title":"没有的权限应返回 false","duration":0.24270799999999326,"failureMessages":[],"meta":{}},{"ancestorTitles":["useAuthStore","权限检查"],"fullName":"useAuthStore 权限检查 hasAnyPermission 应正确工作","status":"passed","title":"hasAnyPermission 应正确工作","duration":0.4664589999999862,"failureMessages":[],"meta":{}},{"ancestorTitles":["useAuthStore","权限检查"],"fullName":"useAuthStore 权限检查 未登录时权限检查应返回 false","status":"passed","title":"未登录时权限检查应返回 false","duration":0.29262500000004366,"failureMessages":[],"meta":{}},{"ancestorTitles":["useAuthStore","角色检查"],"fullName":"useAuthStore 角色检查 hasRole 应正确匹配角色","status":"passed","title":"hasRole 应正确匹配角色","duration":0.8925830000000587,"failureMessages":[],"meta":{}},{"ancestorTitles":["useAuthStore","角色检查"],"fullName":"useAuthStore 角色检查 isSuperAdmin 应正确识别超级管理员","status":"passed","title":"isSuperAdmin 应正确识别超级管理员","duration":0.26720799999998235,"failureMessages":[],"meta":{}},{"ancestorTitles":["useAuthStore","角色检查"],"fullName":"useAuthStore 角色检查 非超级管理员 isSuperAdmin 应返回 false","status":"passed","title":"非超级管理员 isSuperAdmin 应返回 false","duration":0.2847909999999274,"failureMessages":[],"meta":{}},{"ancestorTitles":["useAuthStore","用户信息更新"],"fullName":"useAuthStore 用户信息更新 updateUser 应部分更新用户信息","status":"passed","title":"updateUser 应部分更新用户信息","duration":0.24858399999993708,"failureMessages":[],"meta":{}},{"ancestorTitles":["useAuthStore","用户信息更新"],"fullName":"useAuthStore 用户信息更新 updatePermissions 应更新权限列表","status":"passed","title":"updatePermissions 应更新权限列表","duration":0.8247920000000022,"failureMessages":[],"meta":{}},{"ancestorTitles":["useAuthStore","用户信息更新"],"fullName":"useAuthStore 用户信息更新 updatePermissions 不传 roles 时应保留原有角色","status":"passed","title":"updatePermissions 不传 roles 时应保留原有角色","duration":0.2856249999999818,"failureMessages":[],"meta":{}},{"ancestorTitles":["useAuthStore","用户信息更新"],"fullName":"useAuthStore 用户信息更新 未登录时 updateUser 应不执行任何操作","status":"passed","title":"未登录时 updateUser 应不执行任何操作","duration":0.18420799999989868,"failureMessages":[],"meta":{}},{"ancestorTitles":["useAuthStore","setCheckingAuth"],"fullName":"useAuthStore setCheckingAuth 应正确设置检查状态","status":"passed","title":"应正确设置检查状态","duration":0.2052080000000842,"failureMessages":[],"meta":{}}],"startTime":1772695983697,"endTime":1772695983706.2053,"status":"passed","message":"","name":"/Users/user/nexusarchive/src/__tests__/store/useAuthStore.test.ts"},{"assertionResults":[{"ancestorTitles":["KanbanCard","basic rendering"],"fullName":"KanbanCard basic rendering should render card information","status":"passed","title":"should render card information","duration":311.5835830000001,"failureMessages":[],"meta":{}},{"ancestorTitles":["KanbanCard","basic rendering"],"fullName":"KanbanCard basic rendering should show selected state","status":"passed","title":"should show selected state","duration":92.38679200000024,"failureMessages":[],"meta":{}},{"ancestorTitles":["KanbanCard","basic rendering"],"fullName":"KanbanCard basic rendering should hide amount when not available","status":"passed","title":"should hide amount when not available","duration":11.484750000000076,"failureMessages":[],"meta":{}},{"ancestorTitles":["KanbanCard","basic rendering"],"fullName":"KanbanCard basic rendering should render without summary","status":"passed","title":"should render without summary","duration":51.76399999999967,"failureMessages":[],"meta":{}},{"ancestorTitles":["KanbanCard","selection"],"fullName":"KanbanCard selection should call onSelect when selection area is clicked","status":"passed","title":"should call onSelect when selection area is clicked","duration":49.34937499999978,"failureMessages":[],"meta":{}},{"ancestorTitles":["KanbanCard","selection"],"fullName":"KanbanCard selection should show cancel button when selected","status":"passed","title":"should show cancel button when selected","duration":32.73062499999969,"failureMessages":[],"meta":{}},{"ancestorTitles":["KanbanCard","selection"],"fullName":"KanbanCard selection should call onSelect when cancel button is clicked","status":"passed","title":"should call onSelect when cancel button is clicked","duration":42.32116599999972,"failureMessages":[],"meta":{}},{"ancestorTitles":["KanbanCard","basic actions"],"fullName":"KanbanCard basic actions should render basic action buttons (view, edit, delete)","status":"passed","title":"should render basic action buttons (view, edit, delete)","duration":111.542958,"failureMessages":[],"meta":{}},{"ancestorTitles":["KanbanCard","basic actions"],"fullName":"KanbanCard basic actions should call onAction with view when view button is clicked","status":"passed","title":"should call onAction with view when view button is clicked","duration":66.7204999999999,"failureMessages":[],"meta":{}},{"ancestorTitles":["KanbanCard","basic actions"],"fullName":"KanbanCard basic actions should call onAction with edit when edit button is clicked","status":"passed","title":"should call onAction with edit when edit button is clicked","duration":57.57179099999985,"failureMessages":[],"meta":{}},{"ancestorTitles":["KanbanCard","basic actions"],"fullName":"KanbanCard basic actions should call onAction with delete when delete button is clicked","status":"passed","title":"should call onAction with delete when delete button is clicked","duration":30.725374999999985,"failureMessages":[],"meta":{}},{"ancestorTitles":["KanbanCard","column-level actions"],"fullName":"KanbanCard column-level actions should render column actions when columnActions prop is provided","status":"passed","title":"should render column actions when columnActions prop is provided","duration":77.61754199999996,"failureMessages":[],"meta":{}},{"ancestorTitles":["KanbanCard","column-level actions"],"fullName":"KanbanCard column-level actions should call onAction with column action key when column action button is clicked","status":"passed","title":"should call onAction with column action key when column action button is clicked","duration":82.39858300000014,"failureMessages":[],"meta":{}},{"ancestorTitles":["KanbanCard","column-level actions"],"fullName":"KanbanCard column-level actions should render danger column actions with danger prop","status":"passed","title":"should render danger column actions with danger prop","duration":42.117499999999836,"failureMessages":[],"meta":{}},{"ancestorTitles":["KanbanCard","column-level actions"],"fullName":"KanbanCard column-level actions should exclude delete action from columnActions (delete handled separately)","status":"passed","title":"should exclude delete action from columnActions (delete handled separately)","duration":166.18012500000032,"failureMessages":[],"meta":{}},{"ancestorTitles":["KanbanCard","column-level actions"],"fullName":"KanbanCard column-level actions should work without columnActions prop (backward compatibility)","status":"passed","title":"should work without columnActions prop (backward compatibility)","duration":86.70229199999994,"failureMessages":[],"meta":{}},{"ancestorTitles":["KanbanCard","conditional rendering"],"fullName":"KanbanCard conditional rendering should not render docDate when not provided","status":"passed","title":"should not render docDate when not provided","duration":9.214500000000044,"failureMessages":[],"meta":{}},{"ancestorTitles":["KanbanCard","conditional rendering"],"fullName":"KanbanCard conditional rendering should not render source when not provided","status":"passed","title":"should not render source when not provided","duration":12.47912499999984,"failureMessages":[],"meta":{}}],"startTime":1772695976669,"endTime":1772695978005.479,"status":"passed","message":"","name":"/Users/user/nexusarchive/src/components/pool-kanban/KanbanCard.test.tsx"},{"assertionResults":[{"ancestorTitles":["KanbanColumn"],"fullName":"KanbanColumn should render column header with title","status":"passed","title":"should render column header with title","duration":346.4093749999997,"failureMessages":[],"meta":{}},{"ancestorTitles":["KanbanColumn"],"fullName":"KanbanColumn should render sub-state tabs using Segmented","status":"passed","title":"should render sub-state tabs using Segmented","duration":29.627500000000055,"failureMessages":[],"meta":{}},{"ancestorTitles":["KanbanColumn"],"fullName":"KanbanColumn should show card count in tabs","status":"passed","title":"should show card count in tabs","duration":27.311125000000175,"failureMessages":[],"meta":{}},{"ancestorTitles":["KanbanColumn"],"fullName":"KanbanColumn should filter cards by selected sub-state","status":"passed","title":"should filter cards by selected sub-state","duration":36.60458299999982,"failureMessages":[],"meta":{}},{"ancestorTitles":["KanbanColumn"],"fullName":"KanbanColumn should switch sub-state when tab is clicked","status":"passed","title":"should switch sub-state when tab is clicked","duration":27.07962499999985,"failureMessages":[],"meta":{}},{"ancestorTitles":["KanbanColumn"],"fullName":"KanbanColumn should pass column actions to cards","status":"passed","title":"should pass column actions to cards","duration":40.32999999999993,"failureMessages":[],"meta":{}},{"ancestorTitles":["KanbanColumn"],"fullName":"KanbanColumn should display total badge count","status":"passed","title":"should display total badge count","duration":12.05883300000005,"failureMessages":[],"meta":{}},{"ancestorTitles":["KanbanColumn"],"fullName":"KanbanColumn should render empty state when no cards","status":"passed","title":"should render empty state when no cards","duration":6.981874999999945,"failureMessages":[],"meta":{}},{"ancestorTitles":["KanbanColumn"],"fullName":"KanbanColumn should handle card selection","status":"passed","title":"should handle card selection","duration":30.332042,"failureMessages":[],"meta":{}},{"ancestorTitles":["KanbanColumn"],"fullName":"KanbanColumn should handle card action","status":"passed","title":"should handle card action","duration":31.962582999999995,"failureMessages":[],"meta":{}}],"startTime":1772695976799,"endTime":1772695977387.9626,"status":"passed","message":"","name":"/Users/user/nexusarchive/src/components/pool-kanban/KanbanColumn.test.tsx"},{"assertionResults":[{"ancestorTitles":["useKanbanLayout","initial state"],"fullName":"useKanbanLayout initial state should start with minimum column width","status":"passed","title":"should start with minimum column width","duration":12.073125000000005,"failureMessages":[],"meta":{}},{"ancestorTitles":["useKanbanLayout","initial state"],"fullName":"useKanbanLayout initial state should start with no collapsed columns","status":"passed","title":"should start with no collapsed columns","duration":1.0205409999999802,"failureMessages":[],"meta":{}},{"ancestorTitles":["useKanbanLayout","initial state"],"fullName":"useKanbanLayout initial state should start with zero container width before resize","status":"passed","title":"should start with zero container width before resize","duration":1.1352080000000342,"failureMessages":[],"meta":{}},{"ancestorTitles":["useKanbanLayout","initial state"],"fullName":"useKanbanLayout initial state should not be overflowing initially","status":"passed","title":"should not be overflowing initially","duration":0.7682499999999663,"failureMessages":[],"meta":{}},{"ancestorTitles":["useKanbanLayout","column width calculation"],"fullName":"useKanbanLayout column width calculation should calculate column width based on container width","status":"passed","title":"should calculate column width based on container width","duration":11.344416000000024,"failureMessages":[],"meta":{}},{"ancestorTitles":["useKanbanLayout","column width calculation"],"fullName":"useKanbanLayout column width calculation should respect minimum column width","status":"passed","title":"should respect minimum column width","duration":0.8352090000000771,"failureMessages":[],"meta":{}},{"ancestorTitles":["useKanbanLayout","column width calculation"],"fullName":"useKanbanLayout column width calculation should respect maximum column width","status":"passed","title":"should respect maximum column width","duration":0.9774999999999636,"failureMessages":[],"meta":{}},{"ancestorTitles":["useKanbanLayout","column width calculation"],"fullName":"useKanbanLayout column width calculation should allow manual column width setting within bounds","status":"passed","title":"should allow manual column width setting within bounds","duration":0.5298750000000609,"failureMessages":[],"meta":{}},{"ancestorTitles":["useKanbanLayout","column width calculation"],"fullName":"useKanbanLayout column width calculation should clamp column width to minimum when set too low","status":"passed","title":"should clamp column width to minimum when set too low","duration":1.2355830000000196,"failureMessages":[],"meta":{}},{"ancestorTitles":["useKanbanLayout","column width calculation"],"fullName":"useKanbanLayout column width calculation should clamp column width to maximum when set too high","status":"passed","title":"should clamp column width to maximum when set too high","duration":0.5551250000000891,"failureMessages":[],"meta":{}},{"ancestorTitles":["useKanbanLayout","column width calculation"],"fullName":"useKanbanLayout column width calculation should recalculate width when requested","status":"passed","title":"should recalculate width when requested","duration":3.7558749999999463,"failureMessages":[],"meta":{}},{"ancestorTitles":["useKanbanLayout","empty column detection"],"fullName":"useKanbanLayout empty column detection should identify empty columns","status":"passed","title":"should identify empty columns","duration":1.0892499999999927,"failureMessages":[],"meta":{}},{"ancestorTitles":["useKanbanLayout","empty column detection"],"fullName":"useKanbanLayout empty column detection should return empty array when all columns have cards","status":"passed","title":"should return empty array when all columns have cards","duration":0.4087920000000622,"failureMessages":[],"meta":{}},{"ancestorTitles":["useKanbanLayout","empty column detection"],"fullName":"useKanbanLayout empty column detection should correctly check if column has cards","status":"passed","title":"should correctly check if column has cards","duration":0.43466700000010405,"failureMessages":[],"meta":{}},{"ancestorTitles":["useKanbanLayout","empty column detection"],"fullName":"useKanbanLayout empty column detection should handle missing column keys gracefully","status":"passed","title":"should handle missing column keys gracefully","duration":0.5177499999999782,"failureMessages":[],"meta":{}},{"ancestorTitles":["useKanbanLayout","collapse state management"],"fullName":"useKanbanLayout collapse state management should toggle column collapse state","status":"passed","title":"should toggle column collapse state","duration":0.6751659999999902,"failureMessages":[],"meta":{}},{"ancestorTitles":["useKanbanLayout","collapse state management"],"fullName":"useKanbanLayout collapse state management should maintain multiple collapsed columns","status":"passed","title":"should maintain multiple collapsed columns","duration":0.39495799999997416,"failureMessages":[],"meta":{}},{"ancestorTitles":["useKanbanLayout","collapse state management"],"fullName":"useKanbanLayout collapse state management should expand all columns","status":"passed","title":"should expand all columns","duration":0.42783299999996416,"failureMessages":[],"meta":{}},{"ancestorTitles":["useKanbanLayout","collapse state management"],"fullName":"useKanbanLayout collapse state management should collapse all empty columns","status":"passed","title":"should collapse all empty columns","duration":0.4020420000000513,"failureMessages":[],"meta":{}},{"ancestorTitles":["useKanbanLayout","overflow detection"],"fullName":"useKanbanLayout overflow detection should detect when content overflows container","status":"passed","title":"should detect when content overflows container","duration":4.054665999999997,"failureMessages":[],"meta":{}},{"ancestorTitles":["useKanbanLayout","overflow detection"],"fullName":"useKanbanLayout overflow detection should not overflow when container is wide enough","status":"passed","title":"should not overflow when container is wide enough","duration":7.417042000000038,"failureMessages":[],"meta":{}},{"ancestorTitles":["useKanbanLayout","overflow detection"],"fullName":"useKanbanLayout overflow detection should reduce overflow when columns are collapsed","status":"passed","title":"should reduce overflow when columns are collapsed","duration":6.435999999999922,"failureMessages":[],"meta":{}},{"ancestorTitles":["useKanbanLayout","helper functions"],"fullName":"useKanbanLayout helper functions should return correct visible column count","status":"passed","title":"should return correct visible column count","duration":2.463416999999936,"failureMessages":[],"meta":{}},{"ancestorTitles":["useKanbanLayout","helper functions"],"fullName":"useKanbanLayout helper functions should calculate total content width correctly","status":"passed","title":"should calculate total content width correctly","duration":9.468416999999931,"failureMessages":[],"meta":{}},{"ancestorTitles":["useKanbanLayout","helper functions"],"fullName":"useKanbanLayout helper functions should adjust total content width when columns are collapsed","status":"passed","title":"should adjust total content width when columns are collapsed","duration":0.5136670000000549,"failureMessages":[],"meta":{}},{"ancestorTitles":["useKanbanLayout","utility functions","calculateColumnCardCounts"],"fullName":"useKanbanLayout utility functions calculateColumnCardCounts should calculate card counts for each column","status":"passed","title":"should calculate card counts for each column","duration":0.15266599999995378,"failureMessages":[],"meta":{}},{"ancestorTitles":["useKanbanLayout","utility functions","calculateColumnCardCounts"],"fullName":"useKanbanLayout utility functions calculateColumnCardCounts should handle empty data","status":"passed","title":"should handle empty data","duration":0.09270900000001348,"failureMessages":[],"meta":{}},{"ancestorTitles":["useKanbanLayout","utility functions","areAllColumnsEmpty"],"fullName":"useKanbanLayout utility functions areAllColumnsEmpty should return true when all columns are empty","status":"passed","title":"should return true when all columns are empty","duration":0.07320799999990868,"failureMessages":[],"meta":{}},{"ancestorTitles":["useKanbanLayout","utility functions","areAllColumnsEmpty"],"fullName":"useKanbanLayout utility functions areAllColumnsEmpty should return false when at least one column has cards","status":"passed","title":"should return false when at least one column has cards","duration":0.05274999999994634,"failureMessages":[],"meta":{}},{"ancestorTitles":["useKanbanLayout","utility functions","areAllColumnsEmpty"],"fullName":"useKanbanLayout utility functions areAllColumnsEmpty should handle incomplete data","status":"passed","title":"should handle incomplete data","duration":0.05329200000005585,"failureMessages":[],"meta":{}},{"ancestorTitles":["useKanbanLayout","utility functions","getFirstNonEmptyColumnId"],"fullName":"useKanbanLayout utility functions getFirstNonEmptyColumnId should return first non-empty column ID","status":"passed","title":"should return first non-empty column ID","duration":0.0667079999999487,"failureMessages":[],"meta":{}},{"ancestorTitles":["useKanbanLayout","utility functions","getFirstNonEmptyColumnId"],"fullName":"useKanbanLayout utility functions getFirstNonEmptyColumnId should return first column ID when first column has cards","status":"passed","title":"should return first column ID when first column has cards","duration":0.053417000000081316,"failureMessages":[],"meta":{}},{"ancestorTitles":["useKanbanLayout","utility functions","getFirstNonEmptyColumnId"],"fullName":"useKanbanLayout utility functions getFirstNonEmptyColumnId should return null when all columns are empty","status":"passed","title":"should return null when all columns are empty","duration":0.059750000000008185,"failureMessages":[],"meta":{}},{"ancestorTitles":["useKanbanLayout","utility functions","getFirstNonEmptyColumnId"],"fullName":"useKanbanLayout utility functions getFirstNonEmptyColumnId should return null for empty data","status":"passed","title":"should return null for empty data","duration":0.04883299999994506,"failureMessages":[],"meta":{}},{"ancestorTitles":["useKanbanLayout","when disabled"],"fullName":"useKanbanLayout when disabled should not observe container when disabled","status":"passed","title":"should not observe container when disabled","duration":0.3582499999999982,"failureMessages":[],"meta":{}},{"ancestorTitles":["useKanbanLayout","when disabled"],"fullName":"useKanbanLayout when disabled should maintain minimum width when disabled","status":"passed","title":"should maintain minimum width when disabled","duration":0.32741699999996854,"failureMessages":[],"meta":{}},{"ancestorTitles":["useKanbanLayout","constants"],"fullName":"useKanbanLayout constants should export minimum column width constant","status":"passed","title":"should export minimum column width constant","duration":0.05887499999994361,"failureMessages":[],"meta":{}},{"ancestorTitles":["useKanbanLayout","constants"],"fullName":"useKanbanLayout constants should export maximum column width constant","status":"passed","title":"should export maximum column width constant","duration":0.0481249999999136,"failureMessages":[],"meta":{}},{"ancestorTitles":["useKanbanLayout","constants"],"fullName":"useKanbanLayout constants should export collapsed column width constant","status":"passed","title":"should export collapsed column width constant","duration":0.0491669999998976,"failureMessages":[],"meta":{}}],"startTime":1772695981806,"endTime":1772695981877.3274,"status":"passed","message":"","name":"/Users/user/nexusarchive/src/hooks/__tests__/useKanbanLayout.test.ts"},{"assertionResults":[{"ancestorTitles":["useMonitoring"],"fullName":"useMonitoring should have correct initial state","status":"passed","title":"should have correct initial state","duration":6.516957999999931,"failureMessages":[],"meta":{}},{"ancestorTitles":["useMonitoring"],"fullName":"useMonitoring should load monitoring data successfully","status":"passed","title":"should load monitoring data successfully","duration":1.9293329999999287,"failureMessages":[],"meta":{}},{"ancestorTitles":["useMonitoring"],"fullName":"useMonitoring should set loading to true during load","status":"passed","title":"should set loading to true during load","duration":186.27037500000006,"failureMessages":[],"meta":{}},{"ancestorTitles":["useMonitoring"],"fullName":"useMonitoring should handle load errors gracefully","status":"passed","title":"should handle load errors gracefully","duration":7.472541999999976,"failureMessages":[],"meta":{}},{"ancestorTitles":["useMonitoring"],"fullName":"useMonitoring should handle API failure response","status":"passed","title":"should handle API failure response","duration":1.654166000000032,"failureMessages":[],"meta":{}}],"startTime":1772695978480,"endTime":1772695978683.654,"status":"passed","message":"","name":"/Users/user/nexusarchive/src/hooks/__tests__/useMonitoring.test.ts"},{"assertionResults":[{"ancestorTitles":["usePermissionsQuery"],"fullName":"usePermissionsQuery should accept unwrapped permissions payloads and update store","status":"passed","title":"should accept unwrapped permissions payloads and update store","duration":76.02812499999993,"failureMessages":[],"meta":{}}],"startTime":1772695981386,"endTime":1772695981462.028,"status":"passed","message":"","name":"/Users/user/nexusarchive/src/hooks/__tests__/usePermissions.test.tsx"},{"assertionResults":[{"ancestorTitles":["usePoolBatchAction","initial state"],"fullName":"usePoolBatchAction initial state should start with empty selection","status":"passed","title":"should start with empty selection","duration":7.864458999999897,"failureMessages":[],"meta":{}},{"ancestorTitles":["usePoolBatchAction","initial state"],"fullName":"usePoolBatchAction initial state should start with not executing state","status":"passed","title":"should start with not executing state","duration":0.9781249999999773,"failureMessages":[],"meta":{}},{"ancestorTitles":["usePoolBatchAction","initial state"],"fullName":"usePoolBatchAction initial state should start with no result","status":"passed","title":"should start with no result","duration":1.0470000000000255,"failureMessages":[],"meta":{}},{"ancestorTitles":["usePoolBatchAction","selection management"],"fullName":"usePoolBatchAction selection management should add card to selection when toggled","status":"passed","title":"should add card to selection when toggled","duration":1.7851660000000038,"failureMessages":[],"meta":{}},{"ancestorTitles":["usePoolBatchAction","selection management"],"fullName":"usePoolBatchAction selection management should remove card from selection when toggled twice","status":"passed","title":"should remove card from selection when toggled twice","duration":1.1540830000000142,"failureMessages":[],"meta":{}},{"ancestorTitles":["usePoolBatchAction","selection management"],"fullName":"usePoolBatchAction selection management should select all cards when selectAll is called","status":"passed","title":"should select all cards when selectAll is called","duration":0.7995420000000877,"failureMessages":[],"meta":{}},{"ancestorTitles":["usePoolBatchAction","selection management"],"fullName":"usePoolBatchAction selection management should clear selection when clearSelection is called","status":"passed","title":"should clear selection when clearSelection is called","duration":0.5946249999999509,"failureMessages":[],"meta":{}},{"ancestorTitles":["usePoolBatchAction","selection management"],"fullName":"usePoolBatchAction selection management should get selected IDs as array","status":"passed","title":"should get selected IDs as array","duration":0.7067500000000564,"failureMessages":[],"meta":{}},{"ancestorTitles":["usePoolBatchAction","batch delete"],"fullName":"usePoolBatchAction batch delete should execute batch delete successfully","status":"passed","title":"should execute batch delete successfully","duration":1.8039590000000771,"failureMessages":[],"meta":{}},{"ancestorTitles":["usePoolBatchAction","batch delete"],"fullName":"usePoolBatchAction batch delete should handle partial failures in batch delete","status":"passed","title":"should handle partial failures in batch delete","duration":1.0702499999999873,"failureMessages":[],"meta":{}},{"ancestorTitles":["usePoolBatchAction","batch delete"],"fullName":"usePoolBatchAction batch delete should return empty selection error when no items selected","status":"passed","title":"should return empty selection error when no items selected","duration":2.5072910000000093,"failureMessages":[],"meta":{}},{"ancestorTitles":["usePoolBatchAction","batch archive"],"fullName":"usePoolBatchAction batch archive should execute batch archive successfully","status":"passed","title":"should execute batch archive successfully","duration":6.312290999999959,"failureMessages":[],"meta":{}},{"ancestorTitles":["usePoolBatchAction","batch archive"],"fullName":"usePoolBatchAction batch archive should handle archive API failure","status":"passed","title":"should handle archive API failure","duration":4.414834000000042,"failureMessages":[],"meta":{}},{"ancestorTitles":["usePoolBatchAction","non-API actions"],"fullName":"usePoolBatchAction non-API actions should handle recheck action","status":"passed","title":"should handle recheck action","duration":0.8062499999999773,"failureMessages":[],"meta":{}},{"ancestorTitles":["usePoolBatchAction","non-API actions"],"fullName":"usePoolBatchAction non-API actions should handle edit action","status":"passed","title":"should handle edit action","duration":0.727292000000034,"failureMessages":[],"meta":{}},{"ancestorTitles":["usePoolBatchAction","non-API actions"],"fullName":"usePoolBatchAction non-API actions should handle match action","status":"passed","title":"should handle match action","duration":0.9474579999999833,"failureMessages":[],"meta":{}},{"ancestorTitles":["usePoolBatchAction","execution state"],"fullName":"usePoolBatchAction execution state should set isExecuting during operation","status":"passed","title":"should set isExecuting during operation","duration":156.78587500000003,"failureMessages":[],"meta":{}},{"ancestorTitles":["usePoolBatchAction","result management"],"fullName":"usePoolBatchAction result management should store result after action","status":"passed","title":"should store result after action","duration":0.8078749999999673,"failureMessages":[],"meta":{}},{"ancestorTitles":["usePoolBatchAction","result management"],"fullName":"usePoolBatchAction result management should clear result when clearResult is called","status":"passed","title":"should clear result when clearResult is called","duration":2.427874999999972,"failureMessages":[],"meta":{}},{"ancestorTitles":["usePoolBatchAction","custom selected IDs"],"fullName":"usePoolBatchAction custom selected IDs should use provided IDs instead of current selection","status":"passed","title":"should use provided IDs instead of current selection","duration":0.9861250000000155,"failureMessages":[],"meta":{}},{"ancestorTitles":["usePoolBatchAction","selection persistence"],"fullName":"usePoolBatchAction selection persistence should maintain selection state after action","status":"passed","title":"should maintain selection state after action","duration":1.2240840000000617,"failureMessages":[],"meta":{}},{"ancestorTitles":["usePoolBatchAction","rapid toggle"],"fullName":"usePoolBatchAction rapid toggle should handle rapid toggle operations correctly","status":"passed","title":"should handle rapid toggle operations correctly","duration":0.4433329999999387,"failureMessages":[],"meta":{}}],"startTime":1772695979347,"endTime":1772695979543.4434,"status":"passed","message":"","name":"/Users/user/nexusarchive/src/hooks/__tests__/usePoolBatchAction.test.ts"},{"assertionResults":[{"ancestorTitles":["usePoolKanban"],"fullName":"usePoolKanban should initialize with loading state and columns","status":"passed","title":"should initialize with loading state and columns","duration":63.45483300000001,"failureMessages":[],"meta":{}},{"ancestorTitles":["usePoolKanban"],"fullName":"usePoolKanban should group cards by column and sub-state","status":"passed","title":"should group cards by column and sub-state","duration":64.30445799999984,"failureMessages":[],"meta":{}},{"ancestorTitles":["usePoolKanban"],"fullName":"usePoolKanban should return count for each sub-state","status":"passed","title":"should return count for each sub-state","duration":56.687541999999894,"failureMessages":[],"meta":{}},{"ancestorTitles":["usePoolKanban"],"fullName":"usePoolKanban should return total count for a column","status":"passed","title":"should return total count for a column","duration":73.97358299999996,"failureMessages":[],"meta":{}},{"ancestorTitles":["usePoolKanban"],"fullName":"usePoolKanban should refresh data when refetch is called","status":"passed","title":"should refresh data when refetch is called","duration":74.33445899999992,"failureMessages":[],"meta":{}},{"ancestorTitles":["usePoolKanban"],"fullName":"usePoolKanban should handle empty data gracefully","status":"passed","title":"should handle empty data gracefully","duration":66.50725000000011,"failureMessages":[],"meta":{}},{"ancestorTitles":["usePoolKanban"],"fullName":"usePoolKanban should handle API error","status":"passed","title":"should handle API error","duration":55.50445800000011,"failureMessages":[],"meta":{}},{"ancestorTitles":["usePoolKanban"],"fullName":"usePoolKanban should assign _columnId to each card based on status","status":"passed","title":"should assign _columnId to each card based on status","duration":55.99554199999989,"failureMessages":[],"meta":{}}],"startTime":1772695977229,"endTime":1772695977739.9956,"status":"passed","message":"","name":"/Users/user/nexusarchive/src/hooks/__tests__/usePoolKanban.test.tsx"},{"assertionResults":[{"ancestorTitles":["useReconciliation"],"fullName":"useReconciliation should have correct initial state","status":"passed","title":"should have correct initial state","duration":13.267624999999953,"failureMessages":[],"meta":{}},{"ancestorTitles":["useReconciliation"],"fullName":"useReconciliation should show reconciliation dialog with record","status":"passed","title":"should show reconciliation dialog with record","duration":2.638500000000022,"failureMessages":[],"meta":{}},{"ancestorTitles":["useReconciliation"],"fullName":"useReconciliation should close reconciliation dialog","status":"passed","title":"should close reconciliation dialog","duration":1.6517920000000004,"failureMessages":[],"meta":{}},{"ancestorTitles":["useReconciliation"],"fullName":"useReconciliation should handle multiple show/close cycles","status":"passed","title":"should handle multiple show/close cycles","duration":1.3116670000000568,"failureMessages":[],"meta":{}},{"ancestorTitles":["useReconciliation"],"fullName":"useReconciliation should maintain state consistency across operations","status":"passed","title":"should maintain state consistency across operations","duration":1.0746670000000904,"failureMessages":[],"meta":{}}],"startTime":1772695982605,"endTime":1772695982625.0747,"status":"passed","message":"","name":"/Users/user/nexusarchive/src/hooks/__tests__/useReconciliation.test.ts"},{"assertionResults":[{"ancestorTitles":["useDrawerStore"],"fullName":"useDrawerStore should initialize with default state","status":"passed","title":"should initialize with default state","duration":12.118832999999995,"failureMessages":[],"meta":{}},{"ancestorTitles":["useDrawerStore"],"fullName":"useDrawerStore should open drawer with archive ID","status":"passed","title":"should open drawer with archive ID","duration":15.83445800000004,"failureMessages":[],"meta":{}},{"ancestorTitles":["useDrawerStore"],"fullName":"useDrawerStore should close drawer and reset state","status":"passed","title":"should close drawer and reset state","duration":1.7222499999999172,"failureMessages":[],"meta":{}},{"ancestorTitles":["useDrawerStore"],"fullName":"useDrawerStore should set active tab","status":"passed","title":"should set active tab","duration":0.8647920000000795,"failureMessages":[],"meta":{}},{"ancestorTitles":["useDrawerStore"],"fullName":"useDrawerStore should toggle expanded mode","status":"passed","title":"should toggle expanded mode","duration":0.9291670000000067,"failureMessages":[],"meta":{}}],"startTime":1772695983013,"endTime":1772695983045.9292,"status":"passed","message":"","name":"/Users/user/nexusarchive/src/store/__tests__/useDrawerStore.test.ts"},{"assertionResults":[{"ancestorTitles":["menu routing integrity"],"fullName":"menu routing integrity 所有二级/三级叶子菜单应命中有效路由而非首页兜底","status":"passed","title":"所有二级/三级叶子菜单应命中有效路由而非首页兜底","duration":38.33812499999999,"failureMessages":[],"meta":{}}],"startTime":1772695983385,"endTime":1772695983423.3381,"status":"passed","message":"","name":"/Users/user/nexusarchive/src/routes/__tests__/menu-routing-integrity.test.ts"},{"assertionResults":[{"ancestorTitles":["routes paths mapping"],"fullName":"routes paths mapping 银行回单子菜单应映射到 BANK_RECEIPT 类型","status":"passed","title":"银行回单子菜单应映射到 BANK_RECEIPT 类型","duration":1.3152080000000979,"failureMessages":[],"meta":{}},{"ancestorTitles":["routes paths mapping"],"fullName":"routes paths mapping 批量上传子菜单应映射到 collection/upload","status":"passed","title":"批量上传子菜单应映射到 collection/upload","duration":0.1706659999999829,"failureMessages":[],"meta":{}},{"ancestorTitles":["routes paths mapping"],"fullName":"routes paths mapping 原始凭证三级菜单应映射到对应类型筛选","status":"passed","title":"原始凭证三级菜单应映射到对应类型筛选","duration":0.09658300000000963,"failureMessages":[],"meta":{}},{"ancestorTitles":["routes paths mapping"],"fullName":"routes paths mapping 单据池财政票类型码应为 INV_GOV","status":"passed","title":"单据池财政票类型码应为 INV_GOV","duration":0.22933399999999438,"failureMessages":[],"meta":{}}],"startTime":1772695984369,"endTime":1772695984371.2292,"status":"passed","message":"","name":"/Users/user/nexusarchive/src/routes/__tests__/paths.test.ts"},{"assertionResults":[{"ancestorTitles":["LegacyImportPage - API Integration Tests","API 可用性验证"],"fullName":"LegacyImportPage - API Integration Tests API 可用性验证 should have all required API methods","status":"passed","title":"should have all required API methods","duration":0.8830829999999423,"failureMessages":[],"meta":{}},{"ancestorTitles":["LegacyImportPage - API Integration Tests","API 可用性验证"],"fullName":"LegacyImportPage - API Integration Tests API 可用性验证 should have preview API method that is a function","status":"passed","title":"should have preview API method that is a function","duration":0.150916000000052,"failureMessages":[],"meta":{}},{"ancestorTitles":["LegacyImportPage - API Integration Tests","API 可用性验证"],"fullName":"LegacyImportPage - API Integration Tests API 可用性验证 should have import API method that is a function","status":"passed","title":"should have import API method that is a function","duration":0.05808300000001054,"failureMessages":[],"meta":{}},{"ancestorTitles":["LegacyImportPage - API Integration Tests","API 可用性验证"],"fullName":"LegacyImportPage - API Integration Tests API 可用性验证 should have getTasks API method that is a function","status":"passed","title":"should have getTasks API method that is a function","duration":0.32874999999989996,"failureMessages":[],"meta":{}},{"ancestorTitles":["LegacyImportPage - API Integration Tests","API 可用性验证"],"fullName":"LegacyImportPage - API Integration Tests API 可用性验证 should have downloadErrorReport API method that is a function","status":"passed","title":"should have downloadErrorReport API method that is a function","duration":0.07729199999994307,"failureMessages":[],"meta":{}},{"ancestorTitles":["LegacyImportPage - API Integration Tests","API 可用性验证"],"fullName":"LegacyImportPage - API Integration Tests API 可用性验证 should have downloadCsvTemplate API method that is a function","status":"passed","title":"should have downloadCsvTemplate API method that is a function","duration":0.10062500000003638,"failureMessages":[],"meta":{}},{"ancestorTitles":["LegacyImportPage - API Integration Tests","API 可用性验证"],"fullName":"LegacyImportPage - API Integration Tests API 可用性验证 should have downloadExcelTemplate API method that is a function","status":"passed","title":"should have downloadExcelTemplate API method that is a function","duration":0.03958399999999074,"failureMessages":[],"meta":{}},{"ancestorTitles":["LegacyImportPage - API Integration Tests","Notification Service Tests"],"fullName":"LegacyImportPage - API Integration Tests Notification Service Tests should have toast notification methods","status":"passed","title":"should have toast notification methods","duration":0.12520800000004328,"failureMessages":[],"meta":{}},{"ancestorTitles":["LegacyImportPage - API Integration Tests","API 模板下载功能测试"],"fullName":"LegacyImportPage - API Integration Tests API 模板下载功能测试 should handle CSV template download success","status":"passed","title":"should handle CSV template download success","duration":0.4706250000000409,"failureMessages":[],"meta":{}},{"ancestorTitles":["LegacyImportPage - API Integration Tests","API 模板下载功能测试"],"fullName":"LegacyImportPage - API Integration Tests API 模板下载功能测试 should handle Excel template download success","status":"passed","title":"should handle Excel template download success","duration":0.11441600000000562,"failureMessages":[],"meta":{}},{"ancestorTitles":["LegacyImportPage - API Integration Tests","API 模板下载功能测试"],"fullName":"LegacyImportPage - API Integration Tests API 模板下载功能测试 should handle CSV template download error","status":"passed","title":"should handle CSV template download error","duration":0.5966670000000249,"failureMessages":[],"meta":{}},{"ancestorTitles":["LegacyImportPage - API Integration Tests","API 导入历史功能测试"],"fullName":"LegacyImportPage - API Integration Tests API 导入历史功能测试 should fetch import tasks successfully","status":"passed","title":"should fetch import tasks successfully","duration":0.5225410000000466,"failureMessages":[],"meta":{}},{"ancestorTitles":["LegacyImportPage - API Integration Tests","API 导入历史功能测试"],"fullName":"LegacyImportPage - API Integration Tests API 导入历史功能测试 should handle fetch import tasks error","status":"passed","title":"should handle fetch import tasks error","duration":0.10079200000006949,"failureMessages":[],"meta":{}},{"ancestorTitles":["LegacyImportPage - API Integration Tests","API 导入预览功能测试"],"fullName":"LegacyImportPage - API Integration Tests API 导入预览功能测试 should preview import data successfully","status":"passed","title":"should preview import data successfully","duration":0.4804579999999987,"failureMessages":[],"meta":{}},{"ancestorTitles":["LegacyImportPage - API Integration Tests","API 导入预览功能测试"],"fullName":"LegacyImportPage - API Integration Tests API 导入预览功能测试 should handle preview error","status":"passed","title":"should handle preview error","duration":0.14095900000006623,"failureMessages":[],"meta":{}},{"ancestorTitles":["LegacyImportPage - API Integration Tests","API 导入执行功能测试"],"fullName":"LegacyImportPage - API Integration Tests API 导入执行功能测试 should execute import successfully","status":"passed","title":"should execute import successfully","duration":0.24787500000002183,"failureMessages":[],"meta":{}},{"ancestorTitles":["LegacyImportPage - API Integration Tests","API 导入执行功能测试"],"fullName":"LegacyImportPage - API Integration Tests API 导入执行功能测试 should handle import error","status":"passed","title":"should handle import error","duration":0.23016599999994014,"failureMessages":[],"meta":{}},{"ancestorTitles":["LegacyImportPage - API Integration Tests","API 错误报告下载功能测试"],"fullName":"LegacyImportPage - API Integration Tests API 错误报告下载功能测试 should download error report successfully","status":"passed","title":"should download error report successfully","duration":0.1290000000000191,"failureMessages":[],"meta":{}},{"ancestorTitles":["LegacyImportPage - API Integration Tests","API 错误报告下载功能测试"],"fullName":"LegacyImportPage - API Integration Tests API 错误报告下载功能测试 should handle error report download error","status":"passed","title":"should handle error report download error","duration":0.08116599999993923,"failureMessages":[],"meta":{}}],"startTime":1772695984736,"endTime":1772695984741.2302,"status":"passed","message":"","name":"/Users/user/nexusarchive/src/__tests__/pages/admin/LegacyImportPage.test.tsx"},{"assertionResults":[{"ancestorTitles":["relationDrilldown"],"fullName":"relationDrilldown 应按付款主线识别可用链路并标记缺口","status":"passed","title":"应按付款主线识别可用链路并标记缺口","duration":1.6905000000000427,"failureMessages":[],"meta":{}},{"ancestorTitles":["relationDrilldown"],"fullName":"relationDrilldown 应合并主线与手动展开节点用于打印范围","status":"passed","title":"应合并主线与手动展开节点用于打印范围","duration":0.18616599999995742,"failureMessages":[],"meta":{}},{"ancestorTitles":["relationDrilldown"],"fullName":"relationDrilldown 应按id或URL去重附件","status":"passed","title":"应按id或URL去重附件","duration":0.15770799999995688,"failureMessages":[],"meta":{}}],"startTime":1772695984661,"endTime":1772695984662.6904,"status":"passed","message":"","name":"/Users/user/nexusarchive/src/__tests__/pages/utilization/relationDrilldown.test.ts"},{"assertionResults":[{"ancestorTitles":["self-verify: component.archive"],"fullName":"self-verify: component.archive manifest contract should be stable","status":"passed","title":"manifest contract should be stable","duration":1.7411669999999049,"failureMessages":[],"meta":{}}],"startTime":1772695985281,"endTime":1772695985282.7412,"status":"passed","message":"","name":"/Users/user/nexusarchive/src/__tests__/self-verify/modules/component_archive.test.ts"},{"assertionResults":[{"ancestorTitles":["self-verify: component.auth"],"fullName":"self-verify: component.auth manifest contract should be stable","status":"passed","title":"manifest contract should be stable","duration":1.7674590000000308,"failureMessages":[],"meta":{}}],"startTime":1772695985169,"endTime":1772695985170.7676,"status":"passed","message":"","name":"/Users/user/nexusarchive/src/__tests__/self-verify/modules/component_auth.test.ts"},{"assertionResults":[{"ancestorTitles":["self-verify: component.common"],"fullName":"self-verify: component.common manifest contract should be stable","status":"passed","title":"manifest contract should be stable","duration":0.7627079999999751,"failureMessages":[],"meta":{}}],"startTime":1772695986331,"endTime":1772695986331.7627,"status":"passed","message":"","name":"/Users/user/nexusarchive/src/__tests__/self-verify/modules/component_common.test.ts"},{"assertionResults":[{"ancestorTitles":["self-verify: component.matching"],"fullName":"self-verify: component.matching manifest contract should be stable","status":"passed","title":"manifest contract should be stable","duration":0.7850419999999758,"failureMessages":[],"meta":{}}],"startTime":1772695987388,"endTime":1772695987388.7852,"status":"passed","message":"","name":"/Users/user/nexusarchive/src/__tests__/self-verify/modules/component_matching.test.ts"},{"assertionResults":[{"ancestorTitles":["self-verify: component.org"],"fullName":"self-verify: component.org manifest contract should be stable","status":"passed","title":"manifest contract should be stable","duration":1.1520830000000615,"failureMessages":[],"meta":{}}],"startTime":1772695985558,"endTime":1772695985559.152,"status":"passed","message":"","name":"/Users/user/nexusarchive/src/__tests__/self-verify/modules/component_org.test.ts"},{"assertionResults":[{"ancestorTitles":["self-verify: component.pages"],"fullName":"self-verify: component.pages manifest contract should be stable","status":"passed","title":"manifest contract should be stable","duration":1.9990000000000236,"failureMessages":[],"meta":{}}],"startTime":1772695985995,"endTime":1772695985996.999,"status":"passed","message":"","name":"/Users/user/nexusarchive/src/__tests__/self-verify/modules/component_pages.test.ts"},{"assertionResults":[{"ancestorTitles":["self-verify: component.panorama"],"fullName":"self-verify: component.panorama manifest contract should be stable","status":"passed","title":"manifest contract should be stable","duration":0.8256670000000668,"failureMessages":[],"meta":{}}],"startTime":1772695983703,"endTime":1772695983703.8257,"status":"passed","message":"","name":"/Users/user/nexusarchive/src/__tests__/self-verify/modules/component_panorama.test.ts"},{"assertionResults":[{"ancestorTitles":["self-verify: component.preview"],"fullName":"self-verify: component.preview manifest contract should be stable","status":"passed","title":"manifest contract should be stable","duration":0.7720000000000482,"failureMessages":[],"meta":{}}],"startTime":1772695987436,"endTime":1772695987436.772,"status":"passed","message":"","name":"/Users/user/nexusarchive/src/__tests__/self-verify/modules/component_preview.test.ts"},{"assertionResults":[{"ancestorTitles":["self-verify: component.scan"],"fullName":"self-verify: component.scan manifest contract should be stable","status":"passed","title":"manifest contract should be stable","duration":1.5945839999999407,"failureMessages":[],"meta":{}}],"startTime":1772695987374,"endTime":1772695987375.5945,"status":"passed","message":"","name":"/Users/user/nexusarchive/src/__tests__/self-verify/modules/component_scan.test.ts"},{"assertionResults":[{"ancestorTitles":["self-verify: component.settings"],"fullName":"self-verify: component.settings manifest contract should be stable","status":"passed","title":"manifest contract should be stable","duration":0.7622079999999869,"failureMessages":[],"meta":{}}],"startTime":1772695986511,"endTime":1772695986511.7622,"status":"passed","message":"","name":"/Users/user/nexusarchive/src/__tests__/self-verify/modules/component_settings.test.ts"},{"assertionResults":[{"ancestorTitles":["self-verify: component.voucher"],"fullName":"self-verify: component.voucher manifest co
[...]
should prevent duplicate fonds mapping","duration":0.6350419999999986,"failureMessages":[],"meta":{}}],"startTime":1772695983031,"endTime":1772695983046.635,"status":"passed","message":"","name":"/Users/user/nexusarchive/src/components/settings/integration/hooks/__tests__/useConnectorModal.test.ts"},{"assertionResults":[{"ancestorTitles":["useErpConfigManager","initial state"],"fullName":"useErpConfigManager initial state should have empty initial state","status":"passed","title":"should have empty initial state","duration":6.933582999999999,"failureMessages":[],"meta":{}},{"ancestorTitles":["useErpConfigManager","loadConfigs"],"fullName":"useErpConfigManager loadConfigs should load configs successfully","status":"passed","title":"should load configs successfully","duration":9.294499999999971,"failureMessages":[],"meta":{}},{"ancestorTitles":["useErpConfigManager","loadConfigs"],"fullName":"useErpConfigManager loadConfigs should handle loading state","status":"passed","title":"should handle loading state","duration":163.60862499999996,"failureMessages":[],"meta":{}},{"ancestorTitles":["useErpConfigManager","loadConfigs"],"fullName":"useErpConfigManager loadConfigs should handle API error","status":"passed","title":"should handle API error","duration":4.942959000000087,"failureMessages":[],"meta":{}},{"ancestorTitles":["useErpConfigManager","setActiveConfig"],"fullName":"useErpConfigManager setActiveConfig should set active config","status":"passed","title":"should set active config","duration":1.2005000000000337,"failureMessages":[],"meta":{}},{"ancestorTitles":["useErpConfigManager","setActiveConfig"],"fullName":"useErpConfigManager setActiveConfig should clear active config","status":"passed","title":"should clear active config","duration":0.55337499999996,"failureMessages":[],"meta":{}},{"ancestorTitles":["useErpConfigManager","toggleTypeExpansion"],"fullName":"useErpConfigManager toggleTypeExpansion should expand collapsed type","status":"passed","title":"should expand collapsed type","duration":0.5765829999999141,"failureMessages":[],"meta":{}},{"ancestorTitles":["useErpConfigManager","toggleTypeExpansion"],"fullName":"useErpConfigManager toggleTypeExpansion should collapse expanded type","status":"passed","title":"should collapse expanded type","duration":0.4621660000000247,"failureMessages":[],"meta":{}},{"ancestorTitles":["useErpConfigManager","createConfig"],"fullName":"useErpConfigManager createConfig should create new config","status":"passed","title":"should create new config","duration":6.290209000000004,"failureMessages":[],"meta":{}},{"ancestorTitles":["useErpConfigManager","deleteConfig"],"fullName":"useErpConfigManager deleteConfig should delete config and refresh list","status":"passed","title":"should delete config and refresh list","duration":2.478832999999895,"failureMessages":[],"meta":{}},{"ancestorTitles":["useErpConfigManager","deleteConfig"],"fullName":"useErpConfigManager deleteConfig should handle delete error","status":"passed","title":"should handle delete error","duration":3.2938749999999573,"failureMessages":[],"meta":{}},{"ancestorTitles":["useErpConfigManager","deleteConfig"],"fullName":"useErpConfigManager deleteConfig should handle delete API error response","status":"passed","title":"should handle delete API error response","duration":7.067875000000072,"failureMessages":[],"meta":{}}],"startTime":1772695979119,"endTime":1772695979326.0679,"status":"passed","message":"","name":"/Users/user/nexusarchive/src/components/settings/integration/hooks/__tests__/useErpConfigManager.test.ts"},{"assertionResults":[{"ancestorTitles":["useIntegrationDiagnosis","initial state"],"fullName":"useIntegrationDiagnosis initial state should have correct initial state","status":"passed","title":"should have correct initial state","duration":6.402500000000032,"failureMessages":[],"meta":{}},{"ancestorTitles":["useIntegrationDiagnosis","startDiagnosis"],"fullName":"useIntegrationDiagnosis startDiagnosis should start diagnosis and show success result","status":"passed","title":"should start diagnosis and show success result","duration":5.379625000000033,"failureMessages":[],"meta":{}},{"ancestorTitles":["useIntegrationDiagnosis","startDiagnosis"],"fullName":"useIntegrationDiagnosis startDiagnosis should handle loading state during diagnosis","status":"passed","title":"should handle loading state during diagnosis","duration":113.62225000000001,"failureMessages":[],"meta":{}},{"ancestorTitles":["useIntegrationDiagnosis","startDiagnosis"],"fullName":"useIntegrationDiagnosis startDiagnosis should handle API error","status":"passed","title":"should handle API error","duration":4.437000000000012,"failureMessages":[],"meta":{}},{"ancestorTitles":["useIntegrationDiagnosis","startDiagnosis"],"fullName":"useIntegrationDiagnosis startDiagnosis should handle non-200 response code","status":"passed","title":"should handle non-200 response code","duration":8.778083000000038,"failureMessages":[],"meta":{}},{"ancestorTitles":["useIntegrationDiagnosis","closeDiagnosis"],"fullName":"useIntegrationDiagnosis closeDiagnosis should close diagnosis modal and reset result","status":"passed","title":"should close diagnosis modal and reset result","duration":6.330957999999896,"failureMessages":[],"meta":{}},{"ancestorTitles":["useIntegrationDiagnosis","closeDiagnosis"],"fullName":"useIntegrationDiagnosis closeDiagnosis should be safe to call when no diagnosis is shown","status":"passed","title":"should be safe to call when no diagnosis is shown","duration":0.6753750000000309,"failureMessages":[],"meta":{}}],"startTime":1772695979431,"endTime":1772695979576.6753,"status":"passed","message":"","name":"/Users/user/nexusarchive/src/components/settings/integration/hooks/__tests__/useIntegrationDiagnosis.test.ts"},{"assertionResults":[{"ancestorTitles":["useParamsEditor"],"fullName":"useParamsEditor should have correct initial state","status":"passed","title":"should have correct initial state","duration":15.502415999999926,"failureMessages":[],"meta":{}},{"ancestorTitles":["useParamsEditor"],"fullName":"useParamsEditor should open editor and set showFor","status":"passed","title":"should open editor and set showFor","duration":1.836999999999989,"failureMessages":[],"meta":{}},{"ancestorTitles":["useParamsEditor"],"fullName":"useParamsEditor should close editor and clear state","status":"passed","title":"should close editor and clear state","duration":1.1674170000000004,"failureMessages":[],"meta":{}},{"ancestorTitles":["useParamsEditor"],"fullName":"useParamsEditor should update form field","status":"passed","title":"should update form field","duration":1.3172500000000582,"failureMessages":[],"meta":{}},{"ancestorTitles":["useParamsEditor"],"fullName":"useParamsEditor should update multiple form fields","status":"passed","title":"should update multiple form fields","duration":1.0197499999999309,"failureMessages":[],"meta":{}},{"ancestorTitles":["useParamsEditor"],"fullName":"useParamsEditor should submit sync and call API","status":"passed","title":"should submit sync and call API","duration":1.5769169999999804,"failureMessages":[],"meta":{}},{"ancestorTitles":["useParamsEditor"],"fullName":"useParamsEditor should handle sync API error","status":"passed","title":"should handle sync API error","duration":0.8921250000000782,"failureMessages":[],"meta":{}},{"ancestorTitles":["useParamsEditor"],"fullName":"useParamsEditor should reset form when opening editor for different scenario","status":"passed","title":"should reset form when opening editor for different scenario","duration":0.6587080000000469,"failureMessages":[],"meta":{}}],"startTime":1772695981471,"endTime":1772695981495.6587,"status":"passed","message":"","name":"/Users/user/nexusarchive/src/components/settings/integration/hooks/__tests__/useParamsEditor.test.ts"},{"assertionResults":[{"ancestorTitles":["useScenarioSyncManager"],"fullName":"useScenarioSyncManager should load scenarios for config","status":"passed","title":"should load scenarios for config","duration":8.210459000000014,"failureMessages":[],"meta":{}},{"ancestorTitles":["useScenarioSyncManager"],"fullName":"useScenarioSyncManager should load sub-interfaces","status":"passed","title":"should load sub-interfaces","duration":6.155291000000034,"failureMessages":[],"meta":{}},{"ancestorTitles":["useScenarioSyncManager"],"fullName":"useScenarioSyncManager should sync scenario","status":"passed","title":"should sync scenario","duration":40.307750000000055,"failureMessages":[],"meta":{}}],"startTime":1772695983241,"endTime":1772695983295.3079,"status":"passed","message":"","name":"/Users/user/nexusarchive/src/components/settings/integration/hooks/__tests__/useScenarioSyncManager.test.ts"},{"assertionResults":[{"ancestorTitles":["ConnectionHealthBadge"],"fullName":"ConnectionHealthBadge should display healthy status","status":"passed","title":"should display healthy status","duration":66.323667,"failureMessages":[],"meta":{}},{"ancestorTitles":["ConnectionHealthBadge"],"fullName":"ConnectionHealthBadge should display warning status","status":"passed","title":"should display warning status","duration":2.076208000000065,"failureMessages":[],"meta":{}},{"ancestorTitles":["ConnectionHealthBadge"],"fullName":"ConnectionHealthBadge should display error status","status":"passed","title":"should display error status","duration":6.025125000000003,"failureMessages":[],"meta":{}},{"ancestorTitles":["ConnectionHealthBadge"],"fullName":"ConnectionHealthBadge should display last check time","status":"passed","title":"should display last check time","duration":7.941083000000049,"failureMessages":[],"meta":{}}],"startTime":1772695980641,"endTime":1772695980723.9412,"status":"passed","message":"","name":"/Users/user/nexusarchive/src/components/settings/integration/components/__tests__/ConnectionHealthBadge.test.tsx"},{"assertionResults":[{"ancestorTitles":["ErpConfigCard"],"fullName":"ErpConfigCard should render connector name and status","status":"passed","title":"should render connector name and status","duration":19.85541699999999,"failureMessages":[],"meta":{}},{"ancestorTitles":["ErpConfigCard"],"fullName":"ErpConfigCard should render action bar with all buttons","status":"passed","title":"should render action bar with all buttons","duration":5.063957999999957,"failureMessages":[],"meta":{}},{"ancestorTitles":["ErpConfigCard"],"fullName":"ErpConfigCard should call onTest when clicking test button","status":"passed","title":"should call onTest when clicking test button","duration":7.140916999999945,"failureMessages":[],"meta":{}},{"ancestorTitles":["ErpConfigCard"],"fullName":"ErpConfigCard should call onDiagnose when clicking health check button","status":"passed","title":"should call onDiagnose when clicking health check button","duration":19.062875000000076,"failureMessages":[],"meta":{}},{"ancestorTitles":["ErpConfigCard"],"fullName":"ErpConfigCard should call onReconcile when clicking reconcile button","status":"passed","title":"should call onReconcile when clicking reconcile button","duration":4.229957999999897,"failureMessages":[],"meta":{}},{"ancestorTitles":["ErpConfigCard"],"fullName":"ErpConfigCard should call onConfig when clicking config center button","status":"passed","title":"should call onConfig when clicking config center button","duration":199.64133399999992,"failureMessages":[],"meta":{}},{"ancestorTitles":["ErpConfigCard","ErpConfigCard - Summary View"],"fullName":"ErpConfigCard ErpConfigCard - Summary View should show scenario summary instead of expand button","status":"passed","title":"should show scenario summary instead of expand button","duration":3.5037090000000717,"failureMessages":[],"meta":{}},{"ancestorTitles":["ErpConfigCard","ErpConfigCard - Summary View"],"fullName":"ErpConfigCard ErpConfigCard - Summary View should call onViewDetails when details button clicked","status":"passed","title":"should call onViewDetails when details button clicked","duration":2.5741250000000946,"failureMessages":[],"meta":{}},{"ancestorTitles":["ErpConfigCard","ErpConfigCard - Summary View"],"fullName":"ErpConfigCard ErpConfigCard - Summary View should display health badge when provided","status":"passed","title":"should display health badge when provided","duration":67.35137499999996,"failureMessages":[],"meta":{}}],"startTime":1772695977964,"endTime":1772695978292.3513,"status":"passed","message":"","name":"/Users/user/nexusarchive/src/components/settings/integration/components/__tests__/ErpConfigCard.test.tsx"},{"assertionResults":[{"ancestorTitles":["ErpConfigList"],"fullName":"ErpConfigList should render configs in grid layout","status":"passed","title":"should render configs in grid layout","duration":29.238709000000085,"failureMessages":[],"meta":{}},{"ancestorTitles":["ErpConfigList"],"fullName":"ErpConfigList should use responsive grid classes","status":"passed","title":"should use responsive grid classes","duration":15.93420900000001,"failureMessages":[],"meta":{}},{"ancestorTitles":["ErpConfigList"],"fullName":"ErpConfigList should show empty state when no configs","status":"passed","title":"should show empty state when no configs","duration":1.3985409999999092,"failureMessages":[],"meta":{}},{"ancestorTitles":["ErpConfigList with running counts"],"fullName":"ErpConfigList with running counts should pass running counts to cards","status":"passed","title":"should pass running counts to cards","duration":5.277000000000044,"failureMessages":[],"meta":{}}],"startTime":1772695982297,"endTime":1772695982348.277,"status":"passed","message":"","name":"/Users/user/nexusarchive/src/components/settings/integration/components/__tests__/ErpConfigList.test.tsx"},{"assertionResults":[{"ancestorTitles":["IntegrationSettingsPage"],"fullName":"IntegrationSettingsPage should render page header and add button","status":"passed","title":"should render page header and add button","duration":37.89866699999993,"failureMessages":[],"meta":{}},{"ancestorTitles":["IntegrationSettingsPage"],"fullName":"IntegrationSettingsPage should render connector grid when configs exist","status":"passed","title":"should render connector grid when configs exist","duration":12.968375000000151,"failureMessages":[],"meta":{}},{"ancestorTitles":["IntegrationSettingsPage"],"fullName":"IntegrationSettingsPage should open ConnectorForm modal when clicking config center button","status":"passed","title":"should open ConnectorForm modal when clicking config center button","duration":91.37037499999997,"failureMessages":[],"meta":{}}],"startTime":1772695980382,"endTime":1772695980524.3704,"status":"passed","message":"","name":"/Users/user/nexusarchive/src/components/settings/integration/components/__tests__/IntegrationSettingsPage.test.tsx"},{"assertionResults":[{"ancestorTitles":["SapInterfaceConfigForm","ODATA interface type"],"fullName":"SapInterfaceConfigForm ODATA interface type should render OData configuration fields","status":"passed","title":"should render OData configuration fields","duration":100.41920800000003,"failureMessages":[],"meta":{}},{"ancestorTitles":["SapInterfaceConfigForm","ODATA interface type"],"fullName":"SapInterfaceConfigForm ODATA interface type should show \"即将推出\" alert for RFC interface type","status":"passed","title":"should show \"即将推出\" alert for RFC interface type","duration":16.18291700000009,"failureMessages":[],"meta":{}},{"ancestorTitles":["SapInterfaceConfigForm","ODATA interface type"],"fullName":"SapInterfaceConfigForm ODATA interface type should show \"即将推出\" alert for IDOC interface type","status":"passed","title":"should show \"即将推出\" alert for IDOC interface type","duration":4.7020840000000135,"failureMessages":[],"meta":{}},{"ancestorTitles":["SapInterfaceConfigForm","ODATA interface type"],"fullName":"SapInterfaceConfigForm ODATA interface type should show \"即将推出\" alert for GATEWAY interface type","status":"passed","title":"should show \"即将推出\" alert for GATEWAY interface type","duration":1.83400000000006,"failureMessages":[],"meta":{}},{"ancestorTitles":["SapInterfaceConfigForm","ODATA interface type"],"fullName":"SapInterfaceConfigForm ODATA interface type should disable all fields when disabled prop is true","status":"passed","title":"should disable all fields when disabled prop is true","duration":147.44283300000006,"failureMessages":[],"meta":{}},{"ancestorTitles":["SapInterfaceConfigForm","ODATA interface type"],"fullName":"SapInterfaceConfigForm ODATA interface type should display help text for client number field","status":"passed","title":"should display help text for client number field","duration":24.029667000000018,"failureMessages":[],"meta":{}}],"startTime":1772695975416,"endTime":1772695975711.0298,"status":"passed","message":"","name":"/Users/user/nexusarchive/src/components/settings/integration/components/__tests__/SapInterfaceConfigForm.test.tsx"},{"assertionResults":[{"ancestorTitles":["ScenarioDrawer"],"fullName":"ScenarioDrawer should not render when visible is false","status":"passed","title":"should not render when visible is false","duration":42.008500000000026,"failureMessages":[],"meta":{}},{"ancestorTitles":["ScenarioDrawer"],"fullName":"ScenarioDrawer should render config name when visible","status":"passed","title":"should render config name when visible","duration":3.2294580000000224,"failureMessages":[],"meta":{}},{"ancestorTitles":["ScenarioDrawer"],"fullName":"ScenarioDrawer should call onClose when close button clicked","status":"passed","title":"should call onClose when close button clicked","duration":17.79225000000008,"failureMessages":[],"meta":{}},{"ancestorTitles":["ScenarioDrawer"],"fullName":"ScenarioDrawer should render all scenarios","status":"passed","title":"should render all scenarios","duration":7.873334,"failureMessages":[],"meta":{}},{"ancestorTitles":["ScenarioDrawer"],"fullName":"ScenarioDrawer should call onSync with scenarioId when sync button clicked","status":"passed","title":"should call onSync with scenarioId when sync button clicked","duration":5.0424580000000105,"failureMessages":[],"meta":{}},{"ancestorTitles":["ScenarioDrawer"],"fullName":"ScenarioDrawer should render status badges for different states","status":"passed","title":"should render status badges for different states","duration":26.893791999999962,"failureMessages":[],"meta":{}},{"ancestorTitles":["ScenarioDrawer"],"fullName":"ScenarioDrawer should disable sync button when status is running","status":"passed","title":"should disable sync button when status is running","duration":4.469665999999961,"failureMessages":[],"meta":{}}],"startTime":1772695979618,"endTime":1772695979725.4697,"status":"passed","message":"","name":"/Users/user/nexusarchive/src/components/settings/integration/components/__tests__/ScenarioDrawer.test.tsx"},{"assertionResults":[{"ancestorTitles":["ScenarioSummaryCard"],"fullName":"ScenarioSummaryCard should display scenario count","status":"passed","title":"should display scenario count","duration":23.230791000000067,"failureMessages":[],"meta":{}},{"ancestorTitles":["ScenarioSummaryCard"],"fullName":"ScenarioSummaryCard should display running count when > 0","status":"passed","title":"should display running count when > 0","duration":7.919832999999926,"failureMessages":[],"meta":{}},{"ancestorTitles":["ScenarioSummaryCard"],"fullName":"ScenarioSummaryCard should display error count when > 0","status":"passed","title":"should display error count when > 0","duration":2.47199999999998,"failureMessages":[],"meta":{}},{"ancestorTitles":["ScenarioSummaryCard"],"fullName":"ScenarioSummaryCard should display idle when no running or errors","status":"passed","title":"should display idle when no running or errors","duration":1.435292000000004,"failureMessages":[],"meta":{}}],"startTime":1772695982841,"endTime":1772695982876.4353,"status":"passed","message":"","name":"/Users/user/nexusarchive/src/components/settings/integration/components/__tests__/ScenarioSummaryCard.test.tsx"}]}