{"numTotalTestSuites":327,"numPassedTestSuites":327,"numFailedTestSuites":0,"numPendingTestSuites":0,"numTotalTests":646,"numPassedTests":646,"numFailedTests":0,"numPendingTests":0,"numTodoTests":0,"snapshot":{"added":0,"failure":false,"filesAdded":0,"filesRemoved":0,"filesRemovedList":[],"filesUnmatched":0,"filesUpdated":0,"matched":0,"total":0,"unchecked":0,"uncheckedKeysByFile":[],"unmatched":0,"updated":0,"didUpdate":false},"startTime":1772698619400,"success":true,"testResults":[{"assertionResults":[{"ancestorTitles":["PoolColumnsConfig","SimplifiedPreArchiveStatus"],"fullName":"PoolColumnsConfig SimplifiedPreArchiveStatus should have 6 core states","status":"passed","title":"should have 6 core states","duration":0.9178339999999707,"failureMessages":[],"meta":{}},{"ancestorTitles":["PoolColumnsConfig","SimplifiedPreArchiveStatus"],"fullName":"PoolColumnsConfig SimplifiedPreArchiveStatus should have PENDING_CHECK state","status":"passed","title":"should have PENDING_CHECK state","duration":0.11166600000001381,"failureMessages":[],"meta":{}},{"ancestorTitles":["PoolColumnsConfig","SimplifiedPreArchiveStatus"],"fullName":"PoolColumnsConfig SimplifiedPreArchiveStatus should have NEEDS_ACTION state","status":"passed","title":"should have NEEDS_ACTION state","duration":0.049500000000080036,"failureMessages":[],"meta":{}},{"ancestorTitles":["PoolColumnsConfig","SimplifiedPreArchiveStatus"],"fullName":"PoolColumnsConfig SimplifiedPreArchiveStatus should have READY_TO_MATCH state","status":"passed","title":"should have READY_TO_MATCH state","duration":0.2569579999999405,"failureMessages":[],"meta":{}},{"ancestorTitles":["PoolColumnsConfig","SimplifiedPreArchiveStatus"],"fullName":"PoolColumnsConfig SimplifiedPreArchiveStatus should have READY_TO_ARCHIVE state","status":"passed","title":"should have READY_TO_ARCHIVE state","duration":0.056750000000079126,"failureMessages":[],"meta":{}},{"ancestorTitles":["PoolColumnsConfig","SimplifiedPreArchiveStatus"],"fullName":"PoolColumnsConfig SimplifiedPreArchiveStatus should have SUBMITTED state","status":"passed","title":"should have SUBMITTED state","duration":0.03875000000005002,"failureMessages":[],"meta":{}},{"ancestorTitles":["PoolColumnsConfig","SimplifiedPreArchiveStatus"],"fullName":"PoolColumnsConfig SimplifiedPreArchiveStatus should have COMPLETED state","status":"passed","title":"should have COMPLETED state","duration":0.07720900000003894,"failureMessages":[],"meta":{}},{"ancestorTitles":["PoolColumnsConfig","STATUS_CONFIG"],"fullName":"PoolColumnsConfig STATUS_CONFIG should have config for all 6 states","status":"passed","title":"should have config for all 6 states","duration":0.09220799999991414,"failureMessages":[],"meta":{}},{"ancestorTitles":["PoolColumnsConfig","STATUS_CONFIG"],"fullName":"PoolColumnsConfig STATUS_CONFIG should have color, icon, label, and description for each state","status":"passed","title":"should have color, icon, label, and description for each state","duration":0.718166999999994,"failureMessages":[],"meta":{}},{"ancestorTitles":["PoolColumnsConfig","STATUS_CONFIG"],"fullName":"PoolColumnsConfig STATUS_CONFIG should have correct config for READY_TO_ARCHIVE","status":"passed","title":"should have correct config for READY_TO_ARCHIVE","duration":0.08600000000001273,"failureMessages":[],"meta":{}},{"ancestorTitles":["PoolColumnsConfig","DEFAULT_DASHBOARD_FILTER"],"fullName":"PoolColumnsConfig DEFAULT_DASHBOARD_FILTER should be set to READY_TO_ARCHIVE","status":"passed","title":"should be set to READY_TO_ARCHIVE","duration":0.035708999999997104,"failureMessages":[],"meta":{}},{"ancestorTitles":["PoolColumnsConfig","POOL_COLUMN_GROUPS"],"fullName":"PoolColumnsConfig POOL_COLUMN_GROUPS should have 5 column groups","status":"passed","title":"should have 5 column groups","duration":0.1097500000000764,"failureMessages":[],"meta":{}},{"ancestorTitles":["PoolColumnsConfig","POOL_COLUMN_GROUPS"],"fullName":"PoolColumnsConfig POOL_COLUMN_GROUPS should have correct group structure","status":"passed","title":"should have correct group structure","duration":0.074416000000042,"failureMessages":[],"meta":{}},{"ancestorTitles":["PoolColumnsConfig","POOL_COLUMN_GROUPS"],"fullName":"PoolColumnsConfig POOL_COLUMN_GROUPS should have correct subStates for pending group","status":"passed","title":"should have correct subStates for pending group","duration":0.27454099999999926,"failureMessages":[],"meta":{}},{"ancestorTitles":["PoolColumnsConfig","POOL_COLUMN_GROUPS"],"fullName":"PoolColumnsConfig POOL_COLUMN_GROUPS should have correct subStates for needs-action group","status":"passed","title":"should have correct subStates for needs-action group","duration":0.055292000000008557,"failureMessages":[],"meta":{}},{"ancestorTitles":["PoolColumnsConfig","POOL_COLUMN_GROUPS"],"fullName":"PoolColumnsConfig POOL_COLUMN_GROUPS should have correct subStates for ready-to-match group","status":"passed","title":"should have correct subStates for ready-to-match group","duration":0.11262499999997999,"failureMessages":[],"meta":{}},{"ancestorTitles":["PoolColumnsConfig","POOL_COLUMN_GROUPS"],"fullName":"PoolColumnsConfig POOL_COLUMN_GROUPS should have correct subStates for ready-to-archive group","status":"passed","title":"should have correct subStates for ready-to-archive group","duration":0.06070899999997437,"failureMessages":[],"meta":{}},{"ancestorTitles":["PoolColumnsConfig","POOL_COLUMN_GROUPS"],"fullName":"PoolColumnsConfig POOL_COLUMN_GROUPS should have correct subStates for completed group","status":"passed","title":"should have correct subStates for completed group","duration":0.04104199999994762,"failureMessages":[],"meta":{}},{"ancestorTitles":["PoolColumnsConfig","POOL_COLUMN_GROUPS"],"fullName":"PoolColumnsConfig POOL_COLUMN_GROUPS should have all 5 subStates distributed across 5 groups","status":"passed","title":"should have all 5 subStates distributed across 5 groups","duration":0.3319169999999758,"failureMessages":[],"meta":{}},{"ancestorTitles":["PoolColumnsConfig","getColumnByState"],"fullName":"PoolColumnsConfig getColumnByState should return correct column for PENDING_CHECK state","status":"passed","title":"should return correct column for PENDING_CHECK state","duration":0.04541699999992943,"failureMessages":[],"meta":{}},{"ancestorTitles":["PoolColumnsConfig","getColumnByState"],"fullName":"PoolColumnsConfig getColumnByState should return correct column for NEEDS_ACTION state","status":"passed","title":"should return correct column for NEEDS_ACTION state","duration":0.02770799999996143,"failureMessages":[],"meta":{}},{"ancestorTitles":["PoolColumnsConfig","getColumnByState"],"fullName":"PoolColumnsConfig getColumnByState should return correct column for READY_TO_MATCH state","status":"passed","title":"should return correct column for READY_TO_MATCH state","duration":0.028709000000048945,"failureMessages":[],"meta":{}},{"ancestorTitles":["PoolColumnsConfig","getColumnByState"],"fullName":"PoolColumnsConfig getColumnByState should return correct column for READY_TO_ARCHIVE state","status":"passed","title":"should return correct column for READY_TO_ARCHIVE state","duration":0.03912500000001273,"failureMessages":[],"meta":{}},{"ancestorTitles":["PoolColumnsConfig","getColumnByState"],"fullName":"PoolColumnsConfig getColumnByState should return correct column for COMPLETED state","status":"passed","title":"should return correct column for COMPLETED state","duration":0.028500000000008185,"failureMessages":[],"meta":{}},{"ancestorTitles":["PoolColumnsConfig","getColumnByState"],"fullName":"PoolColumnsConfig getColumnByState should return null for unknown state","status":"passed","title":"should return null for unknown state","duration":0.03483300000004874,"failureMessages":[],"meta":{}},{"ancestorTitles":["PoolColumnsConfig","getSubStateLabel"],"fullName":"PoolColumnsConfig getSubStateLabel should return correct label for PENDING_CHECK","status":"passed","title":"should return correct label for PENDING_CHECK","duration":0.03570799999999963,"failureMessages":[],"meta":{}},{"ancestorTitles":["PoolColumnsConfig","getSubStateLabel"],"fullName":"PoolColumnsConfig getSubStateLabel should return correct label for NEEDS_ACTION","status":"passed","title":"should return correct label for NEEDS_ACTION","duration":0.02779200000009041,"failureMessages":[],"meta":{}},{"ancestorTitles":["PoolColumnsConfig","getSubStateLabel"],"fullName":"PoolColumnsConfig getSubStateLabel should return correct label for READY_TO_MATCH","status":"passed","title":"should return correct label for READY_TO_MATCH","duration":0.02679200000000037,"failureMessages":[],"meta":{}},{"ancestorTitles":["PoolColumnsConfig","getSubStateLabel"],"fullName":"PoolColumnsConfig getSubStateLabel should return correct label for READY_TO_ARCHIVE","status":"passed","title":"should return correct label for READY_TO_ARCHIVE","duration":0.027041999999937616,"failureMessages":[],"meta":{}},{"ancestorTitles":["PoolColumnsConfig","getSubStateLabel"],"fullName":"PoolColumnsConfig getSubStateLabel should return correct label for COMPLETED","status":"passed","title":"should return correct label for COMPLETED","duration":0.026250000000004547,"failureMessages":[],"meta":{}},{"ancestorTitles":["PoolColumnsConfig","getSubStateLabel"],"fullName":"PoolColumnsConfig getSubStateLabel should return state name for unknown state","status":"passed","title":"should return state name for unknown state","duration":0.06766600000003109,"failureMessages":[],"meta":{}},{"ancestorTitles":["PoolColumnsConfig","getColumnStates"],"fullName":"PoolColumnsConfig getColumnStates should return correct states for pending column","status":"passed","title":"should return correct states for pending column","duration":0.051458000000025095,"failureMessages":[],"meta":{}},{"ancestorTitles":["PoolColumnsConfig","getColumnStates"],"fullName":"PoolColumnsConfig getColumnStates should return correct states for needs-action column","status":"passed","title":"should return correct states for needs-action column","duration":0.03091600000004746,"failureMessages":[],"meta":{}},{"ancestorTitles":["PoolColumnsConfig","getColumnStates"],"fullName":"PoolColumnsConfig getColumnStates should return correct states for ready-to-match column","status":"passed","title":"should return correct states for ready-to-match column","duration":0.029166000000032,"failureMessages":[],"meta":{}},{"ancestorTitles":["PoolColumnsConfig","getColumnStates"],"fullName":"PoolColumnsConfig getColumnStates should return correct states for ready-to-archive column","status":"passed","title":"should return correct states for ready-to-archive column","duration":0.032166999999958534,"failureMessages":[],"meta":{}},{"ancestorTitles":["PoolColumnsConfig","getColumnStates"],"fullName":"PoolColumnsConfig getColumnStates should return correct states for completed column","status":"passed","title":"should return correct states for completed column","duration":0.03195800000003146,"failureMessages":[],"meta":{}},{"ancestorTitles":["PoolColumnsConfig","getColumnStates"],"fullName":"PoolColumnsConfig getColumnStates should return empty array for unknown column","status":"passed","title":"should return empty array for unknown column","duration":0.03358300000002146,"failureMessages":[],"meta":{}},{"ancestorTitles":["PoolColumnsConfig","Legacy Status Support","LEGACY_STATUS_MAP"],"fullName":"PoolColumnsConfig Legacy Status Support LEGACY_STATUS_MAP should map PENDING_CHECK correctly","status":"passed","title":"should map PENDING_CHECK correctly","duration":0.03083399999991343,"failureMessages":[],"meta":{}},{"ancestorTitles":["PoolColumnsConfig","Legacy Status Support","LEGACY_STATUS_MAP"],"fullName":"PoolColumnsConfig Legacy Status Support LEGACY_STATUS_MAP should map CHECK_FAILED to NEEDS_ACTION","status":"passed","title":"should map CHECK_FAILED to NEEDS_ACTION","duration":0.02612499999997908,"failureMessages":[],"meta":{}},{"ancestorTitles":["PoolColumnsConfig","Legacy Status Support","LEGACY_STATUS_MAP"],"fullName":"PoolColumnsConfig Legacy Status Support LEGACY_STATUS_MAP should map PENDING_ARCHIVE to READY_TO_ARCHIVE","status":"passed","title":"should map PENDING_ARCHIVE to READY_TO_ARCHIVE","duration":0.026082999999971435,"failureMessages":[],"meta":{}},{"ancestorTitles":["PoolColumnsConfig","Legacy Status Support","LEGACY_STATUS_MAP"],"fullName":"PoolColumnsConfig Legacy Status Support LEGACY_STATUS_MAP should map ARCHIVED to COMPLETED","status":"passed","title":"should map ARCHIVED to COMPLETED","duration":0.025917000000049484,"failureMessages":[],"meta":{}},{"ancestorTitles":["PoolColumnsConfig","Legacy Status Support","resolveStatus"],"fullName":"PoolColumnsConfig Legacy Status Support resolveStatus should preserve standard statuses","status":"passed","title":"should preserve standard statuses","duration":0.03658400000006168,"failureMessages":[],"meta":{}},{"ancestorTitles":["PoolColumnsConfig","Legacy Status Support","resolveStatus"],"fullName":"PoolColumnsConfig Legacy Status Support resolveStatus should resolve legacy status string correct","status":"passed","title":"should resolve legacy status string correct","duration":0.026082999999971435,"failureMessages":[],"meta":{}},{"ancestorTitles":["PoolColumnsConfig","Legacy Status Support","resolveStatus"],"fullName":"PoolColumnsConfig Legacy Status Support resolveStatus should resolve unknown status to NEEDS_ACTION (safe fallback)","status":"passed","title":"should resolve unknown status to NEEDS_ACTION (safe fallback)","duration":0.02579199999991033,"failureMessages":[],"meta":{}}],"startTime":1772698628805,"endTime":1772698628809.0676,"status":"passed","message":"","name":"/Users/user/nexusarchive/src/config/pool-columns.config.test.ts"},{"assertionResults":[{"ancestorTitles":["API Client Interceptors"],"fullName":"API Client Interceptors should normalize error message from backend Result format","status":"passed","title":"should normalize error message from backend Result format","duration":2.639250000000061,"failureMessages":[],"meta":{}},{"ancestorTitles":["API Client Interceptors"],"fullName":"API Client Interceptors should redirect to login on 401","status":"passed","title":"should redirect to login on 401","duration":0.7183340000000271,"failureMessages":[],"meta":{}}],"startTime":1772698629111,"endTime":1772698629114.7183,"status":"passed","message":"","name":"/Users/user/nexusarchive/src/__tests__/api/client.test.ts"},{"assertionResults":[{"ancestorTitles":["previewApi"],"fullName":"previewApi should parse watermark headers in stream preview","status":"passed","title":"should parse watermark headers in stream preview","duration":1.900624999999991,"failureMessages":[],"meta":{}},{"ancestorTitles":["previewApi"],"fullName":"previewApi should return presigned metadata","status":"passed","title":"should return presigned metadata","duration":0.4615840000000162,"failureMessages":[],"meta":{}}],"startTime":1772698631184,"endTime":1772698631186.4617,"status":"passed","message":"","name":"/Users/user/nexusarchive/src/__tests__/api/preview.test.ts"},{"assertionResults":[{"ancestorTitles":["antd 用法告警回归"],"fullName":"antd 用法告警回归 不再使用 Tabs.TabPane","status":"passed","title":"不再使用 Tabs.TabPane","duration":0.6774159999999938,"failureMessages":[],"meta":{}},{"ancestorTitles":["antd 用法告警回归"],"fullName":"antd 用法告警回归 Spin tip 不使用自闭合写法","status":"passed","title":"Spin tip 不使用自闭合写法","duration":1.7379589999999325,"failureMessages":[],"meta":{}}],"startTime":1772698629621,"endTime":1772698629623.738,"status":"passed","message":"","name":"/Users/user/nexusarchive/src/__tests__/components/AntdWarnings.test.ts"},{"assertionResults":[{"ancestorTitles":["ArchiveListView","渲染"],"fullName":"ArchiveListView 渲染 应显示标题","status":"passed","title":"应显示标题","duration":38.068624999999884,"failureMessages":[],"meta":{}},{"ancestorTitles":["ArchiveListView","渲染"],"fullName":"ArchiveListView 渲染 应显示副标题","status":"passed","title":"应显示副标题","duration":10.625417000000198,"failureMessages":[],"meta":{}},{"ancestorTitles":["ArchiveListView","数据加载"],"fullName":"ArchiveListView 数据加载 应调用 getArchives API","status":"passed","title":"应调用 getArchives API","duration":11.675584000000072,"failureMessages":[],"meta":{}},{"ancestorTitles":["ArchiveListView","数据加载"],"fullName":"ArchiveListView 数据加载 API 返回数据时应正确处理","status":"passed","title":"API 返回数据时应正确处理","duration":12.701833999999963,"failureMessages":[],"meta":{}},{"ancestorTitles":["ArchiveListView","空数据状态"],"fullName":"ArchiveListView 空数据状态 空数据时应正常渲染","status":"passed","title":"空数据时应正常渲染","duration":19.035834000000023,"failureMessages":[],"meta":{}},{"ancestorTitles":["ArchiveListView","路由配置模式"],"fullName":"ArchiveListView 路由配置模式 使用 routeConfig 时应正确解析配置","status":"passed","title":"使用 routeConfig 时应正确解析配置","duration":6.572832999999946,"failureMessages":[],"meta":{}},{"ancestorTitles":["ArchiveListView","路由配置模式"],"fullName":"ArchiveListView 路由配置模式 使用 pool 配置时应调用 poolApi","status":"passed","title":"使用 pool 配置时应调用 poolApi","duration":37.50829199999998,"failureMessages":[],"meta":{}},{"ancestorTitles":["ArchiveListView","加载状态"],"fullName":"ArchiveListView 加载状态 加载时应调用 API","status":"passed","title":"加载时应调用 API","duration":4.276333000000022,"failureMessages":[],"meta":{}},{"ancestorTitles":["ArchiveListView","错误处理"],"fullName":"ArchiveListView 错误处理 API 错误时应正确处理","status":"passed","title":"API 错误时应正确处理","duration":26.120832999999948,"failureMessages":[],"meta":{}}],"startTime":1772698625115,"endTime":1772698625285.1208,"status":"passed","message":"","name":"/Users/user/nexusarchive/src/__tests__/components/ArchiveListView.test.tsx"},{"assertionResults":[{"ancestorTitles":["LoginView","渲染"],"fullName":"LoginView 渲染 应显示登录表单标题","status":"passed","title":"应显示登录表单标题","duration":177.06941699999993,"failureMessages":[],"meta":{}},{"ancestorTitles":["LoginView","渲染"],"fullName":"LoginView 渲染 应包含用户名和密码输入框","status":"passed","title":"应包含用户名和密码输入框","duration":29.560292000000118,"failureMessages":[],"meta":{}},{"ancestorTitles":["LoginView","渲染"],"fullName":"LoginView 渲染 应显示登录按钮","status":"passed","title":"应显示登录按钮","duration":15.828792000000021,"failureMessages":[],"meta":{}},{"ancestorTitles":["LoginView","渲染"],"fullName":"LoginView 渲染 应显示访问产品官网按钮","status":"passed","title":"应显示访问产品官网按钮","duration":19.198458999999957,"failureMessages":[],"meta":{}},{"ancestorTitles":["LoginView","表单输入"],"fullName":"LoginView 表单输入 应能输入用户名和密码","status":"passed","title":"应能输入用户名和密码","duration":145.86424999999986,"failureMessages":[],"meta":{}},{"ancestorTitles":["LoginView","登录成功"],"fullName":"LoginView 登录成功 登录成功应调用 AuthStore.login 并导航","status":"passed","title":"登录成功应调用 AuthStore.login 并导航","duration":151.41229099999987,"failureMessages":[],"meta":{}},{"ancestorTitles":["LoginView","登录失败"],"fullName":"LoginView 登录失败 登录失败应显示错误信息","status":"passed","title":"登录失败应显示错误信息","duration":139.13141700000006,"failureMessages":[],"meta":{}},{"ancestorTitles":["LoginView","登录失败"],"fullName":"LoginView 登录失败 网络错误应显示网络错误提示","status":"passed","title":"网络错误应显示网络错误提示","duration":106.89104099999986,"failureMessages":[],"meta":{}},{"ancestorTitles":["LoginView","加载状态"],"fullName":"LoginView 加载状态 登录中应显示加载状态","status":"passed","title":"登录中应显示加载状态","duration":105.26575000000003,"failureMessages":[],"meta":{}},{"ancestorTitles":["LoginView","访问产品官网"],"fullName":"LoginView 访问产品官网 点击访问产品官网应导航到首页","status":"passed","title":"点击访问产品官网应导航到首页","duration":53.589458999999806,"failureMessages":[],"meta":{}},{"ancestorTitles":["LoginView","访问产品官网"],"fullName":"LoginView 访问产品官网 提供 onVisitLanding 回调时应调用回调","status":"passed","title":"提供 onVisitLanding 回调时应调用回调","duration":52.11650000000009,"failureMessages":[],"meta":{}}],"startTime":1772698620660,"endTime":1772698621657.1165,"status":"passed","message":"","name":"/Users/user/nexusarchive/src/__tests__/components/LoginView.test.tsx"},{"assertionResults":[{"ancestorTitles":["系统设置菜单路径"],"fullName":"系统设置菜单路径 用户权限应指向用户管理页面路径","status":"passed","title":"用户权限应指向用户管理页面路径","duration":0.5710839999999848,"failureMessages":[],"meta":{}}],"startTime":1772698632844,"endTime":1772698632844.571,"status":"passed","message":"","name":"/Users/user/nexusarchive/src/__tests__/components/SettingsNavigation.test.ts"},{"assertionResults":[{"ancestorTitles":["BatchTable Import Debug"],"fullName":"BatchTable Import Debug should import BatchTable","status":"passed","title":"should import BatchTable","duration":199.77774999999997,"failureMessages":[],"meta":{}},{"ancestorTitles":["BatchTable Import Debug"],"fullName":"BatchTable Import Debug should import operations components","status":"passed","title":"should import operations components","duration":0.7089580000000524,"failureMessages":[],"meta":{}}],"startTime":1772698623213,"endTime":1772698623413.709,"status":"passed","message":"","name":"/Users/user/nexusarchive/src/__tests__/debug/BatchTableImportDebug.test.tsx"},{"assertionResults":[{"ancestorTitles":["BatchTable Render Debug"],"fullName":"BatchTable Render Debug should import BatchTable successfully","status":"passed","title":"should import BatchTable successfully","duration":21.40104199999996,"failureMessages":[],"meta":{}},{"ancestorTitles":["BatchTable Render Debug"],"fullName":"BatchTable Render Debug should render BatchTable with minimal props","status":"passed","title":"should render BatchTable with minimal props","duration":21.00649999999996,"failureMessages":[],"meta":{}}],"startTime":1772698625939,"endTime":1772698625982.0066,"status":"passed","message":"","name":"/Users/user/nexusarchive/src/__tests__/debug/BatchTableRenderDebug.test.tsx"},{"assertionResults":[{"ancestorTitles":["菜单可见性权限测试","管理员菜单可见性"],"fullName":"菜单可见性权限测试 管理员菜单可见性 管理员应该有 nav:all 权限","status":"passed","title":"管理员应该有 nav:all 权限","duration":1.9896250000000464,"failureMessages":[],"meta":{}},{"ancestorTitles":["菜单可见性权限测试","管理员菜单可见性"],"fullName":"菜单可见性权限测试 管理员菜单可见性 管理员应该能看到设置菜单","status":"passed","title":"管理员应该能看到设置菜单","duration":0.8707919999999376,"failureMessages":[],"meta":{}},{"ancestorTitles":["菜单可见性权限测试","管理员菜单可见性"],"fullName":"菜单可见性权限测试 管理员菜单可见性 管理员应该能看到用户管理","status":"passed","title":"管理员应该能看到用户管理","duration":0.19920799999999872,"failureMessages":[],"meta":{}},{"ancestorTitles":["菜单可见性权限测试","管理员菜单可见性"],"fullName":"菜单可见性权限测试 管理员菜单可见性 管理员应该能看到角色管理","status":"passed","title":"管理员应该能看到角色管理","duration":0.36950000000001637,"failureMessages":[],"meta":{}},{"ancestorTitles":["菜单可见性权限测试","受限用户菜单可见性"],"fullName":"菜单可见性权限测试 受限用户菜单可见性 受限用户应该能看到审计日志相关功能","status":"passed","title":"受限用户应该能看到审计日志相关功能","duration":0.13104200000009314,"failureMessages":[],"meta":{}},{"ancestorTitles":["菜单可见性权限测试","受限用户菜单可见性"],"fullName":"菜单可见性权限测试 受限用户菜单可见性 受限用户不应该有 nav:all 权限","status":"passed","title":"受限用户不应该有 nav:all 权限","duration":0.11812499999996362,"failureMessages":[],"meta":{}},{"ancestorTitles":["菜单可见性权限测试","受限用户菜单可见性"],"fullName":"菜单可见性权限测试 受限用户菜单可见性 受限用户不应该能看到设置菜单","status":"passed","title":"受限用户不应该能看到设置菜单","duration":0.16345799999999144,"failureMessages":[],"meta":{}},{"ancestorTitles":["菜单可见性权限测试","受限用户菜单可见性"],"fullName":"菜单可见性权限测试 受限用户菜单可见性 受限用户不应该能看到用户管理","status":"passed","title":"受限用户不应该能看到用户管理","duration":0.06287499999996271,"failureMessages":[],"meta":{}},{"ancestorTitles":["菜单可见性权限测试","受限用户菜单可见性"],"fullName":"菜单可见性权限测试 受限用户菜单可见性 受限用户不应该能看到角色管理","status":"passed","title":"受限用户不应该能看到角色管理","duration":0.2991670000000113,"failureMessages":[],"meta":{}},{"ancestorTitles":["菜单可见性权限测试","受限用户菜单可见性"],"fullName":"菜单可见性权限测试 受限用户菜单可见性 受限用户不应该能看到档案管理","status":"passed","title":"受限用户不应该能看到档案管理","duration":0.09683300000006057,"failureMessages":[],"meta":{}},{"ancestorTitles":["菜单可见性权限测试","档案管理员菜单可见性"],"fullName":"菜单可见性权限测试 档案管理员菜单可见性 档案管理员应该能看到档案管理菜单","status":"passed","title":"档案管理员应该能看到档案管理菜单","duration":0.122333000000026,"failureMessages":[],"meta":{}},{"ancestorTitles":["菜单可见性权限测试","档案管理员菜单可见性"],"fullName":"菜单可见性权限测试 档案管理员菜单可见性 档案管理员应该能看到收集菜单","status":"passed","title":"档案管理员应该能看到收集菜单","duration":0.05733399999996891,"failureMessages":[],"meta":{}},{"ancestorTitles":["菜单可见性权限测试","档案管理员菜单可见性"],"fullName":"菜单可见性权限测试 档案管理员菜单可见性 档案管理员不应该能看到设置菜单","status":"passed","title":"档案管理员不应该能看到设置菜单","duration":0.05025000000000546,"failureMessages":[],"meta":{}},{"ancestorTitles":["菜单可见性权限测试","档案管理员菜单可见性"],"fullName":"菜单可见性权限测试 档案管理员菜单可见性 档案管理员不应该能看到用户管理","status":"passed","title":"档案管理员不应该能看到用户管理","duration":0.059708999999998014,"failureMessages":[],"meta":{}},{"ancestorTitles":["菜单可见性权限测试","未登录用户"],"fullName":"菜单可见性权限测试 未登录用户 未登录用户不应该有任何权限","status":"passed","title":"未登录用户不应该有任何权限","duration":0.06858299999998962,"failureMessages":[],"meta":{}},{"ancestorTitles":["路由守卫权限测试","受限用户路由访问"],"fullName":"路由守卫权限测试 受限用户路由访问 受限用户访问审计日志应该被允许","status":"passed","title":"受限用户访问审计日志应该被允许","duration":0.07049999999992451,"failureMessages":[],"meta":{}},{"ancestorTitles":["路由守卫权限测试","受限用户路由访问"],"fullName":"路由守卫权限测试 受限用户路由访问 受限用户访问用户管理应该被拒绝","status":"passed","title":"受限用户访问用户管理应该被拒绝","duration":0.05070899999998346,"failureMessages":[],"meta":{}},{"ancestorTitles":["路由守卫权限测试","受限用户路由访问"],"fullName":"路由守卫权限测试 受限用户路由访问 受限用户访问角色管理应该被拒绝","status":"passed","title":"受限用户访问角色管理应该被拒绝","duration":0.04912500000000364,"failureMessages":[],"meta":{}},{"ancestorTitles":["路由守卫权限测试","受限用户路由访问"],"fullName":"路由守卫权限测试 受限用户路由访问 受限用户访问系统设置应该被拒绝","status":"passed","title":"受限用户访问系统设置应该被拒绝","duration":0.04737499999998818,"failureMessages":[],"meta":{}},{"ancestorTitles":["路由守卫权限测试","未认证用户路由访问"],"fullName":"路由守卫权限测试 未认证用户路由访问 未认证用户访问任何受保护路由都应该被拒绝","status":"passed","title":"未认证用户访问任何受保护路由都应该被拒绝","duration":0.07150000000001455,"failureMessages":[],"meta":{}}],"startTime":1772698629725,"endTime":1772698629730.0715,"status":"passed","message":"","name":"/Users/user/nexusarchive/src/__tests__/permissions/MenuPermission.test.ts"},{"assertionResults":[{"ancestorTitles":["BatchTable Performance Tests","Small Dataset (10 records)"],"fullName":"BatchTable Performance Tests Small Dataset (10 records) should render 10 rows efficiently","status":"passed","title":"should render 10 rows efficiently","duration":61.16583299999991,"failureMessages":[],"meta":{}},{"ancestorTitles":["BatchTable Performance Tests","Small Dataset (10 records)"],"fullName":"BatchTable Performance Tests Small Dataset (10 records) should have proportional DOM nodes for small dataset","status":"passed","title":"should have proportional DOM nodes for small dataset","duration":6.469291999999996,"failureMessages":[],"meta":{}},{"ancestorTitles":["BatchTable Performance Tests","Medium Dataset (100 records)"],"fullName":"BatchTable Performance Tests Medium Dataset (100 records) should render 100 rows efficiently","status":"passed","title":"should render 100 rows efficiently","duration":7.291958000000022,"failureMessages":[],"meta":{}},{"ancestorTitles":["BatchTable Performance Tests","Medium Dataset (100 records)"],"fullName":"BatchTable Performance Tests Medium Dataset (100 records) should handle status filter change efficiently","status":"passed","title":"should handle status filter change efficiently","duration":11.682291000000077,"failureMessages":[],"meta":{}},{"ancestorTitles":["BatchTable Performance Tests","Medium Dataset (100 records)"],"fullName":"BatchTable Performance Tests Medium Dataset (100 records) should handle page change efficiently","status":"passed","title":"should handle page change efficiently","duration":5.868165999999974,"failureMessages":[],"meta":{}},{"ancestorTitles":["BatchTable Performance Tests","Large Dataset (1000 records)"],"fullName":"BatchTable Performance Tests Large Dataset (1000 records) should render 1000 rows efficiently (with pagination)","status":"passed","title":"should render 1000 rows efficiently (with pagination)","duration":24.901292000000012,"failureMessages":[],"meta":{}},{"ancestorTitles":["BatchTable Performance Tests","Large Dataset (1000 records)"],"fullName":"BatchTable Performance Tests Large Dataset (1000 records) should maintain reasonable DOM nodes with pagination","status":"passed","title":"should maintain reasonable DOM nodes with pagination","duration":26.09116599999993,"failureMessages":[],"meta":{}},{"ancestorTitles":["BatchTable Performance Tests","Large Dataset (1000 records)"],"fullName":"BatchTable Performance Tests Large Dataset (1000 records) should handle row selection efficiently","status":"passed","title":"should handle row selection efficiently","duration":16.020709000000124,"failureMessages":[],"meta":{}},{"ancestorTitles":["BatchTable Performance Tests","Extra Large Dataset (10000 records)"],"fullName":"BatchTable Performance Tests Extra Large Dataset (10000 records) should render 10000 rows efficiently (with pagination)","status":"passed","title":"should render 10000 rows efficiently (with pagination)","duration":103.81962500000009,"failureMessages":[],"meta":{}},{"ancestorTitles":["BatchTable Performance Tests","Extra Large Dataset (10000 records)"],"fullName":"BatchTable Performance Tests Extra Large Dataset (10000 records) should maintain constant DOM nodes regardless of dataset size","status":"passed","title":"should maintain constant DOM nodes regardless of dataset size","duration":156.29737499999987,"failureMessages":[],"meta":{}},{"ancestorTitles":["BatchTable Performance Tests","Extra Large Dataset (10000 records)"],"fullName":"BatchTable Performance Tests Extra Large Dataset (10000 records) should handle batch selection operations efficiently","status":"passed","title":"should handle batch selection operations efficiently","duration":158.09891700000003,"failureMessages":[],"meta":{}},{"ancestorTitles":["BatchTable Performance Tests","Stress Tests"],"fullName":"BatchTable Performance Tests Stress Tests should handle rapid re-renders without memory leaks","status":"passed","title":"should handle rapid re-renders without memory leaks","duration":24.77691600000003,"failureMessages":[],"meta":{}},{"ancestorTitles":["BatchTable Performance Tests","Stress Tests"],"fullName":"BatchTable Performance Tests Stress Tests should handle concurrent state changes efficiently","status":"passed","title":"should handle concurrent state changes efficiently","duration":16.013500000000022,"failureMessages":[],"meta":{}},{"ancestorTitles":["BatchTable Virtualization Validation"],"fullName":"BatchTable Virtualization Validation should only render visible rows when using pagination","status":"passed","title":"should only render visible rows when using pagination","duration":19.410249999999905,"failureMessages":[],"meta":{}},{"ancestorTitles":["BatchTable Virtualization Validation"],"fullName":"BatchTable Virtualization Validation should update visible rows on page change","status":"passed","title":"should update visible rows on page change","duration":19.821290999999974,"failureMessages":[],"meta":{}}],"startTime":1772698620442,"endTime":1772698621100.8213,"status":"passed","message":"","name":"/Users/user/nexusarchive/src/__tests__/performance/BatchTable.performance.test.tsx"},{"assertionResults":[{"ancestorTitles":["useAuthStore","登录管理"],"fullName":"useAuthStore 登录管理 登录后应正确设置用户状态","status":"passed","title":"登录后应正确设置用户状态","duration":1.8672500000000127,"failureMessages":[],"meta":{}},{"ancestorTitles":["useAuthStore","登录管理"],"fullName":"useAuthStore 登录管理 登出后应清除所有状态","status":"passed","title":"登出后应清除所有状态","duration":0.44287500000007185,"failureMessages":[],"meta":{}},{"ancestorTitles":["useAuthStore","登录管理"],"fullName":"useAuthStore 登录管理 初始状态应为未认证","status":"passed","title":"初始状态应为未认证","duration":0.3244169999999258,"failureMessages":[],"meta":{}},{"ancestorTitles":["useAuthStore","权限检查"],"fullName":"useAuthStore 权限检查 完全匹配权限应返回 true","status":"passed","title":"完全匹配权限应返回 true","duration":0.6852499999999964,"failureMessages":[],"meta":{}},{"ancestorTitles":["useAuthStore","权限检查"],"fullName":"useAuthStore 权限检查 通配符权限匹配应返回 true","status":"passed","title":"通配符权限匹配应返回 true","duration":0.28387499999996635,"failureMessages":[],"meta":{}},{"ancestorTitles":["useAuthStore","权限检查"],"fullName":"useAuthStore 权限检查 没有的权限应返回 false","status":"passed","title":"没有的权限应返回 false","duration":0.17058299999996507,"failureMessages":[],"meta":{}},{"ancestorTitles":["useAuthStore","权限检查"],"fullName":"useAuthStore 权限检查 hasAnyPermission 应正确工作","status":"passed","title":"hasAnyPermission 应正确工作","duration":0.303792000000044,"failureMessages":[],"meta":{}},{"ancestorTitles":["useAuthStore","权限检查"],"fullName":"useAuthStore 权限检查 未登录时权限检查应返回 false","status":"passed","title":"未登录时权限检查应返回 false","duration":0.22958300000004783,"failureMessages":[],"meta":{}},{"ancestorTitles":["useAuthStore","角色检查"],"fullName":"useAuthStore 角色检查 hasRole 应正确匹配角色","status":"passed","title":"hasRole 应正确匹配角色","duration":0.32325000000003,"failureMessages":[],"meta":{}},{"ancestorTitles":["useAuthStore","角色检查"],"fullName":"useAuthStore 角色检查 isSuperAdmin 应正确识别超级管理员","status":"passed","title":"isSuperAdmin 应正确识别超级管理员","duration":0.08829100000002654,"failureMessages":[],"meta":{}},{"ancestorTitles":["useAuthStore","角色检查"],"fullName":"useAuthStore 角色检查 非超级管理员 isSuperAdmin 应返回 false","status":"passed","title":"非超级管理员 isSuperAdmin 应返回 false","duration":0.11258299999997234,"failureMessages":[],"meta":{}},{"ancestorTitles":["useAuthStore","用户信息更新"],"fullName":"useAuthStore 用户信息更新 updateUser 应部分更新用户信息","status":"passed","title":"updateUser 应部分更新用户信息","duration":0.09658300000000963,"failureMessages":[],"meta":{}},{"ancestorTitles":["useAuthStore","用户信息更新"],"fullName":"useAuthStore 用户信息更新 updatePermissions 应更新权限列表","status":"passed","title":"updatePermissions 应更新权限列表","duration":0.32741699999996854,"failureMessages":[],"meta":{}},{"ancestorTitles":["useAuthStore","用户信息更新"],"fullName":"useAuthStore 用户信息更新 updatePermissions 不传 roles 时应保留原有角色","status":"passed","title":"updatePermissions 不传 roles 时应保留原有角色","duration":0.061958000000004176,"failureMessages":[],"meta":{}},{"ancestorTitles":["useAuthStore","用户信息更新"],"fullName":"useAuthStore 用户信息更新 未登录时 updateUser 应不执行任何操作","status":"passed","title":"未登录时 updateUser 应不执行任何操作","duration":0.051791999999977634,"failureMessages":[],"meta":{}},{"ancestorTitles":["useAuthStore","setCheckingAuth"],"fullName":"useAuthStore setCheckingAuth 应正确设置检查状态","status":"passed","title":"应正确设置检查状态","duration":0.06995800000004238,"failureMessages":[],"meta":{}}],"startTime":1772698628855,"endTime":1772698628861.3274,"status":"passed","message":"","name":"/Users/user/nexusarchive/src/__tests__/store/useAuthStore.test.ts"},{"assertionResults":[{"ancestorTitles":["KanbanCard","basic rendering"],"fullName":"KanbanCard basic rendering should render card information","status":"passed","title":"should render card information","duration":416.37016600000015,"failureMessages":[],"meta":{}},{"ancestorTitles":["KanbanCard","basic rendering"],"fullName":"KanbanCard basic rendering should show selected state","status":"passed","title":"should show selected state","duration":35.40387499999997,"failureMessages":[],"meta":{}},{"ancestorTitles":["KanbanCard","basic rendering"],"fullName":"KanbanCard basic rendering should hide amount when not available","status":"passed","title":"should hide amount when not available","duration":13.010249999999814,"failureMessages":[],"meta":{}},{"ancestorTitles":["KanbanCard","basic rendering"],"fullName":"KanbanCard basic rendering should render without summary","status":"passed","title":"should render without summary","duration":65.81725000000006,"failureMessages":[],"meta":{}},{"ancestorTitles":["KanbanCard","selection"],"fullName":"KanbanCard selection should call onSelect when selection area is clicked","status":"passed","title":"should call onSelect when selection area is clicked","duration":30.108667000000423,"failureMessages":[],"meta":{}},{"ancestorTitles":["KanbanCard","selection"],"fullName":"KanbanCard selection should show cancel button when selected","status":"passed","title":"should show cancel button when selected","duration":10.082290999999714,"failureMessages":[],"meta":{}},{"ancestorTitles":["KanbanCard","selection"],"fullName":"KanbanCard selection should call onSelect when cancel button is clicked","status":"passed","title":"should call onSelect when cancel button is clicked","duration":33.16983399999981,"failureMessages":[],"meta":{}},{"ancestorTitles":["KanbanCard","basic actions"],"fullName":"KanbanCard basic actions should render basic action buttons (view, edit, delete)","status":"passed","title":"should render basic action buttons (view, edit, delete)","duration":162.59995900000013,"failureMessages":[],"meta":{}},{"ancestorTitles":["KanbanCard","basic actions"],"fullName":"KanbanCard basic actions should call onAction with view when view button is clicked","status":"passed","title":"should call onAction with view when view button is clicked","duration":40.655917000000045,"failureMessages":[],"meta":{}},{"ancestorTitles":["KanbanCard","basic actions"],"fullName":"KanbanCard basic actions should call onAction with edit when edit button is clicked","status":"passed","title":"should call onAction with edit when edit button is clicked","duration":98.03495900000007,"failureMessages":[],"meta":{}},{"ancestorTitles":["KanbanCard","basic actions"],"fullName":"KanbanCard basic actions should call onAction with delete when delete button is clicked","status":"passed","title":"should call onAction with delete when delete button is clicked","duration":60.64741700000013,"failureMessages":[],"meta":{}},{"ancestorTitles":["KanbanCard","column-level actions"],"fullName":"KanbanCard column-level actions should render column actions when columnActions prop is provided","status":"passed","title":"should render column actions when columnActions prop is provided","duration":95.072584,"failureMessages":[],"meta":{}},{"ancestorTitles":["KanbanCard","column-level actions"],"fullName":"KanbanCard column-level actions should call onAction with column action key when column action button is clicked","status":"passed","title":"should call onAction with column action key when column action button is clicked","duration":56.95083399999976,"failureMessages":[],"meta":{}},{"ancestorTitles":["KanbanCard","column-level actions"],"fullName":"KanbanCard column-level actions should render danger column actions with danger prop","status":"passed","title":"should render danger column actions with danger prop","duration":46.431332999999995,"failureMessages":[],"meta":{}},{"ancestorTitles":["KanbanCard","column-level actions"],"fullName":"KanbanCard column-level actions should exclude delete action from columnActions (delete handled separately)","status":"passed","title":"should exclude delete action from columnActions (delete handled separately)","duration":77.62287500000002,"failureMessages":[],"meta":{}},{"ancestorTitles":["KanbanCard","column-level actions"],"fullName":"KanbanCard column-level actions should work without columnActions prop (backward compatibility)","status":"passed","title":"should work without columnActions prop (backward compatibility)","duration":41.36866699999973,"failureMessages":[],"meta":{}},{"ancestorTitles":["KanbanCard","conditional rendering"],"fullName":"KanbanCard conditional rendering should not render docDate when not provided","status":"passed","title":"should not render docDate when not provided","duration":8.2512499999998,"failureMessages":[],"meta":{}},{"ancestorTitles":["KanbanCard","conditional rendering"],"fullName":"KanbanCard conditional rendering should not render source when not provided","status":"passed","title":"should not render source when not provided","duration":49.01675000000023,"failureMessages":[],"meta":{}}],"startTime":1772698621804,"endTime":1772698623145.0168,"status":"passed","message":"","name":"/Users/user/nexusarchive/src/components/pool-kanban/KanbanCard.test.tsx"},{"assertionResults":[{"ancestorTitles":["KanbanColumn"],"fullName":"KanbanColumn should render column header with title","status":"passed","title":"should render column header with title","duration":278.9279999999999,"failureMessages":[],"meta":{}},{"ancestorTitles":["KanbanColumn"],"fullName":"KanbanColumn should render sub-state tabs using Segmented","status":"passed","title":"should render sub-state tabs using Segmented","duration":24.397334000000228,"failureMessages":[],"meta":{}},{"ancestorTitles":["KanbanColumn"],"fullName":"KanbanColumn should show card count in tabs","status":"passed","title":"should show card count in tabs","duration":43.758166000000074,"failureMessages":[],"meta":{}},{"ancestorTitles":["KanbanColumn"],"fullName":"KanbanColumn should filter cards by selected sub-state","status":"passed","title":"should filter cards by selected sub-state","duration":25.233291999999892,"failureMessages":[],"meta":{}},{"ancestorTitles":["KanbanColumn"],"fullName":"KanbanColumn should switch sub-state when tab is clicked","status":"passed","title":"should switch sub-state when tab is clicked","duration":20.08100000000013,"failureMessages":[],"meta":{}},{"ancestorTitles":["KanbanColumn"],"fullName":"KanbanColumn should pass column actions to cards","status":"passed","title":"should pass column actions to cards","duration":8.278625000000375,"failureMessages":[],"meta":{}},{"ancestorTitles":["KanbanColumn"],"fullName":"KanbanColumn should display total badge count","status":"passed","title":"should display total badge count","duration":55.39666699999998,"failureMessages":[],"meta":{}},{"ancestorTitles":["KanbanColumn"],"fullName":"KanbanColumn should render empty state when no cards","status":"passed","title":"should render empty state when no cards","duration":18.48799999999983,"failureMessages":[],"meta":{}},{"ancestorTitles":["KanbanColumn"],"fullName":"KanbanColumn should handle card selection","status":"passed","title":"should handle card selection","duration":39.80124999999998,"failureMessages":[],"meta":{}},{"ancestorTitles":["KanbanColumn"],"fullName":"KanbanColumn should handle card action","status":"passed","title":"should handle card action","duration":38.48454199999969,"failureMessages":[],"meta":{}}],"startTime":1772698621580,"endTime":1772698622133.4846,"status":"passed","message":"","name":"/Users/user/nexusarchive/src/components/pool-kanban/KanbanColumn.test.tsx"},{"assertionResults":[{"ancestorTitles":["useKanbanLayout","initial state"],"fullName":"useKanbanLayout initial state should start with minimum column width","status":"passed","title":"should start with minimum column width","duration":6.502292000000011,"failureMessages":[],"meta":{}},{"ancestorTitles":["useKanbanLayout","initial state"],"fullName":"useKanbanLayout initial state should start with no collapsed columns","status":"passed","title":"should start with no collapsed columns","duration":0.9424579999999878,"failureMessages":[],"meta":{}},{"ancestorTitles":["useKanbanLayout","initial state"],"fullName":"useKanbanLayout initial state should start with zero container width before resize","status":"passed","title":"should start with zero container width before resize","duration":1.082290999999941,"failureMessages":[],"meta":{}},{"ancestorTitles":["useKanbanLayout","initial state"],"fullName":"useKanbanLayout initial state should not be overflowing initially","status":"passed","title":"should not be overflowing initially","duration":20.395209000000023,"failureMessages":[],"meta":{}},{"ancestorTitles":["useKanbanLayout","column width calculation"],"fullName":"useKanbanLayout column width calculation should calculate column width based on container width","status":"passed","title":"should calculate column width based on container width","duration":32.82016599999997,"failureMessages":[],"meta":{}},{"ancestorTitles":["useKanbanLayout","column width calculation"],"fullName":"useKanbanLayout column width calculation should respect minimum column width","status":"passed","title":"should respect minimum column width","duration":4.095292000000086,"failureMessages":[],"meta":{}},{"ancestorTitles":["useKanbanLayout","column width calculation"],"fullName":"useKanbanLayout column width calculation should respect maximum column width","status":"passed","title":"should respect maximum column width","duration":1.6602909999999156,"failureMessages":[],"meta":{}},{"ancestorTitles":["useKanbanLayout","column width calculation"],"fullName":"useKanbanLayout column width calculation should allow manual column width setting within bounds","status":"passed","title":"should allow manual column width setting within bounds","duration":3.1726660000000493,"failureMessages":[],"meta":{}},{"ancestorTitles":["useKanbanLayout","column width calculation"],"fullName":"useKanbanLayout column width calculation should clamp column width to minimum when set too low","status":"passed","title":"should clamp column width to minimum when set too low","duration":13.629374999999982,"failureMessages":[],"meta":{}},{"ancestorTitles":["useKanbanLayout","column width calculation"],"fullName":"useKanbanLayout column width calculation should clamp column width to maximum when set too high","status":"passed","title":"should clamp column width to maximum when set too high","duration":3.190582999999947,"failureMessages":[],"meta":{}},{"ancestorTitles":["useKanbanLayout","column width calculation"],"fullName":"useKanbanLayout column width calculation should recalculate width when requested","status":"passed","title":"should recalculate width when requested","duration":2.7617500000000064,"failureMessages":[],"meta":{}},{"ancestorTitles":["useKanbanLayout","empty column detection"],"fullName":"useKanbanLayout empty column detection should identify empty columns","status":"passed","title":"should identify empty columns","duration":1.5940840000000662,"failureMessages":[],"meta":{}},{"ancestorTitles":["useKanbanLayout","empty column detection"],"fullName":"useKanbanLayout empty column detection should return empty array when all columns have cards","status":"passed","title":"should return empty array when all columns have cards","duration":0.44879199999991215,"failureMessages":[],"meta":{}},{"ancestorTitles":["useKanbanLayout","empty column detection"],"fullName":"useKanbanLayout empty column detection should correctly check if column has cards","status":"passed","title":"should correctly check if column has cards","duration":0.4624579999999696,"failureMessages":[],"meta":{}},{"ancestorTitles":["useKanbanLayout","empty column detection"],"fullName":"useKanbanLayout empty column detection should handle missing column keys gracefully","status":"passed","title":"should handle missing column keys gracefully","duration":0.5331670000000486,"failureMessages":[],"meta":{}},{"ancestorTitles":["useKanbanLayout","collapse state management"],"fullName":"useKanbanLayout collapse state management should toggle column collapse state","status":"passed","title":"should toggle column collapse state","duration":0.6867079999999532,"failureMessages":[],"meta":{}},{"ancestorTitles":["useKanbanLayout","collapse state management"],"fullName":"useKanbanLayout collapse state management should maintain multiple collapsed columns","status":"passed","title":"should maintain multiple collapsed columns","duration":0.40545800000006693,"failureMessages":[],"meta":{}},{"ancestorTitles":["useKanbanLayout","collapse state management"],"fullName":"useKanbanLayout collapse state management should expand all columns","status":"passed","title":"should expand all columns","duration":0.4310409999999365,"failureMessages":[],"meta":{}},{"ancestorTitles":["useKanbanLayout","collapse state management"],"fullName":"useKanbanLayout collapse state management should collapse all empty columns","status":"passed","title":"should collapse all empty columns","duration":0.4043749999999591,"failureMessages":[],"meta":{}},{"ancestorTitles":["useKanbanLayout","overflow detection"],"fullName":"useKanbanLayout overflow detection should detect when content overflows container","status":"passed","title":"should detect when content overflows container","duration":4.142583000000059,"failureMessages":[],"meta":{}},{"ancestorTitles":["useKanbanLayout","overflow detection"],"fullName":"useKanbanLayout overflow detection should not overflow when container is wide enough","status":"passed","title":"should not overflow when container is wide enough","duration":4.6590419999999995,"failureMessages":[],"meta":{}},{"ancestorTitles":["useKanbanLayout","overflow detection"],"fullName":"useKanbanLayout overflow detection should reduce overflow when columns are collapsed","status":"passed","title":"should reduce overflow when columns are collapsed","duration":7.7678339999999935,"failureMessages":[],"meta":{}},{"ancestorTitles":["useKanbanLayout","helper functions"],"fullName":"useKanbanLayout helper functions should return correct visible column count","status":"passed","title":"should return correct visible column count","duration":2.7560419999999795,"failureMessages":[],"meta":{}},{"ancestorTitles":["useKanbanLayout","helper functions"],"fullName":"useKanbanLayout helper functions should calculate total content width correctly","status":"passed","title":"should calculate total content width correctly","duration":0.5272499999999809,"failureMessages":[],"meta":{}},{"ancestorTitles":["useKanbanLayout","helper functions"],"fullName":"useKanbanLayout helper functions should adjust total content width when columns are collapsed","status":"passed","title":"should adjust total content width when columns are collapsed","duration":0.42337499999996453,"failureMessages":[],"meta":{}},{"ancestorTitles":["useKanbanLayout","utility functions","calculateColumnCardCounts"],"fullName":"useKanbanLayout utility functions calculateColumnCardCounts should calculate card counts for each column","status":"passed","title":"should calculate card counts for each column","duration":0.15266600000006747,"failureMessages":[],"meta":{}},{"ancestorTitles":["useKanbanLayout","utility functions","calculateColumnCardCounts"],"fullName":"useKanbanLayout utility functions calculateColumnCardCounts should handle empty data","status":"passed","title":"should handle empty data","duration":0.2211250000000291,"failureMessages":[],"meta":{}},{"ancestorTitles":["useKanbanLayout","utility functions","areAllColumnsEmpty"],"fullName":"useKanbanLayout utility functions areAllColumnsEmpty should return true when all columns are empty","status":"passed","title":"should return true when all columns are empty","duration":0.1081250000000864,"failureMessages":[],"meta":{}},{"ancestorTitles":["useKanbanLayout","utility functions","areAllColumnsEmpty"],"fullName":"useKanbanLayout utility functions areAllColumnsEmpty should return false when at least one column has cards","status":"passed","title":"should return false when at least one column has cards","duration":0.06262500000002547,"failureMessages":[],"meta":{}},{"ancestorTitles":["useKanbanLayout","utility functions","areAllColumnsEmpty"],"fullName":"useKanbanLayout utility functions areAllColumnsEmpty should handle incomplete data","status":"passed","title":"should handle incomplete data","duration":0.8402499999999691,"failureMessages":[],"meta":{}},{"ancestorTitles":["useKanbanLayout","utility functions","getFirstNonEmptyColumnId"],"fullName":"useKanbanLayout utility functions getFirstNonEmptyColumnId should return first non-empty column ID","status":"passed","title":"should return first non-empty column ID","duration":0.07950000000005275,"failureMessages":[],"meta":{}},{"ancestorTitles":["useKanbanLayout","utility functions","getFirstNonEmptyColumnId"],"fullName":"useKanbanLayout utility functions getFirstNonEmptyColumnId should return first column ID when first column has cards","status":"passed","title":"should return first column ID when first column has cards","duration":0.05591599999991104,"failureMessages":[],"meta":{}},{"ancestorTitles":["useKanbanLayout","utility functions","getFirstNonEmptyColumnId"],"fullName":"useKanbanLayout utility functions getFirstNonEmptyColumnId should return null when all columns are empty","status":"passed","title":"should return null when all columns are empty","duration":0.6234170000000177,"failureMessages":[],"meta":{}},{"ancestorTitles":["useKanbanLayout","utility functions","getFirstNonEmptyColumnId"],"fullName":"useKanbanLayout utility functions getFirstNonEmptyColumnId should return null for empty data","status":"passed","title":"should return null for empty data","duration":0.20849999999995816,"failureMessages":[],"meta":{}},{"ancestorTitles":["useKanbanLayout","when disabled"],"fullName":"useKanbanLayout when disabled should not observe container when disabled","status":"passed","title":"should not observe container when disabled","duration":1.8609159999999747,"failureMessages":[],"meta":{}},{"ancestorTitles":["useKanbanLayout","when disabled"],"fullName":"useKanbanLayout when disabled should maintain minimum width when disabled","status":"passed","title":"should maintain minimum width when disabled","duration":0.4619580000000951,"failureMessages":[],"meta":{}},{"ancestorTitles":["useKanbanLayout","constants"],"fullName":"useKanbanLayout constants should export minimum column width constant","status":"passed","title":"should export minimum column width constant","duration":0.14541699999995217,"failureMessages":[],"meta":{}},{"ancestorTitles":["useKanbanLayout","constants"],"fullName":"useKanbanLayout constants should export maximum column width constant","status":"passed","title":"should export maximum column width constant","duration":0.06662499999993088,"failureMessages":[],"meta":{}},{"ancestorTitles":["useKanbanLayout","constants"],"fullName":"useKanbanLayout constants should export collapsed column width constant","status":"passed","title":"should export collapsed column width constant","duration":0.05674999999996544,"failureMessages":[],"meta":{}}],"startTime":1772698626881,"endTime":1772698627004.0566,"status":"passed","message":"","name":"/Users/user/nexusarchive/src/hooks/__tests__/useKanbanLayout.test.ts"},{"assertionResults":[{"ancestorTitles":["useMonitoring"],"fullName":"useMonitoring should have correct initial state","status":"passed","title":"should have correct initial state","duration":6.223833000000013,"failureMessages":[],"meta":{}},{"ancestorTitles":["useMonitoring"],"fullName":"useMonitoring should load monitoring data successfully","status":"passed","title":"should load monitoring data successfully","duration":1.9020420000000513,"failureMessages":[],"meta":{}},{"ancestorTitles":["useMonitoring"],"fullName":"useMonitoring should set loading to true during load","status":"passed","title":"should set loading to true during load","duration":118.50716699999998,"failureMessages":[],"meta":{}},{"ancestorTitles":["useMonitoring"],"fullName":"useMonitoring should handle load errors gracefully","status":"passed","title":"should handle load errors gracefully","duration":4.0559169999999085,"failureMessages":[],"meta":{}},{"ancestorTitles":["useMonitoring"],"fullName":"useMonitoring should handle API failure response","status":"passed","title":"should handle API failure response","duration":7.309333999999922,"failureMessages":[],"meta":{}}],"startTime":1772698623508,"endTime":1772698623646.3093,"status":"passed","message":"","name":"/Users/user/nexusarchive/src/hooks/__tests__/useMonitoring.test.ts"},{"assertionResults":[{"ancestorTitles":["usePermissionsQuery"],"fullName":"usePermissionsQuery should accept unwrapped permissions payloads and update store","status":"passed","title":"should accept unwrapped permissions payloads and update store","duration":69.97662500000001,"failureMessages":[],"meta":{}}],"startTime":1772698625335,"endTime":1772698625404.9766,"status":"passed","message":"","name":"/Users/user/nexusarchive/src/hooks/__tests__/usePermissions.test.tsx"},{"assertionResults":[{"ancestorTitles":["usePoolBatchAction","initial state"],"fullName":"usePoolBatchAction initial state should start with empty selection","status":"passed","title":"should start with empty selection","duration":6.446083000000044,"failureMessages":[],"meta":{}},{"ancestorTitles":["usePoolBatchAction","initial state"],"fullName":"usePoolBatchAction initial state should start with not executing state","status":"passed","title":"should start with not executing state","duration":0.9234589999999798,"failureMessages":[],"meta":{}},{"ancestorTitles":["usePoolBatchAction","initial state"],"fullName":"usePoolBatchAction initial state should start with no result","status":"passed","title":"should start with no result","duration":1.18912499999999,"failureMessages":[],"meta":{}},{"ancestorTitles":["usePoolBatchAction","selection management"],"fullName":"usePoolBatchAction selection management should add card to selection when toggled","status":"passed","title":"should add card to selection when toggled","duration":1.8352919999999813,"failureMessages":[],"meta":{}},{"ancestorTitles":["usePoolBatchAction","selection management"],"fullName":"usePoolBatchAction selection management should remove card from selection when toggled twice","status":"passed","title":"should remove card from selection when toggled twice","duration":1.1842920000000277,"failureMessages":[],"meta":{}},{"ancestorTitles":["usePoolBatchAction","selection management"],"fullName":"usePoolBatchAction selection management should select all cards when selectAll is called","status":"passed","title":"should select all cards when selectAll is called","duration":0.8461250000000291,"failureMessages":[],"meta":{}},{"ancestorTitles":["usePoolBatchAction","selection management"],"fullName":"usePoolBatchAction selection management should clear selection when clearSelection is called","status":"passed","title":"should clear selection when clearSelection is called","duration":0.598165999999992,"failureMessages":[],"meta":{}},{"ancestorTitles":["usePoolBatchAction","selection management"],"fullName":"usePoolBatchAction selection management should get selected IDs as array","status":"passed","title":"should get selected IDs as array","duration":0.7280000000000655,"failureMessages":[],"meta":{}},{"ancestorTitles":["usePoolBatchAction","batch delete"],"fullName":"usePoolBatchAction batch delete should execute batch delete successfully","status":"passed","title":"should execute batch delete successfully","duration":1.8317080000000487,"failureMessages":[],"meta":{}},{"ancestorTitles":["usePoolBatchAction","batch delete"],"fullName":"usePoolBatchAction batch delete should handle partial failures in batch delete","status":"passed","title":"should handle partial failures in batch delete","duration":1.0662909999999783,"failureMessages":[],"meta":{}},{"ancestorTitles":["usePoolBatchAction","batch delete"],"fullName":"usePoolBatchAction batch delete should return empty selection error when no items selected","status":"passed","title":"should return empty selection error when no items selected","duration":35.58695899999998,"failureMessages":[],"meta":{}},{"ancestorTitles":["usePoolBatchAction","batch archive"],"fullName":"usePoolBatchAction batch archive should execute batch archive successfully","status":"passed","title":"should execute batch archive successfully","duration":4.165875000000028,"failureMessages":[],"meta":{}},{"ancestorTitles":["usePoolBatchAction","batch archive"],"fullName":"usePoolBatchAction batch archive should handle archive API failure","status":"passed","title":"should handle archive API failure","duration":1.0072910000000093,"failureMessages":[],"meta":{}},{"ancestorTitles":["usePoolBatchAction","non-API actions"],"fullName":"usePoolBatchAction non-API actions should handle recheck action","status":"passed","title":"should handle recheck action","duration":1.4835840000000644,"failureMessages":[],"meta":{}},{"ancestorTitles":["usePoolBatchAction","non-API actions"],"fullName":"usePoolBatchAction non-API actions should handle edit action","status":"passed","title":"should handle edit action","duration":1.176917000000003,"failureMessages":[],"meta":{}},{"ancestorTitles":["usePoolBatchAction","non-API actions"],"fullName":"usePoolBatchAction non-API actions should handle match action","status":"passed","title":"should handle match action","duration":1.8904999999999745,"failureMessages":[],"meta":{}},{"ancestorTitles":["usePoolBatchAction","execution state"],"fullName":"usePoolBatchAction execution state should set isExecuting during operation","status":"passed","title":"should set isExecuting during operation","duration":161.029041,"failureMessages":[],"meta":{}},{"ancestorTitles":["usePoolBatchAction","result management"],"fullName":"usePoolBatchAction result management should store result after action","status":"passed","title":"should store result after action","duration":2.253582999999935,"failureMessages":[],"meta":{}},{"ancestorTitles":["usePoolBatchAction","result management"],"fullName":"usePoolBatchAction result management should clear result when clearResult is called","status":"passed","title":"should clear result when clearResult is called","duration":0.8302079999999705,"failureMessages":[],"meta":{}},{"ancestorTitles":["usePoolBatchAction","custom selected IDs"],"fullName":"usePoolBatchAction custom selected IDs should use provided IDs instead of current selection","status":"passed","title":"should use provided IDs instead of current selection","duration":1.9340419999999767,"failureMessages":[],"meta":{}},{"ancestorTitles":["usePoolBatchAction","selection persistence"],"fullName":"usePoolBatchAction selection persistence should maintain selection state after action","status":"passed","title":"should maintain selection state after action","duration":8.566291999999976,"failureMessages":[],"meta":{}},{"ancestorTitles":["usePoolBatchAction","rapid toggle"],"fullName":"usePoolBatchAction rapid toggle should handle rapid toggle operations correctly","status":"passed","title":"should handle rapid toggle operations correctly","duration":0.5356249999999818,"failureMessages":[],"meta":{}}],"startTime":1772698624271,"endTime":1772698624508.5356,"status":"passed","message":"","name":"/Users/user/nexusarchive/src/hooks/__tests__/usePoolBatchAction.test.ts"},{"assertionResults":[{"ancestorTitles":["usePoolKanban"],"fullName":"usePoolKanban should initialize with loading state and columns","status":"passed","title":"should initialize with loading state and columns","duration":75.35337499999991,"failureMessages":[],"meta":{}},{"ancestorTitles":["usePoolKanban"],"fullName":"usePoolKanban should group cards by column and sub-state","status":"passed","title":"should group cards by column and sub-state","duration":55.153375000000096,"failureMessages":[],"meta":{}},{"ancestorTitles":["usePoolKanban"],"fullName":"usePoolKanban should return count for each sub-state","status":"passed","title":"should return count for each sub-state","duration":57.20545799999991,"failureMessages":[],"meta":{}},{"ancestorTitles":["usePoolKanban"],"fullName":"usePoolKanban should return total count for a column","status":"passed","title":"should return total count for a column","duration":57.20483300000001,"failureMessages":[],"meta":{}},{"ancestorTitles":["usePoolKanban"],"fullName":"usePoolKanban should refresh data when refetch is called","status":"passed","title":"should refresh data when refetch is called","duration":63.59620799999993,"failureMessages":[],"meta":{}},{"ancestorTitles":["usePoolKanban"],"fullName":"usePoolKanban should handle empty data gracefully","status":"passed","title":"should handle empty data gracefully","duration":54.64104199999997,"failureMessages":[],"meta":{}},{"ancestorTitles":["usePoolKanban"],"fullName":"usePoolKanban should handle API error","status":"passed","title":"should handle API error","duration":54.6595420000001,"failureMessages":[],"meta":{}},{"ancestorTitles":["usePoolKanban"],"fullName":"usePoolKanban should assign _columnId to each card based on status","status":"passed","title":"should assign _columnId to each card based on status","duration":54.41991599999983,"failureMessages":[],"meta":{}}],"startTime":1772698620577,"endTime":1772698621049.42,"status":"passed","message":"","name":"/Users/user/nexusarchive/src/hooks/__tests__/usePoolKanban.test.tsx"},{"assertionResults":[{"ancestorTitles":["useReconciliation"],"fullName":"useReconciliation should have correct initial state","status":"passed","title":"should have correct initial state","duration":12.497584000000074,"failureMessages":[],"meta":{}},{"ancestorTitles":["useReconciliation"],"fullName":"useReconciliation should show reconciliation dialog with record","status":"passed","title":"should show reconciliation dialog with record","duration":2.114500000000021,"failureMessages":[],"meta":{}},{"ancestorTitles":["useReconciliation"],"fullName":"useReconciliation should close reconciliation dialog","status":"passed","title":"should close reconciliation dialog","duration":4.049624999999992,"failureMessages":[],"meta":{}},{"ancestorTitles":["useReconciliation"],"fullName":"useReconciliation should handle multiple show/close cycles","status":"passed","title":"should handle multiple show/close cycles","duration":2.0015410000000884,"failureMessages":[],"meta":{}},{"ancestorTitles":["useReconciliation"],"fullName":"useReconciliation should maintain state consistency across operations","status":"passed","title":"should maintain state consistency across operations","duration":1.198833000000036,"failureMessages":[],"meta":{}}],"startTime":1772698627943,"endTime":1772698627965.1987,"status":"passed","message":"","name":"/Users/user/nexusarchive/src/hooks/__tests__/useReconciliation.test.ts"},{"assertionResults":[{"ancestorTitles":["useDrawerStore"],"fullName":"useDrawerStore should initialize with default state","status":"passed","title":"should initialize with default state","duration":8.850708000000054,"failureMessages":[],"meta":{}},{"ancestorTitles":["useDrawerStore"],"fullName":"useDrawerStore should open drawer with archive ID","status":"passed","title":"should open drawer with archive ID","duration":4.8705830000000105,"failureMessages":[],"meta":{}},{"ancestorTitles":["useDrawerStore"],"fullName":"useDrawerStore should close drawer and reset state","status":"passed","title":"should close drawer and reset state","duration":5.888084000000049,"failureMessages":[],"meta":{}},{"ancestorTitles":["useDrawerStore"],"fullName":"useDrawerStore should set active tab","status":"passed","title":"should set active tab","duration":1.6582919999999604,"failureMessages":[],"meta":{}},{"ancestorTitles":["useDrawerStore"],"fullName":"useDrawerStore should toggle expanded mode","status":"passed","title":"should toggle expanded mode","duration":0.9873330000000351,"failureMessages":[],"meta":{}}],"startTime":1772698628257,"endTime":1772698628279.9873,"status":"passed","message":"","name":"/Users/user/nexusarchive/src/store/__tests__/useDrawerStore.test.ts"},{"assertionResults":[{"ancestorTitles":["menu routing integrity"],"fullName":"menu routing integrity 所有二级/三级叶子菜单应命中有效路由而非首页兜底","status":"passed","title":"所有二级/三级叶子菜单应命中有效路由而非首页兜底","duration":82.31816600000002,"failureMessages":[],"meta":{}}],"startTime":1772698628447,"endTime":1772698628529.318,"status":"passed","message":"","name":"/Users/user/nexusarchive/src/routes/__tests__/menu-routing-integrity.test.ts"},{"assertionResults":[{"ancestorTitles":["routes paths mapping"],"fullName":"routes paths mapping 银行回单子菜单应映射到 BANK_RECEIPT 类型","status":"passed","title":"银行回单子菜单应映射到 BANK_RECEIPT 类型","duration":0.5102500000000418,"failureMessages":[],"meta":{}},{"ancestorTitles":["routes paths mapping"],"fullName":"routes paths mapping 批量上传子菜单应映射到 collection/upload","status":"passed","title":"批量上传子菜单应映射到 collection/upload","duration":0.1639580000000933,"failureMessages":[],"meta":{}},{"ancestorTitles":["routes paths mapping"],"fullName":"routes paths mapping 原始凭证三级菜单应映射到对应类型筛选","status":"passed","title":"原始凭证三级菜单应映射到对应类型筛选","duration":0.09733400000004622,"failureMessages":[],"meta":{}},{"ancestorTitles":["routes paths mapping"],"fullName":"routes paths mapping 单据池财政票类型码应为 INV_GOV","status":"passed","title":"单据池财政票类型码应为 INV_GOV","duration":0.23191699999995308,"failureMessages":[],"meta":{}}],"startTime":1772698631112,"endTime":1772698631112.5103,"status":"passed","message":"","name":"/Users/user/nexusarchive/src/routes/__tests__/paths.test.ts"},{"assertionResults":[{"ancestorTitles":["relationDrilldown"],"fullName":"relationDrilldown 应按付款主线识别可用链路并标记缺口","status":"passed","title":"应按付款主线识别可用链路并标记缺口","duration":1.3807920000000422,"failureMessages":[],"meta":{}},{"ancestorTitles":["relationDrilldown"],"fullName":"relationDrilldown 应合并主线与手动展开节点用于打印范围","status":"passed","title":"应合并主线与手动展开节点用于打印范围","duration":0.18066699999997127,"failureMessages":[],"meta":{}},{"ancestorTitles":["relationDrilldown"],"fullName":"relationDrilldown 应按id或URL去重附件","status":"passed","title":"应按id或URL去重附件","duration":0.14895899999999074,"failureMessages":[],"meta":{}}],"startTime":1772698629794,"endTime":1772698629795.3809,"status":"passed","message":"","name":"/Users/user/nexusarchive/src/__tests__/pages/utilization/relationDrilldown.test.ts"},{"assertionResults":[{"ancestorTitles":["LegacyImportPage - API Integration Tests","API 可用性验证"],"fullName":"LegacyImportPage - API Integration Tests API 可用性验证 should have all required API methods","status":"passed","title":"should have all required API methods","duration":2.0304170000000568,"failureMessages":[],"meta":{}},{"ancestorTitles":["LegacyImportPage - API Integration Tests","API 可用性验证"],"fullName":"LegacyImportPage - API Integration Tests API 可用性验证 should have preview API method that is a function","status":"passed","title":"should have preview API method that is a function","duration":0.39770800000007966,"failureMessages":[],"meta":{}},{"ancestorTitles":["LegacyImportPage - API Integration Tests","API 可用性验证"],"fullName":"LegacyImportPage - API Integration Tests API 可用性验证 should have import API method that is a function","status":"passed","title":"should have import API method that is a function","duration":0.16583300000002055,"failureMessages":[],"meta":{}},{"ancestorTitles":["LegacyImportPage - API Integration Tests","API 可用性验证"],"fullName":"LegacyImportPage - API Integration Tests API 可用性验证 should have getTasks API method that is a function","status":"passed","title":"should have getTasks API method that is a function","duration":0.8582079999999905,"failureMessages":[],"meta":{}},{"ancestorTitles":["LegacyImportPage - API Integration Tests","API 可用性验证"],"fullName":"LegacyImportPage - API Integration Tests API 可用性验证 should have downloadErrorReport API method that is a function","status":"passed","title":"should have downloadErrorReport API method that is a function","duration":0.21758299999999053,"failureMessages":[],"meta":{}},{"ancestorTitles":["LegacyImportPage - API Integration Tests","API 可用性验证"],"fullName":"LegacyImportPage - API Integration Tests API 可用性验证 should have downloadCsvTemplate API method that is a function","status":"passed","title":"should have downloadCsvTemplate API method that is a function","duration":0.5003340000000662,"failureMessages":[],"meta":{}},{"ancestorTitles":["LegacyImportPage - API Integration Tests","API 可用性验证"],"fullName":"LegacyImportPage - API Integration Tests API 可用性验证 should have downloadExcelTemplate API method that is a function","status":"passed","title":"should have downloadExcelTemplate API method that is a function","duration":0.06441700000004857,"failureMessages":[],"meta":{}},{"ancestorTitles":["LegacyImportPage - API Integration Tests","Notification Service Tests"],"fullName":"LegacyImportPage - API Integration Tests Notification Service Tests should have toast notification methods","status":"passed","title":"should have toast notification methods","duration":0.15487500000006094,"failureMessages":[],"meta":{}},{"ancestorTitles":["LegacyImportPage - API Integration Tests","API 模板下载功能测试"],"fullName":"LegacyImportPage - API Integration Tests API 模板下载功能测试 should handle CSV template download success","status":"passed","title":"should handle CSV template download success","duration":0.6030419999999594,"failureMessages":[],"meta":{}},{"ancestorTitles":["LegacyImportPage - API Integration Tests","API 模板下载功能测试"],"fullName":"LegacyImportPage - API Integration Tests API 模板下载功能测试 should handle Excel template download success","status":"passed","title":"should handle Excel template download success","duration":0.13599999999996726,"failureMessages":[],"meta":{}},{"ancestorTitles":["LegacyImportPage - API Integration Tests","API 模板下载功能测试"],"fullName":"LegacyImportPage - API Integration Tests API 模板下载功能测试 should handle CSV template download error","status":"passed","title":"should handle CSV template download error","duration":0.6438329999999723,"failureMessages":[],"meta":{}},{"ancestorTitles":["LegacyImportPage - API Integration Tests","API 导入历史功能测试"],"fullName":"LegacyImportPage - API Integration Tests API 导入历史功能测试 should fetch import tasks successfully","status":"passed","title":"should fetch import tasks successfully","duration":0.5466659999999592,"failureMessages":[],"meta":{}},{"ancestorTitles":["LegacyImportPage - API Integration Tests","API 导入历史功能测试"],"fullName":"LegacyImportPage - API Integration Tests API 导入历史功能测试 should handle fetch import tasks error","status":"passed","title":"should handle fetch import tasks error","duration":0.10724999999990814,"failureMessages":[],"meta":{}},{"ancestorTitles":["LegacyImportPage - API Integration Tests","API 导入预览功能测试"],"fullName":"LegacyImportPage - API Integration Tests API 导入预览功能测试 should preview import data successfully","status":"passed","title":"should preview import data successfully","duration":0.5374580000000151,"failureMessages":[],"meta":{}},{"ancestorTitles":["LegacyImportPage - API Integration Tests","API 导入预览功能测试"],"fullName":"LegacyImportPage - API Integration Tests API 导入预览功能测试 should handle preview error","status":"passed","title":"should handle preview error","duration":0.14400000000000546,"failureMessages":[],"meta":{}},{"ancestorTitles":["LegacyImportPage - API Integration Tests","API 导入执行功能测试"],"fullName":"LegacyImportPage - API Integration Tests API 导入执行功能测试 should execute import successfully","status":"passed","title":"should execute import successfully","duration":0.2597920000000613,"failureMessages":[],"meta":{}},{"ancestorTitles":["LegacyImportPage - API Integration Tests","API 导入执行功能测试"],"fullName":"LegacyImportPage - API Integration Tests API 导入执行功能测试 should handle import error","status":"passed","title":"should handle import error","duration":0.23975000000007185,"failureMessages":[],"meta":{}},{"ancestorTitles":["LegacyImportPage - API Integration Tests","API 错误报告下载功能测试"],"fullName":"LegacyImportPage - API Integration Tests API 错误报告下载功能测试 should download error report successfully","status":"passed","title":"should download error report successfully","duration":0.14045800000008057,"failureMessages":[],"meta":{}},{"ancestorTitles":["LegacyImportPage - API Integration Tests","API 错误报告下载功能测试"],"fullName":"LegacyImportPage - API Integration Tests API 错误报告下载功能测试 should handle error report download error","status":"passed","title":"should handle error report download error","duration":0.08650000000000091,"failureMessages":[],"meta":{}}],"startTime":1772698628959,"endTime":1772698628968.0864,"status":"passed","message":"","name":"/Users/user/nexusarchive/src/__tests__/pages/admin/LegacyImportPage.test.tsx"},{"assertionResults":[{"ancestorTitles":["self-verify: component.archive"],"fullName":"self-verify: component.archive manifest contract should be stable","status":"passed","title":"manifest contract should be stable","duration":1.8852500000000418,"failureMessages":[],"meta":{}}],"startTime":1772698631927,"endTime":1772698631928.8853,"status":"passed","message":"","name":"/Users/user/nexusarchive/src/__tests__/self-verify/modules/component_archive.test.ts"},{"assertionResults":[{"ancestorTitles":["self-verify: component.auth"],"fullName":"self-verify: component.auth manifest contract should be stable","status":"passed","title":"manifest contract should be stable","duration":0.7734159999999974,"failureMessages":[],"meta":{}}],"startTime":1772698630392,"endTime":1772698630392.7734,"status":"passed","message":"","name":"/Users/user/nexusarchive/src/__tests__/self-verify/modules/component_auth.test.ts"},{"assertionResults":[{"ancestorTitles":["self-verify: component.common"],"fullName":"self-verify: component.common manifest contract should be stable","status":"passed","title":"manifest contract should be stable","duration":1.193083999999999,"failureMessages":[],"meta":{}}],"startTime":1772698630791,"endTime":1772698630792.193,"status":"passed","message":"","name":"/Users/user/nexusarchive/src/__tests__/self-verify/modules/component_common.test.ts"},{"assertionResults":[{"ancestorTitles":["self-verify: component.matching"],"fullName":"self-verify: component.matching manifest contract should be stable","status":"passed","title":"manifest contract should be stable","duration":0.7717089999999871,"failureMessages":[],"meta":{}}],"startTime":1772698632388,"endTime":1772698632388.7717,"status":"passed","message":"","name":"/Users/user/nexusarchive/src/__tests__/self-verify/modules/component_matching.test.ts"},{"assertionResults":[{"ancestorTitles":["self-verify: component.org"],"fullName":"self-verify: component.org manifest contract should be stable","status":"passed","title":"manifest contract should be stable","duration":0.7817919999999958,"failureMessages":[],"meta":{}}],"startTime":1772698631991,"endTime":1772698631991.7817,"status":"passed","message":"","name":"/Users/user/nexusarchive/src/__tests__/self-verify/modules/component_org.test.ts"},{"assertionResults":[{"ancestorTitles":["self-verify: component.pages"],"fullName":"self-verify: component.pages manifest contract should be stable","status":"passed","title":"manifest contract should be stable","duration":0.8180419999999913,"failureMessages":[],"meta":{}}],"startTime":1772698629780,"endTime":1772698629780.818,"status":"passed","message":"","name":"/Users/user/nexusarchive/src/__tests__/self-verify/modules/component_pages.test.ts"},{"assertionResults":[{"ancestorTitles":["self-verify: component.panorama"],"fullName":"self-verify: component.panorama manifest contract should be stable","status":"passed","title":"manifest contract should be stable","duration":0.7441250000000537,"failureMessages":[],"meta":{}}],"startTime":1772698629382,"endTime":1772698629382.7441,"status":"passed","message":"","name":"/Users/user/nexusarchive/src/__tests__/self-verify/modules/component_panorama.test.ts"},{"assertionResults":[{"ancestorTitles":["self-verify: component.preview"],"fullName":"self-verify: component.preview manifest contract should be stable","status":"passed","title":"manifest contract should be stable","duration":1.5515000000000327,"failureMessages":[],"meta":{}}],"startTime":1772698630435,"endTime":1772698630436.5515,"status":"passed","message":"","name":"/Users/user/nexusarchive/src/__tests__/self-verify/modules/component_preview.test.ts"},{"assertionResults":[{"ancestorTitles":["self-verify: component.scan"],"fullName":"self-verify: component.scan manifest contract should be stable","status":"passed","title":"manifest contract should be stable","duration":0.7876250000000482,"failureMessages":[],"meta":{}}],"startTime":1772698632471,"endTime":1772698632471.7876,"status":"passed","message":"","name":"/Users/user/nexusarchive/src/__tests__/self-verify/modules/component_scan.test.ts"},{"assertionResults":[{"ancestorTitles":["self-verify: component.settings"],"fullName":"self-verify: component.settings manifest contract should be stable","status":"passed","title":"manifest contract should be stable","duration":0.7845829999999978,"failureMessages":[],"meta":{}}],"startTime":1772698632530,"endTime":1772698632530.7847,"status":"passed","message":"","name":"/Users/user/nexusarchive/src/__tests__/self-verify/modules/component_settings.test.ts"},{"assertionResults":[{"ancestorTitles":["self-verify: component.voucher"],"fullName":"self-verify: component.voucher ma
[...]
ssed","title":"should prevent duplicate fonds mapping","duration":0.6933330000000524,"failureMessages":[],"meta":{}}],"startTime":1772698626809,"endTime":1772698626847.7307,"status":"passed","message":"","name":"/Users/user/nexusarchive/src/components/settings/integration/hooks/__tests__/useConnectorModal.test.ts"},{"assertionResults":[{"ancestorTitles":["useErpConfigManager","initial state"],"fullName":"useErpConfigManager initial state should have empty initial state","status":"passed","title":"should have empty initial state","duration":6.535624999999982,"failureMessages":[],"meta":{}},{"ancestorTitles":["useErpConfigManager","loadConfigs"],"fullName":"useErpConfigManager loadConfigs should load configs successfully","status":"passed","title":"should load configs successfully","duration":2.6803330000000187,"failureMessages":[],"meta":{}},{"ancestorTitles":["useErpConfigManager","loadConfigs"],"fullName":"useErpConfigManager loadConfigs should handle loading state","status":"passed","title":"should handle loading state","duration":111.818625,"failureMessages":[],"meta":{}},{"ancestorTitles":["useErpConfigManager","loadConfigs"],"fullName":"useErpConfigManager loadConfigs should handle API error","status":"passed","title":"should handle API error","duration":4.006958000000054,"failureMessages":[],"meta":{}},{"ancestorTitles":["useErpConfigManager","setActiveConfig"],"fullName":"useErpConfigManager setActiveConfig should set active config","status":"passed","title":"should set active config","duration":1.9579590000000735,"failureMessages":[],"meta":{}},{"ancestorTitles":["useErpConfigManager","setActiveConfig"],"fullName":"useErpConfigManager setActiveConfig should clear active config","status":"passed","title":"should clear active config","duration":0.5504159999999274,"failureMessages":[],"meta":{}},{"ancestorTitles":["useErpConfigManager","toggleTypeExpansion"],"fullName":"useErpConfigManager toggleTypeExpansion should expand collapsed type","status":"passed","title":"should expand collapsed type","duration":0.6005840000000262,"failureMessages":[],"meta":{}},{"ancestorTitles":["useErpConfigManager","toggleTypeExpansion"],"fullName":"useErpConfigManager toggleTypeExpansion should collapse expanded type","status":"passed","title":"should collapse expanded type","duration":0.47345900000004804,"failureMessages":[],"meta":{}},{"ancestorTitles":["useErpConfigManager","createConfig"],"fullName":"useErpConfigManager createConfig should create new config","status":"passed","title":"should create new config","duration":3.796875,"failureMessages":[],"meta":{}},{"ancestorTitles":["useErpConfigManager","deleteConfig"],"fullName":"useErpConfigManager deleteConfig should delete config and refresh list","status":"passed","title":"should delete config and refresh list","duration":2.4151669999999967,"failureMessages":[],"meta":{}},{"ancestorTitles":["useErpConfigManager","deleteConfig"],"fullName":"useErpConfigManager deleteConfig should handle delete error","status":"passed","title":"should handle delete error","duration":5.287541000000033,"failureMessages":[],"meta":{}},{"ancestorTitles":["useErpConfigManager","deleteConfig"],"fullName":"useErpConfigManager deleteConfig should handle delete API error response","status":"passed","title":"should handle delete API error response","duration":2.0596660000001066,"failureMessages":[],"meta":{}}],"startTime":1772698624156,"endTime":1772698624299.0596,"status":"passed","message":"","name":"/Users/user/nexusarchive/src/components/settings/integration/hooks/__tests__/useErpConfigManager.test.ts"},{"assertionResults":[{"ancestorTitles":["useIntegrationDiagnosis","initial state"],"fullName":"useIntegrationDiagnosis initial state should have correct initial state","status":"passed","title":"should have correct initial state","duration":6.528165999999942,"failureMessages":[],"meta":{}},{"ancestorTitles":["useIntegrationDiagnosis","startDiagnosis"],"fullName":"useIntegrationDiagnosis startDiagnosis should start diagnosis and show success result","status":"passed","title":"should start diagnosis and show success result","duration":5.112083999999982,"failureMessages":[],"meta":{}},{"ancestorTitles":["useIntegrationDiagnosis","startDiagnosis"],"fullName":"useIntegrationDiagnosis startDiagnosis should handle loading state during diagnosis","status":"passed","title":"should handle loading state during diagnosis","duration":107.22424999999998,"failureMessages":[],"meta":{}},{"ancestorTitles":["useIntegrationDiagnosis","startDiagnosis"],"fullName":"useIntegrationDiagnosis startDiagnosis should handle API error","status":"passed","title":"should handle API error","duration":4.210374999999999,"failureMessages":[],"meta":{}},{"ancestorTitles":["useIntegrationDiagnosis","startDiagnosis"],"fullName":"useIntegrationDiagnosis startDiagnosis should handle non-200 response code","status":"passed","title":"should handle non-200 response code","duration":4.471041000000014,"failureMessages":[],"meta":{}},{"ancestorTitles":["useIntegrationDiagnosis","closeDiagnosis"],"fullName":"useIntegrationDiagnosis closeDiagnosis should close diagnosis modal and reset result","status":"passed","title":"should close diagnosis modal and reset result","duration":8.307583000000022,"failureMessages":[],"meta":{}},{"ancestorTitles":["useIntegrationDiagnosis","closeDiagnosis"],"fullName":"useIntegrationDiagnosis closeDiagnosis should be safe to call when no diagnosis is shown","status":"passed","title":"should be safe to call when no diagnosis is shown","duration":1.5722090000000435,"failureMessages":[],"meta":{}}],"startTime":1772698624171,"endTime":1772698624308.5723,"status":"passed","message":"","name":"/Users/user/nexusarchive/src/components/settings/integration/hooks/__tests__/useIntegrationDiagnosis.test.ts"},{"assertionResults":[{"ancestorTitles":["useParamsEditor"],"fullName":"useParamsEditor should have correct initial state","status":"passed","title":"should have correct initial state","duration":10.589958000000024,"failureMessages":[],"meta":{}},{"ancestorTitles":["useParamsEditor"],"fullName":"useParamsEditor should open editor and set showFor","status":"passed","title":"should open editor and set showFor","duration":4.164499999999975,"failureMessages":[],"meta":{}},{"ancestorTitles":["useParamsEditor"],"fullName":"useParamsEditor should close editor and clear state","status":"passed","title":"should close editor and clear state","duration":2.8242499999998927,"failureMessages":[],"meta":{}},{"ancestorTitles":["useParamsEditor"],"fullName":"useParamsEditor should update form field","status":"passed","title":"should update form field","duration":3.2147910000001048,"failureMessages":[],"meta":{}},{"ancestorTitles":["useParamsEditor"],"fullName":"useParamsEditor should update multiple form fields","status":"passed","title":"should update multiple form fields","duration":2.9332090000000335,"failureMessages":[],"meta":{}},{"ancestorTitles":["useParamsEditor"],"fullName":"useParamsEditor should submit sync and call API","status":"passed","title":"should submit sync and call API","duration":3.917291999999975,"failureMessages":[],"meta":{}},{"ancestorTitles":["useParamsEditor"],"fullName":"useParamsEditor should handle sync API error","status":"passed","title":"should handle sync API error","duration":1.2060419999999112,"failureMessages":[],"meta":{}},{"ancestorTitles":["useParamsEditor"],"fullName":"useParamsEditor should reset form when opening editor for different scenario","status":"passed","title":"should reset form when opening editor for different scenario","duration":0.7398749999999836,"failureMessages":[],"meta":{}}],"startTime":1772698628209,"endTime":1772698628238.74,"status":"passed","message":"","name":"/Users/user/nexusarchive/src/components/settings/integration/hooks/__tests__/useParamsEditor.test.ts"},{"assertionResults":[{"ancestorTitles":["useScenarioSyncManager"],"fullName":"useScenarioSyncManager should load scenarios for config","status":"passed","title":"should load scenarios for config","duration":7.287166999999954,"failureMessages":[],"meta":{}},{"ancestorTitles":["useScenarioSyncManager"],"fullName":"useScenarioSyncManager should load sub-interfaces","status":"passed","title":"should load sub-interfaces","duration":1.438792000000035,"failureMessages":[],"meta":{}},{"ancestorTitles":["useScenarioSyncManager"],"fullName":"useScenarioSyncManager should sync scenario","status":"passed","title":"should sync scenario","duration":7.670415999999932,"failureMessages":[],"meta":{}}],"startTime":1772698627578,"endTime":1772698627594.6704,"status":"passed","message":"","name":"/Users/user/nexusarchive/src/components/settings/integration/hooks/__tests__/useScenarioSyncManager.test.ts"},{"assertionResults":[{"ancestorTitles":["ConnectionHealthBadge"],"fullName":"ConnectionHealthBadge should display healthy status","status":"passed","title":"should display healthy status","duration":40.140292000000045,"failureMessages":[],"meta":{}},{"ancestorTitles":["ConnectionHealthBadge"],"fullName":"ConnectionHealthBadge should display warning status","status":"passed","title":"should display warning status","duration":2.4691250000000764,"failureMessages":[],"meta":{}},{"ancestorTitles":["ConnectionHealthBadge"],"fullName":"ConnectionHealthBadge should display error status","status":"passed","title":"should display error status","duration":1.697541000000001,"failureMessages":[],"meta":{}},{"ancestorTitles":["ConnectionHealthBadge"],"fullName":"ConnectionHealthBadge should display last check time","status":"passed","title":"should display last check time","duration":1.23174999999992,"failureMessages":[],"meta":{}}],"startTime":1772698624385,"endTime":1772698624430.2317,"status":"passed","message":"","name":"/Users/user/nexusarchive/src/components/settings/integration/components/__tests__/ConnectionHealthBadge.test.tsx"},{"assertionResults":[{"ancestorTitles":["ErpConfigCard"],"fullName":"ErpConfigCard should render connector name and status","status":"passed","title":"should render connector name and status","duration":29.930834000000004,"failureMessages":[],"meta":{}},{"ancestorTitles":["ErpConfigCard"],"fullName":"ErpConfigCard should render action bar with all buttons","status":"passed","title":"should render action bar with all buttons","duration":4.302000000000021,"failureMessages":[],"meta":{}},{"ancestorTitles":["ErpConfigCard"],"fullName":"ErpConfigCard should call onTest when clicking test button","status":"passed","title":"should call onTest when clicking test button","duration":13.125707999999918,"failureMessages":[],"meta":{}},{"ancestorTitles":["ErpConfigCard"],"fullName":"ErpConfigCard should call onDiagnose when clicking health check button","status":"passed","title":"should call onDiagnose when clicking health check button","duration":3.151834000000008,"failureMessages":[],"meta":{}},{"ancestorTitles":["ErpConfigCard"],"fullName":"ErpConfigCard should call onReconcile when clicking reconcile button","status":"passed","title":"should call onReconcile when clicking reconcile button","duration":3.3251249999999573,"failureMessages":[],"meta":{}},{"ancestorTitles":["ErpConfigCard"],"fullName":"ErpConfigCard should call onConfig when clicking config center button","status":"passed","title":"should call onConfig when clicking config center button","duration":253.37250000000006,"failureMessages":[],"meta":{}},{"ancestorTitles":["ErpConfigCard","ErpConfigCard - Summary View"],"fullName":"ErpConfigCard ErpConfigCard - Summary View should show scenario summary instead of expand button","status":"passed","title":"should show scenario summary instead of expand button","duration":3.4181250000001455,"failureMessages":[],"meta":{}},{"ancestorTitles":["ErpConfigCard","ErpConfigCard - Summary View"],"fullName":"ErpConfigCard ErpConfigCard - Summary View should call onViewDetails when details button clicked","status":"passed","title":"should call onViewDetails when details button clicked","duration":2.653707999999824,"failureMessages":[],"meta":{}},{"ancestorTitles":["ErpConfigCard","ErpConfigCard - Summary View"],"fullName":"ErpConfigCard ErpConfigCard - Summary View should display health badge when provided","status":"passed","title":"should display health badge when provided","duration":23.170166999999992,"failureMessages":[],"meta":{}}],"startTime":1772698622049,"endTime":1772698622385.1702,"status":"passed","message":"","name":"/Users/user/nexusarchive/src/components/settings/integration/components/__tests__/ErpConfigCard.test.tsx"},{"assertionResults":[{"ancestorTitles":["ErpConfigList"],"fullName":"ErpConfigList should render configs in grid layout","status":"passed","title":"should render configs in grid layout","duration":22.617707999999993,"failureMessages":[],"meta":{}},{"ancestorTitles":["ErpConfigList"],"fullName":"ErpConfigList should use responsive grid classes","status":"passed","title":"should use responsive grid classes","duration":27.57016699999997,"failureMessages":[],"meta":{}},{"ancestorTitles":["ErpConfigList"],"fullName":"ErpConfigList should show empty state when no configs","status":"passed","title":"should show empty state when no configs","duration":9.280209000000013,"failureMessages":[],"meta":{}},{"ancestorTitles":["ErpConfigList with running counts"],"fullName":"ErpConfigList with running counts should pass running counts to cards","status":"passed","title":"should pass running counts to cards","duration":2.958917000000042,"failureMessages":[],"meta":{}}],"startTime":1772698626122,"endTime":1772698626183.959,"status":"passed","message":"","name":"/Users/user/nexusarchive/src/components/settings/integration/components/__tests__/ErpConfigList.test.tsx"},{"assertionResults":[{"ancestorTitles":["IntegrationSettingsPage"],"fullName":"IntegrationSettingsPage should render page header and add button","status":"passed","title":"should render page header and add button","duration":25.428708000000142,"failureMessages":[],"meta":{}},{"ancestorTitles":["IntegrationSettingsPage"],"fullName":"IntegrationSettingsPage should render connector grid when configs exist","status":"passed","title":"should render connector grid when configs exist","duration":9.93095900000003,"failureMessages":[],"meta":{}},{"ancestorTitles":["IntegrationSettingsPage"],"fullName":"IntegrationSettingsPage should open ConnectorForm modal when clicking config center button","status":"passed","title":"should open ConnectorForm modal when clicking config center button","duration":82.65066700000011,"failureMessages":[],"meta":{}}],"startTime":1772698624260,"endTime":1772698624377.6506,"status":"passed","message":"","name":"/Users/user/nexusarchive/src/components/settings/integration/components/__tests__/IntegrationSettingsPage.test.tsx"},{"assertionResults":[{"ancestorTitles":["SapInterfaceConfigForm","ODATA interface type"],"fullName":"SapInterfaceConfigForm ODATA interface type should render OData configuration fields","status":"passed","title":"should render OData configuration fields","duration":87.186917,"failureMessages":[],"meta":{}},{"ancestorTitles":["SapInterfaceConfigForm","ODATA interface type"],"fullName":"SapInterfaceConfigForm ODATA interface type should show \"即将推出\" alert for RFC interface type","status":"passed","title":"should show \"即将推出\" alert for RFC interface type","duration":5.914708000000019,"failureMessages":[],"meta":{}},{"ancestorTitles":["SapInterfaceConfigForm","ODATA interface type"],"fullName":"SapInterfaceConfigForm ODATA interface type should show \"即将推出\" alert for IDOC interface type","status":"passed","title":"should show \"即将推出\" alert for IDOC interface type","duration":1.41662499999984,"failureMessages":[],"meta":{}},{"ancestorTitles":["SapInterfaceConfigForm","ODATA interface type"],"fullName":"SapInterfaceConfigForm ODATA interface type should show \"即将推出\" alert for GATEWAY interface type","status":"passed","title":"should show \"即将推出\" alert for GATEWAY interface type","duration":1.1525410000001557,"failureMessages":[],"meta":{}},{"ancestorTitles":["SapInterfaceConfigForm","ODATA interface type"],"fullName":"SapInterfaceConfigForm ODATA interface type should disable all fields when disabled prop is true","status":"passed","title":"should disable all fields when disabled prop is true","duration":147.569792,"failureMessages":[],"meta":{}},{"ancestorTitles":["SapInterfaceConfigForm","ODATA interface type"],"fullName":"SapInterfaceConfigForm ODATA interface type should display help text for client number field","status":"passed","title":"should display help text for client number field","duration":4.06570899999997,"failureMessages":[],"meta":{}}],"startTime":1772698622835,"endTime":1772698623083.0657,"status":"passed","message":"","name":"/Users/user/nexusarchive/src/components/settings/integration/components/__tests__/SapInterfaceConfigForm.test.tsx"},{"assertionResults":[{"ancestorTitles":["ScenarioDrawer"],"fullName":"ScenarioDrawer should not render when visible is false","status":"passed","title":"should not render when visible is false","duration":50.09000000000003,"failureMessages":[],"meta":{}},{"ancestorTitles":["ScenarioDrawer"],"fullName":"ScenarioDrawer should render config name when visible","status":"passed","title":"should render config name when visible","duration":8.5445840000001,"failureMessages":[],"meta":{}},{"ancestorTitles":["ScenarioDrawer"],"fullName":"ScenarioDrawer should call onClose when close button clicked","status":"passed","title":"should call onClose when close button clicked","duration":12.141834000000017,"failureMessages":[],"meta":{}},{"ancestorTitles":["ScenarioDrawer"],"fullName":"ScenarioDrawer should render all scenarios","status":"passed","title":"should render all scenarios","duration":2.2495830000000296,"failureMessages":[],"meta":{}},{"ancestorTitles":["ScenarioDrawer"],"fullName":"ScenarioDrawer should call onSync with scenarioId when sync button clicked","status":"passed","title":"should call onSync with scenarioId when sync button clicked","duration":4.870416999999975,"failureMessages":[],"meta":{}},{"ancestorTitles":["ScenarioDrawer"],"fullName":"ScenarioDrawer should render status badges for different states","status":"passed","title":"should render status badges for different states","duration":46.033500000000004,"failureMessages":[],"meta":{}},{"ancestorTitles":["ScenarioDrawer"],"fullName":"ScenarioDrawer should disable sync button when status is running","status":"passed","title":"should disable sync button when status is running","duration":2.1363329999999223,"failureMessages":[],"meta":{}}],"startTime":1772698626111,"endTime":1772698626238.1362,"status":"passed","message":"","name":"/Users/user/nexusarchive/src/components/settings/integration/components/__tests__/ScenarioDrawer.test.tsx"},{"assertionResults":[{"ancestorTitles":["ScenarioSummaryCard"],"fullName":"ScenarioSummaryCard should display scenario count","status":"passed","title":"should display scenario count","duration":15.309625000000096,"failureMessages":[],"meta":{}},{"ancestorTitles":["ScenarioSummaryCard"],"fullName":"ScenarioSummaryCard should display running count when > 0","status":"passed","title":"should display running count when > 0","duration":2.1824589999999944,"failureMessages":[],"meta":{}},{"ancestorTitles":["ScenarioSummaryCard"],"fullName":"ScenarioSummaryCard should display error count when > 0","status":"passed","title":"should display error count when > 0","duration":20.63012500000002,"failureMessages":[],"meta":{}},{"ancestorTitles":["ScenarioSummaryCard"],"fullName":"ScenarioSummaryCard should display idle when no running or errors","status":"passed","title":"should display idle when no running or errors","duration":1.3637079999999742,"failureMessages":[],"meta":{}}],"startTime":1772698626736,"endTime":1772698626775.3638,"status":"passed","message":"","name":"/Users/user/nexusarchive/src/components/settings/integration/components/__tests__/ScenarioSummaryCard.test.tsx"}]}