{"/Users/user/nexusarchive/src/components/settings/integration/components/ScenarioDrawer.tsx": {"path":"/Users/user/nexusarchive/src/components/settings/integration/components/ScenarioDrawer.tsx","statementMap":{"0":{"start":{"line":27,"column":25},"end":{"line":34,"column":null}},"1":{"start":{"line":28,"column":4},"end":{"line":28,"column":null}},"2":{"start":{"line":28,"column":21},"end":{"line":28,"column":null}},"3":{"start":{"line":29,"column":4},"end":{"line":33,"column":null}},"4":{"start":{"line":30,"column":6},"end":{"line":30,"column":null}},"5":{"start":{"line":32,"column":6},"end":{"line":32,"column":null}},"6":{"start":{"line":36,"column":26},"end":{"line":47,"column":null}},"7":{"start":{"line":37,"column":4},"end":{"line":46,"column":null}},"8":{"start":{"line":39,"column":8},"end":{"line":39,"column":null}},"9":{"start":{"line":41,"column":8},"end":{"line":41,"column":null}},"10":{"start":{"line":43,"column":8},"end":{"line":43,"column":null}},"11":{"start":{"line":45,"column":8},"end":{"line":45,"column":null}},"12":{"start":{"line":49,"column":2},"end":{"line":105,"column":null}},"13":{"start":{"line":72,"column":31},"end":{"line":72,"column":null}},"14":{"start":{"line":73,"column":10},"end":{"line":101,"column":null}},"15":{"start":{"line":94,"column":33},"end":{"line":94,"column":null}}},"fnMap":{"0":{"name":"ScenarioDrawer","decl":{"start":{"line":20,"column":16},"end":{"line":20,"column":31}},"loc":{"start":{"line":26,"column":24},"end":{"line":107,"column":null}},"line":26},"1":{"name":"(anonymous_1)","decl":{"start":{"line":27,"column":25},"end":{"line":27,"column":26}},"loc":{"start":{"line":27,"column":50},"end":{"line":34,"column":null}},"line":27},"2":{"name":"(anonymous_2)","decl":{"start":{"line":36,"column":26},"end":{"line":36,"column":27}},"loc":{"start":{"line":36,"column":58},"end":{"line":47,"column":null}},"line":36},"3":{"name":"(anonymous_3)","decl":{"start":{"line":71,"column":23},"end":{"line":71,"column":24}},"loc":{"start":{"line":71,"column":37},"end":{"line":103,"column":9}},"line":71},"4":{"name":"(anonymous_4)","decl":{"start":{"line":94,"column":27},"end":{"line":94,"column":33}},"loc":{"start":{"line":94,"column":33},"end":{"line":94,"column":null}},"line":94}},"branchMap":{"0":{"loc":{"start":{"line":28,"column":4},"end":{"line":28,"column":null}},"type":"if","locations":[{"start":{"line":28,"column":4},"end":{"line":28,"column":null}},{"start":{},"end":{}}],"line":28},"1":{"loc":{"start":{"line":37,"column":4},"end":{"line":46,"column":null}},"type":"switch","locations":[{"start":{"line":38,"column":6},"end":{"line":39,"column":null}},{"start":{"line":40,"column":6},"end":{"line":41,"column":null}},{"start":{"line":42,"column":6},"end":{"line":43,"column":null}},{"start":{"line":44,"column":6},"end":{"line":45,"column":null}}],"line":37},"2":{"loc":{"start":{"line":85,"column":15},"end":{"line":88,"column":null}},"type":"binary-expr","locations":[{"start":{"line":85,"column":15},"end":{"line":85,"column":null}},{"start":{"line":86,"column":16},"end":{"line":88,"column":null}}],"line":85},"3":{"loc":{"start":{"line":90,"column":15},"end":{"line":99,"column":null}},"type":"binary-expr","locations":[{"start":{"line":90,"column":15},"end":{"line":90,"column":null}},{"start":{"line":91,"column":16},"end":{"line":99,"column":null}}],"line":90},"4":{"loc":{"start":{"line":98,"column":19},"end":{"line":98,"column":null}},"type":"cond-expr","locations":[{"start":{"line":98,"column":51},"end":{"line":98,"column":62}},{"start":{"line":98,"column":62},"end":{"line":98,"column":null}}],"line":98}},"s":{"0":7,"1":6,"2":0,"3":6,"4":6,"5":0,"6":7,"7":16,"8":7,"9":1,"10":1,"11":7,"12":7,"13":16,"14":16,"15":1},"f":{"0":7,"1":6,"2":16,"3":16,"4":1},"b":{"0":[0,6],"1":[7,1,1,7],"2":[16,6],"3":[16,4],"4":[2,2]},"meta":{"lastBranch":5,"lastFunction":5,"lastStatement":16,"seen":{"f:20:16:20:31":0,"s:27:25:34:Infinity":0,"f:27:25:27:26":1,"b:28:4:28:Infinity:undefined:undefined:undefined:undefined":0,"s:28:4:28:Infinity":1,"s:28:21:28:Infinity":2,"s:29:4:33:Infinity":3,"s:30:6:30:Infinity":4,"s:32:6:32:Infinity":5,"s:36:26:47:Infinity":6,"f:36:26:36:27":2,"b:38:6:39:Infinity:40:6:41:Infinity:42:6:43:Infinity:44:6:45:Infinity":1,"s:37:4:46:Infinity":7,"s:39:8:39:Infinity":8,"s:41:8:41:Infinity":9,"s:43:8:43:Infinity":10,"s:45:8:45:Infinity":11,"s:49:2:105:Infinity":12,"f:71:23:71:24":3,"s:72:31:72:Infinity":13,"s:73:10:101:Infinity":14,"b:85:15:85:Infinity:86:16:88:Infinity":2,"b:90:15:90:Infinity:91:16:99:Infinity":3,"f:94:27:94:33":4,"s:94:33:94:Infinity":15,"b:98:51:98:62:98:62:98:Infinity":4}}}
}
