{"/Users/user/nexusarchive/src/constants.tsx": {"path":"/Users/user/nexusarchive/src/constants.tsx","statementMap":{"0":{"start":{"line":20,"column":36},"end":{"line":137,"column":null}},"1":{"start":{"line":140,"column":41},"end":{"line":140,"column":null}},"2":{"start":{"line":142,"column":45},"end":{"line":146,"column":null}},"3":{"start":{"line":148,"column":27},"end":{"line":154,"column":null}},"4":{"start":{"line":157,"column":38},"end":{"line":162,"column":null}},"5":{"start":{"line":164,"column":35},"end":{"line":167,"column":null}},"6":{"start":{"line":172,"column":53},"end":{"line":188,"column":null}},"7":{"start":{"line":191,"column":52},"end":{"line":205,"column":null}},"8":{"start":{"line":208,"column":53},"end":{"line":302,"column":null}},"9":{"start":{"line":307,"column":54},"end":{"line":321,"column":null}},"10":{"start":{"line":324,"column":52},"end":{"line":338,"column":null}},"11":{"start":{"line":341,"column":47},"end":{"line":354,"column":null}},"12":{"start":{"line":359,"column":49},"end":{"line":373,"column":null}},"13":{"start":{"line":376,"column":55},"end":{"line":394,"column":null}},"14":{"start":{"line":397,"column":54},"end":{"line":416,"column":null}},"15":{"start":{"line":419,"column":53},"end":{"line":436,"column":null}},"16":{"start":{"line":439,"column":63},"end":{"line":455,"column":null}},"17":{"start":{"line":458,"column":48},"end":{"line":472,"column":null}},"18":{"start":{"line":477,"column":51},"end":{"line":491,"column":null}},"19":{"start":{"line":494,"column":50},"end":{"line":509,"column":null}},"20":{"start":{"line":513,"column":46},"end":{"line":527,"column":null}},"21":{"start":{"line":529,"column":42},"end":{"line":543,"column":null}},"22":{"start":{"line":547,"column":44},"end":{"line":550,"column":null}}},"fnMap":{},"branchMap":{},"s":{"0":1,"1":1,"2":1,"3":1,"4":1,"5":1,"6":1,"7":1,"8":1,"9":1,"10":1,"11":1,"12":1,"13":1,"14":1,"15":1,"16":1,"17":1,"18":1,"19":1,"20":1,"21":1,"22":1},"f":{},"b":{},"meta":{"lastBranch":0,"lastFunction":0,"lastStatement":23,"seen":{"s:20:36:137:Infinity":0,"s:140:41:140:Infinity":1,"s:142:45:146:Infinity":2,"s:148:27:154:Infinity":3,"s:157:38:162:Infinity":4,"s:164:35:167:Infinity":5,"s:172:53:188:Infinity":6,"s:191:52:205:Infinity":7,"s:208:53:302:Infinity":8,"s:307:54:321:Infinity":9,"s:324:52:338:Infinity":10,"s:341:47:354:Infinity":11,"s:359:49:373:Infinity":12,"s:376:55:394:Infinity":13,"s:397:54:416:Infinity":14,"s:419:53:436:Infinity":15,"s:439:63:455:Infinity":16,"s:458:48:472:Infinity":17,"s:477:51:491:Infinity":18,"s:494:50:509:Infinity":19,"s:513:46:527:Infinity":20,"s:529:42:543:Infinity":21,"s:547:44:550:Infinity":22}}}
,"/Users/user/nexusarchive/src/types.ts": {"path":"/Users/user/nexusarchive/src/types.ts","statementMap":{"0":{"start":{"line":3,"column":7},"end":{"line":3,"column":null}},"1":{"start":{"line":4,"column":2},"end":{"line":4,"column":null}},"2":{"start":{"line":5,"column":2},"end":{"line":5,"column":null}},"3":{"start":{"line":6,"column":2},"end":{"line":6,"column":null}},"4":{"start":{"line":7,"column":2},"end":{"line":7,"column":null}},"5":{"start":{"line":8,"column":2},"end":{"line":8,"column":null}},"6":{"start":{"line":9,"column":2},"end":{"line":9,"column":null}},"7":{"start":{"line":10,"column":2},"end":{"line":10,"column":null}},"8":{"start":{"line":11,"column":2},"end":{"line":11,"column":null}},"9":{"start":{"line":12,"column":2},"end":{"line":12,"column":null}},"10":{"start":{"line":13,"column":2},"end":{"line":13,"column":null}},"11":{"start":{"line":14,"column":2},"end":{"line":14,"column":null}},"12":{"start":{"line":15,"column":2},"end":{"line":15,"column":null}},"13":{"start":{"line":16,"column":2},"end":{"line":16,"column":null}},"14":{"start":{"line":17,"column":2},"end":{"line":17,"column":null}},"15":{"start":{"line":18,"column":2},"end":{"line":18,"column":null}},"16":{"start":{"line":19,"column":2},"end":{"line":19,"column":null}},"17":{"start":{"line":20,"column":2},"end":{"line":20,"column":null}},"18":{"start":{"line":21,"column":2},"end":{"line":21,"column":null}},"19":{"start":{"line":3,"column":12},"end":{"line":3,"column":null}}},"fnMap":{"0":{"name":"(anonymous_0)","decl":{"start":{"line":3,"column":7},"end":{"line":3,"column":12}},"loc":{"start":{"line":3,"column":7},"end":{"line":3,"column":null}},"line":3}},"branchMap":{"0":{"loc":{"start":{"line":3,"column":12},"end":{"line":3,"column":null}},"type":"binary-expr","locations":[{"start":{"line":3,"column":12},"end":{"line":3,"column":null}},{"start":{"line":3,"column":12},"end":{"line":3,"column":null}}],"line":3}},"s":{"0":2,"1":2,"2":2,"3":2,"4":2,"5":2,"6":2,"7":2,"8":2,"9":2,"10":2,"11":2,"12":2,"13":2,"14":2,"15":2,"16":2,"17":2,"18":2,"19":2},"f":{"0":2},"b":{"0":[2,2]},"meta":{"lastBranch":1,"lastFunction":1,"lastStatement":20,"seen":{"s:3:7:3:Infinity":0,"f:3:7:3:12":0,"s:4:2:4:Infinity":1,"s:5:2:5:Infinity":2,"s:6:2:6:Infinity":3,"s:7:2:7:Infinity":4,"s:8:2:8:Infinity":5,"s:9:2:9:Infinity":6,"s:10:2:10:Infinity":7,"s:11:2:11:Infinity":8,"s:12:2:12:Infinity":9,"s:13:2:13:Infinity":10,"s:14:2:14:Infinity":11,"s:15:2:15:Infinity":12,"s:16:2:16:Infinity":13,"s:17:2:17:Infinity":14,"s:18:2:18:Infinity":15,"s:19:2:19:Infinity":16,"s:20:2:20:Infinity":17,"s:21:2:21:Infinity":18,"s:3:12:3:Infinity":19,"b:3:12:3:Infinity:3:12:3:Infinity":0}}}
,"/Users/user/nexusarchive/src/api/attachments.ts": {"path":"/Users/user/nexusarchive/src/api/attachments.ts","statementMap":{"0":{"start":{"line":36,"column":30},"end":{"line":117,"column":null}},"1":{"start":{"line":41,"column":8},"end":{"line":62,"column":null}},"2":{"start":{"line":43,"column":41},"end":{"line":46,"column":null}},"3":{"start":{"line":48,"column":26},"end":{"line":48,"column":null}},"4":{"start":{"line":49,"column":26},"end":{"line":49,"column":null}},"5":{"start":{"line":52,"column":12},"end":{"line":58,"column":null}},"6":{"start":{"line":53,"column":29},"end":{"line":53,"column":null}},"7":{"start":{"line":53,"column":45},"end":{"line":53,"column":65}},"8":{"start":{"line":54,"column":16},"end":{"line":57,"column":null}},"9":{"start":{"line":60,"column":12},"end":{"line":60,"column":null}},"10":{"start":{"line":61,"column":12},"end":{"line":61,"column":null}},"11":{"start":{"line":69,"column":20},"end":{"line":69,"column":null}},"12":{"start":{"line":70,"column":8},"end":{"line":70,"column":null}},"13":{"start":{"line":77,"column":20},"end":{"line":81,"column":null}},"14":{"start":{"line":82,"column":8},"end":{"line":82,"column":null}},"15":{"start":{"line":93,"column":25},"end":{"line":93,"column":null}},"16":{"start":{"line":94,"column":8},"end":{"line":94,"column":null}},"17":{"start":{"line":95,"column":8},"end":{"line":95,"column":null}},"18":{"start":{"line":96,"column":8},"end":{"line":96,"column":null}},"19":{"start":{"line":98,"column":20},"end":{"line":100,"column":null}},"20":{"start":{"line":101,"column":8},"end":{"line":101,"column":null}},"21":{"start":{"line":108,"column":8},"end":{"line":108,"column":null}},"22":{"start":{"line":115,"column":8},"end":{"line":115,"column":null}}},"fnMap":{"0":{"name":"(anonymous_0)","decl":{"start":{"line":40,"column":18},"end":{"line":40,"column":25}},"loc":{"start":{"line":40,"column":74},"end":{"line":63,"column":null}},"line":40},"1":{"name":"(anonymous_1)","decl":{"start":{"line":52,"column":29},"end":{"line":52,"column":37}},"loc":{"start":{"line":52,"column":37},"end":{"line":58,"column":13}},"line":52},"2":{"name":"(anonymous_2)","decl":{"start":{"line":53,"column":40},"end":{"line":53,"column":45}},"loc":{"start":{"line":53,"column":45},"end":{"line":53,"column":65}},"line":53},"3":{"name":"(anonymous_3)","decl":{"start":{"line":68,"column":14},"end":{"line":68,"column":21}},"loc":{"start":{"line":68,"column":70},"end":{"line":71,"column":null}},"line":68},"4":{"name":"(anonymous_4)","decl":{"start":{"line":76,"column":10},"end":{"line":76,"column":17}},"loc":{"start":{"line":76,"column":114},"end":{"line":83,"column":null}},"line":76},"5":{"name":"(anonymous_5)","decl":{"start":{"line":88,"column":19},"end":{"line":88,"column":null}},"loc":{"start":{"line":92,"column":34},"end":{"line":102,"column":null}},"line":92},"6":{"name":"(anonymous_6)","decl":{"start":{"line":107,"column":12},"end":{"line":107,"column":19}},"loc":{"start":{"line":107,"column":59},"end":{"line":109,"column":null}},"line":107},"7":{"name":"(anonymous_7)","decl":{"start":{"line":114,"column":20},"end":{"line":114,"column":21}},"loc":{"start":{"line":114,"column":48},"end":{"line":116,"column":null}},"line":114}},"branchMap":{"0":{"loc":{"start":{"line":48,"column":26},"end":{"line":48,"column":null}},"type":"binary-expr","locations":[{"start":{"line":48,"column":26},"end":{"line":48,"column":48}},{"start":{"line":48,"column":48},"end":{"line":48,"column":null}}],"line":48},"1":{"loc":{"start":{"line":49,"column":26},"end":{"line":49,"column":null}},"type":"binary-expr","locations":[{"start":{"line":49,"column":26},"end":{"line":49,"column":48}},{"start":{"line":49,"column":48},"end":{"line":49,"column":null}}],"line":49},"2":{"loc":{"start":{"line":56,"column":29},"end":{"line":56,"column":null}},"type":"binary-expr","locations":[{"start":{"line":56,"column":29},"end":{"line":56,"column":53}},{"start":{"line":56,"column":53},"end":{"line":56,"column":null}}],"line":56},"3":{"loc":{"start":{"line":70,"column":15},"end":{"line":70,"column":null}},"type":"binary-expr","locations":[{"start":{"line":70,"column":15},"end":{"line":70,"column":32}},{"start":{"line":70,"column":32},"end":{"line":70,"column":null}}],"line":70},"4":{"loc":{"start":{"line":76,"column":52},"end":{"line":76,"column":114}},"type":"default-arg","locations":[{"start":{"line":76,"column":77},"end":{"line":76,"column":114}}],"line":76},"5":{"loc":{"start":{"line":91,"column":8},"end":{"line":91,"column":null}},"type":"default-arg","locations":[{"start":{"line":91,"column":33},"end":{"line":91,"column":null}}],"line":91}},"s":{"0":1,"1":0,"2":0,"3":0,"4":0,"5":0,"6":0,"7":0,"8":0,"9":0,"10":0,"11":0,"12":0,"13":0,"14":0,"15":0,"16":0,"17":0,"18":0,"19":0,"20":0,"21":0,"22":0},"f":{"0":0,"1":0,"2":0,"3":0,"4":0,"5":0,"6":0,"7":0},"b":{"0":[0,0],"1":[0,0],"2":[0,0],"3":[0,0],"4":[0],"5":[0]},"meta":{"lastBranch":6,"lastFunction":8,"lastStatement":23,"seen":{"s:36:30:117:Infinity":0,"f:40:18:40:25":0,"s:41:8:62:Infinity":1,"s:43:41:46:Infinity":2,"s:48:26:48:Infinity":3,"b:48:26:48:48:48:48:48:Infinity":0,"s:49:26:49:Infinity":4,"b:49:26:49:48:49:48:49:Infinity":1,"s:52:12:58:Infinity":5,"f:52:29:52:37":1,"s:53:29:53:Infinity":6,"f:53:40:53:45":2,"s:53:45:53:65":7,"s:54:16:57:Infinity":8,"b:56:29:56:53:56:53:56:Infinity":2,"s:60:12:60:Infinity":9,"s:61:12:61:Infinity":10,"f:68:14:68:21":3,"s:69:20:69:Infinity":11,"s:70:8:70:Infinity":12,"b:70:15:70:32:70:32:70:Infinity":3,"f:76:10:76:17":4,"b:76:77:76:114":4,"s:77:20:81:Infinity":13,"s:82:8:82:Infinity":14,"f:88:19:88:Infinity":5,"b:91:33:91:Infinity":5,"s:93:25:93:Infinity":15,"s:94:8:94:Infinity":16,"s:95:8:95:Infinity":17,"s:96:8:96:Infinity":18,"s:98:20:100:Infinity":19,"s:101:8:101:Infinity":20,"f:107:12:107:19":6,"s:108:8:108:Infinity":21,"f:114:20:114:21":7,"s:115:8:115:Infinity":22}}}
,"/Users/user/nexusarchive/src/api/client.ts": {"path":"/Users/user/nexusarchive/src/api/client.ts","statementMap":{"0":{"start":{"line":4,"column":16},"end":{"line":4,"column":null}},"1":{"start":{"line":6,"column":22},"end":{"line":11,"column":null}},"2":{"start":{"line":14,"column":0},"end":{"line":29,"column":null}},"3":{"start":{"line":16,"column":8},"end":{"line":23,"column":null}},"4":{"start":{"line":17,"column":26},"end":{"line":17,"column":null}},"5":{"start":{"line":18,"column":12},"end":{"line":20,"column":null}},"6":{"start":{"line":19,"column":16},"end":{"line":19,"column":null}},"7":{"start":{"line":24,"column":8},"end":{"line":24,"column":null}},"8":{"start":{"line":27,"column":8},"end":{"line":27,"column":null}},"9":{"start":{"line":32,"column":0},"end":{"line":67,"column":null}},"10":{"start":{"line":34,"column":8},"end":{"line":34,"column":null}},"11":{"start":{"line":37,"column":8},"end":{"line":64,"column":null}},"12":{"start":{"line":38,"column":37},"end":{"line":38,"column":null}},"13":{"start":{"line":39,"column":24},"end":{"line":39,"column":null}},"14":{"start":{"line":40,"column":32},"end":{"line":40,"column":null}},"15":{"start":{"line":41,"column":32},"end":{"line":41,"column":null}},"16":{"start":{"line":43,"column":12},"end":{"line":57,"column":null}},"17":{"start":{"line":44,"column":42},"end":{"line":44,"column":null}},"18":{"start":{"line":45,"column":16},"end":{"line":47,"column":null}},"19":{"start":{"line":46,"column":20},"end":{"line":46,"column":null}},"20":{"start":{"line":49,"column":16},"end":{"line":56,"column":null}},"21":{"start":{"line":50,"column":32},"end":{"line":50,"column":null}},"22":{"start":{"line":51,"column":20},"end":{"line":55,"column":null}},"23":{"start":{"line":52,"column":24},"end":{"line":52,"column":null}},"24":{"start":{"line":54,"column":24},"end":{"line":54,"column":null}},"25":{"start":{"line":61,"column":12},"end":{"line":63,"column":null}},"26":{"start":{"line":62,"column":16},"end":{"line":62,"column":null}},"27":{"start":{"line":65,"column":8},"end":{"line":65,"column":null}}},"fnMap":{"0":{"name":"(anonymous_0)","decl":{"start":{"line":15,"column":4},"end":{"line":15,"column":5}},"loc":{"start":{"line":15,"column":16},"end":{"line":25,"column":null}},"line":15},"1":{"name":"(anonymous_1)","decl":{"start":{"line":26,"column":4},"end":{"line":26,"column":5}},"loc":{"start":{"line":26,"column":15},"end":{"line":28,"column":null}},"line":26},"2":{"name":"(anonymous_2)","decl":{"start":{"line":33,"column":4},"end":{"line":33,"column":5}},"loc":{"start":{"line":33,"column":18},"end":{"line":35,"column":null}},"line":33},"3":{"name":"(anonymous_3)","decl":{"start":{"line":36,"column":4},"end":{"line":36,"column":5}},"loc":{"start":{"line":36,"column":15},"end":{"line":66,"column":null}},"line":36}},"branchMap":{"0":{"loc":{"start":{"line":18,"column":12},"end":{"line":20,"column":null}},"type":"if","locations":[{"start":{"line":18,"column":12},"end":{"line":20,"column":null}},{"start":{},"end":{}}],"line":18},"1":{"loc":{"start":{"line":37,"column":8},"end":{"line":64,"column":null}},"type":"if","locations":[{"start":{"line":37,"column":8},"end":{"line":64,"column":null}},{"start":{},"end":{}}],"line":37},"2":{"loc":{"start":{"line":39,"column":24},"end":{"line":39,"column":null}},"type":"binary-expr","locations":[{"start":{"line":39,"column":24},"end":{"line":39,"column":45}},{"start":{"line":39,"column":45},"end":{"line":39,"column":null}}],"line":39},"3":{"loc":{"start":{"line":41,"column":32},"end":{"line":41,"column":null}},"type":"binary-expr","locations":[{"start":{"line":41,"column":32},"end":{"line":41,"column":50}},{"start":{"line":41,"column":50},"end":{"line":41,"column":null}}],"line":41},"4":{"loc":{"start":{"line":43,"column":12},"end":{"line":57,"column":null}},"type":"if","locations":[{"start":{"line":43,"column":12},"end":{"line":57,"column":null}},{"start":{},"end":{}}],"line":43},"5":{"loc":{"start":{"line":43,"column":16},"end":{"line":43,"column":44}},"type":"binary-expr","locations":[{"start":{"line":43,"column":16},"end":{"line":43,"column":31}},{"start":{"line":43,"column":31},"end":{"line":43,"column":44}}],"line":43},"6":{"loc":{"start":{"line":45,"column":16},"end":{"line":47,"column":null}},"type":"if","locations":[{"start":{"line":45,"column":16},"end":{"line":47,"column":null}},{"start":{},"end":{}}],"line":45},"7":{"loc":{"start":{"line":49,"column":16},"end":{"line":56,"column":null}},"type":"if","locations":[{"start":{"line":49,"column":16},"end":{"line":56,"column":null}},{"start":{},"end":{}}],"line":49},"8":{"loc":{"start":{"line":49,"column":20},"end":{"line":49,"column":152}},"type":"binary-expr","locations":[{"start":{"line":49,"column":20},"end":{"line":49,"column":53}},{"start":{"line":49,"column":53},"end":{"line":49,"column":101}},{"start":{"line":49,"column":101},"end":{"line":49,"column":152}}],"line":49},"9":{"loc":{"start":{"line":50,"column":32},"end":{"line":50,"column":null}},"type":"binary-expr","locations":[{"start":{"line":50,"column":32},"end":{"line":50,"column":49}},{"start":{"line":50,"column":49},"end":{"line":50,"column":null}}],"line":50},"10":{"loc":{"start":{"line":51,"column":20},"end":{"line":55,"column":null}},"type":"if","locations":[{"start":{"line":51,"column":20},"end":{"line":55,"column":null}},{"start":{"line":53,"column":27},"end":{"line":55,"column":null}}],"line":51},"11":{"loc":{"start":{"line":51,"column":24},"end":{"line":51,"column":71}},"type":"binary-expr","locations":[{"start":{"line":51,"column":24},"end":{"line":51,"column":51}},{"start":{"line":51,"column":51},"end":{"line":51,"column":71}}],"line":51},"12":{"loc":{"start":{"line":61,"column":12},"end":{"line":63,"column":null}},"type":"if","locations":[{"start":{"line":61,"column":12},"end":{"line":63,"column":null}},{"start":{},"end":{}}],"line":61},"13":{"loc":{"start":{"line":61,"column":16},"end":{"line":61,"column":38}},"type":"binary-expr","locations":[{"start":{"line":61,"column":16},"end":{"line":61,"column":24}},{"start":{"line":61,"column":24},"end":{"line":61,"column":38}}],"line":61}},"s":{"0":2,"1":2,"2":2,"3":4,"4":4,"5":4,"6":2,"7":4,"8":0,"9":2,"10":0,"11":4,"12":2,"13":2,"14":2,"15":2,"16":2,"17":1,"18":1,"19":1,"20":1,"21":1,"22":1,"23":0,"24":1,"25":2,"26":2,"27":4},"f":{"0":4,"1":0,"2":0,"3":4},"b":{"0":[2,2],"1":[2,2],"2":[2,0],"3":[2,0],"4":[1,1],"5":[2,1],"6":[1,0],"7":[1,0],"8":[1,1,1],"9":[1,0],"10":[0,1],"11":[1,1],"12":[2,0],"13":[2,2]},"meta":{"lastBranch":14,"lastFunction":4,"lastStatement":28,"seen":{"s:4:16:4:Infinity":0,"s:6:22:11:Infinity":1,"s:14:0:29:Infinity":2,"f:15:4:15:5":0,"s:16:8:23:Infinity":3,"s:17:26:17:Infinity":4,"b:18:12:20:Infinity:undefined:undefined:undefined:undefined":0,"s:18:12:20:Infinity":5,"s:19:16:19:Infinity":6,"s:24:8:24:Infinity":7,"f:26:4:26:5":1,"s:27:8:27:Infinity":8,"s:32:0:67:Infinity":9,"f:33:4:33:5":2,"s:34:8:34:Infinity":10,"f:36:4:36:5":3,"b:37:8:64:Infinity:undefined:undefined:undefined:undefined":1,"s:37:8:64:Infinity":11,"s:38:37:38:Infinity":12,"s:39:24:39:Infinity":13,"b:39:24:39:45:39:45:39:Infinity":2,"s:40:32:40:Infinity":14,"s:41:32:41:Infinity":15,"b:41:32:41:50:41:50:41:Infinity":3,"b:43:12:57:Infinity:undefined:undefined:undefined:undefined":4,"s:43:12:57:Infinity":16,"b:43:16:43:31:43:31:43:44":5,"s:44:42:44:Infinity":17,"b:45:16:47:Infinity:undefined:undefined:undefined:undefined":6,"s:45:16:47:Infinity":18,"s:46:20:46:Infinity":19,"b:49:16:56:Infinity:undefined:undefined:undefined:undefined":7,"s:49:16:56:Infinity":20,"b:49:20:49:53:49:53:49:101:49:101:49:152":8,"s:50:32:50:Infinity":21,"b:50:32:50:49:50:49:50:Infinity":9,"b:51:20:55:Infinity:53:27:55:Infinity":10,"s:51:20:55:Infinity":22,"b:51:24:51:51:51:51:51:71":11,"s:52:24:52:Infinity":23,"s:54:24:54:Infinity":24,"b:61:12:63:Infinity:undefined:undefined:undefined:undefined":12,"s:61:12:63:Infinity":25,"b:61:16:61:24:61:24:61:38":13,"s:62:16:62:Infinity":26,"s:65:8:65:Infinity":27}}}
,"/Users/user/nexusarchive/src/components/ArchiveListView.tsx": {"path":"/Users/user/nexusarchive/src/components/ArchiveListView.tsx","statementMap":{"0":{"start":{"line":41,"column":100},"end":{"line":54,"column":null}},"1":{"start":{"line":67,"column":129},"end":{"line":67,"column":null}},"2":{"start":{"line":77,"column":35},"end":{"line":82,"column":null}},"3":{"start":{"line":84,"column":48},"end":{"line":89,"column":null}},"4":{"start":{"line":91,"column":46},"end":{"line":95,"column":null}},"5":{"start":{"line":98,"column":128},"end":{"line":106,"column":null}},"6":{"start":{"line":108,"column":29},"end":{"line":111,"column":null}},"7":{"start":{"line":109,"column":2},"end":{"line":109,"column":null}},"8":{"start":{"line":109,"column":13},"end":{"line":109,"column":null}},"9":{"start":{"line":110,"column":2},"end":{"line":110,"column":null}},"10":{"start":{"line":113,"column":21},"end":{"line":116,"column":null}},"11":{"start":{"line":114,"column":2},"end":{"line":114,"column":null}},"12":{"start":{"line":114,"column":15},"end":{"line":114,"column":null}},"13":{"start":{"line":115,"column":2},"end":{"line":115,"column":null}},"14":{"start":{"line":119,"column":33},"end":{"line":132,"column":null}},"15":{"start":{"line":120,"column":2},"end":{"line":120,"column":null}},"16":{"start":{"line":120,"column":13},"end":{"line":120,"column":null}},"17":{"start":{"line":121,"column":12},"end":{"line":121,"column":null}},"18":{"start":{"line":122,"column":2},"end":{"line":122,"column":null}},"19":{"start":{"line":122,"column":52},"end":{"line":122,"column":null}},"20":{"start":{"line":123,"column":2},"end":{"line":123,"column":null}},"21":{"start":{"line":123,"column":49},"end":{"line":123,"column":null}},"22":{"start":{"line":124,"column":2},"end":{"line":124,"column":null}},"23":{"start":{"line":124,"column":49},"end":{"line":124,"column":null}},"24":{"start":{"line":125,"column":2},"end":{"line":125,"column":null}},"25":{"start":{"line":125,"column":49},"end":{"line":125,"column":null}},"26":{"start":{"line":126,"column":2},"end":{"line":126,"column":null}},"27":{"start":{"line":126,"column":46},"end":{"line":126,"column":null}},"28":{"start":{"line":127,"column":2},"end":{"line":127,"column":null}},"29":{"start":{"line":127,"column":26},"end":{"line":127,"column":null}},"30":{"start":{"line":128,"column":2},"end":{"line":128,"column":null}},"31":{"start":{"line":128,"column":26},"end":{"line":128,"column":null}},"32":{"start":{"line":129,"column":2},"end":{"line":129,"column":null}},"33":{"start":{"line":129,"column":26},"end":{"line":129,"column":null}},"34":{"start":{"line":130,"column":2},"end":{"line":130,"column":null}},"35":{"start":{"line":130,"column":26},"end":{"line":130,"column":null}},"36":{"start":{"line":131,"column":2},"end":{"line":131,"column":null}},"37":{"start":{"line":134,"column":24},"end":{"line":211,"column":null}},"38":{"start":{"line":135,"column":24},"end":{"line":135,"column":null}},"39":{"start":{"line":136,"column":19},"end":{"line":136,"column":null}},"40":{"start":{"line":137,"column":15},"end":{"line":137,"column":null}},"41":{"start":{"line":138,"column":21},"end":{"line":138,"column":null}},"42":{"start":{"line":140,"column":2},"end":{"line":160,"column":null}},"43":{"start":{"line":141,"column":24},"end":{"line":141,"column":null}},"44":{"start":{"line":142,"column":19},"end":{"line":144,"column":null}},"45":{"start":{"line":146,"column":4},"end":{"line":159,"column":null}},"46":{"start":{"line":162,"column":2},"end":{"line":177,"column":null}},"47":{"start":{"line":163,"column":4},"end":{"line":176,"column":null}},"48":{"start":{"line":179,"column":2},"end":{"line":194,"column":null}},"49":{"start":{"line":180,"column":4},"end":{"line":193,"column":null}},"50":{"start":{"line":196,"column":2},"end":{"line":210,"column":null}},"51":{"start":{"line":217,"column":63},"end":{"line":2027,"column":null}},"52":{"start":{"line":225,"column":25},"end":{"line":227,"column":null}},"53":{"start":{"line":229,"column":16},"end":{"line":229,"column":null}},"54":{"start":{"line":230,"column":19},"end":{"line":230,"column":null}},"55":{"start":{"line":231,"column":17},"end":{"line":231,"column":null}},"56":{"start":{"line":234,"column":32},"end":{"line":234,"column":null}},"57":{"start":{"line":235,"column":32},"end":{"line":235,"column":null}},"58":{"start":{"line":236,"column":38},"end":{"line":236,"column":null}},"59":{"start":{"line":237,"column":34},"end":{"line":237,"column":null}},"60":{"start":{"line":238,"column":34},"end":{"line":238,"column":null}},"61":{"start":{"line":241,"column":8},"end":{"line":241,"column":null}},"62":{"start":{"line":242,"column":23},"end":{"line":242,"column":null}},"63":{"start":{"line":243,"column":40},"end":{"line":243,"column":null}},"64":{"start":{"line":246,"column":2},"end":{"line":249,"column":null}},"65":{"start":{"line":247,"column":19},"end":{"line":247,"column":null}},"66":{"start":{"line":248,"column":4},"end":{"line":248,"column":null}},"67":{"start":{"line":252,"column":2},"end":{"line":269,"column":null}},"68":{"start":{"line":253,"column":21},"end":{"line":267,"column":null}},"69":{"start":{"line":254,"column":6},"end":{"line":266,"column":null}},"70":{"start":{"line":255,"column":20},"end":{"line":255,"column":null}},"71":{"start":{"line":256,"column":8},"end":{"line":263,"column":null}},"72":{"start":{"line":257,"column":10},"end":{"line":262,"column":null}},"73":{"start":{"line":258,"column":44},"end":{"line":261,"column":14}},"74":{"start":{"line":268,"column":4},"end":{"line":268,"column":null}},"75":{"start":{"line":271,"column":38},"end":{"line":271,"column":null}},"76":{"start":{"line":272,"column":38},"end":{"line":272,"column":null}},"77":{"start":{"line":273,"column":32},"end":{"line":273,"column":null}},"78":{"start":{"line":274,"column":30},"end":{"line":274,"column":null}},"79":{"start":{"line":275,"column":36},"end":{"line":275,"column":null}},"80":{"start":{"line":277,"column":8},"end":{"line":291,"column":null}},"81":{"start":{"line":278,"column":4},"end":{"line":290,"column":null}},"82":{"start":{"line":281,"column":8},"end":{"line":281,"column":null}},"83":{"start":{"line":283,"column":8},"end":{"line":283,"column":null}},"84":{"start":{"line":285,"column":8},"end":{"line":285,"column":null}},"85":{"start":{"line":287,"column":8},"end":{"line":287,"column":null}},"86":{"start":{"line":289,"column":8},"end":{"line":289,"column":null}},"87":{"start":{"line":293,"column":8},"end":{"line":296,"column":null}},"88":{"start":{"line":294,"column":4},"end":{"line":294,"column":null}},"89":{"start":{"line":294,"column":29},"end":{"line":294,"column":null}},"90":{"start":{"line":295,"column":4},"end":{"line":295,"column":null}},"91":{"start":{"line":298,"column":21},"end":{"line":298,"column":null}},"92":{"start":{"line":301,"column":46},"end":{"line":301,"column":null}},"93":{"start":{"line":302,"column":44},"end":{"line":302,"column":null}},"94":{"start":{"line":305,"column":50},"end":{"line":305,"column":null}},"95":{"start":{"line":306,"column":36},"end":{"line":306,"column":null}},"96":{"start":{"line":308,"column":27},"end":{"line":311,"column":null}},"97":{"start":{"line":309,"column":4},"end":{"line":309,"column":null}},"98":{"start":{"line":310,"column":4},"end":{"line":310,"column":null}},"99":{"start":{"line":314,"column":8},"end":{"line":323,"column":null}},"100":{"start":{"line":315,"column":4},"end":{"line":322,"column":null}},"101":{"start":{"line":316,"column":23},"end":{"line":316,"column":null}},"102":{"start":{"line":317,"column":6},"end":{"line":319,"column":null}},"103":{"start":{"line":318,"column":8},"end":{"line":318,"column":null}},"104":{"start":{"line":321,"column":6},"end":{"line":321,"column":null}},"105":{"start":{"line":326,"column":2},"end":{"line":330,"column":null}},"106":{"start":{"line":327,"column":4},"end":{"line":329,"column":null}},"107":{"start":{"line":328,"column":6},"end":{"line":328,"column":null}},"108":{"start":{"line":332,"column":8},"end":{"line":368,"column":null}},"109":{"start":{"line":333,"column":4},"end":{"line":333,"column":null}},"110":{"start":{"line":334,"column":4},"end":{"line":334,"column":null}},"111":{"start":{"line":335,"column":4},"end":{"line":335,"column":null}},"112":{"start":{"line":336,"column":4},"end":{"line":367,"column":null}},"113":{"start":{"line":337,"column":24},"end":{"line":337,"column":null}},"114":{"start":{"line":338,"column":21},"end":{"line":349,"column":null}},"115":{"start":{"line":340,"column":8},"end":{"line":343,"column":null}},"116":{"start":{"line":341,"column":30},"end":{"line":341,"column":null}},"117":{"start":{"line":342,"column":10},"end":{"line":342,"column":null}},"118":{"start":{"line":342,"column":43},"end":{"line":342,"column":null}},"119":{"start":{"line":345,"column":8},"end":{"line":345,"column":null}},"120":{"start":{"line":345,"column":25},"end":{"line":345,"column":null}},"121":{"start":{"line":346,"column":8},"end":{"line":348,"column":null}},"122":{"start":{"line":347,"column":10},"end":{"line":347,"column":null}},"123":{"start":{"line":350,"column":20},"end":{"line":350,"column":null}},"124":{"start":{"line":351,"column":12},"end":{"line":351,"column":null}},"125":{"start":{"line":352,"column":20},"end":{"line":352,"column":null}},"126":{"start":{"line":353,"column":26},"end":{"line":356,"column":null}},"127":{"start":{"line":353,"column":52},"end":{"line":356,"column":8}},"128":{"start":{"line":357,"column":6},"end":{"line":357,"column":null}},"129":{"start":{"line":358,"column":6},"end":{"line":358,"column":null}},"130":{"start":{"line":358,"column":29},"end":{"line":358,"column":54}},"131":{"start":{"line":360,"column":6},"end":{"line":360,"column":null}},"132":{"start":{"line":362,"column":6},"end":{"line":362,"column":null}},"133":{"start":{"line":363,"column":6},"end":{"line":363,"column":null}},"134":{"start":{"line":364,"column":6},"end":{"line":364,"column":null}},"135":{"start":{"line":366,"column":6},"end":{"line":366,"column":null}},"136":{"start":{"line":370,"column":8},"end":{"line":402,"column":null}},"137":{"start":{"line":371,"column":4},"end":{"line":371,"column":null}},"138":{"start":{"line":372,"column":4},"end":{"line":372,"column":null}},"139":{"start":{"line":373,"column":4},"end":{"line":373,"column":null}},"140":{"start":{"line":374,"column":4},"end":{"line":401,"column":null}},"141":{"start":{"line":375,"column":21},"end":{"line":383,"column":null}},"142":{"start":{"line":385,"column":6},"end":{"line":387,"column":null}},"143":{"start":{"line":386,"column":8},"end":{"line":386,"column":null}},"144":{"start":{"line":389,"column":30},"end":{"line":389,"column":null}},"145":{"start":{"line":390,"column":84},"end":{"line":390,"column":null}},"146":{"start":{"line":391,"column":27},"end":{"line":391,"column":null}},"147":{"start":{"line":391,"column":59},"end":{"line":391,"column":99}},"148":{"start":{"line":392,"column":6},"end":{"line":392,"column":null}},"149":{"start":{"line":393,"column":6},"end":{"line":393,"column":null}},"150":{"start":{"line":394,"column":6},"end":{"line":394,"column":null}},"151":{"start":{"line":396,"column":6},"end":{"line":396,"column":null}},"152":{"start":{"line":397,"column":6},"end":{"line":397,"column":null}},"153":{"start":{"line":398,"column":6},"end":{"line":398,"column":null}},"154":{"start":{"line":400,"column":6},"end":{"line":400,"column":null}},"155":{"start":{"line":404,"column":8},"end":{"line":409,"column":null}},"156":{"start":{"line":405,"column":4},"end":{"line":407,"column":null}},"157":{"start":{"line":406,"column":6},"end":{"line":406,"column":null}},"158":{"start":{"line":408,"column":4},"end":{"line":408,"column":null}},"159":{"start":{"line":412,"column":2},"end":{"line":414,"column":null}},"160":{"start":{"line":413,"column":4},"end":{"line":413,"column":null}},"161":{"start":{"line":416,"column":2},"end":{"line":418,"column":null}},"162":{"start":{"line":417,"column":4},"end":{"line":417,"column":null}},"163":{"start":{"line":420,"column":42},"end":{"line":420,"column":null}},"164":{"start":{"line":421,"column":34},"end":{"line":421,"column":null}},"165":{"start":{"line":423,"column":38},"end":{"line":423,"column":null}},"166":{"start":{"line":426,"column":44},"end":{"line":426,"column":null}},"167":{"start":{"line":427,"column":34},"end":{"line":427,"column":null}},"168":{"start":{"line":428,"column":50},"end":{"line":428,"column":null}},"169":{"start":{"line":431,"column":44},"end":{"line":431,"column":null}},"170":{"start":{"line":432,"column":34},"end":{"line":432,"column":null}},"171":{"start":{"line":433,"column":34},"end":{"line":433,"column":null}},"172":{"start":{"line":434,"column":42},"end":{"line":434,"column":null}},"173":{"start":{"line":437,"column":50},"end":{"line":437,"column":null}},"174":{"start":{"line":438,"column":46},"end":{"line":438,"column":null}},"175":{"start":{"line":442,"column":44},"end":{"line":442,"column":null}},"176":{"start":{"line":443,"column":28},"end":{"line":443,"column":null}},"177":{"start":{"line":444,"column":30},"end":{"line":444,"column":null}},"178":{"start":{"line":447,"column":56},"end":{"line":447,"column":null}},"179":{"start":{"line":450,"column":38},"end":{"line":450,"column":null}},"180":{"start":{"line":451,"column":23},"end":{"line":451,"column":null}},"181":{"start":{"line":452,"column":36},"end":{"line":452,"column":null}},"182":{"start":{"line":454,"column":23},"end":{"line":474,"column":null}},"183":{"start":{"line":455,"column":17},"end":{"line":455,"column":null}},"184":{"start":{"line":456,"column":4},"end":{"line":456,"column":null}},"185":{"start":{"line":456,"column":31},"end":{"line":456,"column":null}},"186":{"start":{"line":458,"column":4},"end":{"line":473,"column":null}},"187":{"start":{"line":459,"column":6},"end":{"line":459,"column":null}},"188":{"start":{"line":460,"column":6},"end":{"line":460,"column":null}},"189":{"start":{"line":462,"column":20},"end":{"line":462,"column":null}},"190":{"start":{"line":463,"column":6},"end":{"line":463,"column":null}},"191":{"start":{"line":464,"column":6},"end":{"line":464,"column":null}},"192":{"start":{"line":466,"column":6},"end":{"line":466,"column":null}},"193":{"start":{"line":467,"column":6},"end":{"line":467,"column":null}},"194":{"start":{"line":469,"column":6},"end":{"line":469,"column":null}},"195":{"start":{"line":470,"column":6},"end":{"line":472,"column":null}},"196":{"start":{"line":471,"column":8},"end":{"line":471,"column":null}},"197":{"start":{"line":475,"column":44},"end":{"line":475,"column":null}},"198":{"start":{"line":476,"column":44},"end":{"line":476,"column":null}},"199":{"start":{"line":479,"column":2},"end":{"line":490,"column":null}},"200":{"start":{"line":480,"column":4},"end":{"line":489,"column":null}},"201":{"start":{"line":481,"column":6},"end":{"line":481,"column":null}},"202":{"start":{"line":482,"column":6},"end":{"line":482,"column":null}},"203":{"start":{"line":483,"column":6},"end":{"line":485,"column":null}},"204":{"start":{"line":484,"column":8},"end":{"line":484,"column":null}},"205":{"start":{"line":487,"column":6},"end":{"line":487,"column":null}},"206":{"start":{"line":488,"column":6},"end":{"line":488,"column":null}},"207":{"start":{"line":493,"column":24},"end":{"line":493,"column":null}},"208":{"start":{"line":496,"column":36},"end":{"line":496,"column":null}},"209":{"start":{"line":499,"column":54},"end":{"line":499,"column":null}},"210":{"start":{"line":502,"column":30},"end":{"line":502,"column":null}},"211":{"start":{"line":506,"column":20},"end":{"line":511,"column":null}},"212":{"start":{"line":507,"column":4},"end":{"line":507,"column":null}},"213":{"start":{"line":508,"column":4},"end":{"line":510,"column":null}},"214":{"start":{"line":509,"column":6},"end":{"line":509,"column":null}},"215":{"start":{"line":509,"column":24},"end":{"line":509,"column":52}},"216":{"start":{"line":513,"column":23},"end":{"line":529,"column":null}},"217":{"start":{"line":514,"column":4},"end":{"line":517,"column":null}},"218":{"start":{"line":515,"column":6},"end":{"line":515,"column":null}},"219":{"start":{"line":516,"column":6},"end":{"line":516,"column":null}},"220":{"start":{"line":518,"column":20},"end":{"line":518,"column":null}},"221":{"start":{"line":518,"column":44},"end":{"line":518,"column":52}},"222":{"start":{"line":519,"column":17},"end":{"line":519,"column":null}},"223":{"start":{"line":519,"column":38},"end":{"line":519,"column":83}},"224":{"start":{"line":519,"column":62},"end":{"line":519,"column":72}},"225":{"start":{"line":520,"column":23},"end":{"line":520,"column":null}},"226":{"start":{"line":521,"column":23},"end":{"line":521,"column":null}},"227":{"start":{"line":522,"column":17},"end":{"line":522,"column":null}},"228":{"start":{"line":523,"column":4},"end":{"line":523,"column":null}},"229":{"start":{"line":524,"column":4},"end":{"line":524,"column":null}},"230":{"start":{"line":525,"column":4},"end":{"line":525,"column":null}},"231":{"start":{"line":526,"column":4},"end":{"line":526,"column":null}},"232":{"start":{"line":527,"column":4},"end":{"line":527,"column":null}},"233":{"start":{"line":528,"column":4},"end":{"line":528,"column":null}},"234":{"start":{"line":532,"column":26},"end":{"line":550,"column":null}},"235":{"start":{"line":533,"column":25},"end":{"line":533,"column":null}},"236":{"start":{"line":534,"column":4},"end":{"line":537,"column":null}},"237":{"start":{"line":535,"column":6},"end":{"line":535,"column":null}},"238":{"start":{"line":536,"column":6},"end":{"line":536,"column":null}},"239":{"start":{"line":539,"column":4},"end":{"line":539,"column":null}},"240":{"start":{"line":540,"column":4},"end":{"line":549,"column":null}},"241":{"start":{"line":541,"column":6},"end":{"line":541,"column":null}},"242":{"start":{"line":542,"column":6},"end":{"line":542,"column":null}},"243":{"start":{"line":543,"column":6},"end":{"line":543,"column":null}},"244":{"start":{"line":545,"column":6},"end":{"line":545,"column":null}},"245":{"start":{"line":546,"column":6},"end":{"line":546,"column":null}},"246":{"start":{"line":548,"column":6},"end":{"line":548,"column":null}},"247":{"start":{"line":553,"column":36},"end":{"line":553,"column":null}},"248":{"start":{"line":555,"column":32},"end":{"line":562,"column":null}},"249":{"start":{"line":556,"column":4},"end":{"line":559,"column":null}},"250":{"start":{"line":557,"column":6},"end":{"line":557,"column":null}},"251":{"start":{"line":558,"column":6},"end":{"line":558,"column":null}},"252":{"start":{"line":561,"column":4},"end":{"line":561,"column":null}},"253":{"start":{"line":564,"column":27},"end":{"line":584,"column":null}},"254":{"start":{"line":565,"column":4},"end":{"line":565,"column":null}},"255":{"start":{"line":566,"column":4},"end":{"line":566,"column":null}},"256":{"start":{"line":568,"column":4},"end":{"line":568,"column":null}},"257":{"start":{"line":569,"column":4},"end":{"line":583,"column":null}},"258":{"start":{"line":570,"column":6},"end":{"line":570,"column":null}},"259":{"start":{"line":571,"column":6},"end":{"line":571,"column":null}},"260":{"start":{"line":572,"column":6},"end":{"line":572,"column":null}},"261":{"start":{"line":573,"column":6},"end":{"line":573,"column":null}},"262":{"start":{"line":574,"column":6},"end":{"line":574,"column":null}},"263":{"start":{"line":576,"column":6},"end":{"line":576,"column":null}},"264":{"start":{"line":578,"column":6},"end":{"line":578,"column":null}},"265":{"start":{"line":579,"column":6},"end":{"line":579,"column":null}},"266":{"start":{"line":581,"column":6},"end":{"line":581,"column":null}},"267":{"start":{"line":582,"column":6},"end":{"line":582,"column":null}},"268":{"start":{"line":586,"column":23},"end":{"line":605,"column":null}},"269":{"start":{"line":587,"column":4},"end":{"line":587,"column":null}},"270":{"start":{"line":587,"column":13},"end":{"line":587,"column":null}},"271":{"start":{"line":588,"column":4},"end":{"line":591,"column":null}},"272":{"start":{"line":589,"column":6},"end":{"line":589,"column":null}},"273":{"start":{"line":590,"column":6},"end":{"line":590,"column":null}},"274":{"start":{"line":592,"column":4},"end":{"line":592,"column":null}},"275":{"start":{"line":592,"column":33},"end":{"line":592,"column":null}},"276":{"start":{"line":594,"column":4},"end":{"line":604,"column":null}},"277":{"start":{"line":595,"column":18},"end":{"line":595,"column":null}},"278":{"start":{"line":596,"column":6},"end":{"line":598,"column":null}},"279":{"start":{"line":597,"column":8},"end":{"line":597,"column":null}},"280":{"start":{"line":599,"column":6},"end":{"line":599,"column":null}},"281":{"start":{"line":600,"column":6},"end":{"line":600,"column":null}},"282":{"start":{"line":602,"column":6},"end":{"line":602,"column":null}},"283":{"start":{"line":603,"column":6},"end":{"line":603,"column":null}},"284":{"start":{"line":607,"column":28},"end":{"line":632,"column":null}},"285":{"start":{"line":608,"column":4},"end":{"line":611,"column":null}},"286":{"start":{"line":609,"column":6},"end":{"line":609,"column":null}},"287":{"start":{"line":610,"column":6},"end":{"line":610,"column":null}},"288":{"start":{"line":612,"column":4},"end":{"line":615,"column":null}},"289":{"start":{"line":613,"column":6},"end":{"line":613,"column":null}},"290":{"start":{"line":614,"column":6},"end":{"line":614,"column":null}},"291":{"start":{"line":616,"column":4},"end":{"line":616,"column":null}},"292":{"start":{"line":616,"column":59},"end":{"line":616,"column":null}},"293":{"start":{"line":618,"column":4},"end":{"line":631,"column":null}},"294":{"start":{"line":619,"column":6},"end":{"line":624,"column":null}},"295":{"start":{"line":620,"column":20},"end":{"line":620,"column":null}},"296":{"start":{"line":621,"column":8},"end":{"line":623,"column":null}},"297":{"start":{"line":622,"column":10},"end":{"line":622,"column":null}},"298":{"start":{"line":625,"column":6},"end":{"line":625,"column":null}},"299":{"start":{"line":626,"column":6},"end":{"line":626,"column":null}},"300":{"start":{"line":627,"column":6},"end":{"line":627,"column":null}},"301":{"start":{"line":629,"column":6},"end":{"line":629,"column":null}},"302":{"start":{"line":630,"column":6},"end":{"line":630,"column":null}},"303":{"start":{"line":634,"column":26},"end":{"line":665,"column":null}},"304":{"start":{"line":635,"column":4},"end":{"line":635,"column":null}},"305":{"start":{"line":636,"column":16},"end":{"line":636,"column":null}},"306":{"start":{"line":637,"column":25},"end":{"line":637,"column":null}},"307":{"start":{"line":638,"column":25},"end":{"line":638,"column":null}},"308":{"start":{"line":639,"column":20},"end":{"line":649,"column":null}},"309":{"start":{"line":651,"column":4},"end":{"line":664,"column":null}},"310":{"start":{"line":652,"column":18},"end":{"line":652,"column":null}},"311":{"start":{"line":653,"column":6},"end":{"line":655,"column":null}},"312":{"start":{"line":654,"column":8},"end":{"line":654,"column":null}},"313":{"start":{"line":656,"column":6},"end":{"line":656,"column":null}},"314":{"start":{"line":657,"column":6},"end":{"line":657,"column":null}},"315":{"start":{"line":658,"column":6},"end":{"line":658,"column":null}},"316":{"start":{"line":659,"column":6},"end":{"line":659,"column":null}},"317":{"start":{"line":660,"column":6},"end":{"line":660,"column":null}},"318":{"start":{"line":662,"column":6},"end":{"line":662,"column":null}},"319":{"start":{"line":663,"column":6},"end":{"line":663,"column":null}},"320":{"start":{"line":667,"column":29},"end":{"line":673,"column":null}},"321":{"start":{"line":668,"column":4},"end":{"line":672,"column":null}},"322":{"start":{"line":669,"column":6},"end":{"line":669,"column":null}},"323":{"start":{"line":669,"column":51},"end":{"line":669,"column":63}},"324":{"start":{"line":671,"column":6},"end":{"line":671,"column":null}},"325":{"start":{"line":675,"column":29},"end":{"line":681,"column":null}},"326":{"start":{"line":676,"column":4},"end":{"line":680,"column":null}},"327":{"start":{"line":677,"column":6},"end":{"line":677,"column":null}},"328":{"start":{"line":679,"column":6},"end":{"line":679,"column":null}},"329":{"start":{"line":679,"column":41},"end":{"line":679,"column":45}},"330":{"start":{"line":684,"column":24},"end":{"line":688,"column":null}},"331":{"start":{"line":685,"column":4},"end":{"line":685,"column":null}},"332":{"start":{"line":686,"column":4},"end":{"line":686,"column":null}},"333":{"start":{"line":687,"column":4},"end":{"line":687,"column":null}},"334":{"start":{"line":690,"column":35},"end":{"line":696,"column":null}},"335":{"start":{"line":691,"column":4},"end":{"line":695,"column":null}},"336":{"start":{"line":692,"column":6},"end":{"line":692,"column":null}},"337":{"start":{"line":692,"column":59},"end":{"line":692,"column":67}},"338":{"start":{"line":694,"column":6},"end":{"line":694,"column":null}},"339":{"start":{"line":698,"column":28},"end":{"line":725,"column":null}},"340":{"start":{"line":699,"column":4},"end":{"line":699,"column":null}},"341":{"start":{"line":699,"column":21},"end":{"line":699,"column":null}},"342":{"start":{"line":701,"column":4},"end":{"line":704,"column":null}},"343":{"start":{"line":702,"column":6},"end":{"line":702,"column":null}},"344":{"start":{"line":703,"column":6},"end":{"line":703,"column":null}},"345":{"start":{"line":706,"column":4},"end":{"line":724,"column":null}},"346":{"start":{"line":707,"column":6},"end":{"line":707,"column":null}},"347":{"start":{"line":709,"column":6},"end":{"line":711,"column":null}},"348":{"start":{"line":710,"column":8},"end":{"line":710,"column":null}},"349":{"start":{"line":713,"column":6},"end":{"line":713,"column":null}},"350":{"start":{"line":714,"column":6},"end":{"line":714,"column":null}},"351":{"start":{"line":715,"column":6},"end":{"line":715,"column":null}},"352":{"start":{"line":716,"column":6},"end":{"line":716,"column":null}},"353":{"start":{"line":718,"column":6},"end":{"line":718,"column":null}},"354":{"start":{"line":720,"column":6},"end":{"line":720,"column":null}},"355":{"start":{"line":721,"column":6},"end":{"line":721,"column":null}},"356":{"start":{"line":723,"column":6},"end":{"line":723,"column":null}},"357":{"start":{"line":728,"column":21},"end":{"line":730,"column":null}},"358":{"start":{"line":729,"column":4},"end":{"line":729,"column":null}},"359":{"start":{"line":729,"column":26},"end":{"line":729,"column":88}},"360":{"start":{"line":729,"column":40},"end":{"line":729,"column":87}},"361":{"start":{"line":732,"column":23},"end":{"line":734,"column":null}},"362":{"start":{"line":733,"column":4},"end":{"line":733,"column":null}},"363":{"start":{"line":736,"column":27},"end":{"line":738,"column":null}},"364":{"start":{"line":741,"column":23},"end":{"line":741,"column":null}},"365":{"start":{"line":742,"column":21},"end":{"line":742,"column":null}},"366":{"start":{"line":744,"column":21},"end":{"line":924,"column":null}},"367":{"start":{"line":745,"column":18},"end":{"line":745,"column":null}},"368":{"start":{"line":746,"column":4},"end":{"line":748,"column":null}},"369":{"start":{"line":747,"column":6},"end":{"line":747,"column":null}},"370":{"start":{"line":750,"column":4},"end":{"line":782,"column":null}},"371":{"start":{"line":754,"column":26},"end":{"line":754,"column":null}},"372":{"start":{"line":755,"column":6},"end":{"line":758,"column":null}},"373":{"start":{"line":756,"column":39},"end":{"line":756,"column":null}},"374":{"start":{"line":757,"column":8},"end":{"line":757,"column":null}},"375":{"start":{"line":760,"column":23},"end":{"line":760,"column":null}},"376":{"start":{"line":761,"column":17},"end":{"line":761,"column":null}},"377":{"start":{"line":762,"column":26},"end":{"line":762,"column":null}},"378":{"start":{"line":765,"column":6},"end":{"line":779,"column":null}},"379":{"start":{"line":765,"column":103},"end":{"line":765,"column":126}},"380":{"start":{"line":766,"column":8},"end":{"line":766,"column":null}},"381":{"start":{"line":767,"column":8},"end":{"line":767,"column":null}},"382":{"start":{"line":768,"column":6},"end":{"line":779,"column":null}},"383":{"start":{"line":768,"column":80},"end":{"line":768,"column":103}},"384":{"start":{"line":769,"column":8},"end":{"line":769,"column":null}},"385":{"start":{"line":770,"column":8},"end":{"line":770,"column":null}},"386":{"start":{"line":771,"column":6},"end":{"line":779,"column":null}},"387":{"start":{"line":771,"column":73},"end":{"line":771,"column":96}},"388":{"start":{"line":772,"column":8},"end":{"line":772,"column":null}},"389":{"start":{"line":773,"column":8},"end":{"line":773,"column":null}},"390":{"start":{"line":774,"column":6},"end":{"line":779,"column":null}},"391":{"start":{"line":774,"column":41},"end":{"line":774,"column":64}},"392":{"start":{"line":775,"column":8},"end":{"line":775,"column":null}},"393":{"start":{"line":776,"column":8},"end":{"line":776,"column":null}},"394":{"start":{"line":777,"column":6},"end":{"line":779,"column":null}},"395":{"start":{"line":777,"column":34},"end":{"line":777,"column":57}},"396":{"start":{"line":778,"column":8},"end":{"line":778,"column":null}},"397":{"start":{"line":781,"column":6},"end":{"line":781,"column":null}},"398":{"start":{"line":784,"column":4},"end":{"line":803,"column":null}},"399":{"start":{"line":785,"column":20},"end":{"line":785,"column":null}},"400":{"start":{"line":786,"column":6},"end":{"line":802,"column":null}},"401":{"start":{"line":787,"column":8},"end":{"line":800,"column":null}},"402":{"start":{"line":790,"column":14},"end":{"line":790,"column":null}},"403":{"start":{"line":792,"column":14},"end":{"line":792,"column":null}},"404":{"start":{"line":793,"column":14},"end":{"line":793,"column":null}},"405":{"start":{"line":794,"column":14},"end":{"line":794,"column":null}},"406":{"start":{"line":805,"column":4},"end":{"line":820,"column":null}},"407":{"start":{"line":806,"column":23},"end":{"line":806,"column":null}},"408":{"start":{"line":807,"column":18},"end":{"line":807,"column":null}},"409":{"start":{"line":808,"column":6},"end":{"line":811,"column":null}},"410":{"start":{"line":808,"column":28},"end":{"line":808,"column":null}},"411":{"start":{"line":808,"column":36},"end":{"line":811,"column":null}},"412":{"start":{"line":809,"column":30},"end":{"line":809,"column":null}},"413":{"start":{"line":809,"column":38},"end":{"line":811,"column":null}},"414":{"start":{"line":810,"column":30},"end":{"line":810,"column":null}},"415":{"start":{"line":811,"column":11},"end":{"line":811,"column":null}},"416":{"start":{"line":812,"column":6},"end":{"line":818,"column":null}},"417":{"start":{"line":822,"column":4},"end":{"line":836,"column":null}},"418":{"start":{"line":823,"column":6},"end":{"line":825,"column":null}},"419":{"start":{"line":824,"column":8},"end":{"line":824,"column":null}},"420":{"start":{"line":827,"column":6},"end":{"line":829,"column":null}},"421":{"start":{"line":828,"column":8},"end":{"line":828,"column":null}},"422":{"start":{"line":831,"column":18},"end":{"line":831,"column":null}},"423":{"start":{"line":832,"column":6},"end":{"line":834,"column":null}},"424":{"start":{"line":833,"column":8},"end":{"line":833,"column":null}},"425":{"start":{"line":835,"column":6},"end":{"line":835,"column":null}},"426":{"start":{"line":841,"column":4},"end":{"line":901,"column":null}},"427":{"start":{"line":842,"column":25},"end":{"line":842,"column":null}},"428":{"start":{"line":843,"column":26},"end":{"line":843,"column":null}},"429":{"start":{"line":845,"column":6},"end":{"line":899,"column":null}},"430":{"start":{"line":849,"column":30},"end":{"line":849,"column":51}},"431":{"start":{"line":849,"column":51},"end":{"line":849,"column":68}},"432":{"start":{"line":849,"column":68},"end":{"line":849,"column":94}},"433":{"start":{"line":858,"column":30},"end":{"line":858,"column":51}},"434":{"start":{"line":858,"column":51},"end":{"line":858,"column":68}},"435":{"start":{"line":858,"column":68},"end":{"line":858,"column":94}},"436":{"start":{"line":869,"column":40},"end":{"line":869,"column":61}},"437":{"start":{"line":869,"column":61},"end":{"line":869,"column":84}},"438":{"start":{"line":875,"column":34},"end":{"line":875,"column":55}},"439":{"start":{"line":875,"column":55},"end":{"line":875,"column":77}},"440":{"start":{"line":886,"column":40},"end":{"line":886,"column":61}},"441":{"start":{"line":886,"column":61},"end":{"line":886,"column":146}},"442":{"start":{"line":886,"column":87},"end":{"line":886,"column":146}},"443":{"start":{"line":891,"column":40},"end":{"line":891,"column":61}},"444":{"start":{"line":891,"column":61},"end":{"line":891,"column":81}},"445":{"start":{"line":896,"column":40},"end":{"line":896,"column":61}},"446":{"start":{"line":896,"column":61},"end":{"line":896,"column":82}},"447":{"start":{"line":904,"column":4},"end":{"line":906,"column":null}},"448":{"start":{"line":905,"column":6},"end":{"line":905,"column":null}},"449":{"start":{"line":909,"column":4},"end":{"line":921,"column":null}},"450":{"start":{"line":910,"column":54},"end":{"line":918,"column":null}},"451":{"start":{"line":919,"column":27},"end":{"line":919,"column":null}},"452":{"start":{"line":920,"column":6},"end":{"line":920,"column":null}},"453":{"start":{"line":923,"column":4},"end":{"line":923,"column":null}},"454":{"start":{"line":926,"column":2},"end":{"line":2025,"column":null}},"455":{"start":{"line":935,"column":39},"end":{"line":935,"column":65}},"456":{"start":{"line":938,"column":44},"end":{"line":938,"column":111}},"457":{"start":{"line":939,"column":18},"end":{"line":939,"column":null}},"458":{"start":{"line":939,"column":226},"end":{"line":939,"column":287}},"459":{"start":{"line":941,"column":98},"end":{"line":941,"column":124}},"460":{"start":{"line":954,"column":39},"end":{"line":954,"column":66}},"461":{"start":{"line":960,"column":20},"end":{"line":963,"column":null}},"462":{"start":{"line":960,"column":51},"end":{"line":960,"column":83}},"463":{"start":{"line":970,"column":39},"end":{"line":970,"column":66}},"464":{"start":{"line":982,"column":29},"end":{"line":982,"column":59}},"465":{"start":{"line":982,"column":59},"end":{"line":982,"column":81}},"466":{"start":{"line":986,"column":14},"end":{"line":986,"column":null}},"467":{"start":{"line":987,"column":14},"end":{"line":987,"column":null}},"468":{"start":{"line":988,"column":14},"end":{"line":988,"column":null}},"469":{"start":{"line":998,"column":35},"end":{"line":998,"column":84}},"470":{"start":{"line":998,"column":53},"end":{"line":998,"column":81}},"471":{"start":{"line":1007,"column":88},"end":{"line":1007,"column":120}},"472":{"start":{"line":1025,"column":31},"end":{"line":1025,"column":null}},"473":{"start":{"line":1066,"column":27},"end":{"line":1066,"column":null}},"474":{"start":{"line":1093,"column":31},"end":{"line":1093,"column":null}},"475":{"start":{"line":1097,"column":33},"end":{"line":1097,"column":65}},"476":{"start":{"line":1104,"column":31},"end":{"line":1104,"column":null}},"477":{"start":{"line":1108,"column":16},"end":{"line":1108,"column":null}},"478":{"start":{"line":1116,"column":31},"end":{"line":1116,"column":null}},"479":{"start":{"line":1120,"column":16},"end":{"line":1120,"column":null}},"480":{"start":{"line":1134,"column":31},"end":{"line":1134,"column":null}},"481":{"start":{"line":1135,"column":18},"end":{"line":1135,"column":null}},"482":{"start":{"line":1135,"column":29},"end":{"line":1135,"column":null}},"483":{"start":{"line":1137,"column":35},"end":{"line":1137,"column":null}},"484":{"start":{"line":1138,"column":18},"end":{"line":1138,"column":null}},"485":{"start":{"line":1140,"column":18},"end":{"line":1167,"column":null}},"486":{"start":{"line":1141,"column":20},"end":{"line":1141,"column":null}},"487":{"start":{"line":1143,"column":37},"end":{"line":1147,"column":null}},"488":{"start":{"line":1149,"column":20},"end":{"line":1149,"column":null}},"489":{"start":{"line":1151,"column":20},"end":{"line":1163,"column":null}},"490":{"start":{"line":1152,"column":37},"end":{"line":1152,"column":null}},"491":{"start":{"line":1153,"column":22},"end":{"line":1153,"column":null}},"492":{"start":{"line":1154,"column":22},"end":{"line":1160,"column":null}},"493":{"start":{"line":1155,"column":24},"end":{"line":1155,"column":null}},"494":{"start":{"line":1157,"column":24},"end":{"line":1157,"column":null}},"495":{"start":{"line":1159,"column":24},"end":{"line":1159,"column":null}},"496":{"start":{"line":1162,"column":22},"end":{"line":1162,"column":null}},"497":{"start":{"line":1165,"column":20},"end":{"line":1165,"column":null}},"498":{"start":{"line":1166,"column":20},"end":{"line":1166,"column":null}},"499":{"start":{"line":1170,"column":18},"end":{"line":1170,"column":null}},"500":{"start":{"line":1182,"column":16},"end":{"line":1182,"column":null}},"501":{"start":{"line":1183,"column":16},"end":{"line":1183,"column":null}},"502":{"start":{"line":1184,"column":16},"end":{"line":1184,"column":null}},"503":{"start":{"line":1196,"column":18},"end":{"line":1196,"column":null}},"504":{"start":{"line":1197,"column":18},"end":{"line":1212,"column":null}},"505":{"start":{"line":1198,"column":37},"end":{"line":1198,"column":null}},"506":{"start":{"line":1199,"column":20},"end":{"line":1207,"column":null}},"507":{"start":{"line":1200,"column":38},"end":{"line":1200,"column":null}},"508":{"start":{"line":1201,"column":40},"end":{"line":1201,"column":null}},"509":{"start":{"line":1201,"column":67},"end":{"line":1201,"column":86}},"510":{"start":{"line":1202,"column":40},"end":{"line":1202,"column":null}},"511":{"start":{"line":1202,"column":67},"end":{"line":1202,"column":86}},"512":{"start":{"line":1203,"column":40},"end":{"line":1203,"column":null}},"513":{"start":{"line":1203,"column":67},"end":{"line":1203,"column":89}},"514":{"start":{"line":1204,"column":22},"end":{"line":1204,"column":null}},"515":{"start":{"line":1205,"column":22},"end":{"line":1205,"column":null}},"516":{"start":{"line":1206,"column":22},"end":{"line":1206,"column":null}},"517":{"start":{"line":1209,"column":20},"end":{"line":1209,"column":null}},"518":{"start":{"line":1211,"column":20},"end":{"line":1211,"column":null}},"519":{"start":{"line":1222,"column":22},"end":{"line":1222,"column":null}},"520":{"start":{"line":1223,"column":22},"end":{"line":1237,"column":null}},"521":{"start":{"line":1224,"column":41},"end":{"line":1224,"column":null}},"522":{"start":{"line":1225,"column":24},"end":{"line":1232,"column":null}},"523":{"start":{"line":1226,"column":42},"end":{"line":1226,"column":null}},"524":{"start":{"line":1227,"column":44},"end":{"line":1227,"column":null}},"525":{"start":{"line":1227,"column":71},"end":{"line":1227,"column":90}},"526":{"start":{"line":1228,"column":26},"end":{"line":1228,"column":null}},"527":{"start":{"line":1229,"column":26},"end":{"line":1229,"column":null}},"528":{"start":{"line":1230,"column":26},"end":{"line":1230,"column":null}},"529":{"start":{"line":1231,"column":26},"end":{"line":1231,"column":null}},"530":{"start":{"line":1234,"column":24},"end":{"line":1234,"column":null}},"531":{"start":{"line":1236,"column":24},"end":{"line":1236,"column":null}},"532":{"start":{"line":1245,"column":22},"end":{"line":1245,"column":null}},"533":{"start":{"line":1246,"column":22},"end":{"line":1288,"column":null}},"534":{"start":{"line":1247,"column":37},"end":{"line":1247,"column":null}},"535":{"start":{"line":1248,"column":39},"end":{"line":1248,"column":null}},"536":{"start":{"line":1249,"column":41},"end":{"line":1249,"column":null}},"537":{"start":{"line":1250,"column":41},"end":{"line":1255,"column":null}},"538":{"start":{"line":1256,"column":24},"end":{"line":1283,"column":null}},"539":{"start":{"line":1257,"column":41},"end":{"line":1257,"column":null}},"540":{"start":{"line":1259,"column":47},"end":{"line":1259,"column":null}},"541":{"start":{"line":1260,"column":47},"end":{"line":1260,"column":null}},"542":{"start":{"line":1262,"column":26},"end":{"line":1276,"column":null}},"543":{"start":{"line":1263,"column":28},"end":{"line":1263,"column":null}},"544":{"start":{"line":1264,"column":26},"end":{"line":1276,"column":null}},"545":{"start":{"line":1267,"column":49},"end":{"line":1267,"column":null}},"546":{"start":{"line":1268,"column":28},"end":{"line":1268,"column":null}},"547":{"start":{"line":1269,"column":26},"end":{"line":1276,"column":null}},"548":{"start":{"line":1271,"column":49},"end":{"line":1271,"column":null}},"549":{"start":{"line":1272,"column":28},"end":{"line":1272,"column":null}},"550":{"start":{"line":1275,"column":28},"end":{"line":1275,"column":null}},"551":{"start":{"line":1278,"column":26},"end":{"line":1282,"column":null}},"552":{"start":{"line":1279,"column":28},"end":{"line":1279,"column":null}},"553":{"start":{"line":1280,"column":28},"end":{"line":1280,"column":null}},"554":{"start":{"line":1281,"column":28},"end":{"line":1281,"column":null}},"555":{"start":{"line":1285,"column":24},"end":{"line":1285,"column":null}},"556":{"start":{"line":1287,"column":24},"end":{"line":1287,"column":null}},"557":{"start":{"line":1301,"column":36},"end":{"line":1301,"column":null}},"558":{"start":{"line":1304,"column":31},"end":{"line":1312,"column":null}},"559":{"start":{"line":1313,"column":16},"end":{"line":1313,"column":null}},"560":{"start":{"line":1315,"column":16},"end":{"line":1315,"column":null}},"561":{"start":{"line":1316,"column":16},"end":{"line":1316,"column":null}},"562":{"start":{"line":1327,"column":18},"end":{"line":1327,"column":null}},"563":{"start":{"line":1328,"column":18},"end":{"line":1330,"column":null}},"564":{"start":{"line":1328,"column":55},"end":{"line":1330,"column":19}},"565":{"start":{"line":1329,"column":20},"end":{"line":1329,"column":null}},"566":{"start":{"line":1331,"column":18},"end":{"line":1331,"column":null}},"567":{"start":{"line":1341,"column":35},"end":{"line":1341,"column":60}},"568":{"start":{"line":1357,"column":14},"end":{"line":1357,"column":null}},"569":{"start":{"line":1358,"column":14},"end":{"line":1358,"column":null}},"570":{"start":{"line":1359,"column":14},"end":{"line":1359,"column":null}},"571":{"start":{"line":1360,"column":14},"end":{"line":1360,"column":null}},"572":{"start":{"line":1361,"column":14},"end":{"line":1361,"column":null}},"573":{"start":{"line":1362,"column":14},"end":{"line":1362,"column":null}},"574":{"start":{"line":1377,"column":33},"end":{"line":1377,"column":null}},"575":{"start":{"line":1383,"column":87},"end":{"line":1383,"column":94}},"576":{"start":{"line":1388,"column":35},"end":{"line":1388,"column":null}},"577":{"start":{"line":1389,"column":32},"end":{"line":1389,"column":null}},"578":{"start":{"line":1390,"column":33},"end":{"line":1390,"column":null}},"579":{"start":{"line":1392,"column":18},"end":{"line":1422,"column":null}},"580":{"start":{"line":1396,"column":41},"end":{"line":1396,"column":null}},"581":{"start":{"line":1456,"column":18},"end":{"line":1456,"column":null}},"582":{"start":{"line":1462,"column":16},"end":{"line":1467,"column":null}},"583":{"start":{"line":1463,"column":117},"end":{"line":1463,"column":145}},"584":{"start":{"line":1465,"column":20},"end":{"line":1465,"column":null}},"585":{"start":{"line":1483,"column":29},"end":{"line":1483,"column":null}},"586":{"start":{"line":1483,"column":52},"end":{"line":1483,"column":73}},"587":{"start":{"line":1490,"column":58},"end":{"line":1490,"column":63}},"588":{"start":{"line":1491,"column":14},"end":{"line":1500,"column":null}},"589":{"start":{"line":1493,"column":31},"end":{"line":1493,"column":null}},"590":{"start":{"line":1504,"column":29},"end":{"line":1504,"column":null}},"591":{"start":{"line":1504,"column":52},"end":{"line":1504,"column":82}},"592":{"start":{"line":1527,"column":39},"end":{"line":1527,"column":72}},"593":{"start":{"line":1534,"column":34},"end":{"line":1534,"column":null}},"594":{"start":{"line":1546,"column":38},"end":{"line":1546,"column":null}},"595":{"start":{"line":1546,"column":53},"end":{"line":1546,"column":null}},"596":{"start":{"line":1548,"column":35},"end":{"line":1551,"column":null}},"597":{"start":{"line":1549,"column":32},"end":{"line":1549,"column":null}},"598":{"start":{"line":1550,"column":22},"end":{"line":1550,"column":null}},"599":{"start":{"line":1553,"column":35},"end":{"line":1556,"column":null}},"600":{"start":{"line":1554,"column":32},"end":{"line":1554,"column":null}},"601":{"start":{"line":1555,"column":22},"end":{"line":1555,"column":null}},"602":{"start":{"line":1558,"column":36},"end":{"line":1561,"column":null}},"603":{"start":{"line":1559,"column":32},"end":{"line":1559,"column":null}},"604":{"start":{"line":1560,"column":22},"end":{"line":1560,"column":null}},"605":{"start":{"line":1563,"column":34},"end":{"line":1563,"column":null}},"606":{"start":{"line":1565,"column":20},"end":{"line":1583,"column":null}},"607":{"start":{"line":1603,"column":39},"end":{"line":1603,"column":72}},"608":{"start":{"line":1606,"column":20},"end":{"line":1606,"column":null}},"609":{"start":{"line":1607,"column":20},"end":{"line":1621,"column":null}},"610":{"start":{"line":1609,"column":39},"end":{"line":1609,"column":null}},"611":{"start":{"line":1610,"column":22},"end":{"line":1616,"column":null}},"612":{"start":{"line":1611,"column":40},"end":{"line":1611,"column":null}},"613":{"start":{"line":1612,"column":42},"end":{"line":1612,"column":null}},"614":{"start":{"line":1612,"column":69},"end":{"line":1612,"column":88}},"615":{"start":{"line":1613,"column":24},"end":{"line":1613,"column":null}},"616":{"start":{"line":1614,"column":24},"end":{"line":1614,"column":null}},"617":{"start":{"line":1615,"column":24},"end":{"line":1615,"column":null}},"618":{"start":{"line":1618,"column":22},"end":{"line":1618,"column":null}},"619":{"start":{"line":1620,"column":22},"end":{"line":1620,"column":null}},"620":{"start":{"line":1645,"column":39},"end":{"line":1645,"column":69}},"621":{"start":{"line":1660,"column":50},"end":{"line":1660,"column":66}},"622":{"start":{"line":1661,"column":22},"end":{"line":1694,"column":null}},"623":{"start":{"line":1669,"column":28},"end":{"line":1672,"column":null}},"624":{"start":{"line":1696,"column":50},"end":{"line":1696,"column":66}},"625":{"start":{"line":1704,"column":39},"end":{"line":1704,"column":69}},"626":{"start":{"line":1708,"column":57},"end":{"line":1708,"column":73}},"627":{"start":{"line":1724,"column":39},"end":{"line":1724,"column":66}},"628":{"start":{"line":1727,"column":187},"end":{"line":1727,"column":230}},"629":{"start":{"line":1729,"column":18},"end":{"line":1729,"column":null}},"630":{"start":{"line":1729,"column":190},"end":{"line":1729,"column":211}},"631":{"start":{"line":1733,"column":39},"end":{"line":1733,"column":66}},"632":{"start":{"line":1759,"column":37},"end":{"line":1759,"column":null}},"633":{"start":{"line":1768,"column":35},"end":{"line":1768,"column":null}},"634":{"start":{"line":1809,"column":54},"end":{"line":1809,"column":107}},"635":{"start":{"line":1810,"column":26},"end":{"line":1817,"column":null}},"636":{"start":{"line":1845,"column":24},"end":{"line":1845,"column":null}},"637":{"start":{"line":1847,"column":24},"end":{"line":1847,"column":null}},"638":{"start":{"line":1862,"column":24},"end":{"line":1862,"column":null}},"639":{"start":{"line":1864,"column":24},"end":{"line":1864,"column":null}},"640":{"start":{"line":1901,"column":47},"end":{"line":1901,"column":null}},"641":{"start":{"line":1920,"column":28},"end":{"line":1947,"column":null}},"642":{"start":{"line":1922,"column":45},"end":{"line":1922,"column":null}},"643":{"start":{"line":1959,"column":41},"end":{"line":1959,"column":null}},"644":{"start":{"line":1960,"column":41},"end":{"line":1960,"column":null}},"645":{"start":{"line":1962,"column":26},"end":{"line":1972,"column":null}},"646":{"start":{"line":1964,"column":28},"end":{"line":1970,"column":null}},"647":{"start":{"line":1974,"column":26},"end":{"line":1980,"column":null}},"648":{"start":{"line":1976,"column":28},"end":{"line":1976,"column":null}},"649":{"start":{"line":1978,"column":40},"end":{"line":1978,"column":null}},"650":{"start":{"line":1978,"column":63},"end":{"line":1978,"column":87}},"651":{"start":{"line":1979,"column":28},"end":{"line":1979,"column":null}},"652":{"start":{"line":1983,"column":42},"end":{"line":1983,"column":null}},"653":{"start":{"line":1985,"column":26},"end":{"line":1998,"column":null}},"654":{"start":{"line":1986,"column":28},"end":{"line":1996,"column":null}},"655":{"start":{"line":1993,"column":37},"end":{"line":1993,"column":null}},"656":{"start":{"line":1999,"column":39},"end":{"line":1999,"column":null}},"657":{"start":{"line":2001,"column":26},"end":{"line":2007,"column":null}}},"fnMap":{"0":{"name":"(anonymous_0)","decl":{"start":{"line":108,"column":29},"end":{"line":108,"column":30}},"loc":{"start":{"line":108,"column":48},"end":{"line":111,"column":null}},"line":108},"1":{"name":"(anonymous_1)","decl":{"start":{"line":113,"column":21},"end":{"line":113,"column":22}},"loc":{"start":{"line":113,"column":42},"end":{"line":116,"column":null}},"line":113},"2":{"name":"(anonymous_2)","decl":{"start":{"line":119,"column":33},"end":{"line":119,"column":34}},"loc":{"start":{"line":119,"column":52},"end":{"line":132,"column":null}},"line":119},"3":{"name":"(anonymous_3)","decl":{"start":{"line":134,"column":24},"end":{"line":134,"column":25}},"loc":{"start":{"line":134,"column":72},"end":{"line":211,"column":null}},"line":134},"4":{"name":"(anonymous_4)","decl":{"start":{"line":217,"column":63},"end":{"line":217,"column":64}},"loc":{"start":{"line":223,"column":6},"end":{"line":2027,"column":null}},"line":223},"5":{"name":"(anonymous_5)","decl":{"start":{"line":246,"column":12},"end":{"line":246,"column":18}},"loc":{"start":{"line":246,"column":18},"end":{"line":249,"column":5}},"line":246},"6":{"name":"(anonymous_6)","decl":{"start":{"line":252,"column":12},"end":{"line":252,"column":18}},"loc":{"start":{"line":252,"column":18},"end":{"line":269,"column":5}},"line":252},"7":{"name":"(anonymous_7)","decl":{"start":{"line":253,"column":21},"end":{"line":253,"column":33}},"loc":{"start":{"line":253,"column":33},"end":{"line":267,"column":null}},"line":253},"8":{"name":"(anonymous_8)","decl":{"start":{"line":258,"column":36},"end":{"line":258,"column":37}},"loc":{"start":{"line":258,"column":44},"end":{"line":261,"column":14}},"line":258},"9":{"name":"(anonymous_9)","decl":{"start":{"line":277,"column":42},"end":{"line":277,"column":48}},"loc":{"start":{"line":277,"column":48},"end":{"line":291,"column":5}},"line":277},"10":{"name":"(anonymous_10)","decl":{"start":{"line":293,"column":43},"end":{"line":293,"column":49}},"loc":{"start":{"line":293,"column":49},"end":{"line":296,"column":5}},"line":293},"11":{"name":"(anonymous_11)","decl":{"start":{"line":308,"column":27},"end":{"line":308,"column":28}},"loc":{"start":{"line":308,"column":48},"end":{"line":311,"column":null}},"line":308},"12":{"name":"(anonymous_12)","decl":{"start":{"line":314,"column":42},"end":{"line":314,"column":54}},"loc":{"start":{"line":314,"column":54},"end":{"line":323,"column":5}},"line":314},"13":{"name":"(anonymous_13)","decl":{"start":{"line":326,"column":12},"end":{"line":326,"column":18}},"loc":{"start":{"line":326,"column":18},"end":{"line":330,"column":5}},"line":326},"14":{"name":"(anonymous_14)","decl":{"start":{"line":332,"column":35},"end":{"line":332,"column":42}},"loc":{"start":{"line":332,"column":65},"end":{"line":368,"column":5}},"line":332},"15":{"name":"(anonymous_15)","decl":{"start":{"line":338,"column":38},"end":{"line":338,"column":39}},"loc":{"start":{"line":338,"column":48},"end":{"line":349,"column":7}},"line":338},"16":{"name":"(anonymous_16)","decl":{"start":{"line":346,"column":40},"end":{"line":346,"column":41}},"loc":{"start":{"line":347,"column":10},"end":{"line":347,"column":null}},"line":347},"17":{"name":"(anonymous_17)","decl":{"start":{"line":353,"column":36},"end":{"line":353,"column":37}},"loc":{"start":{"line":353,"column":52},"end":{"line":356,"column":8}},"line":353},"18":{"name":"(anonymous_18)","decl":{"start":{"line":358,"column":18},"end":{"line":358,"column":19}},"loc":{"start":{"line":358,"column":29},"end":{"line":358,"column":54}},"line":358},"19":{"name":"(anonymous_19)","decl":{"start":{"line":370,"column":38},"end":{"line":370,"column":45}},"loc":{"start":{"line":370,"column":68},"end":{"line":402,"column":5}},"line":370},"20":{"name":"(anonymous_20)","decl":{"start":{"line":391,"column":49},"end":{"line":391,"column":50}},"loc":{"start":{"line":391,"column":59},"end":{"line":391,"column":99}},"line":391},"21":{"name":"(anonymous_21)","decl":{"start":{"line":404,"column":38},"end":{"line":404,"column":39}},"loc":{"start":{"line":404,"column":62},"end":{"line":409,"column":5}},"line":404},"22":{"name":"(anonymous_22)","decl":{"start":{"line":412,"column":12},"end":{"line":412,"column":18}},"loc":{"start":{"line":412,"column":18},"end":{"line":414,"column":5}},"line":412},"23":{"name":"(anonymous_23)","decl":{"start":{"line":416,"column":12},"end":{"line":416,"column":18}},"loc":{"start":{"line":416,"column":18},"end":{"line":418,"column":5}},"line":416},"24":{"name":"(anonymous_24)","decl":{"start":{"line":454,"column":23},"end":{"line":454,"column":30}},"loc":{"start":{"line":454,"column":77},"end":{"line":474,"column":null}},"line":454},"25":{"name":"(anonymous_25)","decl":{"start":{"line":479,"column":12},"end":{"line":479,"column":18}},"loc":{"start":{"line":479,"column":18},"end":{"line":490,"column":5}},"line":479},"26":{"name":"(anonymous_26)","decl":{"start":{"line":483,"column":47},"end":{"line":483,"column":56}},"loc":{"start":{"line":483,"column":56},"end":{"line":485,"column":7}},"line":483},"27":{"name":"(anonymous_27)","decl":{"start":{"line":506,"column":20},"end":{"line":506,"column":21}},"loc":{"start":{"line":506,"column":80},"end":{"line":511,"column":null}},"line":506},"28":{"name":"(anonymous_28)","decl":{"start":{"line":508,"column":15},"end":{"line":508,"column":21}},"loc":{"start":{"line":508,"column":21},"end":{"line":510,"column":7}},"line":508},"29":{"name":"(anonymous_29)","decl":{"start":{"line":509,"column":15},"end":{"line":509,"column":24}},"loc":{"start":{"line":509,"column":24},"end":{"line":509,"column":52}},"line":509},"30":{"name":"(anonymous_30)","decl":{"start":{"line":513,"column":23},"end":{"line":513,"column":29}},"loc":{"start":{"line":513,"column":29},"end":{"line":529,"column":null}},"line":513},"31":{"name":"(anonymous_31)","decl":{"start":{"line":518,"column":39},"end":{"line":518,"column":44}},"loc":{"start":{"line":518,"column":44},"end":{"line":518,"column":52}},"line":518},"32":{"name":"(anonymous_32)","decl":{"start":{"line":519,"column":31},"end":{"line":519,"column":38}},"loc":{"start":{"line":519,"column":38},"end":{"line":519,"column":83}},"line":519},"33":{"name":"(anonymous_33)","decl":{"start":{"line":519,"column":57},"end":{"line":519,"column":62}},"loc":{"start":{"line":519,"column":62},"end":{"line":519,"column":72}},"line":519},"34":{"name":"(anonymous_34)","decl":{"start":{"line":532,"column":26},"end":{"line":532,"column":33}},"loc":{"start":{"line":532,"column":53},"end":{"line":550,"column":null}},"line":532},"35":{"name":"(anonymous_35)","decl":{"start":{"line":555,"column":32},"end":{"line":555,"column":38}},"loc":{"start":{"line":555,"column":38},"end":{"line":562,"column":null}},"line":555},"36":{"name":"(anonymous_36)","decl":{"start":{"line":564,"column":27},"end":{"line":564,"column":39}},"loc":{"start":{"line":564,"column":39},"end":{"line":584,"column":null}},"line":564},"37":{"name":"(anonymous_37)","decl":{"start":{"line":586,"column":23},"end":{"line":586,"column":30}},"loc":{"start":{"line":586,"column":45},"end":{"line":605,"column":null}},"line":586},"38":{"name":"(anonymous_38)","decl":{"start":{"line":607,"column":28},"end":{"line":607,"column":40}},"loc":{"start":{"line":607,"column":40},"end":{"line":632,"column":null}},"line":607},"39":{"name":"(anonymous_39)","decl":{"start":{"line":619,"column":41},"end":{"line":619,"column":48}},"loc":{"start":{"line":619,"column":55},"end":{"line":624,"column":7}},"line":619},"40":{"name":"(anonymous_40)","decl":{"start":{"line":634,"column":26},"end":{"line":634,"column":33}},"loc":{"start":{"line":634,"column":56},"end":{"line":665,"column":null}},"line":634},"41":{"name":"(anonymous_41)","decl":{"start":{"line":667,"column":29},"end":{"line":667,"column":30}},"loc":{"start":{"line":667,"column":45},"end":{"line":673,"column":null}},"line":667},"42":{"name":"(anonymous_42)","decl":{"start":{"line":669,"column":42},"end":{"line":669,"column":51}},"loc":{"start":{"line":669,"column":51},"end":{"line":669,"column":63}},"line":669},"43":{"name":"(anonymous_43)","decl":{"start":{"line":675,"column":29},"end":{"line":675,"column":35}},"loc":{"start":{"line":675,"column":35},"end":{"line":681,"column":null}},"line":675},"44":{"name":"(anonymous_44)","decl":{"start":{"line":679,"column":36},"end":{"line":679,"column":41}},"loc":{"start":{"line":679,"column":41},"end":{"line":679,"column":45}},"line":679},"45":{"name":"(anonymous_45)","decl":{"start":{"line":684,"column":24},"end":{"line":684,"column":25}},"loc":{"start":{"line":684,"column":45},"end":{"line":688,"column":null}},"line":684},"46":{"name":"(anonymous_46)","decl":{"start":{"line":690,"column":35},"end":{"line":690,"column":36}},"loc":{"start":{"line":690,"column":51},"end":{"line":696,"column":null}},"line":690},"47":{"name":"(anonymous_47)","decl":{"start":{"line":692,"column":54},"end":{"line":692,"column":59}},"loc":{"start":{"line":692,"column":59},"end":{"line":692,"column":67}},"line":692},"48":{"name":"(anonymous_48)","decl":{"start":{"line":698,"column":28},"end":{"line":698,"column":40}},"loc":{"start":{"line":698,"column":40},"end":{"line":725,"column":null}},"line":698},"49":{"name":"(anonymous_49)","decl":{"start":{"line":709,"column":47},"end":{"line":709,"column":null}},"loc":{"start":{"line":710,"column":8},"end":{"line":710,"column":null}},"line":710},"50":{"name":"(anonymous_50)","decl":{"start":{"line":728,"column":21},"end":{"line":728,"column":22}},"loc":{"start":{"line":728,"column":37},"end":{"line":730,"column":null}},"line":728},"51":{"name":"(anonymous_51)","decl":{"start":{"line":729,"column":18},"end":{"line":729,"column":26}},"loc":{"start":{"line":729,"column":26},"end":{"line":729,"column":88}},"line":729},"52":{"name":"(anonymous_52)","decl":{"start":{"line":729,"column":35},"end":{"line":729,"column":40}},"loc":{"start":{"line":729,"column":40},"end":{"line":729,"column":87}},"line":729},"53":{"name":"(anonymous_53)","decl":{"start":{"line":732,"column":23},"end":{"line":732,"column":29}},"loc":{"start":{"line":732,"column":29},"end":{"line":734,"column":null}},"line":732},"54":{"name":"(anonymous_54)","decl":{"start":{"line":736,"column":27},"end":{"line":736,"column":33}},"loc":{"start":{"line":736,"column":33},"end":{"line":738,"column":null}},"line":736},"55":{"name":"(anonymous_55)","decl":{"start":{"line":744,"column":21},"end":{"line":744,"column":22}},"loc":{"start":{"line":744,"column":63},"end":{"line":924,"column":null}},"line":744},"56":{"name":"(anonymous_56)","decl":{"start":{"line":765,"column":98},"end":{"line":765,"column":103}},"loc":{"start":{"line":765,"column":103},"end":{"line":765,"column":126}},"line":765},"57":{"name":"(anonymous_57)","decl":{"start":{"line":768,"column":75},"end":{"line":768,"column":80}},"loc":{"start":{"line":768,"column":80},"end":{"line":768,"column":103}},"line":768},"58":{"name":"(anonymous_58)","decl":{"start":{"line":771,"column":68},"end":{"line":771,"column":73}},"loc":{"start":{"line":771,"column":73},"end":{"line":771,"column":96}},"line":771},"59":{"name":"(anonymous_59)","decl":{"start":{"line":774,"column":36},"end":{"line":774,"column":41}},"loc":{"start":{"line":774,"column":41},"end":{"line":774,"column":64}},"line":774},"60":{"name":"(anonymous_60)","decl":{"start":{"line":777,"column":29},"end":{"line":777,"column":34}},"loc":{"start":{"line":777,"column":34},"end":{"line":777,"column":57}},"line":777},"61":{"name":"(anonymous_61)","decl":{"start":{"line":789,"column":21},"end":{"line":789,"column":22}},"loc":{"start":{"line":789,"column":28},"end":{"line":795,"column":null}},"line":789},"62":{"name":"(anonymous_62)","decl":{"start":{"line":849,"column":21},"end":{"line":849,"column":22}},"loc":{"start":{"line":849,"column":28},"end":{"line":849,"column":null}},"line":849},"63":{"name":"(anonymous_63)","decl":{"start":{"line":858,"column":21},"end":{"line":858,"column":22}},"loc":{"start":{"line":858,"column":28},"end":{"line":858,"column":null}},"line":858},"64":{"name":"(anonymous_64)","decl":{"start":{"line":869,"column":31},"end":{"line":869,"column":32}},"loc":{
[...]
ull}},"38":{"start":{"line":70,"column":16},"end":{"line":70,"column":null}},"39":{"start":{"line":75,"column":8},"end":{"line":75,"column":null}},"40":{"start":{"line":76,"column":8},"end":{"line":76,"column":null}},"41":{"start":{"line":81,"column":8},"end":{"line":81,"column":null}},"42":{"start":{"line":82,"column":8},"end":{"line":96,"column":null}},"43":{"start":{"line":83,"column":12},"end":{"line":88,"column":null}},"44":{"start":{"line":84,"column":16},"end":{"line":84,"column":null}},"45":{"start":{"line":86,"column":16},"end":{"line":86,"column":null}},"46":{"start":{"line":87,"column":16},"end":{"line":87,"column":null}},"47":{"start":{"line":89,"column":8},"end":{"line":96,"column":null}},"48":{"start":{"line":90,"column":12},"end":{"line":95,"column":null}},"49":{"start":{"line":91,"column":16},"end":{"line":91,"column":null}},"50":{"start":{"line":93,"column":16},"end":{"line":93,"column":null}},"51":{"start":{"line":94,"column":16},"end":{"line":94,"column":null}},"52":{"start":{"line":97,"column":8},"end":{"line":97,"column":null}},"53":{"start":{"line":102,"column":8},"end":{"line":102,"column":null}},"54":{"start":{"line":102,"column":45},"end":{"line":102,"column":null}},"55":{"start":{"line":103,"column":22},"end":{"line":103,"column":null}},"56":{"start":{"line":104,"column":22},"end":{"line":104,"column":null}},"57":{"start":{"line":105,"column":8},"end":{"line":105,"column":null}},"58":{"start":{"line":105,"column":32},"end":{"line":105,"column":null}},"59":{"start":{"line":106,"column":8},"end":{"line":106,"column":null}},"60":{"start":{"line":110,"column":8},"end":{"line":110,"column":null}},"61":{"start":{"line":110,"column":45},"end":{"line":110,"column":null}},"62":{"start":{"line":111,"column":18},"end":{"line":111,"column":null}},"63":{"start":{"line":112,"column":8},"end":{"line":112,"column":null}},"64":{"start":{"line":113,"column":24},"end":{"line":113,"column":null}},"65":{"start":{"line":114,"column":8},"end":{"line":114,"column":null}},"66":{"start":{"line":118,"column":8},"end":{"line":118,"column":null}},"67":{"start":{"line":118,"column":45},"end":{"line":118,"column":null}},"68":{"start":{"line":119,"column":8},"end":{"line":119,"column":null}},"69":{"start":{"line":123,"column":8},"end":{"line":133,"column":null}},"70":{"start":{"line":124,"column":28},"end":{"line":124,"column":null}},"71":{"start":{"line":125,"column":12},"end":{"line":127,"column":null}},"72":{"start":{"line":126,"column":16},"end":{"line":126,"column":null}},"73":{"start":{"line":129,"column":12},"end":{"line":129,"column":null}},"74":{"start":{"line":130,"column":12},"end":{"line":132,"column":null}},"75":{"start":{"line":131,"column":16},"end":{"line":131,"column":null}},"76":{"start":{"line":135,"column":8},"end":{"line":137,"column":null}},"77":{"start":{"line":136,"column":12},"end":{"line":136,"column":null}},"78":{"start":{"line":139,"column":8},"end":{"line":139,"column":null}},"79":{"start":{"line":143,"column":8},"end":{"line":154,"column":null}},"80":{"start":{"line":144,"column":28},"end":{"line":144,"column":null}},"81":{"start":{"line":145,"column":12},"end":{"line":148,"column":null}},"82":{"start":{"line":146,"column":16},"end":{"line":146,"column":null}},"83":{"start":{"line":147,"column":16},"end":{"line":147,"column":null}},"84":{"start":{"line":150,"column":12},"end":{"line":150,"column":null}},"85":{"start":{"line":151,"column":12},"end":{"line":153,"column":null}},"86":{"start":{"line":152,"column":16},"end":{"line":152,"column":null}},"87":{"start":{"line":156,"column":8},"end":{"line":161,"column":null}},"88":{"start":{"line":157,"column":12},"end":{"line":157,"column":null}},"89":{"start":{"line":160,"column":12},"end":{"line":160,"column":null}},"90":{"start":{"line":163,"column":8},"end":{"line":163,"column":null}},"91":{"start":{"line":167,"column":8},"end":{"line":178,"column":null}},"92":{"start":{"line":168,"column":28},"end":{"line":168,"column":null}},"93":{"start":{"line":169,"column":12},"end":{"line":172,"column":null}},"94":{"start":{"line":170,"column":16},"end":{"line":170,"column":null}},"95":{"start":{"line":171,"column":16},"end":{"line":171,"column":null}},"96":{"start":{"line":174,"column":12},"end":{"line":174,"column":null}},"97":{"start":{"line":175,"column":12},"end":{"line":177,"column":null}},"98":{"start":{"line":176,"column":16},"end":{"line":176,"column":null}},"99":{"start":{"line":180,"column":8},"end":{"line":183,"column":null}},"100":{"start":{"line":181,"column":12},"end":{"line":181,"column":null}},"101":{"start":{"line":182,"column":12},"end":{"line":182,"column":null}},"102":{"start":{"line":185,"column":8},"end":{"line":185,"column":null}},"103":{"start":{"line":189,"column":8},"end":{"line":197,"column":null}},"104":{"start":{"line":190,"column":28},"end":{"line":190,"column":null}},"105":{"start":{"line":191,"column":12},"end":{"line":193,"column":null}},"106":{"start":{"line":192,"column":16},"end":{"line":192,"column":null}},"107":{"start":{"line":195,"column":12},"end":{"line":195,"column":null}},"108":{"start":{"line":196,"column":12},"end":{"line":196,"column":null}},"109":{"start":{"line":201,"column":8},"end":{"line":201,"column":null}},"110":{"start":{"line":205,"column":27},"end":{"line":205,"column":null}}},"fnMap":{"0":{"name":"(anonymous_0)","decl":{"start":{"line":14,"column":4},"end":{"line":14,"column":18}},"loc":{"start":{"line":14,"column":18},"end":{"line":25,"column":null}},"line":14},"1":{"name":"(anonymous_1)","decl":{"start":{"line":27,"column":12},"end":{"line":27,"column":32}},"loc":{"start":{"line":27,"column":32},"end":{"line":77,"column":null}},"line":27},"2":{"name":"(anonymous_2)","decl":{"start":{"line":79,"column":12},"end":{"line":79,"column":41}},"loc":{"start":{"line":79,"column":41},"end":{"line":98,"column":null}},"line":79},"3":{"name":"(anonymous_3)","decl":{"start":{"line":101,"column":12},"end":{"line":101,"column":22}},"loc":{"start":{"line":101,"column":51},"end":{"line":107,"column":null}},"line":101},"4":{"name":"(anonymous_4)","decl":{"start":{"line":109,"column":12},"end":{"line":109,"column":22}},"loc":{"start":{"line":109,"column":67},"end":{"line":115,"column":null}},"line":109},"5":{"name":"(anonymous_5)","decl":{"start":{"line":117,"column":12},"end":{"line":117,"column":25}},"loc":{"start":{"line":117,"column":45},"end":{"line":120,"column":null}},"line":117},"6":{"name":"(anonymous_6)","decl":{"start":{"line":122,"column":4},"end":{"line":122,"column":12}},"loc":{"start":{"line":122,"column":40},"end":{"line":140,"column":null}},"line":122},"7":{"name":"(anonymous_7)","decl":{"start":{"line":142,"column":4},"end":{"line":142,"column":12}},"loc":{"start":{"line":142,"column":46},"end":{"line":164,"column":null}},"line":142},"8":{"name":"(anonymous_8)","decl":{"start":{"line":166,"column":4},"end":{"line":166,"column":15}},"loc":{"start":{"line":166,"column":34},"end":{"line":186,"column":null}},"line":166},"9":{"name":"(anonymous_9)","decl":{"start":{"line":188,"column":4},"end":{"line":188,"column":18}},"loc":{"start":{"line":188,"column":18},"end":{"line":202,"column":null}},"line":188}},"branchMap":{"0":{"loc":{"start":{"line":28,"column":8},"end":{"line":28,"column":null}},"type":"if","locations":[{"start":{"line":28,"column":8},"end":{"line":28,"column":null}},{"start":{},"end":{}}],"line":28},"1":{"loc":{"start":{"line":33,"column":12},"end":{"line":40,"column":null}},"type":"if","locations":[{"start":{"line":33,"column":12},"end":{"line":40,"column":null}},{"start":{},"end":{}}],"line":33},"2":{"loc":{"start":{"line":33,"column":16},"end":{"line":33,"column":70}},"type":"binary-expr","locations":[{"start":{"line":33,"column":16},"end":{"line":33,"column":49}},{"start":{"line":33,"column":49},"end":{"line":33,"column":70}}],"line":33},"3":{"loc":{"start":{"line":47,"column":12},"end":{"line":54,"column":null}},"type":"if","locations":[{"start":{"line":47,"column":12},"end":{"line":54,"column":null}},{"start":{},"end":{}}],"line":47},"4":{"loc":{"start":{"line":47,"column":16},"end":{"line":47,"column":72}},"type":"binary-expr","locations":[{"start":{"line":47,"column":16},"end":{"line":47,"column":49}},{"start":{"line":47,"column":49},"end":{"line":47,"column":72}}],"line":47},"5":{"loc":{"start":{"line":60,"column":8},"end":{"line":72,"column":null}},"type":"if","locations":[{"start":{"line":60,"column":8},"end":{"line":72,"column":null}},{"start":{},"end":{}}],"line":60},"6":{"loc":{"start":{"line":63,"column":16},"end":{"line":68,"column":null}},"type":"if","locations":[{"start":{"line":63,"column":16},"end":{"line":68,"column":null}},{"start":{},"end":{}}],"line":63},"7":{"loc":{"start":{"line":82,"column":8},"end":{"line":96,"column":null}},"type":"if","locations":[{"start":{"line":82,"column":8},"end":{"line":96,"column":null}},{"start":{"line":89,"column":8},"end":{"line":96,"column":null}}],"line":82},"8":{"loc":{"start":{"line":82,"column":12},"end":{"line":82,"column":82}},"type":"binary-expr","locations":[{"start":{"line":82,"column":12},"end":{"line":82,"column":51}},{"start":{"line":82,"column":51},"end":{"line":82,"column":82}}],"line":82},"9":{"loc":{"start":{"line":89,"column":8},"end":{"line":96,"column":null}},"type":"if","locations":[{"start":{"line":89,"column":8},"end":{"line":96,"column":null}},{"start":{},"end":{}}],"line":89},"10":{"loc":{"start":{"line":89,"column":19},"end":{"line":89,"column":91}},"type":"binary-expr","locations":[{"start":{"line":89,"column":19},"end":{"line":89,"column":60}},{"start":{"line":89,"column":60},"end":{"line":89,"column":91}}],"line":89},"11":{"loc":{"start":{"line":102,"column":8},"end":{"line":102,"column":null}},"type":"if","locations":[{"start":{"line":102,"column":8},"end":{"line":102,"column":null}},{"start":{},"end":{}}],"line":102},"12":{"loc":{"start":{"line":105,"column":8},"end":{"line":105,"column":null}},"type":"if","locations":[{"start":{"line":105,"column":8},"end":{"line":105,"column":null}},{"start":{},"end":{}}],"line":105},"13":{"loc":{"start":{"line":105,"column":39},"end":{"line":105,"column":null}},"type":"binary-expr","locations":[{"start":{"line":105,"column":39},"end":{"line":105,"column":74}},{"start":{"line":105,"column":74},"end":{"line":105,"column":null}}],"line":105},"14":{"loc":{"start":{"line":109,"column":51},"end":{"line":109,"column":67}},"type":"default-arg","locations":[{"start":{"line":109,"column":58},"end":{"line":109,"column":67}}],"line":109},"15":{"loc":{"start":{"line":110,"column":8},"end":{"line":110,"column":null}},"type":"if","locations":[{"start":{"line":110,"column":8},"end":{"line":110,"column":null}},{"start":{},"end":{}}],"line":110},"16":{"loc":{"start":{"line":118,"column":8},"end":{"line":118,"column":null}},"type":"if","locations":[{"start":{"line":118,"column":8},"end":{"line":118,"column":null}},{"start":{},"end":{}}],"line":118},"17":{"loc":{"start":{"line":125,"column":12},"end":{"line":127,"column":null}},"type":"if","locations":[{"start":{"line":125,"column":12},"end":{"line":127,"column":null}},{"start":{},"end":{}}],"line":125},"18":{"loc":{"start":{"line":130,"column":12},"end":{"line":132,"column":null}},"type":"if","locations":[{"start":{"line":130,"column":12},"end":{"line":132,"column":null}},{"start":{},"end":{}}],"line":130},"19":{"loc":{"start":{"line":130,"column":16},"end":{"line":130,"column":94}},"type":"binary-expr","locations":[{"start":{"line":130,"column":16},"end":{"line":130,"column":55}},{"start":{"line":130,"column":55},"end":{"line":130,"column":94}}],"line":130},"20":{"loc":{"start":{"line":135,"column":8},"end":{"line":137,"column":null}},"type":"if","locations":[{"start":{"line":135,"column":8},"end":{"line":137,"column":null}},{"start":{},"end":{}}],"line":135},"21":{"loc":{"start":{"line":139,"column":15},"end":{"line":139,"column":null}},"type":"binary-expr","locations":[{"start":{"line":139,"column":15},"end":{"line":139,"column":46}},{"start":{"line":139,"column":46},"end":{"line":139,"column":null}}],"line":139},"22":{"loc":{"start":{"line":145,"column":12},"end":{"line":148,"column":null}},"type":"if","locations":[{"start":{"line":145,"column":12},"end":{"line":148,"column":null}},{"start":{},"end":{}}],"line":145},"23":{"loc":{"start":{"line":151,"column":12},"end":{"line":153,"column":null}},"type":"if","locations":[{"start":{"line":151,"column":12},"end":{"line":153,"column":null}},{"start":{},"end":{}}],"line":151},"24":{"loc":{"start":{"line":151,"column":16},"end":{"line":151,"column":94}},"type":"binary-expr","locations":[{"start":{"line":151,"column":16},"end":{"line":151,"column":55}},{"start":{"line":151,"column":55},"end":{"line":151,"column":94}}],"line":151},"25":{"loc":{"start":{"line":156,"column":8},"end":{"line":161,"column":null}},"type":"if","locations":[{"start":{"line":156,"column":8},"end":{"line":161,"column":null}},{"start":{},"end":{}}],"line":156},"26":{"loc":{"start":{"line":169,"column":12},"end":{"line":172,"column":null}},"type":"if","locations":[{"start":{"line":169,"column":12},"end":{"line":172,"column":null}},{"start":{},"end":{}}],"line":169},"27":{"loc":{"start":{"line":175,"column":12},"end":{"line":177,"column":null}},"type":"if","locations":[{"start":{"line":175,"column":12},"end":{"line":177,"column":null}},{"start":{},"end":{}}],"line":175},"28":{"loc":{"start":{"line":175,"column":16},"end":{"line":175,"column":94}},"type":"binary-expr","locations":[{"start":{"line":175,"column":16},"end":{"line":175,"column":55}},{"start":{"line":175,"column":55},"end":{"line":175,"column":94}}],"line":175},"29":{"loc":{"start":{"line":180,"column":8},"end":{"line":183,"column":null}},"type":"if","locations":[{"start":{"line":180,"column":8},"end":{"line":183,"column":null}},{"start":{},"end":{}}],"line":180},"30":{"loc":{"start":{"line":191,"column":12},"end":{"line":193,"column":null}},"type":"if","locations":[{"start":{"line":191,"column":12},"end":{"line":193,"column":null}},{"start":{},"end":{}}],"line":191}},"s":{"0":3,"1":3,"2":3,"3":3,"4":3,"5":0,"6":0,"7":0,"8":3,"9":99,"10":96,"11":3,"12":3,"13":3,"14":3,"15":3,"16":3,"17":3,"18":3,"19":3,"20":0,"21":0,"22":0,"23":0,"24":0,"25":0,"26":0,"27":0,"28":0,"29":0,"30":0,"31":0,"32":0,"33":0,"34":0,"35":0,"36":0,"37":0,"38":0,"39":0,"40":0,"41":96,"42":96,"43":96,"44":96,"45":0,"46":0,"47":0,"48":0,"49":0,"50":0,"51":0,"52":0,"53":0,"54":0,"55":0,"56":0,"57":0,"58":0,"59":0,"60":0,"61":0,"62":0,"63":0,"64":0,"65":0,"66":0,"67":0,"68":0,"69":4,"70":4,"71":4,"72":4,"73":0,"74":0,"75":0,"76":0,"77":0,"78":0,"79":92,"80":92,"81":92,"82":92,"83":92,"84":0,"85":0,"86":0,"87":0,"88":0,"89":0,"90":0,"91":0,"92":0,"93":0,"94":0,"95":0,"96":0,"97":0,"98":0,"99":0,"100":0,"101":0,"102":0,"103":0,"104":0,"105":0,"106":0,"107":0,"108":0,"109":0,"110":3},"f":{"0":3,"1":99,"2":96,"3":0,"4":0,"5":0,"6":4,"7":92,"8":0,"9":0},"b":{"0":[96,3],"1":[3,0],"2":[3,3],"3":[0,0],"4":[0,0],"5":[0,0],"6":[0,0],"7":[96,0],"8":[96,96],"9":[0,0],"10":[0,0],"11":[0,0],"12":[0,0],"13":[0,0],"14":[0],"15":[0,0],"16":[0,0],"17":[4,0],"18":[0,0],"19":[0,0],"20":[0,0],"21":[0,0],"22":[92,0],"23":[0,0],"24":[0,0],"25":[0,0],"26":[0,0],"27":[0,0],"28":[0,0],"29":[0,0],"30":[0,0]},"meta":{"lastBranch":31,"lastFunction":10,"lastStatement":111,"seen":{"f:14:4:14:18":0,"s:11:4:11:Infinity":0,"s:12:4:12:Infinity":1,"s:15:8:15:Infinity":2,"s:17:8:23:Infinity":3,"s:18:12:18:Infinity":4,"s:20:12:20:Infinity":5,"s:21:12:21:Infinity":6,"s:22:12:22:Infinity":7,"s:24:8:24:Infinity":8,"f:27:12:27:32":1,"b:28:8:28:Infinity:undefined:undefined:undefined:undefined":0,"s:28:8:28:Infinity":9,"s:28:33:28:Infinity":10,"s:29:8:29:Infinity":11,"s:32:8:43:Infinity":12,"b:33:12:40:Infinity:undefined:undefined:undefined:undefined":1,"s:33:12:40:Infinity":13,"b:33:16:33:49:33:49:33:70":2,"s:34:32:34:Infinity":14,"s:35:16:35:Infinity":15,"s:36:16:36:Infinity":16,"s:37:16:37:Infinity":17,"s:38:16:38:Infinity":18,"s:39:16:39:Infinity":19,"s:42:12:42:Infinity":20,"s:46:8:57:Infinity":21,"b:47:12:54:Infinity:undefined:undefined:undefined:undefined":3,"s:47:12:54:Infinity":22,"b:47:16:47:49:47:49:47:72":4,"s:48:32:48:Infinity":23,"s:49:16:49:Infinity":24,"s:50:16:50:Infinity":25,"s:51:16:51:Infinity":26,"s:52:16:52:Infinity":27,"s:53:16:53:Infinity":28,"s:56:12:56:Infinity":29,"b:60:8:72:Infinity:undefined:undefined:undefined:undefined":5,"s:60:8:72:Infinity":30,"s:61:12:71:Infinity":31,"s:62:16:62:Infinity":32,"b:63:16:68:Infinity:undefined:undefined:undefined:undefined":6,"s:63:16:68:Infinity":33,"s:64:20:64:Infinity":34,"s:65:20:65:Infinity":35,"s:66:20:66:Infinity":36,"s:67:20:67:Infinity":37,"s:70:16:70:Infinity":38,"s:75:8:75:Infinity":39,"s:76:8:76:Infinity":40,"f:79:12:79:41":2,"s:81:8:81:Infinity":41,"b:82:8:96:Infinity:89:8:96:Infinity":7,"s:82:8:96:Infinity":42,"b:82:12:82:51:82:51:82:82":8,"s:83:12:88:Infinity":43,"s:84:16:84:Infinity":44,"s:86:16:86:Infinity":45,"s:87:16:87:Infinity":46,"b:89:8:96:Infinity:undefined:undefined:undefined:undefined":9,"s:89:8:96:Infinity":47,"b:89:19:89:60:89:60:89:91":10,"s:90:12:95:Infinity":48,"s:91:16:91:Infinity":49,"s:93:16:93:Infinity":50,"s:94:16:94:Infinity":51,"s:97:8:97:Infinity":52,"f:101:12:101:22":3,"b:102:8:102:Infinity:undefined:undefined:undefined:undefined":11,"s:102:8:102:Infinity":53,"s:102:45:102:Infinity":54,"s:103:22:103:Infinity":55,"s:104:22:104:Infinity":56,"b:105:8:105:Infinity:undefined:undefined:undefined:undefined":12,"s:105:8:105:Infinity":57,"s:105:32:105:Infinity":58,"b:105:39:105:74:105:74:105:Infinity":13,"s:106:8:106:Infinity":59,"f:109:12:109:22":4,"b:109:58:109:67":14,"b:110:8:110:Infinity:undefined:undefined:undefined:undefined":15,"s:110:8:110:Infinity":60,"s:110:45:110:Infinity":61,"s:111:18:111:Infinity":62,"s:112:8:112:Infinity":63,"s:113:24:113:Infinity":64,"s:114:8:114:Infinity":65,"f:117:12:117:25":5,"b:118:8:118:Infinity:undefined:undefined:undefined:undefined":16,"s:118:8:118:Infinity":66,"s:118:45:118:Infinity":67,"s:119:8:119:Infinity":68,"f:122:4:122:12":6,"s:123:8:133:Infinity":69,"s:124:28:124:Infinity":70,"b:125:12:127:Infinity:undefined:undefined:undefined:undefined":17,"s:125:12:127:Infinity":71,"s:126:16:126:Infinity":72,"s:129:12:129:Infinity":73,"b:130:12:132:Infinity:undefined:undefined:undefined:undefined":18,"s:130:12:132:Infinity":74,"b:130:16:130:55:130:55:130:94":19,"s:131:16:131:Infinity":75,"b:135:8:137:Infinity:undefined:undefined:undefined:undefined":20,"s:135:8:137:Infinity":76,"s:136:12:136:Infinity":77,"s:139:8:139:Infinity":78,"b:139:15:139:46:139:46:139:Infinity":21,"f:142:4:142:12":7,"s:143:8:154:Infinity":79,"s:144:28:144:Infinity":80,"b:145:12:148:Infinity:undefined:undefined:undefined:undefined":22,"s:145:12:148:Infinity":81,"s:146:16:146:Infinity":82,"s:147:16:147:Infinity":83,"s:150:12:150:Infinity":84,"b:151:12:153:Infinity:undefined:undefined:undefined:undefined":23,"s:151:12:153:Infinity":85,"b:151:16:151:55:151:55:151:94":24,"s:152:16:152:Infinity":86,"b:156:8:161:Infinity:undefined:undefined:undefined:undefined":25,"s:156:8:161:Infinity":87,"s:157:12:157:Infinity":88,"s:160:12:160:Infinity":89,"s:163:8:163:Infinity":90,"f:166:4:166:15":8,"s:167:8:178:Infinity":91,"s:168:28:168:Infinity":92,"b:169:12:172:Infinity:undefined:undefined:undefined:undefined":26,"s:169:12:172:Infinity":93,"s:170:16:170:Infinity":94,"s:171:16:171:Infinity":95,"s:174:12:174:Infinity":96,"b:175:12:177:Infinity:undefined:undefined:undefined:undefined":27,"s:175:12:177:Infinity":97,"b:175:16:175:55:175:55:175:94":28,"s:176:16:176:Infinity":98,"b:180:8:183:Infinity:undefined:undefined:undefined:undefined":29,"s:180:8:183:Infinity":99,"s:181:12:181:Infinity":100,"s:182:12:182:Infinity":101,"s:185:8:185:Infinity":102,"f:188:4:188:18":9,"s:189:8:197:Infinity":103,"s:190:28:190:Infinity":104,"b:191:12:193:Infinity:undefined:undefined:undefined:undefined":30,"s:191:12:193:Infinity":105,"s:192:16:192:Infinity":106,"s:195:12:195:Infinity":107,"s:196:12:196:Infinity":108,"s:201:8:201:Infinity":109,"s:205:27:205:Infinity":110}}}
}
